2024-01-31 16:42:44,217 [INFO] Activator:176 - 


2024-01-31 16:42:44,222 [INFO] Activator:177 - !SESSION log4j initialized
2024-01-31 16:42:50,263 [INFO] LogOutputStream:77 - [STDOUT_REDIRECT] 
2024-01-31 16:42:52,563 [INFO] ApplicationProperties:184 - Using Application install path: C:\ST\STM32CubeIDE_1.13.1\STM32CubeIDE\plugins\com.st.stm32cube.common.mx_6.9.1.202307191849
2024-01-31 16:42:52,585 [INFO] DbMcusXml:78 - Set database path to: C:\ST\STM32CubeIDE_1.13.1\STM32CubeIDE\plugins\com.st.stm32cube.common.mx_6.9.1.202307191849\\db\/mcu/
2024-01-31 16:42:52,587 [INFO] ApiDb:274 - Set plugin database path to: C:\ST\STM32CubeIDE_1.13.1\STM32CubeIDE\plugins\com.st.stm32cube.common.mx_6.9.1.202307191849\\db\/plugins/boardmanager/
2024-01-31 16:42:52,587 [WARN] ApiDb:259 - Overriding images path with different value:  => C:\ST\STM32CubeIDE_1.13.1\STM32CubeIDE\plugins\com.st.stm32cube.common.mx_6.9.1.202307191849\\db\/plugins/mcufinder/images/
2024-01-31 16:42:52,602 [INFO] ApiDb:250 - Set database path to: C:\Users\kunal\.stmcufinder\plugins\mcufinder//mcu/
2024-01-31 16:42:52,603 [INFO] DbMcusAds:125 - Set database path to: C:\Users\kunal\.stmcufinder\plugins\mcufinder//mcu/
2024-01-31 16:42:52,605 [INFO] CrossReferenceDbSqlite:203 - Set database path to: C:\Users\kunal\.stmcufinder\plugins\mcufinder//mcu/cs/
2024-01-31 16:42:52,808 [INFO] RulesReader:64 - Compatibility file has been processed (293 Rules)
2024-01-31 16:42:52,926 [INFO] DbMcusXml:78 - Set database path to: C:\ST\STM32CubeIDE_1.13.1\STM32CubeIDE\plugins\com.st.stm32cube.common.mx_6.9.1.202307191849\\db\/mcu/
2024-01-31 16:42:52,927 [INFO] ApiDb:274 - Set plugin database path to: C:\ST\STM32CubeIDE_1.13.1\STM32CubeIDE\plugins\com.st.stm32cube.common.mx_6.9.1.202307191849\\db\/plugins/boardmanager/
2024-01-31 16:42:52,927 [INFO] ApiDb:261 - Set plugin images path to: C:\ST\STM32CubeIDE_1.13.1\STM32CubeIDE\plugins\com.st.stm32cube.common.mx_6.9.1.202307191849\\db\/plugins/mcufinder/images/
2024-01-31 16:42:52,928 [WARN] DbFile:41 - Overriding database path with different value: C:\Users\kunal\.stmcufinder\plugins\mcufinder/ => C:\Users\kunal\.stmcufinder\plugins\mcufinder
2024-01-31 16:42:52,928 [INFO] ApiDb:250 - Set database path to: C:\Users\kunal\.stmcufinder\plugins\mcufinder//mcu/
2024-01-31 16:42:52,928 [WARN] DbFile:41 - Overriding database path with different value: C:\Users\kunal\.stmcufinder\plugins\mcufinder/ => C:\Users\kunal\.stmcufinder\plugins\mcufinder
2024-01-31 16:42:52,928 [INFO] DbMcusAds:125 - Set database path to: C:\Users\kunal\.stmcufinder\plugins\mcufinder//mcu/
2024-01-31 16:42:52,928 [WARN] DbFile:41 - Overriding database path with different value: C:\Users\kunal\.stmcufinder\plugins\mcufinder/ => C:\Users\kunal\.stmcufinder\plugins\mcufinder
2024-01-31 16:42:52,928 [WARN] DbFile:41 - Overriding database path with different value: C:\Users\kunal\.stmcufinder\plugins\mcufinder/ => C:\Users\kunal\.stmcufinder\plugins\mcufinder
2024-01-31 16:42:52,929 [INFO] CrossReferenceDbSqlite:203 - Set database path to: C:\Users\kunal\.stmcufinder\plugins\mcufinder//mcu/cs/
2024-01-31 16:42:53,038 [INFO] MainPanel:262 - HeapMemory: 268435456
2024-01-31 16:42:53,170 [INFO] DbMcusXml:78 - Set database path to: C:\ST\STM32CubeIDE_1.13.1\STM32CubeIDE\plugins\com.st.stm32cube.common.mx_6.9.1.202307191849\\db\/mcu/
2024-01-31 16:42:53,170 [INFO] ApiDb:274 - Set plugin database path to: C:\ST\STM32CubeIDE_1.13.1\STM32CubeIDE\plugins\com.st.stm32cube.common.mx_6.9.1.202307191849\\db\/plugins/boardmanager/
2024-01-31 16:42:53,171 [INFO] ApiDb:261 - Set plugin images path to: C:\ST\STM32CubeIDE_1.13.1\STM32CubeIDE\plugins\com.st.stm32cube.common.mx_6.9.1.202307191849\\db\/plugins/mcufinder/images/
2024-01-31 16:42:53,171 [WARN] DbFile:41 - Overriding database path with different value: C:\Users\kunal\.stmcufinder\plugins\mcufinder/ => C:\Users\kunal\.stmcufinder\plugins\mcufinder
2024-01-31 16:42:53,171 [INFO] ApiDb:250 - Set database path to: C:\Users\kunal\.stmcufinder\plugins\mcufinder//mcu/
2024-01-31 16:42:53,172 [WARN] DbFile:41 - Overriding database path with different value: C:\Users\kunal\.stmcufinder\plugins\mcufinder/ => C:\Users\kunal\.stmcufinder\plugins\mcufinder
2024-01-31 16:42:53,172 [INFO] DbMcusAds:125 - Set database path to: C:\Users\kunal\.stmcufinder\plugins\mcufinder//mcu/
2024-01-31 16:42:53,172 [WARN] DbFile:41 - Overriding database path with different value: C:\Users\kunal\.stmcufinder\plugins\mcufinder/ => C:\Users\kunal\.stmcufinder\plugins\mcufinder
2024-01-31 16:42:53,172 [WARN] DbFile:41 - Overriding database path with different value: C:\Users\kunal\.stmcufinder\plugins\mcufinder/ => C:\Users\kunal\.stmcufinder\plugins\mcufinder
2024-01-31 16:42:53,172 [INFO] CrossReferenceDbSqlite:203 - Set database path to: C:\Users\kunal\.stmcufinder\plugins\mcufinder//mcu/cs/
2024-01-31 16:42:53,202 [INFO] ApplicationProperties:184 - Using Application install path: C:\ST\STM32CubeIDE_1.13.1\STM32CubeIDE\plugins\com.st.stm32cube.common.mx_6.9.1.202307191849
2024-01-31 16:42:53,203 [INFO] PluginManage:196 - Search for loadable plugins [exclusion list=, ]
2024-01-31 16:42:53,206 [INFO] PluginManage:310 - Check plugin analytics
2024-01-31 16:42:53,456 [INFO] AnalyticsPlugin:253 - Accepted Software Licenses: 
2024-01-31 16:42:53,457 [INFO] AnalyticsPlugin:255 - Accepted CMSIS Pack Licenses: 
2024-01-31 16:42:53,457 [INFO] AnalyticsPlugin:257 - Accepted Firmware Licenses: FW.F4.1.27.0
2024-01-31 16:42:53,461 [INFO] PluginManage:359 - Loaded plugin analytics (category:tool,tabindex:-1)
2024-01-31 16:42:53,465 [INFO] PluginManage:310 - Check plugin cadmodel
2024-01-31 16:42:53,483 [INFO] CADModel:105 - Init CAD model plugin
2024-01-31 16:42:53,484 [INFO] PluginManage:359 - Loaded plugin cadmodel (category:power,tabindex:5)
2024-01-31 16:42:53,484 [INFO] PluginManage:310 - Check plugin clock
2024-01-31 16:42:53,514 [INFO] PluginManage:359 - Loaded plugin clock (category:base,tabindex:2)
2024-01-31 16:42:53,515 [INFO] PluginManage:310 - Check plugin ddr
2024-01-31 16:42:53,518 [INFO] PluginManage:359 - Loaded plugin ddr (category:tool,tabindex:6)
2024-01-31 16:42:53,518 [INFO] PluginManage:310 - Check plugin filemanager
2024-01-31 16:42:53,746 [INFO] PluginManage:359 - Loaded plugin filemanager (category:base,tabindex:10)
2024-01-31 16:42:53,747 [INFO] PluginManage:310 - Check plugin ipmanager
2024-01-31 16:42:53,758 [INFO] PluginManage:359 - Loaded plugin ipmanager (category:base,tabindex:5)
2024-01-31 16:42:53,758 [INFO] PluginManage:310 - Check plugin lpbam
2024-01-31 16:42:53,783 [INFO] PluginManage:359 - Loaded plugin lpbam (category:base,tabindex:0)
2024-01-31 16:42:53,783 [INFO] PluginManage:310 - Check plugin memorymap
2024-01-31 16:42:53,827 [INFO] PluginManage:359 - Loaded plugin memorymap (category:base,tabindex:4)
2024-01-31 16:42:53,827 [INFO] PluginManage:310 - Check plugin pinoutandconfiguration
2024-01-31 16:42:53,857 [INFO] PluginManage:359 - Loaded plugin pinoutandconfiguration (category:base,tabindex:1)
2024-01-31 16:42:53,858 [INFO] PluginManage:310 - Check plugin pinoutconfig
2024-01-31 16:42:54,012 [WARN] SupportedApi:132 - Cannot load RTOS API schema: s4s-elt-must-match.1: The content of 'definitions' must match (annotation?, (simpleType | complexType)?, (unique | key | keyref)*)). A problem was found starting at: attribute.
2024-01-31 16:42:54,255 [INFO] PluginManage:359 - Loaded plugin pinoutconfig (category:base,tabindex:0)
2024-01-31 16:42:54,255 [INFO] PluginManage:310 - Check plugin power
2024-01-31 16:42:54,288 [INFO] PluginManage:359 - Loaded plugin power (category:power,tabindex:4)
2024-01-31 16:42:54,288 [INFO] PluginManage:310 - Check plugin projectmanager
2024-01-31 16:42:54,309 [INFO] PluginManage:359 - Loaded plugin projectmanager (category:projectmanager,tabindex:3)
2024-01-31 16:42:54,309 [INFO] PluginManage:310 - Check plugin thirdparty
2024-01-31 16:42:54,674 [WARN] IntegrityCheckThread:84 - waiting for thirdparty lock release [integrity check]
2024-01-31 16:42:54,674 [INFO] PluginManage:359 - Loaded plugin thirdparty (category:base,tabindex:-1)
2024-01-31 16:42:54,675 [INFO] IntegrityCheckThread:86 - entering critical section [integrity check]
2024-01-31 16:42:54,675 [INFO] PluginManage:310 - Check plugin tools
2024-01-31 16:42:54,675 [INFO] ThirdPartyUpdaterWithRetryManager:70 - Updater plugin not ready yet. [1/15]
2024-01-31 16:42:54,717 [INFO] PluginManage:359 - Loaded plugin tools (category:base,tabindex:7)
2024-01-31 16:42:54,718 [INFO] PluginManage:310 - Check plugin tutovideos
2024-01-31 16:42:55,004 [INFO] PluginManage:359 - Loaded plugin tutovideos (category:base,tabindex:-1)
2024-01-31 16:42:55,004 [INFO] PluginManage:310 - Check plugin updater
2024-01-31 16:42:55,020 [INFO] PluginManage:359 - Loaded plugin updater (category:base,tabindex:12)
2024-01-31 16:42:55,020 [INFO] PluginManage:310 - Check plugin userauth
2024-01-31 16:42:55,029 [INFO] UserAuth:113 - Init User Auth plugin
2024-01-31 16:42:55,029 [INFO] PluginManage:359 - Loaded plugin userauth (category:base,tabindex:14)
2024-01-31 16:42:55,030 [INFO] PluginManage:283 - PluginManage : Loaded plugins [17]
2024-01-31 16:42:55,379 [INFO] PinOutPanel:1499 - setPackage(No Configuration,No Configuration)
2024-01-31 16:42:55,548 [INFO] CADModel:165 - CPN selected for project level
2024-01-31 16:42:55,548 [INFO] CADModel:114 - Register for checkConnection events
2024-01-31 16:42:55,583 [INFO] IPUIPlugin:80 - create IPUIPlugin
2024-01-31 16:42:55,584 [INFO] PluginManager:220 - loadIPPluginJar : add adc
2024-01-31 16:42:55,627 [INFO] IPUIPlugin:80 - create IPUIPlugin
2024-01-31 16:42:55,627 [INFO] PluginManager:220 - loadIPPluginJar : add aes
2024-01-31 16:42:55,678 [INFO] IPUIPlugin:80 - create IPUIPlugin
2024-01-31 16:42:55,679 [INFO] PluginManager:220 - loadIPPluginJar : add can
2024-01-31 16:42:55,706 [INFO] IPUIPlugin:80 - create IPUIPlugin
2024-01-31 16:42:55,707 [INFO] PluginManager:220 - loadIPPluginJar : add comp
2024-01-31 16:42:55,746 [INFO] IPUIPlugin:80 - create IPUIPlugin
2024-01-31 16:42:55,746 [INFO] PluginManager:220 - loadIPPluginJar : add cryp
2024-01-31 16:42:55,782 [INFO] IPUIPlugin:80 - create IPUIPlugin
2024-01-31 16:42:55,782 [INFO] PluginManager:220 - loadIPPluginJar : add dfsdm
2024-01-31 16:42:55,799 [INFO] IPUIPlugin:80 - create IPUIPlugin
2024-01-31 16:42:55,800 [INFO] PluginManager:220 - loadIPPluginJar : add dma
2024-01-31 16:42:55,854 [INFO] IPUIPlugin:80 - create IPUIPlugin
2024-01-31 16:42:55,854 [INFO] PluginManager:220 - loadIPPluginJar : add dma3
2024-01-31 16:42:55,877 [INFO] IPUIPlugin:80 - create IPUIPlugin
2024-01-31 16:42:55,877 [INFO] PluginManager:220 - loadIPPluginJar : add fatfs
2024-01-31 16:42:55,934 [INFO] IPUIPlugin:80 - create IPUIPlugin
2024-01-31 16:42:55,934 [INFO] PluginManager:220 - loadIPPluginJar : add fmc
2024-01-31 16:42:55,953 [INFO] IPUIPlugin:80 - create IPUIPlugin
2024-01-31 16:42:55,953 [INFO] PluginManager:220 - loadIPPluginJar : add freertos
2024-01-31 16:42:55,986 [INFO] IPUIPlugin:80 - create IPUIPlugin
2024-01-31 16:42:55,987 [INFO] PluginManager:220 - loadIPPluginJar : add genericplugin
2024-01-31 16:42:56,103 [INFO] IPUIPlugin:80 - create IPUIPlugin
2024-01-31 16:42:56,103 [INFO] PluginManager:220 - loadIPPluginJar : add gfxmmu
2024-01-31 16:42:56,266 [INFO] IPUIPlugin:80 - create IPUIPlugin
2024-01-31 16:42:56,266 [INFO] PluginManager:220 - loadIPPluginJar : add gic
2024-01-31 16:42:56,297 [INFO] IPUIPlugin:80 - create IPUIPlugin
2024-01-31 16:42:56,297 [INFO] PluginManager:220 - loadIPPluginJar : add gpio
2024-01-31 16:42:56,458 [INFO] IPUIPlugin:80 - create IPUIPlugin
2024-01-31 16:42:56,459 [INFO] PluginManager:220 - loadIPPluginJar : add gtzc
2024-01-31 16:42:56,517 [INFO] IPUIPlugin:80 - create IPUIPlugin
2024-01-31 16:42:56,517 [INFO] PluginManager:220 - loadIPPluginJar : add hash
2024-01-31 16:42:56,605 [INFO] IPUIPlugin:80 - create IPUIPlugin
2024-01-31 16:42:56,605 [INFO] PluginManager:220 - loadIPPluginJar : add i2c
2024-01-31 16:42:56,665 [INFO] IPUIPlugin:80 - create IPUIPlugin
2024-01-31 16:42:56,665 [INFO] PluginManager:220 - loadIPPluginJar : add i2s
2024-01-31 16:42:56,731 [INFO] IPUIPlugin:80 - create IPUIPlugin
2024-01-31 16:42:56,732 [INFO] PluginManager:220 - loadIPPluginJar : add i3c
2024-01-31 16:42:56,871 [INFO] IPUIPlugin:80 - create IPUIPlugin
2024-01-31 16:42:56,872 [INFO] PluginManager:220 - loadIPPluginJar : add ipddr
2024-01-31 16:42:57,020 [INFO] IPUIPlugin:80 - create IPUIPlugin
2024-01-31 16:42:57,020 [INFO] PluginManager:220 - loadIPPluginJar : add linkedlist
2024-01-31 16:42:57,077 [INFO] IPUIPlugin:80 - create IPUIPlugin
2024-01-31 16:42:57,077 [INFO] PluginManager:220 - loadIPPluginJar : add lorawan
2024-01-31 16:42:57,124 [INFO] IPUIPlugin:80 - create IPUIPlugin
2024-01-31 16:42:57,125 [INFO] PluginManager:220 - loadIPPluginJar : add ltdc
2024-01-31 16:42:57,142 [INFO] IPUIPlugin:80 - create IPUIPlugin
2024-01-31 16:42:57,142 [INFO] PluginManager:220 - loadIPPluginJar : add mdma
2024-01-31 16:42:57,157 [INFO] IPUIPlugin:80 - create IPUIPlugin
2024-01-31 16:42:57,157 [INFO] PluginManager:220 - loadIPPluginJar : add nvic
2024-01-31 16:42:57,199 [INFO] IPUIPlugin:80 - create IPUIPlugin
2024-01-31 16:42:57,199 [INFO] PluginManager:220 - loadIPPluginJar : add opamp
2024-01-31 16:42:57,259 [INFO] IPUIPlugin:80 - create IPUIPlugin
2024-01-31 16:42:57,260 [INFO] PluginManager:220 - loadIPPluginJar : add openamp
2024-01-31 16:42:57,301 [INFO] IPUIPlugin:80 - create IPUIPlugin
2024-01-31 16:42:57,301 [INFO] PluginManager:220 - loadIPPluginJar : add pdm2pcm
2024-01-31 16:42:57,317 [INFO] IPUIPlugin:80 - create IPUIPlugin
2024-01-31 16:42:57,319 [INFO] PluginManager:220 - loadIPPluginJar : add plateformsettings
2024-01-31 16:42:57,341 [INFO] IPUIPlugin:80 - create IPUIPlugin
2024-01-31 16:42:57,342 [INFO] PluginManager:220 - loadIPPluginJar : add quadspi
2024-01-31 16:42:57,355 [INFO] IPUIPlugin:80 - create IPUIPlugin
2024-01-31 16:42:57,355 [INFO] PluginManager:220 - loadIPPluginJar : add resmgrutility
2024-01-31 16:42:57,399 [INFO] IPUIPlugin:80 - create IPUIPlugin
2024-01-31 16:42:57,400 [INFO] PluginManager:220 - loadIPPluginJar : add sai
2024-01-31 16:42:57,435 [INFO] IPUIPlugin:80 - create IPUIPlugin
2024-01-31 16:42:57,435 [INFO] PluginManager:220 - loadIPPluginJar : add spi
2024-01-31 16:42:57,488 [INFO] IPUIPlugin:80 - create IPUIPlugin
2024-01-31 16:42:57,488 [INFO] PluginManager:220 - loadIPPluginJar : add stm32_wpan
2024-01-31 16:42:57,516 [INFO] IPUIPlugin:80 - create IPUIPlugin
2024-01-31 16:42:57,516 [INFO] PluginManager:220 - loadIPPluginJar : add tim
2024-01-31 16:42:57,583 [INFO] IPUIPlugin:80 - create IPUIPlugin
2024-01-31 16:42:57,583 [INFO] PluginManager:220 - loadIPPluginJar : add touchsensing
2024-01-31 16:42:57,613 [INFO] IPUIPlugin:80 - create IPUIPlugin
2024-01-31 16:42:57,613 [INFO] PluginManager:220 - loadIPPluginJar : add tracer_emb
2024-01-31 16:42:57,642 [INFO] IPUIPlugin:80 - create IPUIPlugin
2024-01-31 16:42:57,642 [INFO] PluginManager:220 - loadIPPluginJar : add ts
2024-01-31 16:42:57,669 [INFO] IPUIPlugin:80 - create IPUIPlugin
2024-01-31 16:42:57,669 [INFO] PluginManager:220 - loadIPPluginJar : add tsc
2024-01-31 16:42:57,678 [INFO] ThirdPartyUpdaterWithRetryManager:70 - Updater plugin not ready yet. [2/15]
2024-01-31 16:42:57,708 [INFO] IPUIPlugin:80 - create IPUIPlugin
2024-01-31 16:42:57,708 [INFO] PluginManager:220 - loadIPPluginJar : add ucpd
2024-01-31 16:42:57,781 [INFO] IPUIPlugin:80 - create IPUIPlugin
2024-01-31 16:42:57,781 [INFO] PluginManager:220 - loadIPPluginJar : add usart
2024-01-31 16:42:57,828 [INFO] IPUIPlugin:80 - create IPUIPlugin
2024-01-31 16:42:57,829 [INFO] PluginManager:220 - loadIPPluginJar : add usbx
2024-01-31 16:42:57,963 [INFO] CADModel:165 - CPN selected for project level
2024-01-31 16:42:57,963 [INFO] CADModel:114 - Register for checkConnection events
2024-01-31 16:42:57,963 [FATAL] Updater:308 - Updater called before beeing initialized
2024-01-31 16:42:57,963 [ERROR] CADModel:125 - Updater not yet initialized, retry later 
2024-01-31 16:42:58,139 [INFO] CADModel:165 - CPN selected for project level
2024-01-31 16:42:58,139 [INFO] CADModel:114 - Register for checkConnection events
2024-01-31 16:42:58,139 [FATAL] Updater:308 - Updater called before beeing initialized
2024-01-31 16:42:58,139 [ERROR] CADModel:125 - Updater not yet initialized, retry later 
2024-01-31 16:42:58,142 [FATAL] Updater:308 - Updater called before beeing initialized
2024-01-31 16:42:58,245 [FATAL] Updater:308 - Updater called before beeing initialized
2024-01-31 16:42:58,261 [INFO] DbMcusAds:53 - JSON generation date=Wed Nov 29 16:22:27 IST 2023 (1701255147200)
2024-01-31 16:42:58,261 [FATAL] Updater:308 - Updater called before beeing initialized
2024-01-31 16:42:58,345 [WARN] DetailPanel:346 - Failed to get advertising image, set to default
2024-01-31 16:42:58,444 [FATAL] Updater:308 - Updater called before beeing initialized
2024-01-31 16:42:58,447 [FATAL] Updater:308 - Updater called before beeing initialized
2024-01-31 16:42:58,447 [FATAL] Updater:308 - Updater called before beeing initialized
2024-01-31 16:42:58,447 [WARN] DetailPanel:346 - Failed to get advertising image, set to default
2024-01-31 16:42:58,451 [FATAL] Updater:308 - Updater called before beeing initialized
2024-01-31 16:42:58,513 [ERROR] Updater:1120 - MainUpdater not yet initialized. External WinMGr cannot be set.
2024-01-31 16:42:58,523 [INFO] Updater:1056 - Updater Version found : 6.9.1
2024-01-31 16:42:58,542 [INFO] ApplicationProperties:184 - Using Application install path: C:\ST\STM32CubeIDE_1.13.1\STM32CubeIDE\plugins\com.st.stm32cube.common.mx_6.9.1.202307191849
2024-01-31 16:42:58,783 [INFO] MainUpdater:2868 - connection check result : 10
2024-01-31 16:42:58,784 [INFO] MainUpdater:285 - Updater Check For Update Now.
2024-01-31 16:42:58,784 [INFO] MicroXplorer:498 - Change Database Version : DB.6.0.91
2024-01-31 16:42:58,817 [INFO] McuFinderGlobals:63 - Set McuFinder mode to 2 (CubeIDE integrated)
2024-01-31 16:42:58,817 [INFO] UserAuth:179 - activating auth plugin
2024-01-31 16:42:58,820 [INFO] UserAuth:393 - Internet connection configuration mode: 1
2024-01-31 16:42:58,846 [INFO] JxBrowserEngine:151 - Initiate JxBrowser Engine with user profile folder
2024-01-31 16:42:58,998 [INFO] CheckServerUpdateThread:120 - End of CheckServer Thread
2024-01-31 16:43:00,996 [WARN] PackLoader:240 - Cannot read IP mode file for STMicroelectronics.X-CUBE-SMBUS.2.1.0
2024-01-31 16:43:01,018 [WARN] PackLoader:240 - Cannot read IP mode file for STMicroelectronics.X-CUBE-TOUCHGFX.4.23.0
2024-01-31 16:43:01,081 [WARN] PackLoader:240 - Cannot read IP mode file for STMicroelectronics.X-CUBE-AZRTOS-F7.1.1.0
2024-01-31 16:43:01,103 [WARN] PackLoader:240 - Cannot read IP mode file for STMicroelectronics.FP-SNS-MOTENV1.4.3.2
2024-01-31 16:43:01,119 [WARN] PackLoader:240 - Cannot read IP mode file for STMicroelectronics.FP-SNS-FLIGHT1.5.0.2
2024-01-31 16:43:01,136 [WARN] PackLoader:240 - Cannot read IP mode file for STMicroelectronics.X-CUBE-DISPLAY.3.0.0
2024-01-31 16:43:01,159 [WARN] PackLoader:240 - Cannot read IP mode file for STMicroelectronics.X-CUBE-BLE1.7.0.0
2024-01-31 16:43:01,174 [WARN] PackLoader:240 - Cannot read IP mode file for emotas.I-CUBE-CANOPEN.1.3.0
2024-01-31 16:43:01,185 [WARN] PackLoader:240 - Cannot read IP mode file for STMicroelectronics.X-CUBE-TOUCHGFX.4.22.0
2024-01-31 16:43:01,195 [WARN] PackLoader:240 - Cannot read IP mode file for STMicroelectronics.X-CUBE-TOUCHGFX.4.22.1
2024-01-31 16:43:01,206 [WARN] PackLoader:240 - Cannot read IP mode file for STMicroelectronics.FP-SNS-SMARTAG2.1.2.0
2024-01-31 16:43:01,226 [INFO] LogOutputStream:77 - [STDOUT_REDIRECT] 1 : Invalid condition id : UX_CORESTACK_Condition cause : null
2024-01-31 16:43:01,226 [INFO] LogOutputStream:77 - [STDOUT_REDIRECT] 1 : Invalid condition id : UX_CORESTACK_Condition cause : null
2024-01-31 16:43:01,227 [INFO] LogOutputStream:77 - [STDOUT_REDIRECT] 1 : Invalid condition id : UX_CORESTACK_Condition cause : null
2024-01-31 16:43:01,228 [INFO] LogOutputStream:77 - [STDOUT_REDIRECT] 1 : Invalid condition id : UX_CORESTACK_Condition cause : null
2024-01-31 16:43:01,229 [INFO] LogOutputStream:77 - [STDOUT_REDIRECT] 1 : Invalid condition id : UX_CORESTACK_Condition cause : null
2024-01-31 16:43:01,232 [WARN] PackLoader:240 - Cannot read IP mode file for STMicroelectronics.X-CUBE-AZRTOS-WL.2.0.0
2024-01-31 16:43:01,248 [WARN] PackLoader:240 - Cannot read IP mode file for WES.I-CUBE-Cesium.1.3.0
2024-01-31 16:43:01,259 [WARN] PackLoader:240 - Cannot read IP mode file for STMicroelectronics.X-CUBE-BLE2.3.3.0
2024-01-31 16:43:01,273 [WARN] PackLoader:240 - Cannot read IP mode file for STMicroelectronics.X-CUBE-ALGOBUILD.1.3.0
2024-01-31 16:43:01,285 [INFO] WebApp:157 - Instantiating new browser for Auth
2024-01-31 16:43:01,313 [WARN] PackLoader:240 - Cannot read IP mode file for STMicroelectronics.X-CUBE-AZRTOS-G0.1.1.0
2024-01-31 16:43:01,337 [WARN] PackLoader:240 - Cannot read IP mode file for STMicroelectronics.X-CUBE-NFC4.3.0.0
2024-01-31 16:43:01,390 [WARN] PackLoader:240 - Cannot read IP mode file for STMicroelectronics.X-CUBE-BLEMGR.3.0.0
2024-01-31 16:43:01,417 [WARN] PackLoader:240 - Cannot read IP mode file for STMicroelectronics.FP-ATR-SIGFOX1.3.2.0
2024-01-31 16:43:01,433 [WARN] PackLoader:240 - Cannot read IP mode file for STMicroelectronics.X-CUBE-EEPRMA1.5.1.0
2024-01-31 16:43:01,481 [WARN] PackLoader:240 - Cannot read IP mode file for SEGGER.I-CUBE-embOS.1.3.1
2024-01-31 16:43:01,529 [WARN] PackLoader:240 - Cannot read IP mode file for STMicroelectronics.X-CUBE-GNSS1.6.0.0
2024-01-31 16:43:01,555 [WARN] PackLoader:240 - Cannot read IP mode file for STMicroelectronics.X-CUBE-AZRTOS-F4.1.1.0
2024-01-31 16:43:01,570 [WARN] PackLoader:240 - Cannot read IP mode file for wolfSSL.I-CUBE-wolfSSL.5.6.3
2024-01-31 16:43:01,595 [WARN] PackLoader:240 - Cannot read IP mode file for STMicroelectronics.X-CUBE-AZRTOS-L5.2.0.0
2024-01-31 16:43:01,638 [WARN] PackLoader:240 - Cannot read IP mode file for STMicroelectronics.X-CUBE-MEMS1.9.6.0
2024-01-31 16:43:01,766 [WARN] PackLoader:240 - Cannot read IP mode file for STMicroelectronics.X-CUBE-EEPRMA1.4.2.0
2024-01-31 16:43:01,780 [WARN] PackLoader:240 - Cannot read IP mode file for ITTIA_DB.I-CUBE-ITTIADB.8.8.0
2024-01-31 16:43:01,796 [WARN] PackLoader:240 - Cannot read IP mode file for STMicroelectronics.X-CUBE-BLEMGR.2.0.0
2024-01-31 16:43:01,838 [WARN] ConditionMgr:438 - getConditionDescription Invalid condition id : UX DEVICE CLASS RTOS Condition cause : null
2024-01-31 16:43:01,838 [WARN] ConditionMgr:438 - getConditionDescription Invalid condition id : UX DEVICE CLASS RTOS Condition cause : null
2024-01-31 16:43:01,842 [WARN] PackLoader:240 - Cannot read IP mode file for STMicroelectronics.X-CUBE-AZRTOS-H7.3.1.0
2024-01-31 16:43:01,843 [WARN] ConditionMgr:1039 - genDependencies : Invalid condition id : UX DEVICE CLASS RTOS Condition cause : null
2024-01-31 16:43:01,843 [WARN] ConditionMgr:1039 - genDependencies : Invalid condition id : UX DEVICE CLASS RTOS Condition cause : null
2024-01-31 16:43:01,844 [WARN] ConditionMgr:1039 - genDependencies : Invalid condition id : UX DEVICE CLASS RTOS Condition cause : null
2024-01-31 16:43:01,844 [WARN] ConditionMgr:1039 - genDependencies : Invalid condition id : UX DEVICE CLASS RTOS Condition cause : null
2024-01-31 16:43:01,844 [WARN] ConditionMgr:1039 - genDependencies : Invalid condition id : UX DEVICE CLASS RTOS Condition cause : null
2024-01-31 16:43:01,864 [WARN] PackLoader:240 - Cannot read IP mode file for STMicroelectronics.X-CUBE-NFC7.1.0.1
2024-01-31 16:43:01,883 [WARN] PackLoader:240 - Cannot read IP mode file for STMicroelectronics.X-CUBE-NFC6.3.0.0
2024-01-31 16:43:01,900 [WARN] PackLoader:240 - Cannot read IP mode file for STMicroelectronics.X-CUBE-EEPRMA1.4.1.0
2024-01-31 16:43:01,915 [WARN] PackLoader:240 - Cannot read IP mode file for STMicroelectronics.X-CUBE-AI.8.1.0
2024-01-31 16:43:01,940 [WARN] ConditionMgr:438 - getConditionDescription Invalid condition id : LAN8742 Phy interface Condition cause : null
2024-01-31 16:43:01,940 [WARN] PackLoader:240 - Cannot read IP mode file for STMicroelectronics.X-CUBE-AZRTOS-L4.2.0.0
2024-01-31 16:43:01,943 [WARN] ConditionMgr:1039 - genDependencies : Invalid condition id : LAN8742 Phy interface Condition cause : null
2024-01-31 16:43:01,943 [WARN] ConditionMgr:1039 - genDependencies : Invalid condition id : LAN8742 Phy interface Condition cause : null
2024-01-31 16:43:01,943 [WARN] ConditionMgr:1039 - genDependencies : Invalid condition id : LAN8742 Phy interface Condition cause : null
2024-01-31 16:43:01,957 [WARN] PackLoader:240 - Cannot read IP mode file for STMicroelectronics.X-CUBE-SFXS2LP1.4.0.0
2024-01-31 16:43:01,969 [WARN] PackLoader:240 - Cannot read IP mode file for STMicroelectronics.X-CUBE-ISPU.1.1.0
2024-01-31 16:43:01,995 [WARN] ConditionMgr:438 - getConditionDescription Invalid condition id : UX DEVICE CLASS RTOS Condition cause : null
2024-01-31 16:43:01,996 [WARN] ConditionMgr:438 - getConditionDescription Invalid condition id : UX DEVICE CLASS RTOS Condition cause : null
2024-01-31 16:43:01,997 [WARN] PackLoader:240 - Cannot read IP mode file for STMicroelectronics.X-CUBE-AZRTOS-WB.2.0.0
2024-01-31 16:43:01,997 [WARN] ConditionMgr:1039 - genDependencies : Invalid condition id : UX DEVICE CLASS RTOS Condition cause : null
2024-01-31 16:43:01,997 [WARN] ConditionMgr:1039 - genDependencies : Invalid condition id : UX DEVICE CLASS RTOS Condition cause : null
2024-01-31 16:43:01,998 [WARN] ConditionMgr:1039 - genDependencies : Invalid condition id : UX DEVICE CLASS RTOS Condition cause : null
2024-01-31 16:43:01,998 [WARN] ConditionMgr:1039 - genDependencies : Invalid condition id : UX DEVICE CLASS RTOS Condition cause : null
2024-01-31 16:43:01,998 [WARN] ConditionMgr:1039 - genDependencies : Invalid condition id : UX DEVICE CLASS RTOS Condition cause : null
2024-01-31 16:43:02,009 [WARN] PackLoader:240 - Cannot read IP mode file for STMicroelectronics.X-CUBE-FREERTOS.1.0.1
2024-01-31 16:43:02,027 [WARN] PackLoader:240 - Cannot read IP mode file for STMicroelectronics.X-CUBE-SUBG2.5.0.0
2024-01-31 16:43:02,049 [WARN] PackLoader:240 - Cannot read IP mode file for STMicroelectronics.X-CUBE-TOF1.3.3.1
2024-01-31 16:43:02,068 [INFO] WebApp:753 - Register for checkConnection events
2024-01-31 16:43:02,069 [INFO] WebApp:390 - Apply proxy settings
2024-01-31 16:43:02,069 [INFO] WebApp:475 - Chromium requires no authentication
2024-01-31 16:43:02,075 [WARN] PackLoader:240 - Cannot read IP mode file for STMicroelectronics.X-CUBE-AZRTOS-G4.2.0.0
2024-01-31 16:43:02,081 [INFO] WebApp:418 - Direct internet connection detected
2024-01-31 16:43:02,094 [WARN] PackLoader:240 - Cannot read IP mode file for Infineon.AIROC-Wi-Fi-Bluetooth-STM32.1.5.1
2024-01-31 16:43:02,106 [WARN] PackLoader:240 - Cannot read IP mode file for STMicroelectronics.FP-SNS-MOTENVWB1.1.3.1
2024-01-31 16:43:02,116 [WARN] PackLoader:240 - Cannot read IP mode file for STMicroelectronics.X-CUBE-ISPU.2.0.0
2024-01-31 16:43:02,157 [WARN] PackLoader:240 - Cannot read IP mode file for STMicroelectronics.X-CUBE-MEMS1.10.0.0
2024-01-31 16:43:02,244 [WARN] PackLoader:240 - Cannot read IP mode file for STMicroelectronics.X-CUBE-FREERTOS.1.1.0
2024-01-31 16:43:02,261 [WARN] PackLoader:240 - Cannot read IP mode file for portGmbH.I-Cube-SoM-uGOAL.1.1.0
2024-01-31 16:43:02,274 [WARN] PackLoader:240 - Cannot read IP mode file for STMicroelectronics.X-CUBE-ALS.1.0.1
2024-01-31 16:43:02,285 [WARN] PackLoader:240 - Cannot read IP mode file for STMicroelectronics.FP-ATR-ASTRA1.2.0.0
2024-01-31 16:43:02,302 [WARN] PackLoader:240 - Cannot read IP mode file for STMicroelectronics.X-CUBE-TOF1.3.4.0
2024-01-31 16:43:02,324 [INFO] WebApp:188 - Starting web application
2024-01-31 16:43:02,324 [INFO] WebApp:520 - Web application path used C:\ST\STM32CubeIDE_1.13.1\STM32CubeIDE\plugins\com.st.stm32cube.common.mx_6.9.1.202307191849\db\plugins\mcufinder\reactClient1\index.html
2024-01-31 16:43:02,335 [WARN] PackLoader:240 - Cannot read IP mode file for STMicroelectronics.X-CUBE-AZRTOS-H7.3.2.0
2024-01-31 16:43:02,338 [INFO] ThirdParty:978 - Integrity check success = true
2024-01-31 16:43:02,338 [INFO] IntegrityCheckThread:100 - exiting critical section [integrity check]
2024-01-31 16:43:02,338 [INFO] IntegrityCheckThread:103 - End integrity checks thread
2024-01-31 16:43:23,545 [ERROR] LogOutputStream:75 - [STDERR_REDIRECT] SLF4J: Failed to load class "org.slf4j.impl.StaticLoggerBinder".
2024-01-31 16:43:23,546 [ERROR] LogOutputStream:75 - [STDERR_REDIRECT] SLF4J: Defaulting to no-operation (NOP) logger implementation
2024-01-31 16:43:23,549 [ERROR] LogOutputStream:75 - [STDERR_REDIRECT] SLF4J: See http://www.slf4j.org/codes.html#StaticLoggerBinder for further details.
2024-01-31 17:06:36,103 [ERROR] ConfigurationRetriever:142 - IOException on connection: sw-center.st.com
2024-01-31 17:06:36,105 [ERROR] ConfigurationRetriever:142 - IOException on connection: sw-center.st.com
2024-01-31 17:06:36,105 [ERROR] ConfigurationRetriever:142 - IOException on connection: sw-center.st.com
2024-01-31 18:22:09,486 [INFO] Activator:176 - 


2024-01-31 18:22:09,486 [INFO] Activator:177 - !SESSION log4j initialized
2024-01-31 18:22:17,928 [INFO] LogOutputStream:77 - [STDOUT_REDIRECT] 
2024-01-31 18:22:20,457 [INFO] ApplicationProperties:184 - Using Application install path: C:\ST\STM32CubeIDE_1.13.1\STM32CubeIDE\plugins\com.st.stm32cube.common.mx_6.9.1.202307191849
2024-01-31 18:22:20,474 [INFO] DbMcusXml:78 - Set database path to: C:\ST\STM32CubeIDE_1.13.1\STM32CubeIDE\plugins\com.st.stm32cube.common.mx_6.9.1.202307191849\\db\/mcu/
2024-01-31 18:22:20,474 [INFO] ApiDb:274 - Set plugin database path to: C:\ST\STM32CubeIDE_1.13.1\STM32CubeIDE\plugins\com.st.stm32cube.common.mx_6.9.1.202307191849\\db\/plugins/boardmanager/
2024-01-31 18:22:20,475 [WARN] ApiDb:259 - Overriding images path with different value:  => C:\ST\STM32CubeIDE_1.13.1\STM32CubeIDE\plugins\com.st.stm32cube.common.mx_6.9.1.202307191849\\db\/plugins/mcufinder/images/
2024-01-31 18:22:20,487 [INFO] ApiDb:250 - Set database path to: C:\Users\kunal\.stmcufinder\plugins\mcufinder//mcu/
2024-01-31 18:22:20,488 [INFO] DbMcusAds:125 - Set database path to: C:\Users\kunal\.stmcufinder\plugins\mcufinder//mcu/
2024-01-31 18:22:20,489 [INFO] CrossReferenceDbSqlite:203 - Set database path to: C:\Users\kunal\.stmcufinder\plugins\mcufinder//mcu/cs/
2024-01-31 18:22:20,617 [INFO] RulesReader:64 - Compatibility file has been processed (293 Rules)
2024-01-31 18:22:20,698 [INFO] DbMcusXml:78 - Set database path to: C:\ST\STM32CubeIDE_1.13.1\STM32CubeIDE\plugins\com.st.stm32cube.common.mx_6.9.1.202307191849\\db\/mcu/
2024-01-31 18:22:20,698 [INFO] ApiDb:274 - Set plugin database path to: C:\ST\STM32CubeIDE_1.13.1\STM32CubeIDE\plugins\com.st.stm32cube.common.mx_6.9.1.202307191849\\db\/plugins/boardmanager/
2024-01-31 18:22:20,699 [INFO] ApiDb:261 - Set plugin images path to: C:\ST\STM32CubeIDE_1.13.1\STM32CubeIDE\plugins\com.st.stm32cube.common.mx_6.9.1.202307191849\\db\/plugins/mcufinder/images/
2024-01-31 18:22:20,699 [WARN] DbFile:41 - Overriding database path with different value: C:\Users\kunal\.stmcufinder\plugins\mcufinder/ => C:\Users\kunal\.stmcufinder\plugins\mcufinder
2024-01-31 18:22:20,699 [INFO] ApiDb:250 - Set database path to: C:\Users\kunal\.stmcufinder\plugins\mcufinder//mcu/
2024-01-31 18:22:20,699 [WARN] DbFile:41 - Overriding database path with different value: C:\Users\kunal\.stmcufinder\plugins\mcufinder/ => C:\Users\kunal\.stmcufinder\plugins\mcufinder
2024-01-31 18:22:20,699 [INFO] DbMcusAds:125 - Set database path to: C:\Users\kunal\.stmcufinder\plugins\mcufinder//mcu/
2024-01-31 18:22:20,699 [WARN] DbFile:41 - Overriding database path with different value: C:\Users\kunal\.stmcufinder\plugins\mcufinder/ => C:\Users\kunal\.stmcufinder\plugins\mcufinder
2024-01-31 18:22:20,699 [WARN] DbFile:41 - Overriding database path with different value: C:\Users\kunal\.stmcufinder\plugins\mcufinder/ => C:\Users\kunal\.stmcufinder\plugins\mcufinder
2024-01-31 18:22:20,699 [INFO] CrossReferenceDbSqlite:203 - Set database path to: C:\Users\kunal\.stmcufinder\plugins\mcufinder//mcu/cs/
2024-01-31 18:22:20,780 [INFO] MainPanel:262 - HeapMemory: 268435456
2024-01-31 18:22:20,878 [INFO] DbMcusXml:78 - Set database path to: C:\ST\STM32CubeIDE_1.13.1\STM32CubeIDE\plugins\com.st.stm32cube.common.mx_6.9.1.202307191849\\db\/mcu/
2024-01-31 18:22:20,878 [INFO] ApiDb:274 - Set plugin database path to: C:\ST\STM32CubeIDE_1.13.1\STM32CubeIDE\plugins\com.st.stm32cube.common.mx_6.9.1.202307191849\\db\/plugins/boardmanager/
2024-01-31 18:22:20,878 [INFO] ApiDb:261 - Set plugin images path to: C:\ST\STM32CubeIDE_1.13.1\STM32CubeIDE\plugins\com.st.stm32cube.common.mx_6.9.1.202307191849\\db\/plugins/mcufinder/images/
2024-01-31 18:22:20,878 [WARN] DbFile:41 - Overriding database path with different value: C:\Users\kunal\.stmcufinder\plugins\mcufinder/ => C:\Users\kunal\.stmcufinder\plugins\mcufinder
2024-01-31 18:22:20,879 [INFO] ApiDb:250 - Set database path to: C:\Users\kunal\.stmcufinder\plugins\mcufinder//mcu/
2024-01-31 18:22:20,879 [WARN] DbFile:41 - Overriding database path with different value: C:\Users\kunal\.stmcufinder\plugins\mcufinder/ => C:\Users\kunal\.stmcufinder\plugins\mcufinder
2024-01-31 18:22:20,879 [INFO] DbMcusAds:125 - Set database path to: C:\Users\kunal\.stmcufinder\plugins\mcufinder//mcu/
2024-01-31 18:22:20,879 [WARN] DbFile:41 - Overriding database path with different value: C:\Users\kunal\.stmcufinder\plugins\mcufinder/ => C:\Users\kunal\.stmcufinder\plugins\mcufinder
2024-01-31 18:22:20,879 [WARN] DbFile:41 - Overriding database path with different value: C:\Users\kunal\.stmcufinder\plugins\mcufinder/ => C:\Users\kunal\.stmcufinder\plugins\mcufinder
2024-01-31 18:22:20,879 [INFO] CrossReferenceDbSqlite:203 - Set database path to: C:\Users\kunal\.stmcufinder\plugins\mcufinder//mcu/cs/
2024-01-31 18:22:20,895 [INFO] ApplicationProperties:184 - Using Application install path: C:\ST\STM32CubeIDE_1.13.1\STM32CubeIDE\plugins\com.st.stm32cube.common.mx_6.9.1.202307191849
2024-01-31 18:22:20,896 [INFO] PluginManage:196 - Search for loadable plugins [exclusion list=, ]
2024-01-31 18:22:20,897 [INFO] PluginManage:310 - Check plugin analytics
2024-01-31 18:22:21,073 [INFO] AnalyticsPlugin:253 - Accepted Software Licenses: 
2024-01-31 18:22:21,073 [INFO] AnalyticsPlugin:255 - Accepted CMSIS Pack Licenses: 
2024-01-31 18:22:21,073 [INFO] AnalyticsPlugin:257 - Accepted Firmware Licenses: FW.F4.1.27.0
2024-01-31 18:22:21,077 [INFO] PluginManage:359 - Loaded plugin analytics (category:tool,tabindex:-1)
2024-01-31 18:22:21,077 [INFO] PluginManage:310 - Check plugin cadmodel
2024-01-31 18:22:21,093 [INFO] CADModel:105 - Init CAD model plugin
2024-01-31 18:22:21,093 [INFO] PluginManage:359 - Loaded plugin cadmodel (category:power,tabindex:5)
2024-01-31 18:22:21,093 [INFO] PluginManage:310 - Check plugin clock
2024-01-31 18:22:21,113 [INFO] PluginManage:359 - Loaded plugin clock (category:base,tabindex:2)
2024-01-31 18:22:21,113 [INFO] PluginManage:310 - Check plugin ddr
2024-01-31 18:22:21,116 [INFO] PluginManage:359 - Loaded plugin ddr (category:tool,tabindex:6)
2024-01-31 18:22:21,116 [INFO] PluginManage:310 - Check plugin filemanager
2024-01-31 18:22:21,248 [INFO] PluginManage:359 - Loaded plugin filemanager (category:base,tabindex:10)
2024-01-31 18:22:21,248 [INFO] PluginManage:310 - Check plugin ipmanager
2024-01-31 18:22:21,255 [INFO] PluginManage:359 - Loaded plugin ipmanager (category:base,tabindex:5)
2024-01-31 18:22:21,255 [INFO] PluginManage:310 - Check plugin lpbam
2024-01-31 18:22:21,272 [INFO] PluginManage:359 - Loaded plugin lpbam (category:base,tabindex:0)
2024-01-31 18:22:21,272 [INFO] PluginManage:310 - Check plugin memorymap
2024-01-31 18:22:21,296 [INFO] PluginManage:359 - Loaded plugin memorymap (category:base,tabindex:4)
2024-01-31 18:22:21,296 [INFO] PluginManage:310 - Check plugin pinoutandconfiguration
2024-01-31 18:22:21,310 [INFO] PluginManage:359 - Loaded plugin pinoutandconfiguration (category:base,tabindex:1)
2024-01-31 18:22:21,311 [INFO] PluginManage:310 - Check plugin pinoutconfig
2024-01-31 18:22:21,397 [WARN] SupportedApi:132 - Cannot load RTOS API schema: s4s-elt-must-match.1: The content of 'definitions' must match (annotation?, (simpleType | complexType)?, (unique | key | keyref)*)). A problem was found starting at: attribute.
2024-01-31 18:22:21,528 [INFO] PluginManage:359 - Loaded plugin pinoutconfig (category:base,tabindex:0)
2024-01-31 18:22:21,529 [INFO] PluginManage:310 - Check plugin power
2024-01-31 18:22:21,547 [INFO] PluginManage:359 - Loaded plugin power (category:power,tabindex:4)
2024-01-31 18:22:21,547 [INFO] PluginManage:310 - Check plugin projectmanager
2024-01-31 18:22:21,560 [INFO] PluginManage:359 - Loaded plugin projectmanager (category:projectmanager,tabindex:3)
2024-01-31 18:22:21,560 [INFO] PluginManage:310 - Check plugin thirdparty
2024-01-31 18:22:21,810 [INFO] PluginManage:359 - Loaded plugin thirdparty (category:base,tabindex:-1)
2024-01-31 18:22:21,810 [WARN] IntegrityCheckThread:84 - waiting for thirdparty lock release [integrity check]
2024-01-31 18:22:21,811 [INFO] PluginManage:310 - Check plugin tools
2024-01-31 18:22:21,811 [INFO] IntegrityCheckThread:86 - entering critical section [integrity check]
2024-01-31 18:22:21,811 [INFO] ThirdPartyUpdaterWithRetryManager:70 - Updater plugin not ready yet. [1/15]
2024-01-31 18:22:21,844 [INFO] PluginManage:359 - Loaded plugin tools (category:base,tabindex:7)
2024-01-31 18:22:21,844 [INFO] PluginManage:310 - Check plugin tutovideos
2024-01-31 18:22:22,055 [INFO] PluginManage:359 - Loaded plugin tutovideos (category:base,tabindex:-1)
2024-01-31 18:22:22,055 [INFO] PluginManage:310 - Check plugin updater
2024-01-31 18:22:22,067 [INFO] PluginManage:359 - Loaded plugin updater (category:base,tabindex:12)
2024-01-31 18:22:22,067 [INFO] PluginManage:310 - Check plugin userauth
2024-01-31 18:22:22,072 [INFO] UserAuth:113 - Init User Auth plugin
2024-01-31 18:22:22,072 [INFO] PluginManage:359 - Loaded plugin userauth (category:base,tabindex:14)
2024-01-31 18:22:22,073 [INFO] PluginManage:283 - PluginManage : Loaded plugins [17]
2024-01-31 18:22:22,311 [INFO] PinOutPanel:1499 - setPackage(No Configuration,No Configuration)
2024-01-31 18:22:22,448 [INFO] CADModel:165 - CPN selected for project level
2024-01-31 18:22:22,448 [INFO] CADModel:114 - Register for checkConnection events
2024-01-31 18:22:22,477 [INFO] IPUIPlugin:80 - create IPUIPlugin
2024-01-31 18:22:22,477 [INFO] PluginManager:220 - loadIPPluginJar : add adc
2024-01-31 18:22:22,522 [INFO] IPUIPlugin:80 - create IPUIPlugin
2024-01-31 18:22:22,522 [INFO] PluginManager:220 - loadIPPluginJar : add aes
2024-01-31 18:22:22,579 [INFO] IPUIPlugin:80 - create IPUIPlugin
2024-01-31 18:22:22,579 [INFO] PluginManager:220 - loadIPPluginJar : add can
2024-01-31 18:22:22,601 [INFO] IPUIPlugin:80 - create IPUIPlugin
2024-01-31 18:22:22,601 [INFO] PluginManager:220 - loadIPPluginJar : add comp
2024-01-31 18:22:22,635 [INFO] IPUIPlugin:80 - create IPUIPlugin
2024-01-31 18:22:22,635 [INFO] PluginManager:220 - loadIPPluginJar : add cryp
2024-01-31 18:22:22,660 [INFO] IPUIPlugin:80 - create IPUIPlugin
2024-01-31 18:22:22,660 [INFO] PluginManager:220 - loadIPPluginJar : add dfsdm
2024-01-31 18:22:22,678 [INFO] IPUIPlugin:80 - create IPUIPlugin
2024-01-31 18:22:22,679 [INFO] PluginManager:220 - loadIPPluginJar : add dma
2024-01-31 18:22:22,726 [INFO] IPUIPlugin:80 - create IPUIPlugin
2024-01-31 18:22:22,726 [INFO] PluginManager:220 - loadIPPluginJar : add dma3
2024-01-31 18:22:22,753 [INFO] IPUIPlugin:80 - create IPUIPlugin
2024-01-31 18:22:22,753 [INFO] PluginManager:220 - loadIPPluginJar : add fatfs
2024-01-31 18:22:22,813 [INFO] IPUIPlugin:80 - create IPUIPlugin
2024-01-31 18:22:22,813 [INFO] PluginManager:220 - loadIPPluginJar : add fmc
2024-01-31 18:22:22,829 [INFO] IPUIPlugin:80 - create IPUIPlugin
2024-01-31 18:22:22,829 [INFO] PluginManager:220 - loadIPPluginJar : add freertos
2024-01-31 18:22:22,852 [INFO] IPUIPlugin:80 - create IPUIPlugin
2024-01-31 18:22:22,852 [INFO] PluginManager:220 - loadIPPluginJar : add genericplugin
2024-01-31 18:22:22,952 [INFO] IPUIPlugin:80 - create IPUIPlugin
2024-01-31 18:22:22,952 [INFO] PluginManager:220 - loadIPPluginJar : add gfxmmu
2024-01-31 18:22:23,086 [INFO] IPUIPlugin:80 - create IPUIPlugin
2024-01-31 18:22:23,086 [INFO] PluginManager:220 - loadIPPluginJar : add gic
2024-01-31 18:22:23,097 [INFO] IPUIPlugin:80 - create IPUIPlugin
2024-01-31 18:22:23,097 [INFO] PluginManager:220 - loadIPPluginJar : add gpio
2024-01-31 18:22:23,185 [INFO] IPUIPlugin:80 - create IPUIPlugin
2024-01-31 18:22:23,185 [INFO] PluginManager:220 - loadIPPluginJar : add gtzc
2024-01-31 18:22:23,216 [INFO] IPUIPlugin:80 - create IPUIPlugin
2024-01-31 18:22:23,216 [INFO] PluginManager:220 - loadIPPluginJar : add hash
2024-01-31 18:22:23,245 [ERROR] ConfigurationRetriever:142 - IOException on connection: Read timed out
2024-01-31 18:22:23,271 [INFO] IPUIPlugin:80 - create IPUIPlugin
2024-01-31 18:22:23,271 [INFO] PluginManager:220 - loadIPPluginJar : add i2c
2024-01-31 18:22:23,325 [INFO] IPUIPlugin:80 - create IPUIPlugin
2024-01-31 18:22:23,328 [INFO] PluginManager:220 - loadIPPluginJar : add i2s
2024-01-31 18:22:23,378 [INFO] IPUIPlugin:80 - create IPUIPlugin
2024-01-31 18:22:23,378 [INFO] PluginManager:220 - loadIPPluginJar : add i3c
2024-01-31 18:22:23,493 [INFO] IPUIPlugin:80 - create IPUIPlugin
2024-01-31 18:22:23,493 [INFO] PluginManager:220 - loadIPPluginJar : add ipddr
2024-01-31 18:22:23,599 [INFO] IPUIPlugin:80 - create IPUIPlugin
2024-01-31 18:22:23,599 [INFO] PluginManager:220 - loadIPPluginJar : add linkedlist
2024-01-31 18:22:23,643 [INFO] IPUIPlugin:80 - create IPUIPlugin
2024-01-31 18:22:23,643 [INFO] PluginManager:220 - loadIPPluginJar : add lorawan
2024-01-31 18:22:23,691 [INFO] IPUIPlugin:80 - create IPUIPlugin
2024-01-31 18:22:23,691 [INFO] PluginManager:220 - loadIPPluginJar : add ltdc
2024-01-31 18:22:23,709 [INFO] IPUIPlugin:80 - create IPUIPlugin
2024-01-31 18:22:23,709 [INFO] PluginManager:220 - loadIPPluginJar : add mdma
2024-01-31 18:22:23,723 [INFO] IPUIPlugin:80 - create IPUIPlugin
2024-01-31 18:22:23,725 [INFO] PluginManager:220 - loadIPPluginJar : add nvic
2024-01-31 18:22:23,767 [INFO] IPUIPlugin:80 - create IPUIPlugin
2024-01-31 18:22:23,767 [INFO] PluginManager:220 - loadIPPluginJar : add opamp
2024-01-31 18:22:23,834 [INFO] IPUIPlugin:80 - create IPUIPlugin
2024-01-31 18:22:23,834 [INFO] PluginManager:220 - loadIPPluginJar : add openamp
2024-01-31 18:22:23,890 [INFO] IPUIPlugin:80 - create IPUIPlugin
2024-01-31 18:22:23,890 [INFO] PluginManager:220 - loadIPPluginJar : add pdm2pcm
2024-01-31 18:22:23,905 [INFO] IPUIPlugin:80 - create IPUIPlugin
2024-01-31 18:22:23,905 [INFO] PluginManager:220 - loadIPPluginJar : add plateformsettings
2024-01-31 18:22:23,932 [INFO] IPUIPlugin:80 - create IPUIPlugin
2024-01-31 18:22:23,932 [INFO] PluginManager:220 - loadIPPluginJar : add quadspi
2024-01-31 18:22:23,945 [INFO] IPUIPlugin:80 - create IPUIPlugin
2024-01-31 18:22:23,945 [INFO] PluginManager:220 - loadIPPluginJar : add resmgrutility
2024-01-31 18:22:23,988 [INFO] IPUIPlugin:80 - create IPUIPlugin
2024-01-31 18:22:23,988 [INFO] PluginManager:220 - loadIPPluginJar : add sai
2024-01-31 18:22:24,046 [INFO] IPUIPlugin:80 - create IPUIPlugin
2024-01-31 18:22:24,046 [INFO] PluginManager:220 - loadIPPluginJar : add spi
2024-01-31 18:22:24,114 [INFO] IPUIPlugin:80 - create IPUIPlugin
2024-01-31 18:22:24,114 [INFO] PluginManager:220 - loadIPPluginJar : add stm32_wpan
2024-01-31 18:22:24,153 [INFO] IPUIPlugin:80 - create IPUIPlugin
2024-01-31 18:22:24,153 [INFO] PluginManager:220 - loadIPPluginJar : add tim
2024-01-31 18:22:24,218 [INFO] IPUIPlugin:80 - create IPUIPlugin
2024-01-31 18:22:24,218 [INFO] PluginManager:220 - loadIPPluginJar : add touchsensing
2024-01-31 18:22:24,244 [INFO] IPUIPlugin:80 - create IPUIPlugin
2024-01-31 18:22:24,245 [INFO] PluginManager:220 - loadIPPluginJar : add tracer_emb
2024-01-31 18:22:24,266 [INFO] IPUIPlugin:80 - create IPUIPlugin
2024-01-31 18:22:24,266 [INFO] PluginManager:220 - loadIPPluginJar : add ts
2024-01-31 18:22:24,285 [INFO] IPUIPlugin:80 - create IPUIPlugin
2024-01-31 18:22:24,285 [INFO] PluginManager:220 - loadIPPluginJar : add tsc
2024-01-31 18:22:24,312 [INFO] IPUIPlugin:80 - create IPUIPlugin
2024-01-31 18:22:24,312 [INFO] PluginManager:220 - loadIPPluginJar : add ucpd
2024-01-31 18:22:24,359 [INFO] IPUIPlugin:80 - create IPUIPlugin
2024-01-31 18:22:24,359 [INFO] PluginManager:220 - loadIPPluginJar : add usart
2024-01-31 18:22:24,413 [INFO] IPUIPlugin:80 - create IPUIPlugin
2024-01-31 18:22:24,413 [INFO] PluginManager:220 - loadIPPluginJar : add usbx
2024-01-31 18:22:24,555 [INFO] CADModel:165 - CPN selected for project level
2024-01-31 18:22:24,555 [INFO] CADModel:114 - Register for checkConnection events
2024-01-31 18:22:24,557 [FATAL] Updater:308 - Updater called before beeing initialized
2024-01-31 18:22:24,557 [ERROR] CADModel:125 - Updater not yet initialized, retry later 
2024-01-31 18:22:24,746 [INFO] CADModel:165 - CPN selected for project level
2024-01-31 18:22:24,746 [INFO] CADModel:114 - Register for checkConnection events
2024-01-31 18:22:24,746 [FATAL] Updater:308 - Updater called before beeing initialized
2024-01-31 18:22:24,746 [ERROR] CADModel:125 - Updater not yet initialized, retry later 
2024-01-31 18:22:24,755 [FATAL] Updater:308 - Updater called before beeing initialized
2024-01-31 18:22:24,822 [INFO] ThirdPartyUpdaterWithRetryManager:70 - Updater plugin not ready yet. [2/15]
2024-01-31 18:22:24,869 [FATAL] Updater:308 - Updater called before beeing initialized
2024-01-31 18:22:24,884 [INFO] DbMcusAds:53 - JSON generation date=Wed Nov 29 16:22:27 IST 2023 (1701255147200)
2024-01-31 18:22:24,884 [FATAL] Updater:308 - Updater called before beeing initialized
2024-01-31 18:22:24,983 [WARN] DetailPanel:346 - Failed to get advertising image, set to default
2024-01-31 18:22:25,081 [FATAL] Updater:308 - Updater called before beeing initialized
2024-01-31 18:22:25,083 [FATAL] Updater:308 - Updater called before beeing initialized
2024-01-31 18:22:25,083 [FATAL] Updater:308 - Updater called before beeing initialized
2024-01-31 18:22:25,083 [WARN] DetailPanel:346 - Failed to get advertising image, set to default
2024-01-31 18:22:25,083 [FATAL] Updater:308 - Updater called before beeing initialized
2024-01-31 18:22:25,143 [ERROR] Updater:1120 - MainUpdater not yet initialized. External WinMGr cannot be set.
2024-01-31 18:22:25,157 [INFO] Updater:1056 - Updater Version found : 6.9.1
2024-01-31 18:22:25,183 [INFO] ApplicationProperties:184 - Using Application install path: C:\ST\STM32CubeIDE_1.13.1\STM32CubeIDE\plugins\com.st.stm32cube.common.mx_6.9.1.202307191849
2024-01-31 18:22:26,670 [ERROR] ConfigurationRetriever:142 - IOException on connection: Read timed out
2024-01-31 18:22:27,065 [INFO] MainUpdater:2868 - connection check result : 10
2024-01-31 18:22:27,065 [INFO] MainUpdater:285 - Updater Check For Update Now.
2024-01-31 18:22:27,065 [INFO] MicroXplorer:498 - Change Database Version : DB.6.0.91
2024-01-31 18:22:27,080 [INFO] McuFinderGlobals:63 - Set McuFinder mode to 2 (CubeIDE integrated)
2024-01-31 18:22:27,080 [INFO] UserAuth:179 - activating auth plugin
2024-01-31 18:22:27,080 [INFO] UserAuth:393 - Internet connection configuration mode: 1
2024-01-31 18:22:27,122 [INFO] JxBrowserEngine:151 - Initiate JxBrowser Engine with user profile folder
2024-01-31 18:22:27,286 [INFO] CheckServerUpdateThread:120 - End of CheckServer Thread
2024-01-31 18:22:28,037 [WARN] PackLoader:240 - Cannot read IP mode file for STMicroelectronics.X-CUBE-SMBUS.2.1.0
2024-01-31 18:22:28,053 [WARN] PackLoader:240 - Cannot read IP mode file for STMicroelectronics.X-CUBE-TOUCHGFX.4.23.0
2024-01-31 18:22:28,105 [WARN] PackLoader:240 - Cannot read IP mode file for STMicroelectronics.X-CUBE-AZRTOS-F7.1.1.0
2024-01-31 18:22:28,127 [WARN] PackLoader:240 - Cannot read IP mode file for STMicroelectronics.FP-SNS-MOTENV1.4.3.2
2024-01-31 18:22:28,142 [WARN] PackLoader:240 - Cannot read IP mode file for STMicroelectronics.FP-SNS-FLIGHT1.5.0.2
2024-01-31 18:22:28,159 [WARN] PackLoader:240 - Cannot read IP mode file for STMicroelectronics.X-CUBE-DISPLAY.3.0.0
2024-01-31 18:22:28,186 [WARN] PackLoader:240 - Cannot read IP mode file for STMicroelectronics.X-CUBE-BLE1.7.0.0
2024-01-31 18:22:28,199 [WARN] PackLoader:240 - Cannot read IP mode file for emotas.I-CUBE-CANOPEN.1.3.0
2024-01-31 18:22:28,211 [WARN] PackLoader:240 - Cannot read IP mode file for STMicroelectronics.X-CUBE-TOUCHGFX.4.22.0
2024-01-31 18:22:28,221 [WARN] PackLoader:240 - Cannot read IP mode file for STMicroelectronics.X-CUBE-TOUCHGFX.4.22.1
2024-01-31 18:22:28,235 [WARN] PackLoader:240 - Cannot read IP mode file for STMicroelectronics.FP-SNS-SMARTAG2.1.2.0
2024-01-31 18:22:28,257 [INFO] LogOutputStream:77 - [STDOUT_REDIRECT] 1 : Invalid condition id : UX_CORESTACK_Condition cause : null
2024-01-31 18:22:28,257 [INFO] LogOutputStream:77 - [STDOUT_REDIRECT] 1 : Invalid condition id : UX_CORESTACK_Condition cause : null
2024-01-31 18:22:28,258 [INFO] LogOutputStream:77 - [STDOUT_REDIRECT] 1 : Invalid condition id : UX_CORESTACK_Condition cause : null
2024-01-31 18:22:28,260 [INFO] LogOutputStream:77 - [STDOUT_REDIRECT] 1 : Invalid condition id : UX_CORESTACK_Condition cause : null
2024-01-31 18:22:28,260 [INFO] LogOutputStream:77 - [STDOUT_REDIRECT] 1 : Invalid condition id : UX_CORESTACK_Condition cause : null
2024-01-31 18:22:28,267 [WARN] PackLoader:240 - Cannot read IP mode file for STMicroelectronics.X-CUBE-AZRTOS-WL.2.0.0
2024-01-31 18:22:28,287 [WARN] PackLoader:240 - Cannot read IP mode file for WES.I-CUBE-Cesium.1.3.0
2024-01-31 18:22:28,300 [WARN] PackLoader:240 - Cannot read IP mode file for STMicroelectronics.X-CUBE-BLE2.3.3.0
2024-01-31 18:22:28,315 [WARN] PackLoader:240 - Cannot read IP mode file for STMicroelectronics.X-CUBE-ALGOBUILD.1.3.0
2024-01-31 18:22:28,348 [WARN] PackLoader:240 - Cannot read IP mode file for STMicroelectronics.X-CUBE-AZRTOS-G0.1.1.0
2024-01-31 18:22:28,364 [WARN] PackLoader:240 - Cannot read IP mode file for STMicroelectronics.X-CUBE-NFC4.3.0.0
2024-01-31 18:22:28,383 [WARN] PackLoader:240 - Cannot read IP mode file for STMicroelectronics.X-CUBE-BLEMGR.3.0.0
2024-01-31 18:22:28,398 [WARN] PackLoader:240 - Cannot read IP mode file for STMicroelectronics.FP-ATR-SIGFOX1.3.2.0
2024-01-31 18:22:28,417 [WARN] PackLoader:240 - Cannot read IP mode file for STMicroelectronics.X-CUBE-EEPRMA1.5.1.0
2024-01-31 18:22:28,472 [WARN] PackLoader:240 - Cannot read IP mode file for SEGGER.I-CUBE-embOS.1.3.1
2024-01-31 18:22:28,530 [WARN] PackLoader:240 - Cannot read IP mode file for STMicroelectronics.X-CUBE-GNSS1.6.0.0
2024-01-31 18:22:28,562 [WARN] PackLoader:240 - Cannot read IP mode file for STMicroelectronics.X-CUBE-AZRTOS-F4.1.1.0
2024-01-31 18:22:28,576 [WARN] PackLoader:240 - Cannot read IP mode file for wolfSSL.I-CUBE-wolfSSL.5.6.3
2024-01-31 18:22:28,604 [WARN] PackLoader:240 - Cannot read IP mode file for STMicroelectronics.X-CUBE-AZRTOS-L5.2.0.0
2024-01-31 18:22:28,659 [WARN] PackLoader:240 - Cannot read IP mode file for STMicroelectronics.X-CUBE-MEMS1.9.6.0
2024-01-31 18:22:28,822 [WARN] PackLoader:240 - Cannot read IP mode file for STMicroelectronics.X-CUBE-EEPRMA1.4.2.0
2024-01-31 18:22:28,843 [WARN] PackLoader:240 - Cannot read IP mode file for ITTIA_DB.I-CUBE-ITTIADB.8.8.0
2024-01-31 18:22:28,858 [WARN] PackLoader:240 - Cannot read IP mode file for STMicroelectronics.X-CUBE-BLEMGR.2.0.0
2024-01-31 18:22:28,886 [WARN] ConditionMgr:438 - getConditionDescription Invalid condition id : UX DEVICE CLASS RTOS Condition cause : null
2024-01-31 18:22:28,886 [WARN] ConditionMgr:438 - getConditionDescription Invalid condition id : UX DEVICE CLASS RTOS Condition cause : null
2024-01-31 18:22:28,891 [WARN] PackLoader:240 - Cannot read IP mode file for STMicroelectronics.X-CUBE-AZRTOS-H7.3.1.0
2024-01-31 18:22:28,893 [WARN] ConditionMgr:1039 - genDependencies : Invalid condition id : UX DEVICE CLASS RTOS Condition cause : null
2024-01-31 18:22:28,893 [WARN] ConditionMgr:1039 - genDependencies : Invalid condition id : UX DEVICE CLASS RTOS Condition cause : null
2024-01-31 18:22:28,893 [WARN] ConditionMgr:1039 - genDependencies : Invalid condition id : UX DEVICE CLASS RTOS Condition cause : null
2024-01-31 18:22:28,893 [WARN] ConditionMgr:1039 - genDependencies : Invalid condition id : UX DEVICE CLASS RTOS Condition cause : null
2024-01-31 18:22:28,893 [WARN] ConditionMgr:1039 - genDependencies : Invalid condition id : UX DEVICE CLASS RTOS Condition cause : null
2024-01-31 18:22:28,908 [WARN] PackLoader:240 - Cannot read IP mode file for STMicroelectronics.X-CUBE-NFC7.1.0.1
2024-01-31 18:22:28,921 [WARN] PackLoader:240 - Cannot read IP mode file for STMicroelectronics.X-CUBE-NFC6.3.0.0
2024-01-31 18:22:28,933 [WARN] PackLoader:240 - Cannot read IP mode file for STMicroelectronics.X-CUBE-EEPRMA1.4.1.0
2024-01-31 18:22:28,933 [WARN] PackLoader:240 - Cannot read IP mode file for STMicroelectronics.X-CUBE-AI.8.1.0
2024-01-31 18:22:28,979 [WARN] ConditionMgr:438 - getConditionDescription Invalid condition id : LAN8742 Phy interface Condition cause : null
2024-01-31 18:22:28,980 [WARN] PackLoader:240 - Cannot read IP mode file for STMicroelectronics.X-CUBE-AZRTOS-L4.2.0.0
2024-01-31 18:22:28,980 [WARN] ConditionMgr:1039 - genDependencies : Invalid condition id : LAN8742 Phy interface Condition cause : null
2024-01-31 18:22:28,980 [WARN] ConditionMgr:1039 - genDependencies : Invalid condition id : LAN8742 Phy interface Condition cause : null
2024-01-31 18:22:28,984 [WARN] ConditionMgr:1039 - genDependencies : Invalid condition id : LAN8742 Phy interface Condition cause : null
2024-01-31 18:22:28,998 [WARN] PackLoader:240 - Cannot read IP mode file for STMicroelectronics.X-CUBE-SFXS2LP1.4.0.0
2024-01-31 18:22:29,012 [WARN] PackLoader:240 - Cannot read IP mode file for STMicroelectronics.X-CUBE-ISPU.1.1.0
2024-01-31 18:22:29,039 [WARN] ConditionMgr:438 - getConditionDescription Invalid condition id : UX DEVICE CLASS RTOS Condition cause : null
2024-01-31 18:22:29,039 [WARN] ConditionMgr:438 - getConditionDescription Invalid condition id : UX DEVICE CLASS RTOS Condition cause : null
2024-01-31 18:22:29,039 [WARN] PackLoader:240 - Cannot read IP mode file for STMicroelectronics.X-CUBE-AZRTOS-WB.2.0.0
2024-01-31 18:22:29,039 [WARN] ConditionMgr:1039 - genDependencies : Invalid condition id : UX DEVICE CLASS RTOS Condition cause : null
2024-01-31 18:22:29,039 [WARN] ConditionMgr:1039 - genDependencies : Invalid condition id : UX DEVICE CLASS RTOS Condition cause : null
2024-01-31 18:22:29,039 [WARN] ConditionMgr:1039 - genDependencies : Invalid condition id : UX DEVICE CLASS RTOS Condition cause : null
2024-01-31 18:22:29,043 [WARN] ConditionMgr:1039 - genDependencies : Invalid condition id : UX DEVICE CLASS RTOS Condition cause : null
2024-01-31 18:22:29,043 [WARN] ConditionMgr:1039 - genDependencies : Invalid condition id : UX DEVICE CLASS RTOS Condition cause : null
2024-01-31 18:22:29,050 [WARN] PackLoader:240 - Cannot read IP mode file for STMicroelectronics.X-CUBE-FREERTOS.1.0.1
2024-01-31 18:22:29,078 [WARN] PackLoader:240 - Cannot read IP mode file for STMicroelectronics.X-CUBE-SUBG2.5.0.0
2024-01-31 18:22:29,101 [WARN] PackLoader:240 - Cannot read IP mode file for STMicroelectronics.X-CUBE-TOF1.3.3.1
2024-01-31 18:22:29,145 [WARN] PackLoader:240 - Cannot read IP mode file for STMicroelectronics.X-CUBE-AZRTOS-G4.2.0.0
2024-01-31 18:22:29,172 [WARN] PackLoader:240 - Cannot read IP mode file for Infineon.AIROC-Wi-Fi-Bluetooth-STM32.1.5.1
2024-01-31 18:22:29,188 [WARN] PackLoader:240 - Cannot read IP mode file for STMicroelectronics.FP-SNS-MOTENVWB1.1.3.1
2024-01-31 18:22:29,200 [WARN] PackLoader:240 - Cannot read IP mode file for STMicroelectronics.X-CUBE-ISPU.2.0.0
2024-01-31 18:22:29,275 [WARN] PackLoader:240 - Cannot read IP mode file for STMicroelectronics.X-CUBE-MEMS1.10.0.0
2024-01-31 18:22:29,397 [WARN] PackLoader:240 - Cannot read IP mode file for STMicroelectronics.X-CUBE-FREERTOS.1.1.0
2024-01-31 18:22:29,424 [WARN] PackLoader:240 - Cannot read IP mode file for portGmbH.I-Cube-SoM-uGOAL.1.1.0
2024-01-31 18:22:29,441 [WARN] PackLoader:240 - Cannot read IP mode file for STMicroelectronics.X-CUBE-ALS.1.0.1
2024-01-31 18:22:29,458 [WARN] PackLoader:240 - Cannot read IP mode file for STMicroelectronics.FP-ATR-ASTRA1.2.0.0
2024-01-31 18:22:29,488 [WARN] PackLoader:240 - Cannot read IP mode file for STMicroelectronics.X-CUBE-TOF1.3.4.0
2024-01-31 18:22:29,565 [WARN] PackLoader:240 - Cannot read IP mode file for STMicroelectronics.X-CUBE-AZRTOS-H7.3.2.0
2024-01-31 18:22:29,567 [INFO] ThirdParty:978 - Integrity check success = true
2024-01-31 18:22:29,567 [INFO] IntegrityCheckThread:100 - exiting critical section [integrity check]
2024-01-31 18:22:29,567 [INFO] IntegrityCheckThread:103 - End integrity checks thread
2024-01-31 18:22:29,786 [INFO] WebApp:157 - Instantiating new browser for Auth
2024-01-31 18:22:30,388 [INFO] WebApp:753 - Register for checkConnection events
2024-01-31 18:22:30,388 [INFO] WebApp:390 - Apply proxy settings
2024-01-31 18:22:30,390 [INFO] WebApp:475 - Chromium requires no authentication
2024-01-31 18:22:30,393 [INFO] WebApp:418 - Direct internet connection detected
2024-01-31 18:22:30,559 [INFO] WebApp:188 - Starting web application
2024-01-31 18:22:30,559 [INFO] WebApp:520 - Web application path used C:\ST\STM32CubeIDE_1.13.1\STM32CubeIDE\plugins\com.st.stm32cube.common.mx_6.9.1.202307191849\db\plugins\mcufinder\reactClient1\index.html
2024-01-31 18:22:52,071 [ERROR] LogOutputStream:75 - [STDERR_REDIRECT] SLF4J: Failed to load class "org.slf4j.impl.StaticLoggerBinder".
2024-01-31 18:22:52,080 [ERROR] LogOutputStream:75 - [STDERR_REDIRECT] SLF4J: Defaulting to no-operation (NOP) logger implementation
2024-01-31 18:22:52,080 [ERROR] LogOutputStream:75 - [STDERR_REDIRECT] SLF4J: See http://www.slf4j.org/codes.html#StaticLoggerBinder for further details.
2024-01-31 18:42:18,847 [ERROR] ConfigurationRetriever:142 - IOException on connection: sw-center.st.com
2024-01-31 18:42:18,847 [ERROR] ConfigurationRetriever:142 - IOException on connection: sw-center.st.com
2024-01-31 18:42:18,848 [ERROR] ConfigurationRetriever:142 - IOException on connection: sw-center.st.com
2024-01-31 18:42:31,120 [ERROR] ConfigurationRetriever:142 - IOException on connection: sw-center.st.com
2024-01-31 18:42:31,121 [ERROR] ConfigurationRetriever:142 - IOException on connection: sw-center.st.com
2024-01-31 18:42:31,121 [ERROR] ConfigurationRetriever:142 - IOException on connection: sw-center.st.com
2024-01-31 18:47:03,301 [ERROR] ConfigurationRetriever:142 - IOException on connection: sw-center.st.com
2024-01-31 18:47:03,302 [ERROR] ConfigurationRetriever:142 - IOException on connection: sw-center.st.com
2024-01-31 18:47:03,302 [ERROR] ConfigurationRetriever:142 - IOException on connection: sw-center.st.com
2024-01-31 18:50:10,581 [ERROR] ConfigurationRetriever:142 - IOException on connection: sw-center.st.com
2024-01-31 18:50:10,582 [ERROR] ConfigurationRetriever:142 - IOException on connection: sw-center.st.com
2024-01-31 18:50:10,582 [ERROR] ConfigurationRetriever:142 - IOException on connection: sw-center.st.com
2024-01-31 18:50:48,543 [ERROR] ConfigurationRetriever:142 - IOException on connection: sw-center.st.com
2024-01-31 18:50:48,543 [ERROR] ConfigurationRetriever:142 - IOException on connection: sw-center.st.com
2024-01-31 18:50:48,543 [ERROR] ConfigurationRetriever:142 - IOException on connection: sw-center.st.com
