2024-01-30 15:50:17,499 [INFO] Activator:176 - 


2024-01-30 15:50:17,504 [INFO] Activator:177 - !SESSION log4j initialized
2024-01-30 15:50:23,697 [INFO] LogOutputStream:77 - [STDOUT_REDIRECT] 
2024-01-30 15:50:25,345 [INFO] ApplicationProperties:184 - Using Application install path: C:\ST\STM32CubeIDE_1.13.1\STM32CubeIDE\plugins\com.st.stm32cube.common.mx_6.9.1.202307191849
2024-01-30 15:50:25,363 [INFO] DbMcusXml:78 - Set database path to: C:\ST\STM32CubeIDE_1.13.1\STM32CubeIDE\plugins\com.st.stm32cube.common.mx_6.9.1.202307191849\\db\/mcu/
2024-01-30 15:50:25,363 [INFO] ApiDb:274 - Set plugin database path to: C:\ST\STM32CubeIDE_1.13.1\STM32CubeIDE\plugins\com.st.stm32cube.common.mx_6.9.1.202307191849\\db\/plugins/boardmanager/
2024-01-30 15:50:25,363 [WARN] ApiDb:259 - Overriding images path with different value:  => C:\ST\STM32CubeIDE_1.13.1\STM32CubeIDE\plugins\com.st.stm32cube.common.mx_6.9.1.202307191849\\db\/plugins/mcufinder/images/
2024-01-30 15:50:25,373 [INFO] ApiDb:250 - Set database path to: C:\Users\kunal\.stmcufinder\plugins\mcufinder//mcu/
2024-01-30 15:50:25,374 [INFO] DbMcusAds:125 - Set database path to: C:\Users\kunal\.stmcufinder\plugins\mcufinder//mcu/
2024-01-30 15:50:25,377 [INFO] CrossReferenceDbSqlite:203 - Set database path to: C:\Users\kunal\.stmcufinder\plugins\mcufinder//mcu/cs/
2024-01-30 15:50:25,484 [INFO] RulesReader:64 - Compatibility file has been processed (293 Rules)
2024-01-30 15:50:25,558 [INFO] DbMcusXml:78 - Set database path to: C:\ST\STM32CubeIDE_1.13.1\STM32CubeIDE\plugins\com.st.stm32cube.common.mx_6.9.1.202307191849\\db\/mcu/
2024-01-30 15:50:25,558 [INFO] ApiDb:274 - Set plugin database path to: C:\ST\STM32CubeIDE_1.13.1\STM32CubeIDE\plugins\com.st.stm32cube.common.mx_6.9.1.202307191849\\db\/plugins/boardmanager/
2024-01-30 15:50:25,558 [INFO] ApiDb:261 - Set plugin images path to: C:\ST\STM32CubeIDE_1.13.1\STM32CubeIDE\plugins\com.st.stm32cube.common.mx_6.9.1.202307191849\\db\/plugins/mcufinder/images/
2024-01-30 15:50:25,559 [WARN] DbFile:41 - Overriding database path with different value: C:\Users\kunal\.stmcufinder\plugins\mcufinder/ => C:\Users\kunal\.stmcufinder\plugins\mcufinder
2024-01-30 15:50:25,559 [INFO] ApiDb:250 - Set database path to: C:\Users\kunal\.stmcufinder\plugins\mcufinder//mcu/
2024-01-30 15:50:25,559 [WARN] DbFile:41 - Overriding database path with different value: C:\Users\kunal\.stmcufinder\plugins\mcufinder/ => C:\Users\kunal\.stmcufinder\plugins\mcufinder
2024-01-30 15:50:25,559 [INFO] DbMcusAds:125 - Set database path to: C:\Users\kunal\.stmcufinder\plugins\mcufinder//mcu/
2024-01-30 15:50:25,559 [WARN] DbFile:41 - Overriding database path with different value: C:\Users\kunal\.stmcufinder\plugins\mcufinder/ => C:\Users\kunal\.stmcufinder\plugins\mcufinder
2024-01-30 15:50:25,559 [WARN] DbFile:41 - Overriding database path with different value: C:\Users\kunal\.stmcufinder\plugins\mcufinder/ => C:\Users\kunal\.stmcufinder\plugins\mcufinder
2024-01-30 15:50:25,559 [INFO] CrossReferenceDbSqlite:203 - Set database path to: C:\Users\kunal\.stmcufinder\plugins\mcufinder//mcu/cs/
2024-01-30 15:50:25,625 [INFO] MainPanel:262 - HeapMemory: 268435456
2024-01-30 15:50:25,719 [INFO] DbMcusXml:78 - Set database path to: C:\ST\STM32CubeIDE_1.13.1\STM32CubeIDE\plugins\com.st.stm32cube.common.mx_6.9.1.202307191849\\db\/mcu/
2024-01-30 15:50:25,719 [INFO] ApiDb:274 - Set plugin database path to: C:\ST\STM32CubeIDE_1.13.1\STM32CubeIDE\plugins\com.st.stm32cube.common.mx_6.9.1.202307191849\\db\/plugins/boardmanager/
2024-01-30 15:50:25,719 [INFO] ApiDb:261 - Set plugin images path to: C:\ST\STM32CubeIDE_1.13.1\STM32CubeIDE\plugins\com.st.stm32cube.common.mx_6.9.1.202307191849\\db\/plugins/mcufinder/images/
2024-01-30 15:50:25,719 [WARN] DbFile:41 - Overriding database path with different value: C:\Users\kunal\.stmcufinder\plugins\mcufinder/ => C:\Users\kunal\.stmcufinder\plugins\mcufinder
2024-01-30 15:50:25,719 [INFO] ApiDb:250 - Set database path to: C:\Users\kunal\.stmcufinder\plugins\mcufinder//mcu/
2024-01-30 15:50:25,719 [WARN] DbFile:41 - Overriding database path with different value: C:\Users\kunal\.stmcufinder\plugins\mcufinder/ => C:\Users\kunal\.stmcufinder\plugins\mcufinder
2024-01-30 15:50:25,719 [INFO] DbMcusAds:125 - Set database path to: C:\Users\kunal\.stmcufinder\plugins\mcufinder//mcu/
2024-01-30 15:50:25,719 [WARN] DbFile:41 - Overriding database path with different value: C:\Users\kunal\.stmcufinder\plugins\mcufinder/ => C:\Users\kunal\.stmcufinder\plugins\mcufinder
2024-01-30 15:50:25,720 [WARN] DbFile:41 - Overriding database path with different value: C:\Users\kunal\.stmcufinder\plugins\mcufinder/ => C:\Users\kunal\.stmcufinder\plugins\mcufinder
2024-01-30 15:50:25,720 [INFO] CrossReferenceDbSqlite:203 - Set database path to: C:\Users\kunal\.stmcufinder\plugins\mcufinder//mcu/cs/
2024-01-30 15:50:25,738 [INFO] ApplicationProperties:184 - Using Application install path: C:\ST\STM32CubeIDE_1.13.1\STM32CubeIDE\plugins\com.st.stm32cube.common.mx_6.9.1.202307191849
2024-01-30 15:50:25,739 [INFO] PluginManage:196 - Search for loadable plugins [exclusion list=, ]
2024-01-30 15:50:25,740 [INFO] PluginManage:310 - Check plugin analytics
2024-01-30 15:50:25,894 [INFO] AnalyticsPlugin:253 - Accepted Software Licenses: 
2024-01-30 15:50:25,894 [INFO] AnalyticsPlugin:255 - Accepted CMSIS Pack Licenses: 
2024-01-30 15:50:25,895 [INFO] AnalyticsPlugin:257 - Accepted Firmware Licenses: FW.F4.1.27.0
2024-01-30 15:50:25,898 [INFO] PluginManage:359 - Loaded plugin analytics (category:tool,tabindex:-1)
2024-01-30 15:50:25,898 [INFO] PluginManage:310 - Check plugin cadmodel
2024-01-30 15:50:25,912 [INFO] CADModel:105 - Init CAD model plugin
2024-01-30 15:50:25,912 [INFO] PluginManage:359 - Loaded plugin cadmodel (category:power,tabindex:5)
2024-01-30 15:50:25,912 [INFO] PluginManage:310 - Check plugin clock
2024-01-30 15:50:25,929 [INFO] PluginManage:359 - Loaded plugin clock (category:base,tabindex:2)
2024-01-30 15:50:25,929 [INFO] PluginManage:310 - Check plugin ddr
2024-01-30 15:50:25,931 [INFO] PluginManage:359 - Loaded plugin ddr (category:tool,tabindex:6)
2024-01-30 15:50:25,932 [INFO] PluginManage:310 - Check plugin filemanager
2024-01-30 15:50:26,046 [INFO] PluginManage:359 - Loaded plugin filemanager (category:base,tabindex:10)
2024-01-30 15:50:26,047 [INFO] PluginManage:310 - Check plugin ipmanager
2024-01-30 15:50:26,053 [INFO] PluginManage:359 - Loaded plugin ipmanager (category:base,tabindex:5)
2024-01-30 15:50:26,053 [INFO] PluginManage:310 - Check plugin lpbam
2024-01-30 15:50:26,067 [INFO] PluginManage:359 - Loaded plugin lpbam (category:base,tabindex:0)
2024-01-30 15:50:26,067 [INFO] PluginManage:310 - Check plugin memorymap
2024-01-30 15:50:26,086 [INFO] PluginManage:359 - Loaded plugin memorymap (category:base,tabindex:4)
2024-01-30 15:50:26,086 [INFO] PluginManage:310 - Check plugin pinoutandconfiguration
2024-01-30 15:50:26,099 [INFO] PluginManage:359 - Loaded plugin pinoutandconfiguration (category:base,tabindex:1)
2024-01-30 15:50:26,099 [INFO] PluginManage:310 - Check plugin pinoutconfig
2024-01-30 15:50:26,183 [WARN] SupportedApi:132 - Cannot load RTOS API schema: s4s-elt-must-match.1: The content of 'definitions' must match (annotation?, (simpleType | complexType)?, (unique | key | keyref)*)). A problem was found starting at: attribute.
2024-01-30 15:50:26,307 [INFO] PluginManage:359 - Loaded plugin pinoutconfig (category:base,tabindex:0)
2024-01-30 15:50:26,307 [INFO] PluginManage:310 - Check plugin power
2024-01-30 15:50:26,323 [INFO] PluginManage:359 - Loaded plugin power (category:power,tabindex:4)
2024-01-30 15:50:26,323 [INFO] PluginManage:310 - Check plugin projectmanager
2024-01-30 15:50:26,337 [INFO] PluginManage:359 - Loaded plugin projectmanager (category:projectmanager,tabindex:3)
2024-01-30 15:50:26,337 [INFO] PluginManage:310 - Check plugin thirdparty
2024-01-30 15:50:26,571 [INFO] PluginManage:359 - Loaded plugin thirdparty (category:base,tabindex:-1)
2024-01-30 15:50:26,571 [INFO] PluginManage:310 - Check plugin tools
2024-01-30 15:50:26,571 [WARN] IntegrityCheckThread:84 - waiting for thirdparty lock release [integrity check]
2024-01-30 15:50:26,571 [INFO] IntegrityCheckThread:86 - entering critical section [integrity check]
2024-01-30 15:50:26,571 [INFO] ThirdPartyUpdaterWithRetryManager:70 - Updater plugin not ready yet. [1/15]
2024-01-30 15:50:26,604 [INFO] PluginManage:359 - Loaded plugin tools (category:base,tabindex:7)
2024-01-30 15:50:26,605 [INFO] PluginManage:310 - Check plugin tutovideos
2024-01-30 15:50:26,767 [INFO] PluginManage:359 - Loaded plugin tutovideos (category:base,tabindex:-1)
2024-01-30 15:50:26,767 [INFO] PluginManage:310 - Check plugin updater
2024-01-30 15:50:26,780 [INFO] PluginManage:359 - Loaded plugin updater (category:base,tabindex:12)
2024-01-30 15:50:26,780 [INFO] PluginManage:310 - Check plugin userauth
2024-01-30 15:50:26,785 [INFO] UserAuth:113 - Init User Auth plugin
2024-01-30 15:50:26,785 [INFO] PluginManage:359 - Loaded plugin userauth (category:base,tabindex:14)
2024-01-30 15:50:26,785 [INFO] PluginManage:283 - PluginManage : Loaded plugins [17]
2024-01-30 15:50:26,966 [INFO] PinOutPanel:1499 - setPackage(No Configuration,No Configuration)
2024-01-30 15:50:27,056 [INFO] CADModel:165 - CPN selected for project level
2024-01-30 15:50:27,056 [INFO] CADModel:114 - Register for checkConnection events
2024-01-30 15:50:27,078 [INFO] IPUIPlugin:80 - create IPUIPlugin
2024-01-30 15:50:27,078 [INFO] PluginManager:220 - loadIPPluginJar : add adc
2024-01-30 15:50:27,102 [INFO] IPUIPlugin:80 - create IPUIPlugin
2024-01-30 15:50:27,103 [INFO] PluginManager:220 - loadIPPluginJar : add aes
2024-01-30 15:50:27,129 [INFO] IPUIPlugin:80 - create IPUIPlugin
2024-01-30 15:50:27,130 [INFO] PluginManager:220 - loadIPPluginJar : add can
2024-01-30 15:50:27,144 [INFO] IPUIPlugin:80 - create IPUIPlugin
2024-01-30 15:50:27,144 [INFO] PluginManager:220 - loadIPPluginJar : add comp
2024-01-30 15:50:27,168 [INFO] IPUIPlugin:80 - create IPUIPlugin
2024-01-30 15:50:27,168 [INFO] PluginManager:220 - loadIPPluginJar : add cryp
2024-01-30 15:50:27,188 [INFO] IPUIPlugin:80 - create IPUIPlugin
2024-01-30 15:50:27,188 [INFO] PluginManager:220 - loadIPPluginJar : add dfsdm
2024-01-30 15:50:27,198 [INFO] IPUIPlugin:80 - create IPUIPlugin
2024-01-30 15:50:27,199 [INFO] PluginManager:220 - loadIPPluginJar : add dma
2024-01-30 15:50:27,227 [INFO] IPUIPlugin:80 - create IPUIPlugin
2024-01-30 15:50:27,227 [INFO] PluginManager:220 - loadIPPluginJar : add dma3
2024-01-30 15:50:27,242 [INFO] IPUIPlugin:80 - create IPUIPlugin
2024-01-30 15:50:27,242 [INFO] PluginManager:220 - loadIPPluginJar : add fatfs
2024-01-30 15:50:27,274 [INFO] IPUIPlugin:80 - create IPUIPlugin
2024-01-30 15:50:27,274 [INFO] PluginManager:220 - loadIPPluginJar : add fmc
2024-01-30 15:50:27,285 [INFO] IPUIPlugin:80 - create IPUIPlugin
2024-01-30 15:50:27,285 [INFO] PluginManager:220 - loadIPPluginJar : add freertos
2024-01-30 15:50:27,300 [INFO] IPUIPlugin:80 - create IPUIPlugin
2024-01-30 15:50:27,300 [INFO] PluginManager:220 - loadIPPluginJar : add genericplugin
2024-01-30 15:50:27,365 [INFO] IPUIPlugin:80 - create IPUIPlugin
2024-01-30 15:50:27,365 [INFO] PluginManager:220 - loadIPPluginJar : add gfxmmu
2024-01-30 15:50:27,450 [INFO] IPUIPlugin:80 - create IPUIPlugin
2024-01-30 15:50:27,450 [INFO] PluginManager:220 - loadIPPluginJar : add gic
2024-01-30 15:50:27,460 [INFO] IPUIPlugin:80 - create IPUIPlugin
2024-01-30 15:50:27,460 [INFO] PluginManager:220 - loadIPPluginJar : add gpio
2024-01-30 15:50:27,521 [INFO] IPUIPlugin:80 - create IPUIPlugin
2024-01-30 15:50:27,521 [INFO] PluginManager:220 - loadIPPluginJar : add gtzc
2024-01-30 15:50:27,543 [INFO] IPUIPlugin:80 - create IPUIPlugin
2024-01-30 15:50:27,543 [INFO] PluginManager:220 - loadIPPluginJar : add hash
2024-01-30 15:50:27,578 [INFO] IPUIPlugin:80 - create IPUIPlugin
2024-01-30 15:50:27,579 [INFO] PluginManager:220 - loadIPPluginJar : add i2c
2024-01-30 15:50:27,605 [INFO] IPUIPlugin:80 - create IPUIPlugin
2024-01-30 15:50:27,605 [INFO] PluginManager:220 - loadIPPluginJar : add i2s
2024-01-30 15:50:27,635 [INFO] IPUIPlugin:80 - create IPUIPlugin
2024-01-30 15:50:27,635 [INFO] PluginManager:220 - loadIPPluginJar : add i3c
2024-01-30 15:50:27,707 [INFO] IPUIPlugin:80 - create IPUIPlugin
2024-01-30 15:50:27,707 [INFO] PluginManager:220 - loadIPPluginJar : add ipddr
2024-01-30 15:50:27,770 [INFO] IPUIPlugin:80 - create IPUIPlugin
2024-01-30 15:50:27,770 [INFO] PluginManager:220 - loadIPPluginJar : add linkedlist
2024-01-30 15:50:27,796 [INFO] IPUIPlugin:80 - create IPUIPlugin
2024-01-30 15:50:27,796 [INFO] PluginManager:220 - loadIPPluginJar : add lorawan
2024-01-30 15:50:27,824 [INFO] IPUIPlugin:80 - create IPUIPlugin
2024-01-30 15:50:27,824 [INFO] PluginManager:220 - loadIPPluginJar : add ltdc
2024-01-30 15:50:27,836 [INFO] IPUIPlugin:80 - create IPUIPlugin
2024-01-30 15:50:27,836 [INFO] PluginManager:220 - loadIPPluginJar : add mdma
2024-01-30 15:50:27,844 [INFO] IPUIPlugin:80 - create IPUIPlugin
2024-01-30 15:50:27,844 [INFO] PluginManager:220 - loadIPPluginJar : add nvic
2024-01-30 15:50:27,868 [INFO] IPUIPlugin:80 - create IPUIPlugin
2024-01-30 15:50:27,868 [INFO] PluginManager:220 - loadIPPluginJar : add opamp
2024-01-30 15:50:27,906 [INFO] IPUIPlugin:80 - create IPUIPlugin
2024-01-30 15:50:27,906 [INFO] PluginManager:220 - loadIPPluginJar : add openamp
2024-01-30 15:50:27,937 [INFO] IPUIPlugin:80 - create IPUIPlugin
2024-01-30 15:50:27,937 [INFO] PluginManager:220 - loadIPPluginJar : add pdm2pcm
2024-01-30 15:50:27,948 [INFO] IPUIPlugin:80 - create IPUIPlugin
2024-01-30 15:50:27,949 [INFO] PluginManager:220 - loadIPPluginJar : add plateformsettings
2024-01-30 15:50:27,963 [INFO] IPUIPlugin:80 - create IPUIPlugin
2024-01-30 15:50:27,963 [INFO] PluginManager:220 - loadIPPluginJar : add quadspi
2024-01-30 15:50:27,972 [INFO] IPUIPlugin:80 - create IPUIPlugin
2024-01-30 15:50:27,972 [INFO] PluginManager:220 - loadIPPluginJar : add resmgrutility
2024-01-30 15:50:28,006 [INFO] IPUIPlugin:80 - create IPUIPlugin
2024-01-30 15:50:28,007 [INFO] PluginManager:220 - loadIPPluginJar : add sai
2024-01-30 15:50:28,032 [INFO] IPUIPlugin:80 - create IPUIPlugin
2024-01-30 15:50:28,032 [INFO] PluginManager:220 - loadIPPluginJar : add spi
2024-01-30 15:50:28,070 [INFO] IPUIPlugin:80 - create IPUIPlugin
2024-01-30 15:50:28,070 [INFO] PluginManager:220 - loadIPPluginJar : add stm32_wpan
2024-01-30 15:50:28,086 [INFO] IPUIPlugin:80 - create IPUIPlugin
2024-01-30 15:50:28,086 [INFO] PluginManager:220 - loadIPPluginJar : add tim
2024-01-30 15:50:28,123 [INFO] IPUIPlugin:80 - create IPUIPlugin
2024-01-30 15:50:28,123 [INFO] PluginManager:220 - loadIPPluginJar : add touchsensing
2024-01-30 15:50:28,138 [INFO] IPUIPlugin:80 - create IPUIPlugin
2024-01-30 15:50:28,138 [INFO] PluginManager:220 - loadIPPluginJar : add tracer_emb
2024-01-30 15:50:28,153 [INFO] IPUIPlugin:80 - create IPUIPlugin
2024-01-30 15:50:28,153 [INFO] PluginManager:220 - loadIPPluginJar : add ts
2024-01-30 15:50:28,170 [INFO] IPUIPlugin:80 - create IPUIPlugin
2024-01-30 15:50:28,170 [INFO] PluginManager:220 - loadIPPluginJar : add tsc
2024-01-30 15:50:28,185 [INFO] IPUIPlugin:80 - create IPUIPlugin
2024-01-30 15:50:28,185 [INFO] PluginManager:220 - loadIPPluginJar : add ucpd
2024-01-30 15:50:28,214 [INFO] IPUIPlugin:80 - create IPUIPlugin
2024-01-30 15:50:28,215 [INFO] PluginManager:220 - loadIPPluginJar : add usart
2024-01-30 15:50:28,244 [INFO] IPUIPlugin:80 - create IPUIPlugin
2024-01-30 15:50:28,244 [INFO] PluginManager:220 - loadIPPluginJar : add usbx
2024-01-30 15:50:28,360 [INFO] CADModel:165 - CPN selected for project level
2024-01-30 15:50:28,360 [INFO] CADModel:114 - Register for checkConnection events
2024-01-30 15:50:28,360 [FATAL] Updater:308 - Updater called before beeing initialized
2024-01-30 15:50:28,361 [ERROR] CADModel:125 - Updater not yet initialized, retry later 
2024-01-30 15:50:28,486 [INFO] CADModel:165 - CPN selected for project level
2024-01-30 15:50:28,486 [INFO] CADModel:114 - Register for checkConnection events
2024-01-30 15:50:28,486 [FATAL] Updater:308 - Updater called before beeing initialized
2024-01-30 15:50:28,486 [ERROR] CADModel:125 - Updater not yet initialized, retry later 
2024-01-30 15:50:28,489 [FATAL] Updater:308 - Updater called before beeing initialized
2024-01-30 15:50:28,573 [FATAL] Updater:308 - Updater called before beeing initialized
2024-01-30 15:50:28,580 [INFO] DbMcusAds:53 - JSON generation date=Wed Nov 29 16:22:27 IST 2023 (1701255147200)
2024-01-30 15:50:28,581 [FATAL] Updater:308 - Updater called before beeing initialized
2024-01-30 15:50:28,651 [WARN] DetailPanel:346 - Failed to get advertising image, set to default
2024-01-30 15:50:28,736 [FATAL] Updater:308 - Updater called before beeing initialized
2024-01-30 15:50:28,738 [FATAL] Updater:308 - Updater called before beeing initialized
2024-01-30 15:50:28,738 [FATAL] Updater:308 - Updater called before beeing initialized
2024-01-30 15:50:28,738 [WARN] DetailPanel:346 - Failed to get advertising image, set to default
2024-01-30 15:50:28,739 [FATAL] Updater:308 - Updater called before beeing initialized
2024-01-30 15:50:28,791 [ERROR] Updater:1120 - MainUpdater not yet initialized. External WinMGr cannot be set.
2024-01-30 15:50:28,802 [INFO] Updater:1056 - Updater Version found : 6.9.1
2024-01-30 15:50:28,817 [INFO] ApplicationProperties:184 - Using Application install path: C:\ST\STM32CubeIDE_1.13.1\STM32CubeIDE\plugins\com.st.stm32cube.common.mx_6.9.1.202307191849
2024-01-30 15:50:29,052 [INFO] MainUpdater:2868 - connection check result : 10
2024-01-30 15:50:29,053 [INFO] MainUpdater:285 - Updater Check For Update Now.
2024-01-30 15:50:29,053 [INFO] MicroXplorer:498 - Change Database Version : DB.6.0.91
2024-01-30 15:50:29,069 [INFO] McuFinderGlobals:63 - Set McuFinder mode to 2 (CubeIDE integrated)
2024-01-30 15:50:29,069 [INFO] UserAuth:179 - activating auth plugin
2024-01-30 15:50:29,072 [INFO] UserAuth:393 - Internet connection configuration mode: 1
2024-01-30 15:50:29,100 [INFO] JxBrowserEngine:151 - Initiate JxBrowser Engine with user profile folder
2024-01-30 15:50:29,251 [INFO] CheckServerUpdateThread:120 - End of CheckServer Thread
2024-01-30 15:50:29,743 [WARN] PackLoader:240 - Cannot read IP mode file for STMicroelectronics.X-CUBE-SMBUS.2.1.0
2024-01-30 15:50:29,755 [WARN] PackLoader:240 - Cannot read IP mode file for STMicroelectronics.X-CUBE-TOUCHGFX.4.23.0
2024-01-30 15:50:29,795 [WARN] PackLoader:240 - Cannot read IP mode file for STMicroelectronics.X-CUBE-AZRTOS-F7.1.1.0
2024-01-30 15:50:29,811 [WARN] PackLoader:240 - Cannot read IP mode file for STMicroelectronics.FP-SNS-MOTENV1.4.3.2
2024-01-30 15:50:29,823 [WARN] PackLoader:240 - Cannot read IP mode file for STMicroelectronics.FP-SNS-FLIGHT1.5.0.2
2024-01-30 15:50:29,839 [WARN] PackLoader:240 - Cannot read IP mode file for STMicroelectronics.X-CUBE-DISPLAY.3.0.0
2024-01-30 15:50:29,860 [WARN] PackLoader:240 - Cannot read IP mode file for STMicroelectronics.X-CUBE-BLE1.7.0.0
2024-01-30 15:50:29,873 [WARN] PackLoader:240 - Cannot read IP mode file for emotas.I-CUBE-CANOPEN.1.3.0
2024-01-30 15:50:29,884 [WARN] PackLoader:240 - Cannot read IP mode file for STMicroelectronics.X-CUBE-TOUCHGFX.4.22.0
2024-01-30 15:50:29,893 [WARN] PackLoader:240 - Cannot read IP mode file for STMicroelectronics.X-CUBE-TOUCHGFX.4.22.1
2024-01-30 15:50:29,904 [WARN] PackLoader:240 - Cannot read IP mode file for STMicroelectronics.FP-SNS-SMARTAG2.1.2.0
2024-01-30 15:50:29,925 [INFO] LogOutputStream:77 - [STDOUT_REDIRECT] 1 : Invalid condition id : UX_CORESTACK_Condition cause : null
2024-01-30 15:50:29,926 [INFO] LogOutputStream:77 - [STDOUT_REDIRECT] 1 : Invalid condition id : UX_CORESTACK_Condition cause : null
2024-01-30 15:50:29,927 [INFO] LogOutputStream:77 - [STDOUT_REDIRECT] 1 : Invalid condition id : UX_CORESTACK_Condition cause : null
2024-01-30 15:50:29,928 [INFO] LogOutputStream:77 - [STDOUT_REDIRECT] 1 : Invalid condition id : UX_CORESTACK_Condition cause : null
2024-01-30 15:50:29,928 [INFO] LogOutputStream:77 - [STDOUT_REDIRECT] 1 : Invalid condition id : UX_CORESTACK_Condition cause : null
2024-01-30 15:50:29,931 [WARN] PackLoader:240 - Cannot read IP mode file for STMicroelectronics.X-CUBE-AZRTOS-WL.2.0.0
2024-01-30 15:50:29,948 [WARN] PackLoader:240 - Cannot read IP mode file for WES.I-CUBE-Cesium.1.3.0
2024-01-30 15:50:29,957 [WARN] PackLoader:240 - Cannot read IP mode file for STMicroelectronics.X-CUBE-BLE2.3.3.0
2024-01-30 15:50:29,969 [WARN] PackLoader:240 - Cannot read IP mode file for STMicroelectronics.X-CUBE-ALGOBUILD.1.3.0
2024-01-30 15:50:29,993 [WARN] PackLoader:240 - Cannot read IP mode file for STMicroelectronics.X-CUBE-AZRTOS-G0.1.1.0
2024-01-30 15:50:30,007 [WARN] PackLoader:240 - Cannot read IP mode file for STMicroelectronics.X-CUBE-NFC4.3.0.0
2024-01-30 15:50:30,022 [WARN] PackLoader:240 - Cannot read IP mode file for STMicroelectronics.X-CUBE-BLEMGR.3.0.0
2024-01-30 15:50:30,034 [WARN] PackLoader:240 - Cannot read IP mode file for STMicroelectronics.FP-ATR-SIGFOX1.3.2.0
2024-01-30 15:50:30,047 [WARN] PackLoader:240 - Cannot read IP mode file for STMicroelectronics.X-CUBE-EEPRMA1.5.1.0
2024-01-30 15:50:30,077 [WARN] PackLoader:240 - Cannot read IP mode file for SEGGER.I-CUBE-embOS.1.3.1
2024-01-30 15:50:30,114 [WARN] PackLoader:240 - Cannot read IP mode file for STMicroelectronics.X-CUBE-GNSS1.6.0.0
2024-01-30 15:50:30,136 [WARN] PackLoader:240 - Cannot read IP mode file for STMicroelectronics.X-CUBE-AZRTOS-F4.1.1.0
2024-01-30 15:50:30,148 [WARN] PackLoader:240 - Cannot read IP mode file for wolfSSL.I-CUBE-wolfSSL.5.6.3
2024-01-30 15:50:30,171 [WARN] PackLoader:240 - Cannot read IP mode file for STMicroelectronics.X-CUBE-AZRTOS-L5.2.0.0
2024-01-30 15:50:30,224 [WARN] PackLoader:240 - Cannot read IP mode file for STMicroelectronics.X-CUBE-MEMS1.9.6.0
2024-01-30 15:50:30,339 [WARN] PackLoader:240 - Cannot read IP mode file for STMicroelectronics.X-CUBE-EEPRMA1.4.2.0
2024-01-30 15:50:30,352 [WARN] PackLoader:240 - Cannot read IP mode file for ITTIA_DB.I-CUBE-ITTIADB.8.8.0
2024-01-30 15:50:30,365 [WARN] PackLoader:240 - Cannot read IP mode file for STMicroelectronics.X-CUBE-BLEMGR.2.0.0
2024-01-30 15:50:30,392 [WARN] ConditionMgr:438 - getConditionDescription Invalid condition id : UX DEVICE CLASS RTOS Condition cause : null
2024-01-30 15:50:30,392 [WARN] ConditionMgr:438 - getConditionDescription Invalid condition id : UX DEVICE CLASS RTOS Condition cause : null
2024-01-30 15:50:30,395 [WARN] PackLoader:240 - Cannot read IP mode file for STMicroelectronics.X-CUBE-AZRTOS-H7.3.1.0
2024-01-30 15:50:30,396 [WARN] ConditionMgr:1039 - genDependencies : Invalid condition id : UX DEVICE CLASS RTOS Condition cause : null
2024-01-30 15:50:30,396 [WARN] ConditionMgr:1039 - genDependencies : Invalid condition id : UX DEVICE CLASS RTOS Condition cause : null
2024-01-30 15:50:30,396 [WARN] ConditionMgr:1039 - genDependencies : Invalid condition id : UX DEVICE CLASS RTOS Condition cause : null
2024-01-30 15:50:30,396 [WARN] ConditionMgr:1039 - genDependencies : Invalid condition id : UX DEVICE CLASS RTOS Condition cause : null
2024-01-30 15:50:30,396 [WARN] ConditionMgr:1039 - genDependencies : Invalid condition id : UX DEVICE CLASS RTOS Condition cause : null
2024-01-30 15:50:30,409 [WARN] PackLoader:240 - Cannot read IP mode file for STMicroelectronics.X-CUBE-NFC7.1.0.1
2024-01-30 15:50:30,420 [WARN] PackLoader:240 - Cannot read IP mode file for STMicroelectronics.X-CUBE-NFC6.3.0.0
2024-01-30 15:50:30,431 [WARN] PackLoader:240 - Cannot read IP mode file for STMicroelectronics.X-CUBE-EEPRMA1.4.1.0
2024-01-30 15:50:30,441 [WARN] PackLoader:240 - Cannot read IP mode file for STMicroelectronics.X-CUBE-AI.8.1.0
2024-01-30 15:50:30,469 [WARN] ConditionMgr:438 - getConditionDescription Invalid condition id : LAN8742 Phy interface Condition cause : null
2024-01-30 15:50:30,469 [WARN] PackLoader:240 - Cannot read IP mode file for STMicroelectronics.X-CUBE-AZRTOS-L4.2.0.0
2024-01-30 15:50:30,470 [WARN] ConditionMgr:1039 - genDependencies : Invalid condition id : LAN8742 Phy interface Condition cause : null
2024-01-30 15:50:30,470 [WARN] ConditionMgr:1039 - genDependencies : Invalid condition id : LAN8742 Phy interface Condition cause : null
2024-01-30 15:50:30,471 [WARN] ConditionMgr:1039 - genDependencies : Invalid condition id : LAN8742 Phy interface Condition cause : null
2024-01-30 15:50:30,481 [WARN] PackLoader:240 - Cannot read IP mode file for STMicroelectronics.X-CUBE-SFXS2LP1.4.0.0
2024-01-30 15:50:30,491 [WARN] PackLoader:240 - Cannot read IP mode file for STMicroelectronics.X-CUBE-ISPU.1.1.0
2024-01-30 15:50:30,507 [WARN] ConditionMgr:438 - getConditionDescription Invalid condition id : UX DEVICE CLASS RTOS Condition cause : null
2024-01-30 15:50:30,507 [WARN] ConditionMgr:438 - getConditionDescription Invalid condition id : UX DEVICE CLASS RTOS Condition cause : null
2024-01-30 15:50:30,508 [WARN] PackLoader:240 - Cannot read IP mode file for STMicroelectronics.X-CUBE-AZRTOS-WB.2.0.0
2024-01-30 15:50:30,509 [WARN] ConditionMgr:1039 - genDependencies : Invalid condition id : UX DEVICE CLASS RTOS Condition cause : null
2024-01-30 15:50:30,509 [WARN] ConditionMgr:1039 - genDependencies : Invalid condition id : UX DEVICE CLASS RTOS Condition cause : null
2024-01-30 15:50:30,509 [WARN] ConditionMgr:1039 - genDependencies : Invalid condition id : UX DEVICE CLASS RTOS Condition cause : null
2024-01-30 15:50:30,509 [WARN] ConditionMgr:1039 - genDependencies : Invalid condition id : UX DEVICE CLASS RTOS Condition cause : null
2024-01-30 15:50:30,509 [WARN] ConditionMgr:1039 - genDependencies : Invalid condition id : UX DEVICE CLASS RTOS Condition cause : null
2024-01-30 15:50:30,518 [WARN] PackLoader:240 - Cannot read IP mode file for STMicroelectronics.X-CUBE-FREERTOS.1.0.1
2024-01-30 15:50:30,533 [WARN] PackLoader:240 - Cannot read IP mode file for STMicroelectronics.X-CUBE-SUBG2.5.0.0
2024-01-30 15:50:30,552 [WARN] PackLoader:240 - Cannot read IP mode file for STMicroelectronics.X-CUBE-TOF1.3.3.1
2024-01-30 15:50:30,574 [WARN] PackLoader:240 - Cannot read IP mode file for STMicroelectronics.X-CUBE-AZRTOS-G4.2.0.0
2024-01-30 15:50:30,592 [WARN] PackLoader:240 - Cannot read IP mode file for Infineon.AIROC-Wi-Fi-Bluetooth-STM32.1.5.1
2024-01-30 15:50:30,603 [WARN] PackLoader:240 - Cannot read IP mode file for STMicroelectronics.FP-SNS-MOTENVWB1.1.3.1
2024-01-30 15:50:30,612 [WARN] PackLoader:240 - Cannot read IP mode file for STMicroelectronics.X-CUBE-ISPU.2.0.0
2024-01-30 15:50:30,657 [WARN] PackLoader:240 - Cannot read IP mode file for STMicroelectronics.X-CUBE-MEMS1.10.0.0
2024-01-30 15:50:30,753 [WARN] PackLoader:240 - Cannot read IP mode file for STMicroelectronics.X-CUBE-FREERTOS.1.1.0
2024-01-30 15:50:30,762 [WARN] PackLoader:240 - Cannot read IP mode file for portGmbH.I-Cube-SoM-uGOAL.1.1.0
2024-01-30 15:50:30,773 [WARN] PackLoader:240 - Cannot read IP mode file for STMicroelectronics.X-CUBE-ALS.1.0.1
2024-01-30 15:50:30,783 [WARN] PackLoader:240 - Cannot read IP mode file for STMicroelectronics.FP-ATR-ASTRA1.2.0.0
2024-01-30 15:50:30,831 [WARN] PackLoader:240 - Cannot read IP mode file for STMicroelectronics.X-CUBE-TOF1.3.4.0
2024-01-30 15:50:30,864 [WARN] PackLoader:240 - Cannot read IP mode file for STMicroelectronics.X-CUBE-AZRTOS-H7.3.2.0
2024-01-30 15:50:30,867 [INFO] ThirdParty:978 - Integrity check success = true
2024-01-30 15:50:30,867 [INFO] IntegrityCheckThread:100 - exiting critical section [integrity check]
2024-01-30 15:50:30,867 [INFO] IntegrityCheckThread:103 - End integrity checks thread
2024-01-30 15:50:31,173 [INFO] WebApp:157 - Instantiating new browser for Auth
2024-01-30 15:50:31,631 [INFO] WebApp:753 - Register for checkConnection events
2024-01-30 15:50:31,632 [INFO] WebApp:390 - Apply proxy settings
2024-01-30 15:50:31,632 [INFO] WebApp:475 - Chromium requires no authentication
2024-01-30 15:50:31,639 [INFO] WebApp:418 - Direct internet connection detected
2024-01-30 15:50:31,785 [INFO] WebApp:188 - Starting web application
2024-01-30 15:50:31,785 [INFO] WebApp:520 - Web application path used C:\ST\STM32CubeIDE_1.13.1\STM32CubeIDE\plugins\com.st.stm32cube.common.mx_6.9.1.202307191849\db\plugins\mcufinder\reactClient1\index.html
2024-01-30 15:50:52,545 [ERROR] LogOutputStream:75 - [STDERR_REDIRECT] SLF4J: Failed to load class "org.slf4j.impl.StaticLoggerBinder".
2024-01-30 15:50:52,545 [ERROR] LogOutputStream:75 - [STDERR_REDIRECT] SLF4J: Defaulting to no-operation (NOP) logger implementation
2024-01-30 15:50:52,546 [ERROR] LogOutputStream:75 - [STDERR_REDIRECT] SLF4J: See http://www.slf4j.org/codes.html#StaticLoggerBinder for further details.
2024-01-30 23:11:36,401 [ERROR] LogOutputStream:75 - [STDERR_REDIRECT] 
