2024-01-29 16:26:01,674 [INFO] Activator:176 - 


2024-01-29 16:26:01,680 [INFO] Activator:177 - !SESSION log4j initialized
2024-01-29 16:26:08,224 [INFO] LogOutputStream:77 - [STDOUT_REDIRECT] 
2024-01-29 16:26:10,960 [INFO] ApplicationProperties:184 - Using Application install path: C:\ST\STM32CubeIDE_1.13.1\STM32CubeIDE\plugins\com.st.stm32cube.common.mx_6.9.1.202307191849
2024-01-29 16:26:10,983 [INFO] DbMcusXml:78 - Set database path to: C:\ST\STM32CubeIDE_1.13.1\STM32CubeIDE\plugins\com.st.stm32cube.common.mx_6.9.1.202307191849\\db\/mcu/
2024-01-29 16:26:10,984 [INFO] ApiDb:274 - Set plugin database path to: C:\ST\STM32CubeIDE_1.13.1\STM32CubeIDE\plugins\com.st.stm32cube.common.mx_6.9.1.202307191849\\db\/plugins/boardmanager/
2024-01-29 16:26:10,984 [WARN] ApiDb:259 - Overriding images path with different value:  => C:\ST\STM32CubeIDE_1.13.1\STM32CubeIDE\plugins\com.st.stm32cube.common.mx_6.9.1.202307191849\\db\/plugins/mcufinder/images/
2024-01-29 16:26:11,008 [INFO] ApiDb:250 - Set database path to: C:\Users\kunal\.stmcufinder\plugins\mcufinder//mcu/
2024-01-29 16:26:11,009 [INFO] DbMcusAds:125 - Set database path to: C:\Users\kunal\.stmcufinder\plugins\mcufinder//mcu/
2024-01-29 16:26:11,012 [INFO] CrossReferenceDbSqlite:203 - Set database path to: C:\Users\kunal\.stmcufinder\plugins\mcufinder//mcu/cs/
2024-01-29 16:26:11,179 [INFO] RulesReader:64 - Compatibility file has been processed (293 Rules)
2024-01-29 16:26:11,307 [INFO] DbMcusXml:78 - Set database path to: C:\ST\STM32CubeIDE_1.13.1\STM32CubeIDE\plugins\com.st.stm32cube.common.mx_6.9.1.202307191849\\db\/mcu/
2024-01-29 16:26:11,307 [INFO] ApiDb:274 - Set plugin database path to: C:\ST\STM32CubeIDE_1.13.1\STM32CubeIDE\plugins\com.st.stm32cube.common.mx_6.9.1.202307191849\\db\/plugins/boardmanager/
2024-01-29 16:26:11,308 [INFO] ApiDb:261 - Set plugin images path to: C:\ST\STM32CubeIDE_1.13.1\STM32CubeIDE\plugins\com.st.stm32cube.common.mx_6.9.1.202307191849\\db\/plugins/mcufinder/images/
2024-01-29 16:26:11,308 [WARN] DbFile:41 - Overriding database path with different value: C:\Users\kunal\.stmcufinder\plugins\mcufinder/ => C:\Users\kunal\.stmcufinder\plugins\mcufinder
2024-01-29 16:26:11,309 [INFO] ApiDb:250 - Set database path to: C:\Users\kunal\.stmcufinder\plugins\mcufinder//mcu/
2024-01-29 16:26:11,309 [WARN] DbFile:41 - Overriding database path with different value: C:\Users\kunal\.stmcufinder\plugins\mcufinder/ => C:\Users\kunal\.stmcufinder\plugins\mcufinder
2024-01-29 16:26:11,309 [INFO] DbMcusAds:125 - Set database path to: C:\Users\kunal\.stmcufinder\plugins\mcufinder//mcu/
2024-01-29 16:26:11,309 [WARN] DbFile:41 - Overriding database path with different value: C:\Users\kunal\.stmcufinder\plugins\mcufinder/ => C:\Users\kunal\.stmcufinder\plugins\mcufinder
2024-01-29 16:26:11,309 [WARN] DbFile:41 - Overriding database path with different value: C:\Users\kunal\.stmcufinder\plugins\mcufinder/ => C:\Users\kunal\.stmcufinder\plugins\mcufinder
2024-01-29 16:26:11,309 [INFO] CrossReferenceDbSqlite:203 - Set database path to: C:\Users\kunal\.stmcufinder\plugins\mcufinder//mcu/cs/
2024-01-29 16:26:11,411 [INFO] MainPanel:262 - HeapMemory: 268435456
2024-01-29 16:26:11,564 [INFO] DbMcusXml:78 - Set database path to: C:\ST\STM32CubeIDE_1.13.1\STM32CubeIDE\plugins\com.st.stm32cube.common.mx_6.9.1.202307191849\\db\/mcu/
2024-01-29 16:26:11,564 [INFO] ApiDb:274 - Set plugin database path to: C:\ST\STM32CubeIDE_1.13.1\STM32CubeIDE\plugins\com.st.stm32cube.common.mx_6.9.1.202307191849\\db\/plugins/boardmanager/
2024-01-29 16:26:11,564 [INFO] ApiDb:261 - Set plugin images path to: C:\ST\STM32CubeIDE_1.13.1\STM32CubeIDE\plugins\com.st.stm32cube.common.mx_6.9.1.202307191849\\db\/plugins/mcufinder/images/
2024-01-29 16:26:11,565 [WARN] DbFile:41 - Overriding database path with different value: C:\Users\kunal\.stmcufinder\plugins\mcufinder/ => C:\Users\kunal\.stmcufinder\plugins\mcufinder
2024-01-29 16:26:11,565 [INFO] ApiDb:250 - Set database path to: C:\Users\kunal\.stmcufinder\plugins\mcufinder//mcu/
2024-01-29 16:26:11,565 [WARN] DbFile:41 - Overriding database path with different value: C:\Users\kunal\.stmcufinder\plugins\mcufinder/ => C:\Users\kunal\.stmcufinder\plugins\mcufinder
2024-01-29 16:26:11,565 [INFO] DbMcusAds:125 - Set database path to: C:\Users\kunal\.stmcufinder\plugins\mcufinder//mcu/
2024-01-29 16:26:11,566 [WARN] DbFile:41 - Overriding database path with different value: C:\Users\kunal\.stmcufinder\plugins\mcufinder/ => C:\Users\kunal\.stmcufinder\plugins\mcufinder
2024-01-29 16:26:11,566 [WARN] DbFile:41 - Overriding database path with different value: C:\Users\kunal\.stmcufinder\plugins\mcufinder/ => C:\Users\kunal\.stmcufinder\plugins\mcufinder
2024-01-29 16:26:11,566 [INFO] CrossReferenceDbSqlite:203 - Set database path to: C:\Users\kunal\.stmcufinder\plugins\mcufinder//mcu/cs/
2024-01-29 16:26:11,591 [INFO] ApplicationProperties:184 - Using Application install path: C:\ST\STM32CubeIDE_1.13.1\STM32CubeIDE\plugins\com.st.stm32cube.common.mx_6.9.1.202307191849
2024-01-29 16:26:11,593 [INFO] PluginManage:196 - Search for loadable plugins [exclusion list=, ]
2024-01-29 16:26:11,595 [INFO] PluginManage:310 - Check plugin analytics
2024-01-29 16:26:11,804 [INFO] AnalyticsPlugin:253 - Accepted Software Licenses: 
2024-01-29 16:26:11,804 [INFO] AnalyticsPlugin:255 - Accepted CMSIS Pack Licenses: 
2024-01-29 16:26:11,804 [INFO] AnalyticsPlugin:257 - Accepted Firmware Licenses: FW.F4.1.27.0
2024-01-29 16:26:11,808 [INFO] PluginManage:359 - Loaded plugin analytics (category:tool,tabindex:-1)
2024-01-29 16:26:11,808 [INFO] PluginManage:310 - Check plugin cadmodel
2024-01-29 16:26:11,826 [INFO] CADModel:105 - Init CAD model plugin
2024-01-29 16:26:11,826 [INFO] PluginManage:359 - Loaded plugin cadmodel (category:power,tabindex:5)
2024-01-29 16:26:11,826 [INFO] PluginManage:310 - Check plugin clock
2024-01-29 16:26:11,851 [INFO] PluginManage:359 - Loaded plugin clock (category:base,tabindex:2)
2024-01-29 16:26:11,852 [INFO] PluginManage:310 - Check plugin ddr
2024-01-29 16:26:11,854 [INFO] PluginManage:359 - Loaded plugin ddr (category:tool,tabindex:6)
2024-01-29 16:26:11,854 [INFO] PluginManage:310 - Check plugin filemanager
2024-01-29 16:26:12,018 [INFO] PluginManage:359 - Loaded plugin filemanager (category:base,tabindex:10)
2024-01-29 16:26:12,019 [INFO] PluginManage:310 - Check plugin ipmanager
2024-01-29 16:26:12,027 [INFO] PluginManage:359 - Loaded plugin ipmanager (category:base,tabindex:5)
2024-01-29 16:26:12,027 [INFO] PluginManage:310 - Check plugin lpbam
2024-01-29 16:26:12,048 [INFO] PluginManage:359 - Loaded plugin lpbam (category:base,tabindex:0)
2024-01-29 16:26:12,048 [INFO] PluginManage:310 - Check plugin memorymap
2024-01-29 16:26:12,079 [INFO] PluginManage:359 - Loaded plugin memorymap (category:base,tabindex:4)
2024-01-29 16:26:12,080 [INFO] PluginManage:310 - Check plugin pinoutandconfiguration
2024-01-29 16:26:12,101 [INFO] PluginManage:359 - Loaded plugin pinoutandconfiguration (category:base,tabindex:1)
2024-01-29 16:26:12,102 [INFO] PluginManage:310 - Check plugin pinoutconfig
2024-01-29 16:26:12,228 [WARN] SupportedApi:132 - Cannot load RTOS API schema: s4s-elt-must-match.1: The content of 'definitions' must match (annotation?, (simpleType | complexType)?, (unique | key | keyref)*)). A problem was found starting at: attribute.
2024-01-29 16:26:12,405 [INFO] PluginManage:359 - Loaded plugin pinoutconfig (category:base,tabindex:0)
2024-01-29 16:26:12,405 [INFO] PluginManage:310 - Check plugin power
2024-01-29 16:26:12,432 [INFO] PluginManage:359 - Loaded plugin power (category:power,tabindex:4)
2024-01-29 16:26:12,432 [INFO] PluginManage:310 - Check plugin projectmanager
2024-01-29 16:26:12,453 [INFO] PluginManage:359 - Loaded plugin projectmanager (category:projectmanager,tabindex:3)
2024-01-29 16:26:12,453 [INFO] PluginManage:310 - Check plugin thirdparty
2024-01-29 16:26:12,801 [INFO] PluginManage:359 - Loaded plugin thirdparty (category:base,tabindex:-1)
2024-01-29 16:26:12,801 [INFO] PluginManage:310 - Check plugin tools
2024-01-29 16:26:12,801 [WARN] IntegrityCheckThread:84 - waiting for thirdparty lock release [integrity check]
2024-01-29 16:26:12,802 [INFO] IntegrityCheckThread:86 - entering critical section [integrity check]
2024-01-29 16:26:12,802 [INFO] ThirdPartyUpdaterWithRetryManager:70 - Updater plugin not ready yet. [1/15]
2024-01-29 16:26:12,842 [INFO] PluginManage:359 - Loaded plugin tools (category:base,tabindex:7)
2024-01-29 16:26:12,842 [INFO] PluginManage:310 - Check plugin tutovideos
2024-01-29 16:26:13,106 [INFO] PluginManage:359 - Loaded plugin tutovideos (category:base,tabindex:-1)
2024-01-29 16:26:13,106 [INFO] PluginManage:310 - Check plugin updater
2024-01-29 16:26:13,121 [INFO] PluginManage:359 - Loaded plugin updater (category:base,tabindex:12)
2024-01-29 16:26:13,121 [INFO] PluginManage:310 - Check plugin userauth
2024-01-29 16:26:13,128 [INFO] UserAuth:113 - Init User Auth plugin
2024-01-29 16:26:13,128 [INFO] PluginManage:359 - Loaded plugin userauth (category:base,tabindex:14)
2024-01-29 16:26:13,129 [INFO] PluginManage:283 - PluginManage : Loaded plugins [17]
2024-01-29 16:26:13,408 [INFO] PinOutPanel:1499 - setPackage(No Configuration,No Configuration)
2024-01-29 16:26:13,546 [INFO] CADModel:165 - CPN selected for project level
2024-01-29 16:26:13,547 [INFO] CADModel:114 - Register for checkConnection events
2024-01-29 16:26:13,577 [INFO] IPUIPlugin:80 - create IPUIPlugin
2024-01-29 16:26:13,577 [INFO] PluginManager:220 - loadIPPluginJar : add adc
2024-01-29 16:26:13,618 [INFO] IPUIPlugin:80 - create IPUIPlugin
2024-01-29 16:26:13,618 [INFO] PluginManager:220 - loadIPPluginJar : add aes
2024-01-29 16:26:13,665 [INFO] IPUIPlugin:80 - create IPUIPlugin
2024-01-29 16:26:13,665 [INFO] PluginManager:220 - loadIPPluginJar : add can
2024-01-29 16:26:13,690 [INFO] IPUIPlugin:80 - create IPUIPlugin
2024-01-29 16:26:13,691 [INFO] PluginManager:220 - loadIPPluginJar : add comp
2024-01-29 16:26:13,732 [INFO] IPUIPlugin:80 - create IPUIPlugin
2024-01-29 16:26:13,732 [INFO] PluginManager:220 - loadIPPluginJar : add cryp
2024-01-29 16:26:13,766 [INFO] IPUIPlugin:80 - create IPUIPlugin
2024-01-29 16:26:13,766 [INFO] PluginManager:220 - loadIPPluginJar : add dfsdm
2024-01-29 16:26:13,786 [INFO] IPUIPlugin:80 - create IPUIPlugin
2024-01-29 16:26:13,787 [INFO] PluginManager:220 - loadIPPluginJar : add dma
2024-01-29 16:26:13,835 [INFO] IPUIPlugin:80 - create IPUIPlugin
2024-01-29 16:26:13,835 [INFO] PluginManager:220 - loadIPPluginJar : add dma3
2024-01-29 16:26:13,857 [INFO] IPUIPlugin:80 - create IPUIPlugin
2024-01-29 16:26:13,857 [INFO] PluginManager:220 - loadIPPluginJar : add fatfs
2024-01-29 16:26:13,911 [INFO] IPUIPlugin:80 - create IPUIPlugin
2024-01-29 16:26:13,911 [INFO] PluginManager:220 - loadIPPluginJar : add fmc
2024-01-29 16:26:13,929 [INFO] IPUIPlugin:80 - create IPUIPlugin
2024-01-29 16:26:13,929 [INFO] PluginManager:220 - loadIPPluginJar : add freertos
2024-01-29 16:26:13,953 [INFO] IPUIPlugin:80 - create IPUIPlugin
2024-01-29 16:26:13,953 [INFO] PluginManager:220 - loadIPPluginJar : add genericplugin
2024-01-29 16:26:14,054 [INFO] IPUIPlugin:80 - create IPUIPlugin
2024-01-29 16:26:14,054 [INFO] PluginManager:220 - loadIPPluginJar : add gfxmmu
2024-01-29 16:26:14,198 [INFO] IPUIPlugin:80 - create IPUIPlugin
2024-01-29 16:26:14,198 [INFO] PluginManager:220 - loadIPPluginJar : add gic
2024-01-29 16:26:14,228 [INFO] IPUIPlugin:80 - create IPUIPlugin
2024-01-29 16:26:14,229 [INFO] PluginManager:220 - loadIPPluginJar : add gpio
2024-01-29 16:26:14,335 [INFO] IPUIPlugin:80 - create IPUIPlugin
2024-01-29 16:26:14,336 [INFO] PluginManager:220 - loadIPPluginJar : add gtzc
2024-01-29 16:26:14,373 [INFO] IPUIPlugin:80 - create IPUIPlugin
2024-01-29 16:26:14,373 [INFO] PluginManager:220 - loadIPPluginJar : add hash
2024-01-29 16:26:14,436 [INFO] IPUIPlugin:80 - create IPUIPlugin
2024-01-29 16:26:14,436 [INFO] PluginManager:220 - loadIPPluginJar : add i2c
2024-01-29 16:26:14,480 [INFO] IPUIPlugin:80 - create IPUIPlugin
2024-01-29 16:26:14,480 [INFO] PluginManager:220 - loadIPPluginJar : add i2s
2024-01-29 16:26:14,525 [INFO] IPUIPlugin:80 - create IPUIPlugin
2024-01-29 16:26:14,525 [INFO] PluginManager:220 - loadIPPluginJar : add i3c
2024-01-29 16:26:14,664 [INFO] IPUIPlugin:80 - create IPUIPlugin
2024-01-29 16:26:14,666 [INFO] PluginManager:220 - loadIPPluginJar : add ipddr
2024-01-29 16:26:14,768 [INFO] IPUIPlugin:80 - create IPUIPlugin
2024-01-29 16:26:14,768 [INFO] PluginManager:220 - loadIPPluginJar : add linkedlist
2024-01-29 16:26:14,809 [INFO] IPUIPlugin:80 - create IPUIPlugin
2024-01-29 16:26:14,809 [INFO] PluginManager:220 - loadIPPluginJar : add lorawan
2024-01-29 16:26:14,851 [INFO] IPUIPlugin:80 - create IPUIPlugin
2024-01-29 16:26:14,852 [INFO] PluginManager:220 - loadIPPluginJar : add ltdc
2024-01-29 16:26:14,870 [INFO] IPUIPlugin:80 - create IPUIPlugin
2024-01-29 16:26:14,870 [INFO] PluginManager:220 - loadIPPluginJar : add mdma
2024-01-29 16:26:14,885 [INFO] IPUIPlugin:80 - create IPUIPlugin
2024-01-29 16:26:14,886 [INFO] PluginManager:220 - loadIPPluginJar : add nvic
2024-01-29 16:26:14,928 [INFO] IPUIPlugin:80 - create IPUIPlugin
2024-01-29 16:26:14,929 [INFO] PluginManager:220 - loadIPPluginJar : add opamp
2024-01-29 16:26:14,995 [INFO] IPUIPlugin:80 - create IPUIPlugin
2024-01-29 16:26:14,995 [INFO] PluginManager:220 - loadIPPluginJar : add openamp
2024-01-29 16:26:15,042 [INFO] IPUIPlugin:80 - create IPUIPlugin
2024-01-29 16:26:15,042 [INFO] PluginManager:220 - loadIPPluginJar : add pdm2pcm
2024-01-29 16:26:15,059 [INFO] IPUIPlugin:80 - create IPUIPlugin
2024-01-29 16:26:15,061 [INFO] PluginManager:220 - loadIPPluginJar : add plateformsettings
2024-01-29 16:26:15,089 [INFO] IPUIPlugin:80 - create IPUIPlugin
2024-01-29 16:26:15,089 [INFO] PluginManager:220 - loadIPPluginJar : add quadspi
2024-01-29 16:26:15,104 [INFO] IPUIPlugin:80 - create IPUIPlugin
2024-01-29 16:26:15,104 [INFO] PluginManager:220 - loadIPPluginJar : add resmgrutility
2024-01-29 16:26:15,157 [INFO] IPUIPlugin:80 - create IPUIPlugin
2024-01-29 16:26:15,157 [INFO] PluginManager:220 - loadIPPluginJar : add sai
2024-01-29 16:26:15,201 [INFO] IPUIPlugin:80 - create IPUIPlugin
2024-01-29 16:26:15,201 [INFO] PluginManager:220 - loadIPPluginJar : add spi
2024-01-29 16:26:15,267 [INFO] IPUIPlugin:80 - create IPUIPlugin
2024-01-29 16:26:15,269 [INFO] PluginManager:220 - loadIPPluginJar : add stm32_wpan
2024-01-29 16:26:15,286 [INFO] IPUIPlugin:80 - create IPUIPlugin
2024-01-29 16:26:15,286 [INFO] PluginManager:220 - loadIPPluginJar : add tim
2024-01-29 16:26:15,346 [INFO] IPUIPlugin:80 - create IPUIPlugin
2024-01-29 16:26:15,346 [INFO] PluginManager:220 - loadIPPluginJar : add touchsensing
2024-01-29 16:26:15,378 [INFO] IPUIPlugin:80 - create IPUIPlugin
2024-01-29 16:26:15,387 [INFO] PluginManager:220 - loadIPPluginJar : add tracer_emb
2024-01-29 16:26:15,409 [INFO] IPUIPlugin:80 - create IPUIPlugin
2024-01-29 16:26:15,409 [INFO] PluginManager:220 - loadIPPluginJar : add ts
2024-01-29 16:26:15,425 [INFO] IPUIPlugin:80 - create IPUIPlugin
2024-01-29 16:26:15,425 [INFO] PluginManager:220 - loadIPPluginJar : add tsc
2024-01-29 16:26:15,464 [INFO] IPUIPlugin:80 - create IPUIPlugin
2024-01-29 16:26:15,464 [INFO] PluginManager:220 - loadIPPluginJar : add ucpd
2024-01-29 16:26:15,505 [INFO] IPUIPlugin:80 - create IPUIPlugin
2024-01-29 16:26:15,505 [INFO] PluginManager:220 - loadIPPluginJar : add usart
2024-01-29 16:26:15,552 [INFO] IPUIPlugin:80 - create IPUIPlugin
2024-01-29 16:26:15,552 [INFO] PluginManager:220 - loadIPPluginJar : add usbx
2024-01-29 16:26:15,710 [INFO] CADModel:165 - CPN selected for project level
2024-01-29 16:26:15,710 [INFO] CADModel:114 - Register for checkConnection events
2024-01-29 16:26:15,710 [FATAL] Updater:308 - Updater called before beeing initialized
2024-01-29 16:26:15,715 [ERROR] CADModel:125 - Updater not yet initialized, retry later 
2024-01-29 16:26:15,805 [INFO] ThirdPartyUpdaterWithRetryManager:70 - Updater plugin not ready yet. [2/15]
2024-01-29 16:26:15,949 [INFO] CADModel:165 - CPN selected for project level
2024-01-29 16:26:15,949 [INFO] CADModel:114 - Register for checkConnection events
2024-01-29 16:26:15,949 [FATAL] Updater:308 - Updater called before beeing initialized
2024-01-29 16:26:15,949 [ERROR] CADModel:125 - Updater not yet initialized, retry later 
2024-01-29 16:26:15,952 [FATAL] Updater:308 - Updater called before beeing initialized
2024-01-29 16:26:16,092 [FATAL] Updater:308 - Updater called before beeing initialized
2024-01-29 16:26:16,107 [INFO] DbMcusAds:53 - JSON generation date=Wed Nov 29 16:22:27 IST 2023 (1701255147200)
2024-01-29 16:26:16,107 [FATAL] Updater:308 - Updater called before beeing initialized
2024-01-29 16:26:16,206 [WARN] DetailPanel:346 - Failed to get advertising image, set to default
2024-01-29 16:26:16,343 [FATAL] Updater:308 - Updater called before beeing initialized
2024-01-29 16:26:16,355 [FATAL] Updater:308 - Updater called before beeing initialized
2024-01-29 16:26:16,355 [FATAL] Updater:308 - Updater called before beeing initialized
2024-01-29 16:26:16,355 [WARN] DetailPanel:346 - Failed to get advertising image, set to default
2024-01-29 16:26:16,358 [FATAL] Updater:308 - Updater called before beeing initialized
2024-01-29 16:26:16,442 [ERROR] Updater:1120 - MainUpdater not yet initialized. External WinMGr cannot be set.
2024-01-29 16:26:16,455 [INFO] Updater:1056 - Updater Version found : 6.9.1
2024-01-29 16:26:16,487 [INFO] ApplicationProperties:184 - Using Application install path: C:\ST\STM32CubeIDE_1.13.1\STM32CubeIDE\plugins\com.st.stm32cube.common.mx_6.9.1.202307191849
2024-01-29 16:26:16,741 [INFO] MainUpdater:2868 - connection check result : 10
2024-01-29 16:26:16,741 [INFO] MainUpdater:3562 - Updater definition file requires update
2024-01-29 16:26:16,753 [INFO] MainUpdater:285 - Updater Check For Update Now.
2024-01-29 16:26:16,753 [INFO] MicroXplorer:498 - Change Database Version : DB.6.0.91
2024-01-29 16:26:16,773 [INFO] McuFinderGlobals:63 - Set McuFinder mode to 2 (CubeIDE integrated)
2024-01-29 16:26:16,773 [INFO] UserAuth:179 - activating auth plugin
2024-01-29 16:26:16,778 [INFO] UserAuth:393 - Internet connection configuration mode: 1
2024-01-29 16:26:16,805 [INFO] JxBrowserEngine:151 - Initiate JxBrowser Engine with user profile folder
2024-01-29 16:26:16,883 [INFO] ServerAccessManage:473 - Download File updaters.zip
2024-01-29 16:26:18,517 [INFO] FileExtend:240 - Unzip File : updaters.zip
2024-01-29 16:26:18,517 [INFO] FileExtend:255 - Standard Zip Deflate
2024-01-29 16:26:18,816 [WARN] MainUpdater:1189 - Updater busy. Cannot search thirdparties
2024-01-29 16:26:18,816 [INFO] ThirdPartyUpdaterWithRetryManager:96 - Updater plugin is busy. [1/15]
2024-01-29 16:26:19,155 [INFO] ServerAccessManage:473 - Download File PacksControlFlags.xml
2024-01-29 16:26:19,387 [INFO] ServerAccessManage:473 - Download File cubemx.pidx
2024-01-29 16:26:20,079 [INFO] WebApp:157 - Instantiating new browser for Auth
2024-01-29 16:26:20,433 [INFO] ServerAccessManage:473 - Download File STMicroelectronics.X-CUBE-EEPRMA1.pdsc
2024-01-29 16:26:20,966 [INFO] WebApp:753 - Register for checkConnection events
2024-01-29 16:26:20,966 [INFO] WebApp:390 - Apply proxy settings
2024-01-29 16:26:20,968 [INFO] WebApp:475 - Chromium requires no authentication
2024-01-29 16:26:20,970 [INFO] WebApp:418 - Direct internet connection detected
2024-01-29 16:26:21,206 [INFO] WebApp:188 - Starting web application
2024-01-29 16:26:21,206 [INFO] WebApp:520 - Web application path used C:\ST\STM32CubeIDE_1.13.1\STM32CubeIDE\plugins\com.st.stm32cube.common.mx_6.9.1.202307191849\db\plugins\mcufinder\reactClient1\index.html
2024-01-29 16:26:21,663 [ERROR] ServerAccessManage:1089 - Problem, file not found on Server
2024-01-29 16:26:21,818 [WARN] MainUpdater:1189 - Updater busy. Cannot search thirdparties
2024-01-29 16:26:21,818 [INFO] ThirdPartyUpdaterWithRetryManager:96 - Updater plugin is busy. [2/15]
2024-01-29 16:26:23,072 [ERROR] ServerAccessManage:1089 - Problem, file not found on Server
2024-01-29 16:26:24,834 [WARN] MainUpdater:1189 - Updater busy. Cannot search thirdparties
2024-01-29 16:26:24,834 [INFO] ThirdPartyUpdaterWithRetryManager:96 - Updater plugin is busy. [3/15]
2024-01-29 16:26:26,994 [ERROR] ServerAccessManage:1096 - Problem, Http access forbiden
2024-01-29 16:26:26,995 [ERROR] ServerAccessManage:651 - Problem, Http access forbiden : RoweBots.I-CUBE-UNISONRTOS.pdsc.
2024-01-29 16:26:27,273 [WARN] PackLoader:240 - Cannot read IP mode file for STMicroelectronics.X-CUBE-EEPRMA1.5.1.0
2024-01-29 16:26:27,283 [INFO] PopulateThirdPartyThread:66 - Ending populate Thread
2024-01-29 16:26:27,283 [INFO] ThirdParty:1030 - CMSIS Pack Vendor :STMicroelectronics X-CUBE-EEPRMA1 5.1.0
2024-01-29 16:26:27,283 [INFO] LoadServerUpdatesThread:373 - End of LoadServerUpdate Thread
2024-01-29 16:26:27,417 [INFO] CheckServerUpdateThread:120 - End of CheckServer Thread
2024-01-29 16:26:28,101 [WARN] PackLoader:240 - Cannot read IP mode file for STMicroelectronics.X-CUBE-SMBUS.2.1.0
2024-01-29 16:26:28,112 [WARN] PackLoader:240 - Cannot read IP mode file for STMicroelectronics.X-CUBE-TOUCHGFX.4.23.0
2024-01-29 16:26:28,168 [WARN] PackLoader:240 - Cannot read IP mode file for STMicroelectronics.X-CUBE-AZRTOS-F7.1.1.0
2024-01-29 16:26:28,204 [WARN] PackLoader:240 - Cannot read IP mode file for STMicroelectronics.FP-SNS-MOTENV1.4.3.2
2024-01-29 16:26:28,217 [WARN] PackLoader:240 - Cannot read IP mode file for STMicroelectronics.FP-SNS-FLIGHT1.5.0.2
2024-01-29 16:26:28,242 [WARN] PackLoader:240 - Cannot read IP mode file for STMicroelectronics.X-CUBE-DISPLAY.3.0.0
2024-01-29 16:26:28,271 [WARN] PackLoader:240 - Cannot read IP mode file for STMicroelectronics.X-CUBE-BLE1.7.0.0
2024-01-29 16:26:28,293 [WARN] PackLoader:240 - Cannot read IP mode file for emotas.I-CUBE-CANOPEN.1.3.0
2024-01-29 16:26:28,304 [WARN] PackLoader:240 - Cannot read IP mode file for STMicroelectronics.X-CUBE-TOUCHGFX.4.22.0
2024-01-29 16:26:28,322 [WARN] PackLoader:240 - Cannot read IP mode file for STMicroelectronics.X-CUBE-TOUCHGFX.4.22.1
2024-01-29 16:26:28,349 [WARN] PackLoader:240 - Cannot read IP mode file for STMicroelectronics.FP-SNS-SMARTAG2.1.2.0
2024-01-29 16:26:28,368 [INFO] LogOutputStream:77 - [STDOUT_REDIRECT] 1 : Invalid condition id : UX_CORESTACK_Condition cause : null
2024-01-29 16:26:28,368 [INFO] LogOutputStream:77 - [STDOUT_REDIRECT] 1 : Invalid condition id : UX_CORESTACK_Condition cause : null
2024-01-29 16:26:28,368 [INFO] LogOutputStream:77 - [STDOUT_REDIRECT] 1 : Invalid condition id : UX_CORESTACK_Condition cause : null
2024-01-29 16:26:28,382 [INFO] LogOutputStream:77 - [STDOUT_REDIRECT] 1 : Invalid condition id : UX_CORESTACK_Condition cause : null
2024-01-29 16:26:28,382 [INFO] LogOutputStream:77 - [STDOUT_REDIRECT] 1 : Invalid condition id : UX_CORESTACK_Condition cause : null
2024-01-29 16:26:28,394 [WARN] PackLoader:240 - Cannot read IP mode file for STMicroelectronics.X-CUBE-AZRTOS-WL.2.0.0
2024-01-29 16:26:28,416 [WARN] PackLoader:240 - Cannot read IP mode file for WES.I-CUBE-Cesium.1.3.0
2024-01-29 16:26:28,429 [WARN] PackLoader:240 - Cannot read IP mode file for STMicroelectronics.X-CUBE-BLE2.3.3.0
2024-01-29 16:26:28,452 [WARN] PackLoader:240 - Cannot read IP mode file for STMicroelectronics.X-CUBE-ALGOBUILD.1.3.0
2024-01-29 16:26:28,493 [WARN] PackLoader:240 - Cannot read IP mode file for STMicroelectronics.X-CUBE-AZRTOS-G0.1.1.0
2024-01-29 16:26:28,522 [WARN] PackLoader:240 - Cannot read IP mode file for STMicroelectronics.X-CUBE-NFC4.3.0.0
2024-01-29 16:26:28,556 [WARN] PackLoader:240 - Cannot read IP mode file for STMicroelectronics.X-CUBE-BLEMGR.3.0.0
2024-01-29 16:26:28,556 [WARN] PackLoader:240 - Cannot read IP mode file for STMicroelectronics.FP-ATR-SIGFOX1.3.2.0
2024-01-29 16:26:28,572 [WARN] PackLoader:240 - Cannot read IP mode file for STMicroelectronics.X-CUBE-EEPRMA1.5.1.0
2024-01-29 16:26:28,636 [WARN] PackLoader:240 - Cannot read IP mode file for SEGGER.I-CUBE-embOS.1.3.1
2024-01-29 16:26:28,700 [WARN] PackLoader:240 - Cannot read IP mode file for STMicroelectronics.X-CUBE-GNSS1.6.0.0
2024-01-29 16:26:28,746 [WARN] PackLoader:240 - Cannot read IP mode file for STMicroelectronics.X-CUBE-AZRTOS-F4.1.1.0
2024-01-29 16:26:28,777 [WARN] PackLoader:240 - Cannot read IP mode file for wolfSSL.I-CUBE-wolfSSL.5.6.3
2024-01-29 16:26:28,825 [WARN] PackLoader:240 - Cannot read IP mode file for STMicroelectronics.X-CUBE-AZRTOS-L5.2.0.0
2024-01-29 16:26:28,895 [WARN] PackLoader:240 - Cannot read IP mode file for STMicroelectronics.X-CUBE-MEMS1.9.6.0
2024-01-29 16:26:29,128 [WARN] PackLoader:240 - Cannot read IP mode file for STMicroelectronics.X-CUBE-EEPRMA1.4.2.0
2024-01-29 16:26:29,150 [WARN] PackLoader:240 - Cannot read IP mode file for ITTIA_DB.I-CUBE-ITTIADB.8.8.0
2024-01-29 16:26:29,160 [WARN] PackLoader:240 - Cannot read IP mode file for STMicroelectronics.X-CUBE-BLEMGR.2.0.0
2024-01-29 16:26:29,209 [WARN] ConditionMgr:438 - getConditionDescription Invalid condition id : UX DEVICE CLASS RTOS Condition cause : null
2024-01-29 16:26:29,209 [WARN] ConditionMgr:438 - getConditionDescription Invalid condition id : UX DEVICE CLASS RTOS Condition cause : null
2024-01-29 16:26:29,209 [WARN] PackLoader:240 - Cannot read IP mode file for STMicroelectronics.X-CUBE-AZRTOS-H7.3.1.0
2024-01-29 16:26:29,209 [WARN] ConditionMgr:1039 - genDependencies : Invalid condition id : UX DEVICE CLASS RTOS Condition cause : null
2024-01-29 16:26:29,209 [WARN] ConditionMgr:1039 - genDependencies : Invalid condition id : UX DEVICE CLASS RTOS Condition cause : null
2024-01-29 16:26:29,222 [WARN] ConditionMgr:1039 - genDependencies : Invalid condition id : UX DEVICE CLASS RTOS Condition cause : null
2024-01-29 16:26:29,222 [WARN] ConditionMgr:1039 - genDependencies : Invalid condition id : UX DEVICE CLASS RTOS Condition cause : null
2024-01-29 16:26:29,222 [WARN] ConditionMgr:1039 - genDependencies : Invalid condition id : UX DEVICE CLASS RTOS Condition cause : null
2024-01-29 16:26:29,238 [WARN] PackLoader:240 - Cannot read IP mode file for STMicroelectronics.X-CUBE-NFC7.1.0.1
2024-01-29 16:26:29,254 [WARN] PackLoader:240 - Cannot read IP mode file for STMicroelectronics.X-CUBE-NFC6.3.0.0
2024-01-29 16:26:29,272 [WARN] PackLoader:240 - Cannot read IP mode file for STMicroelectronics.X-CUBE-EEPRMA1.4.1.0
2024-01-29 16:26:29,286 [WARN] PackLoader:240 - Cannot read IP mode file for STMicroelectronics.X-CUBE-AI.8.1.0
2024-01-29 16:26:29,323 [WARN] ConditionMgr:438 - getConditionDescription Invalid condition id : LAN8742 Phy interface Condition cause : null
2024-01-29 16:26:29,323 [WARN] PackLoader:240 - Cannot read IP mode file for STMicroelectronics.X-CUBE-AZRTOS-L4.2.0.0
2024-01-29 16:26:29,323 [WARN] ConditionMgr:1039 - genDependencies : Invalid condition id : LAN8742 Phy interface Condition cause : null
2024-01-29 16:26:29,323 [WARN] ConditionMgr:1039 - genDependencies : Invalid condition id : LAN8742 Phy interface Condition cause : null
2024-01-29 16:26:29,323 [WARN] ConditionMgr:1039 - genDependencies : Invalid condition id : LAN8742 Phy interface Condition cause : null
2024-01-29 16:26:29,350 [WARN] PackLoader:240 - Cannot read IP mode file for STMicroelectronics.X-CUBE-SFXS2LP1.4.0.0
2024-01-29 16:26:29,366 [WARN] PackLoader:240 - Cannot read IP mode file for STMicroelectronics.X-CUBE-ISPU.1.1.0
2024-01-29 16:26:29,393 [WARN] ConditionMgr:438 - getConditionDescription Invalid condition id : UX DEVICE CLASS RTOS Condition cause : null
2024-01-29 16:26:29,393 [WARN] ConditionMgr:438 - getConditionDescription Invalid condition id : UX DEVICE CLASS RTOS Condition cause : null
2024-01-29 16:26:29,398 [WARN] PackLoader:240 - Cannot read IP mode file for STMicroelectronics.X-CUBE-AZRTOS-WB.2.0.0
2024-01-29 16:26:29,398 [WARN] ConditionMgr:1039 - genDependencies : Invalid condition id : UX DEVICE CLASS RTOS Condition cause : null
2024-01-29 16:26:29,398 [WARN] ConditionMgr:1039 - genDependencies : Invalid condition id : UX DEVICE CLASS RTOS Condition cause : null
2024-01-29 16:26:29,398 [WARN] ConditionMgr:1039 - genDependencies : Invalid condition id : UX DEVICE CLASS RTOS Condition cause : null
2024-01-29 16:26:29,398 [WARN] ConditionMgr:1039 - genDependencies : Invalid condition id : UX DEVICE CLASS RTOS Condition cause : null
2024-01-29 16:26:29,398 [WARN] ConditionMgr:1039 - genDependencies : Invalid condition id : UX DEVICE CLASS RTOS Condition cause : null
2024-01-29 16:26:29,414 [WARN] PackLoader:240 - Cannot read IP mode file for STMicroelectronics.X-CUBE-FREERTOS.1.0.1
2024-01-29 16:26:29,435 [WARN] PackLoader:240 - Cannot read IP mode file for STMicroelectronics.X-CUBE-SUBG2.5.0.0
2024-01-29 16:26:29,462 [WARN] PackLoader:240 - Cannot read IP mode file for STMicroelectronics.X-CUBE-TOF1.3.3.1
2024-01-29 16:26:29,509 [WARN] PackLoader:240 - Cannot read IP mode file for STMicroelectronics.X-CUBE-AZRTOS-G4.2.0.0
2024-01-29 16:26:29,542 [WARN] PackLoader:240 - Cannot read IP mode file for Infineon.AIROC-Wi-Fi-Bluetooth-STM32.1.5.1
2024-01-29 16:26:29,542 [WARN] PackLoader:240 - Cannot read IP mode file for STMicroelectronics.FP-SNS-MOTENVWB1.1.3.1
2024-01-29 16:26:29,558 [WARN] PackLoader:240 - Cannot read IP mode file for STMicroelectronics.X-CUBE-ISPU.2.0.0
2024-01-29 16:26:29,636 [WARN] PackLoader:240 - Cannot read IP mode file for STMicroelectronics.X-CUBE-MEMS1.10.0.0
2024-01-29 16:26:29,762 [WARN] PackLoader:240 - Cannot read IP mode file for STMicroelectronics.X-CUBE-FREERTOS.1.1.0
2024-01-29 16:26:29,780 [WARN] PackLoader:240 - Cannot read IP mode file for portGmbH.I-Cube-SoM-uGOAL.1.1.0
2024-01-29 16:26:29,796 [WARN] PackLoader:240 - Cannot read IP mode file for STMicroelectronics.X-CUBE-ALS.1.0.1
2024-01-29 16:26:29,810 [WARN] PackLoader:240 - Cannot read IP mode file for STMicroelectronics.FP-ATR-ASTRA1.2.0.0
2024-01-29 16:26:29,827 [WARN] PackLoader:240 - Cannot read IP mode file for STMicroelectronics.X-CUBE-TOF1.3.4.0
2024-01-29 16:26:29,873 [WARN] PackLoader:240 - Cannot read IP mode file for STMicroelectronics.X-CUBE-AZRTOS-H7.3.2.0
2024-01-29 16:26:29,873 [INFO] ThirdParty:978 - Integrity check success = true
2024-01-29 16:26:29,873 [INFO] IntegrityCheckThread:100 - exiting critical section [integrity check]
2024-01-29 16:26:29,873 [INFO] IntegrityCheckThread:103 - End integrity checks thread
2024-01-29 16:26:42,516 [ERROR] LogOutputStream:75 - [STDERR_REDIRECT] SLF4J: Failed to load class "org.slf4j.impl.StaticLoggerBinder".
2024-01-29 16:26:42,516 [ERROR] LogOutputStream:75 - [STDERR_REDIRECT] SLF4J: Defaulting to no-operation (NOP) logger implementation
2024-01-29 16:26:42,516 [ERROR] LogOutputStream:75 - [STDERR_REDIRECT] SLF4J: See http://www.slf4j.org/codes.html#StaticLoggerBinder for further details.
2024-01-29 23:03:02,900 [ERROR] LogOutputStream:75 - [STDERR_REDIRECT] 
