2024-02-02 00:02:47,415 [ERROR] LogOutputStream:75 - [STDERR_REDIRECT] 
2024-02-02 18:11:44,235 [INFO] Activator:176 - 


2024-02-02 18:11:44,238 [INFO] Activator:177 - !SESSION log4j initialized
2024-02-02 18:11:49,875 [INFO] LogOutputStream:77 - [STDOUT_REDIRECT] 
2024-02-02 18:11:53,110 [INFO] ApplicationProperties:184 - Using Application install path: C:\ST\STM32CubeIDE_1.13.1\STM32CubeIDE\plugins\com.st.stm32cube.common.mx_6.9.1.202307191849
2024-02-02 18:11:53,147 [INFO] DbMcusXml:78 - Set database path to: C:\ST\STM32CubeIDE_1.13.1\STM32CubeIDE\plugins\com.st.stm32cube.common.mx_6.9.1.202307191849\\db\/mcu/
2024-02-02 18:11:53,148 [INFO] ApiDb:274 - Set plugin database path to: C:\ST\STM32CubeIDE_1.13.1\STM32CubeIDE\plugins\com.st.stm32cube.common.mx_6.9.1.202307191849\\db\/plugins/boardmanager/
2024-02-02 18:11:53,149 [WARN] ApiDb:259 - Overriding images path with different value:  => C:\ST\STM32CubeIDE_1.13.1\STM32CubeIDE\plugins\com.st.stm32cube.common.mx_6.9.1.202307191849\\db\/plugins/mcufinder/images/
2024-02-02 18:11:53,164 [INFO] ApiDb:250 - Set database path to: C:\Users\kunal\.stmcufinder\plugins\mcufinder//mcu/
2024-02-02 18:11:53,166 [INFO] DbMcusAds:125 - Set database path to: C:\Users\kunal\.stmcufinder\plugins\mcufinder//mcu/
2024-02-02 18:11:53,168 [INFO] CrossReferenceDbSqlite:203 - Set database path to: C:\Users\kunal\.stmcufinder\plugins\mcufinder//mcu/cs/
2024-02-02 18:11:53,311 [INFO] RulesReader:64 - Compatibility file has been processed (293 Rules)
2024-02-02 18:11:53,411 [INFO] DbMcusXml:78 - Set database path to: C:\ST\STM32CubeIDE_1.13.1\STM32CubeIDE\plugins\com.st.stm32cube.common.mx_6.9.1.202307191849\\db\/mcu/
2024-02-02 18:11:53,411 [INFO] ApiDb:274 - Set plugin database path to: C:\ST\STM32CubeIDE_1.13.1\STM32CubeIDE\plugins\com.st.stm32cube.common.mx_6.9.1.202307191849\\db\/plugins/boardmanager/
2024-02-02 18:11:53,411 [INFO] ApiDb:261 - Set plugin images path to: C:\ST\STM32CubeIDE_1.13.1\STM32CubeIDE\plugins\com.st.stm32cube.common.mx_6.9.1.202307191849\\db\/plugins/mcufinder/images/
2024-02-02 18:11:53,413 [WARN] DbFile:41 - Overriding database path with different value: C:\Users\kunal\.stmcufinder\plugins\mcufinder/ => C:\Users\kunal\.stmcufinder\plugins\mcufinder
2024-02-02 18:11:53,413 [INFO] ApiDb:250 - Set database path to: C:\Users\kunal\.stmcufinder\plugins\mcufinder//mcu/
2024-02-02 18:11:53,413 [WARN] DbFile:41 - Overriding database path with different value: C:\Users\kunal\.stmcufinder\plugins\mcufinder/ => C:\Users\kunal\.stmcufinder\plugins\mcufinder
2024-02-02 18:11:53,413 [INFO] DbMcusAds:125 - Set database path to: C:\Users\kunal\.stmcufinder\plugins\mcufinder//mcu/
2024-02-02 18:11:53,413 [WARN] DbFile:41 - Overriding database path with different value: C:\Users\kunal\.stmcufinder\plugins\mcufinder/ => C:\Users\kunal\.stmcufinder\plugins\mcufinder
2024-02-02 18:11:53,413 [WARN] DbFile:41 - Overriding database path with different value: C:\Users\kunal\.stmcufinder\plugins\mcufinder/ => C:\Users\kunal\.stmcufinder\plugins\mcufinder
2024-02-02 18:11:53,413 [INFO] CrossReferenceDbSqlite:203 - Set database path to: C:\Users\kunal\.stmcufinder\plugins\mcufinder//mcu/cs/
2024-02-02 18:11:53,500 [INFO] MainPanel:262 - HeapMemory: 268435456
2024-02-02 18:11:53,608 [INFO] DbMcusXml:78 - Set database path to: C:\ST\STM32CubeIDE_1.13.1\STM32CubeIDE\plugins\com.st.stm32cube.common.mx_6.9.1.202307191849\\db\/mcu/
2024-02-02 18:11:53,608 [INFO] ApiDb:274 - Set plugin database path to: C:\ST\STM32CubeIDE_1.13.1\STM32CubeIDE\plugins\com.st.stm32cube.common.mx_6.9.1.202307191849\\db\/plugins/boardmanager/
2024-02-02 18:11:53,608 [INFO] ApiDb:261 - Set plugin images path to: C:\ST\STM32CubeIDE_1.13.1\STM32CubeIDE\plugins\com.st.stm32cube.common.mx_6.9.1.202307191849\\db\/plugins/mcufinder/images/
2024-02-02 18:11:53,609 [WARN] DbFile:41 - Overriding database path with different value: C:\Users\kunal\.stmcufinder\plugins\mcufinder/ => C:\Users\kunal\.stmcufinder\plugins\mcufinder
2024-02-02 18:11:53,609 [INFO] ApiDb:250 - Set database path to: C:\Users\kunal\.stmcufinder\plugins\mcufinder//mcu/
2024-02-02 18:11:53,609 [WARN] DbFile:41 - Overriding database path with different value: C:\Users\kunal\.stmcufinder\plugins\mcufinder/ => C:\Users\kunal\.stmcufinder\plugins\mcufinder
2024-02-02 18:11:53,609 [INFO] DbMcusAds:125 - Set database path to: C:\Users\kunal\.stmcufinder\plugins\mcufinder//mcu/
2024-02-02 18:11:53,609 [WARN] DbFile:41 - Overriding database path with different value: C:\Users\kunal\.stmcufinder\plugins\mcufinder/ => C:\Users\kunal\.stmcufinder\plugins\mcufinder
2024-02-02 18:11:53,609 [WARN] DbFile:41 - Overriding database path with different value: C:\Users\kunal\.stmcufinder\plugins\mcufinder/ => C:\Users\kunal\.stmcufinder\plugins\mcufinder
2024-02-02 18:11:53,609 [INFO] CrossReferenceDbSqlite:203 - Set database path to: C:\Users\kunal\.stmcufinder\plugins\mcufinder//mcu/cs/
2024-02-02 18:11:53,628 [INFO] ApplicationProperties:184 - Using Application install path: C:\ST\STM32CubeIDE_1.13.1\STM32CubeIDE\plugins\com.st.stm32cube.common.mx_6.9.1.202307191849
2024-02-02 18:11:53,630 [INFO] PluginManage:196 - Search for loadable plugins [exclusion list=, ]
2024-02-02 18:11:53,631 [INFO] PluginManage:310 - Check plugin analytics
2024-02-02 18:11:53,810 [INFO] AnalyticsPlugin:253 - Accepted Software Licenses: 
2024-02-02 18:11:53,811 [INFO] AnalyticsPlugin:255 - Accepted CMSIS Pack Licenses: 
2024-02-02 18:11:53,811 [INFO] AnalyticsPlugin:257 - Accepted Firmware Licenses: FW.F4.1.27.0
2024-02-02 18:11:53,813 [INFO] PluginManage:359 - Loaded plugin analytics (category:tool,tabindex:-1)
2024-02-02 18:11:53,814 [INFO] PluginManage:310 - Check plugin cadmodel
2024-02-02 18:11:53,830 [INFO] CADModel:105 - Init CAD model plugin
2024-02-02 18:11:53,830 [INFO] PluginManage:359 - Loaded plugin cadmodel (category:power,tabindex:5)
2024-02-02 18:11:53,830 [INFO] PluginManage:310 - Check plugin clock
2024-02-02 18:11:53,852 [INFO] PluginManage:359 - Loaded plugin clock (category:base,tabindex:2)
2024-02-02 18:11:53,852 [INFO] PluginManage:310 - Check plugin ddr
2024-02-02 18:11:53,855 [INFO] PluginManage:359 - Loaded plugin ddr (category:tool,tabindex:6)
2024-02-02 18:11:53,855 [INFO] PluginManage:310 - Check plugin filemanager
2024-02-02 18:11:53,996 [INFO] PluginManage:359 - Loaded plugin filemanager (category:base,tabindex:10)
2024-02-02 18:11:53,996 [INFO] PluginManage:310 - Check plugin ipmanager
2024-02-02 18:11:54,003 [INFO] PluginManage:359 - Loaded plugin ipmanager (category:base,tabindex:5)
2024-02-02 18:11:54,004 [INFO] PluginManage:310 - Check plugin lpbam
2024-02-02 18:11:54,020 [INFO] PluginManage:359 - Loaded plugin lpbam (category:base,tabindex:0)
2024-02-02 18:11:54,020 [INFO] PluginManage:310 - Check plugin memorymap
2024-02-02 18:11:54,044 [INFO] PluginManage:359 - Loaded plugin memorymap (category:base,tabindex:4)
2024-02-02 18:11:54,044 [INFO] PluginManage:310 - Check plugin pinoutandconfiguration
2024-02-02 18:11:54,060 [INFO] PluginManage:359 - Loaded plugin pinoutandconfiguration (category:base,tabindex:1)
2024-02-02 18:11:54,060 [INFO] PluginManage:310 - Check plugin pinoutconfig
2024-02-02 18:11:54,152 [WARN] SupportedApi:132 - Cannot load RTOS API schema: s4s-elt-must-match.1: The content of 'definitions' must match (annotation?, (simpleType | complexType)?, (unique | key | keyref)*)). A problem was found starting at: attribute.
2024-02-02 18:11:54,299 [INFO] PluginManage:359 - Loaded plugin pinoutconfig (category:base,tabindex:0)
2024-02-02 18:11:54,299 [INFO] PluginManage:310 - Check plugin power
2024-02-02 18:11:54,322 [INFO] PluginManage:359 - Loaded plugin power (category:power,tabindex:4)
2024-02-02 18:11:54,322 [INFO] PluginManage:310 - Check plugin projectmanager
2024-02-02 18:11:54,336 [INFO] PluginManage:359 - Loaded plugin projectmanager (category:projectmanager,tabindex:3)
2024-02-02 18:11:54,336 [INFO] PluginManage:310 - Check plugin thirdparty
2024-02-02 18:11:54,592 [INFO] PluginManage:359 - Loaded plugin thirdparty (category:base,tabindex:-1)
2024-02-02 18:11:54,592 [WARN] IntegrityCheckThread:84 - waiting for thirdparty lock release [integrity check]
2024-02-02 18:11:54,592 [INFO] PluginManage:310 - Check plugin tools
2024-02-02 18:11:54,592 [INFO] IntegrityCheckThread:86 - entering critical section [integrity check]
2024-02-02 18:11:54,593 [INFO] ThirdPartyUpdaterWithRetryManager:70 - Updater plugin not ready yet. [1/15]
2024-02-02 18:11:54,621 [INFO] PluginManage:359 - Loaded plugin tools (category:base,tabindex:7)
2024-02-02 18:11:54,621 [INFO] PluginManage:310 - Check plugin tutovideos
2024-02-02 18:11:54,855 [INFO] PluginManage:359 - Loaded plugin tutovideos (category:base,tabindex:-1)
2024-02-02 18:11:54,855 [INFO] PluginManage:310 - Check plugin updater
2024-02-02 18:11:54,866 [INFO] PluginManage:359 - Loaded plugin updater (category:base,tabindex:12)
2024-02-02 18:11:54,866 [INFO] PluginManage:310 - Check plugin userauth
2024-02-02 18:11:54,873 [INFO] UserAuth:113 - Init User Auth plugin
2024-02-02 18:11:54,873 [INFO] PluginManage:359 - Loaded plugin userauth (category:base,tabindex:14)
2024-02-02 18:11:54,873 [INFO] PluginManage:283 - PluginManage : Loaded plugins [17]
2024-02-02 18:11:55,103 [INFO] PinOutPanel:1499 - setPackage(No Configuration,No Configuration)
2024-02-02 18:11:55,209 [INFO] CADModel:165 - CPN selected for project level
2024-02-02 18:11:55,209 [INFO] CADModel:114 - Register for checkConnection events
2024-02-02 18:11:55,237 [INFO] IPUIPlugin:80 - create IPUIPlugin
2024-02-02 18:11:55,237 [INFO] PluginManager:220 - loadIPPluginJar : add adc
2024-02-02 18:11:55,270 [INFO] IPUIPlugin:80 - create IPUIPlugin
2024-02-02 18:11:55,271 [INFO] PluginManager:220 - loadIPPluginJar : add aes
2024-02-02 18:11:55,306 [INFO] IPUIPlugin:80 - create IPUIPlugin
2024-02-02 18:11:55,306 [INFO] PluginManager:220 - loadIPPluginJar : add can
2024-02-02 18:11:55,325 [INFO] IPUIPlugin:80 - create IPUIPlugin
2024-02-02 18:11:55,325 [INFO] PluginManager:220 - loadIPPluginJar : add comp
2024-02-02 18:11:55,354 [INFO] IPUIPlugin:80 - create IPUIPlugin
2024-02-02 18:11:55,355 [INFO] PluginManager:220 - loadIPPluginJar : add cryp
2024-02-02 18:11:55,380 [INFO] IPUIPlugin:80 - create IPUIPlugin
2024-02-02 18:11:55,380 [INFO] PluginManager:220 - loadIPPluginJar : add dfsdm
2024-02-02 18:11:55,397 [INFO] IPUIPlugin:80 - create IPUIPlugin
2024-02-02 18:11:55,398 [INFO] PluginManager:220 - loadIPPluginJar : add dma
2024-02-02 18:11:55,433 [INFO] IPUIPlugin:80 - create IPUIPlugin
2024-02-02 18:11:55,433 [INFO] PluginManager:220 - loadIPPluginJar : add dma3
2024-02-02 18:11:55,450 [INFO] IPUIPlugin:80 - create IPUIPlugin
2024-02-02 18:11:55,450 [INFO] PluginManager:220 - loadIPPluginJar : add fatfs
2024-02-02 18:11:55,492 [INFO] IPUIPlugin:80 - create IPUIPlugin
2024-02-02 18:11:55,492 [INFO] PluginManager:220 - loadIPPluginJar : add fmc
2024-02-02 18:11:55,509 [INFO] IPUIPlugin:80 - create IPUIPlugin
2024-02-02 18:11:55,509 [INFO] PluginManager:220 - loadIPPluginJar : add freertos
2024-02-02 18:11:55,527 [INFO] IPUIPlugin:80 - create IPUIPlugin
2024-02-02 18:11:55,527 [INFO] PluginManager:220 - loadIPPluginJar : add genericplugin
2024-02-02 18:11:55,602 [INFO] IPUIPlugin:80 - create IPUIPlugin
2024-02-02 18:11:55,602 [INFO] PluginManager:220 - loadIPPluginJar : add gfxmmu
2024-02-02 18:11:55,709 [INFO] IPUIPlugin:80 - create IPUIPlugin
2024-02-02 18:11:55,709 [INFO] PluginManager:220 - loadIPPluginJar : add gic
2024-02-02 18:11:55,723 [INFO] IPUIPlugin:80 - create IPUIPlugin
2024-02-02 18:11:55,723 [INFO] PluginManager:220 - loadIPPluginJar : add gpio
2024-02-02 18:11:55,799 [INFO] IPUIPlugin:80 - create IPUIPlugin
2024-02-02 18:11:55,799 [INFO] PluginManager:220 - loadIPPluginJar : add gtzc
2024-02-02 18:11:55,826 [INFO] IPUIPlugin:80 - create IPUIPlugin
2024-02-02 18:11:55,826 [INFO] PluginManager:220 - loadIPPluginJar : add hash
2024-02-02 18:11:55,870 [INFO] IPUIPlugin:80 - create IPUIPlugin
2024-02-02 18:11:55,870 [INFO] PluginManager:220 - loadIPPluginJar : add i2c
2024-02-02 18:11:55,901 [INFO] IPUIPlugin:80 - create IPUIPlugin
2024-02-02 18:11:55,901 [INFO] PluginManager:220 - loadIPPluginJar : add i2s
2024-02-02 18:11:55,937 [INFO] IPUIPlugin:80 - create IPUIPlugin
2024-02-02 18:11:55,937 [INFO] PluginManager:220 - loadIPPluginJar : add i3c
2024-02-02 18:11:56,028 [INFO] IPUIPlugin:80 - create IPUIPlugin
2024-02-02 18:11:56,029 [INFO] PluginManager:220 - loadIPPluginJar : add ipddr
2024-02-02 18:11:56,104 [INFO] IPUIPlugin:80 - create IPUIPlugin
2024-02-02 18:11:56,104 [INFO] PluginManager:220 - loadIPPluginJar : add linkedlist
2024-02-02 18:11:56,132 [INFO] IPUIPlugin:80 - create IPUIPlugin
2024-02-02 18:11:56,132 [INFO] PluginManager:220 - loadIPPluginJar : add lorawan
2024-02-02 18:11:56,167 [INFO] IPUIPlugin:80 - create IPUIPlugin
2024-02-02 18:11:56,167 [INFO] PluginManager:220 - loadIPPluginJar : add ltdc
2024-02-02 18:11:56,184 [INFO] IPUIPlugin:80 - create IPUIPlugin
2024-02-02 18:11:56,185 [INFO] PluginManager:220 - loadIPPluginJar : add mdma
2024-02-02 18:11:56,196 [INFO] IPUIPlugin:80 - create IPUIPlugin
2024-02-02 18:11:56,196 [INFO] PluginManager:220 - loadIPPluginJar : add nvic
2024-02-02 18:11:56,226 [INFO] IPUIPlugin:80 - create IPUIPlugin
2024-02-02 18:11:56,226 [INFO] PluginManager:220 - loadIPPluginJar : add opamp
2024-02-02 18:11:56,275 [INFO] IPUIPlugin:80 - create IPUIPlugin
2024-02-02 18:11:56,275 [INFO] PluginManager:220 - loadIPPluginJar : add openamp
2024-02-02 18:11:56,310 [INFO] IPUIPlugin:80 - create IPUIPlugin
2024-02-02 18:11:56,310 [INFO] PluginManager:220 - loadIPPluginJar : add pdm2pcm
2024-02-02 18:11:56,324 [INFO] IPUIPlugin:80 - create IPUIPlugin
2024-02-02 18:11:56,326 [INFO] PluginManager:220 - loadIPPluginJar : add plateformsettings
2024-02-02 18:11:56,344 [INFO] IPUIPlugin:80 - create IPUIPlugin
2024-02-02 18:11:56,344 [INFO] PluginManager:220 - loadIPPluginJar : add quadspi
2024-02-02 18:11:56,356 [INFO] IPUIPlugin:80 - create IPUIPlugin
2024-02-02 18:11:56,356 [INFO] PluginManager:220 - loadIPPluginJar : add resmgrutility
2024-02-02 18:11:56,397 [INFO] IPUIPlugin:80 - create IPUIPlugin
2024-02-02 18:11:56,397 [INFO] PluginManager:220 - loadIPPluginJar : add sai
2024-02-02 18:11:56,427 [INFO] IPUIPlugin:80 - create IPUIPlugin
2024-02-02 18:11:56,427 [INFO] PluginManager:220 - loadIPPluginJar : add spi
2024-02-02 18:11:56,479 [INFO] IPUIPlugin:80 - create IPUIPlugin
2024-02-02 18:11:56,479 [INFO] PluginManager:220 - loadIPPluginJar : add stm32_wpan
2024-02-02 18:11:56,499 [INFO] IPUIPlugin:80 - create IPUIPlugin
2024-02-02 18:11:56,499 [INFO] PluginManager:220 - loadIPPluginJar : add tim
2024-02-02 18:11:56,546 [INFO] IPUIPlugin:80 - create IPUIPlugin
2024-02-02 18:11:56,546 [INFO] PluginManager:220 - loadIPPluginJar : add touchsensing
2024-02-02 18:11:56,566 [INFO] IPUIPlugin:80 - create IPUIPlugin
2024-02-02 18:11:56,566 [INFO] PluginManager:220 - loadIPPluginJar : add tracer_emb
2024-02-02 18:11:56,586 [INFO] IPUIPlugin:80 - create IPUIPlugin
2024-02-02 18:11:56,586 [INFO] PluginManager:220 - loadIPPluginJar : add ts
2024-02-02 18:11:56,602 [INFO] IPUIPlugin:80 - create IPUIPlugin
2024-02-02 18:11:56,602 [INFO] PluginManager:220 - loadIPPluginJar : add tsc
2024-02-02 18:11:56,621 [INFO] IPUIPlugin:80 - create IPUIPlugin
2024-02-02 18:11:56,621 [INFO] PluginManager:220 - loadIPPluginJar : add ucpd
2024-02-02 18:11:56,657 [INFO] IPUIPlugin:80 - create IPUIPlugin
2024-02-02 18:11:56,657 [INFO] PluginManager:220 - loadIPPluginJar : add usart
2024-02-02 18:11:56,692 [INFO] IPUIPlugin:80 - create IPUIPlugin
2024-02-02 18:11:56,692 [INFO] PluginManager:220 - loadIPPluginJar : add usbx
2024-02-02 18:11:56,812 [INFO] CADModel:165 - CPN selected for project level
2024-02-02 18:11:56,812 [INFO] CADModel:114 - Register for checkConnection events
2024-02-02 18:11:56,812 [FATAL] Updater:308 - Updater called before beeing initialized
2024-02-02 18:11:56,812 [ERROR] CADModel:125 - Updater not yet initialized, retry later 
2024-02-02 18:11:56,977 [INFO] CADModel:165 - CPN selected for project level
2024-02-02 18:11:56,977 [INFO] CADModel:114 - Register for checkConnection events
2024-02-02 18:11:56,977 [FATAL] Updater:308 - Updater called before beeing initialized
2024-02-02 18:11:56,978 [ERROR] CADModel:125 - Updater not yet initialized, retry later 
2024-02-02 18:11:56,981 [FATAL] Updater:308 - Updater called before beeing initialized
2024-02-02 18:11:57,082 [FATAL] Updater:308 - Updater called before beeing initialized
2024-02-02 18:11:57,094 [INFO] DbMcusAds:53 - JSON generation date=Wed Nov 29 16:22:27 IST 2023 (1701255147200)
2024-02-02 18:11:57,095 [FATAL] Updater:308 - Updater called before beeing initialized
2024-02-02 18:11:57,178 [WARN] DetailPanel:346 - Failed to get advertising image, set to default
2024-02-02 18:11:57,297 [FATAL] Updater:308 - Updater called before beeing initialized
2024-02-02 18:11:57,299 [FATAL] Updater:308 - Updater called before beeing initialized
2024-02-02 18:11:57,299 [FATAL] Updater:308 - Updater called before beeing initialized
2024-02-02 18:11:57,299 [WARN] DetailPanel:346 - Failed to get advertising image, set to default
2024-02-02 18:11:57,300 [FATAL] Updater:308 - Updater called before beeing initialized
2024-02-02 18:11:57,355 [ERROR] Updater:1120 - MainUpdater not yet initialized. External WinMGr cannot be set.
2024-02-02 18:11:57,364 [INFO] Updater:1056 - Updater Version found : 6.9.1
2024-02-02 18:11:57,382 [INFO] ApplicationProperties:184 - Using Application install path: C:\ST\STM32CubeIDE_1.13.1\STM32CubeIDE\plugins\com.st.stm32cube.common.mx_6.9.1.202307191849
2024-02-02 18:11:57,564 [INFO] MainUpdater:2868 - connection check result : 10
2024-02-02 18:11:57,564 [INFO] MainUpdater:285 - Updater Check For Update Now.
2024-02-02 18:11:57,564 [INFO] MicroXplorer:498 - Change Database Version : DB.6.0.91
2024-02-02 18:11:57,580 [INFO] McuFinderGlobals:63 - Set McuFinder mode to 2 (CubeIDE integrated)
2024-02-02 18:11:57,581 [INFO] UserAuth:179 - activating auth plugin
2024-02-02 18:11:57,583 [INFO] UserAuth:393 - Internet connection configuration mode: 1
2024-02-02 18:11:57,594 [WARN] MainUpdater:1189 - Updater busy. Cannot search thirdparties
2024-02-02 18:11:57,594 [INFO] ThirdPartyUpdaterWithRetryManager:96 - Updater plugin is busy. [1/15]
2024-02-02 18:11:57,616 [INFO] JxBrowserEngine:151 - Initiate JxBrowser Engine with user profile folder
2024-02-02 18:11:57,775 [INFO] CheckServerUpdateThread:120 - End of CheckServer Thread
2024-02-02 18:12:00,083 [INFO] WebApp:157 - Instantiating new browser for Auth
2024-02-02 18:12:00,639 [INFO] WebApp:753 - Register for checkConnection events
2024-02-02 18:12:00,639 [INFO] WebApp:390 - Apply proxy settings
2024-02-02 18:12:00,639 [INFO] WebApp:475 - Chromium requires no authentication
2024-02-02 18:12:00,650 [INFO] WebApp:418 - Direct internet connection detected
2024-02-02 18:12:00,777 [WARN] PackLoader:240 - Cannot read IP mode file for STMicroelectronics.X-CUBE-SMBUS.2.1.0
2024-02-02 18:12:00,795 [WARN] PackLoader:240 - Cannot read IP mode file for STMicroelectronics.X-CUBE-TOUCHGFX.4.23.0
2024-02-02 18:12:00,844 [WARN] PackLoader:240 - Cannot read IP mode file for STMicroelectronics.X-CUBE-AZRTOS-F7.1.1.0
2024-02-02 18:12:00,864 [WARN] PackLoader:240 - Cannot read IP mode file for STMicroelectronics.FP-SNS-MOTENV1.4.3.2
2024-02-02 18:12:00,880 [WARN] PackLoader:240 - Cannot read IP mode file for STMicroelectronics.FP-SNS-FLIGHT1.5.0.2
2024-02-02 18:12:00,893 [INFO] WebApp:188 - Starting web application
2024-02-02 18:12:00,894 [INFO] WebApp:520 - Web application path used C:\ST\STM32CubeIDE_1.13.1\STM32CubeIDE\plugins\com.st.stm32cube.common.mx_6.9.1.202307191849\db\plugins\mcufinder\reactClient1\index.html
2024-02-02 18:12:00,896 [WARN] PackLoader:240 - Cannot read IP mode file for STMicroelectronics.X-CUBE-DISPLAY.3.0.0
2024-02-02 18:12:00,919 [WARN] PackLoader:240 - Cannot read IP mode file for STMicroelectronics.X-CUBE-BLE1.7.0.0
2024-02-02 18:12:00,935 [WARN] PackLoader:240 - Cannot read IP mode file for emotas.I-CUBE-CANOPEN.1.3.0
2024-02-02 18:12:00,947 [WARN] PackLoader:240 - Cannot read IP mode file for STMicroelectronics.X-CUBE-TOUCHGFX.4.22.0
2024-02-02 18:12:00,958 [WARN] PackLoader:240 - Cannot read IP mode file for STMicroelectronics.X-CUBE-TOUCHGFX.4.22.1
2024-02-02 18:12:00,970 [WARN] PackLoader:240 - Cannot read IP mode file for STMicroelectronics.FP-SNS-SMARTAG2.1.2.0
2024-02-02 18:12:00,988 [INFO] LogOutputStream:77 - [STDOUT_REDIRECT] 1 : Invalid condition id : UX_CORESTACK_Condition cause : null
2024-02-02 18:12:00,989 [INFO] LogOutputStream:77 - [STDOUT_REDIRECT] 1 : Invalid condition id : UX_CORESTACK_Condition cause : null
2024-02-02 18:12:00,990 [INFO] LogOutputStream:77 - [STDOUT_REDIRECT] 1 : Invalid condition id : UX_CORESTACK_Condition cause : null
2024-02-02 18:12:00,991 [INFO] LogOutputStream:77 - [STDOUT_REDIRECT] 1 : Invalid condition id : UX_CORESTACK_Condition cause : null
2024-02-02 18:12:00,991 [INFO] LogOutputStream:77 - [STDOUT_REDIRECT] 1 : Invalid condition id : UX_CORESTACK_Condition cause : null
2024-02-02 18:12:00,993 [WARN] PackLoader:240 - Cannot read IP mode file for STMicroelectronics.X-CUBE-AZRTOS-WL.2.0.0
2024-02-02 18:12:01,011 [WARN] PackLoader:240 - Cannot read IP mode file for WES.I-CUBE-Cesium.1.3.0
2024-02-02 18:12:01,024 [WARN] PackLoader:240 - Cannot read IP mode file for STMicroelectronics.X-CUBE-BLE2.3.3.0
2024-02-02 18:12:01,041 [WARN] PackLoader:240 - Cannot read IP mode file for STMicroelectronics.X-CUBE-ALGOBUILD.1.3.0
2024-02-02 18:12:01,070 [WARN] PackLoader:240 - Cannot read IP mode file for STMicroelectronics.X-CUBE-AZRTOS-G0.1.1.0
2024-02-02 18:12:01,086 [WARN] PackLoader:240 - Cannot read IP mode file for STMicroelectronics.X-CUBE-NFC4.3.0.0
2024-02-02 18:12:01,105 [WARN] PackLoader:240 - Cannot read IP mode file for STMicroelectronics.X-CUBE-BLEMGR.3.0.0
2024-02-02 18:12:01,119 [WARN] PackLoader:240 - Cannot read IP mode file for STMicroelectronics.FP-ATR-SIGFOX1.3.2.0
2024-02-02 18:12:01,132 [WARN] PackLoader:240 - Cannot read IP mode file for STMicroelectronics.X-CUBE-EEPRMA1.5.1.0
2024-02-02 18:12:01,180 [WARN] PackLoader:240 - Cannot read IP mode file for SEGGER.I-CUBE-embOS.1.3.1
2024-02-02 18:12:01,264 [WARN] PackLoader:240 - Cannot read IP mode file for STMicroelectronics.X-CUBE-GNSS1.6.0.0
2024-02-02 18:12:01,294 [WARN] PackLoader:240 - Cannot read IP mode file for STMicroelectronics.X-CUBE-AZRTOS-F4.1.1.0
2024-02-02 18:12:01,309 [WARN] PackLoader:240 - Cannot read IP mode file for wolfSSL.I-CUBE-wolfSSL.5.6.3
2024-02-02 18:12:01,337 [WARN] PackLoader:240 - Cannot read IP mode file for STMicroelectronics.X-CUBE-AZRTOS-L5.2.0.0
2024-02-02 18:12:01,386 [WARN] PackLoader:240 - Cannot read IP mode file for STMicroelectronics.X-CUBE-MEMS1.9.6.0
2024-02-02 18:12:01,507 [WARN] PackLoader:240 - Cannot read IP mode file for STMicroelectronics.X-CUBE-EEPRMA1.4.2.0
2024-02-02 18:12:01,520 [WARN] PackLoader:240 - Cannot read IP mode file for ITTIA_DB.I-CUBE-ITTIADB.8.8.0
2024-02-02 18:12:01,533 [WARN] PackLoader:240 - Cannot read IP mode file for STMicroelectronics.X-CUBE-BLEMGR.2.0.0
2024-02-02 18:12:01,557 [WARN] ConditionMgr:438 - getConditionDescription Invalid condition id : UX DEVICE CLASS RTOS Condition cause : null
2024-02-02 18:12:01,557 [WARN] ConditionMgr:438 - getConditionDescription Invalid condition id : UX DEVICE CLASS RTOS Condition cause : null
2024-02-02 18:12:01,559 [WARN] PackLoader:240 - Cannot read IP mode file for STMicroelectronics.X-CUBE-AZRTOS-H7.3.1.0
2024-02-02 18:12:01,560 [WARN] ConditionMgr:1039 - genDependencies : Invalid condition id : UX DEVICE CLASS RTOS Condition cause : null
2024-02-02 18:12:01,560 [WARN] ConditionMgr:1039 - genDependencies : Invalid condition id : UX DEVICE CLASS RTOS Condition cause : null
2024-02-02 18:12:01,561 [WARN] ConditionMgr:1039 - genDependencies : Invalid condition id : UX DEVICE CLASS RTOS Condition cause : null
2024-02-02 18:12:01,561 [WARN] ConditionMgr:1039 - genDependencies : Invalid condition id : UX DEVICE CLASS RTOS Condition cause : null
2024-02-02 18:12:01,561 [WARN] ConditionMgr:1039 - genDependencies : Invalid condition id : UX DEVICE CLASS RTOS Condition cause : null
2024-02-02 18:12:01,575 [WARN] PackLoader:240 - Cannot read IP mode file for STMicroelectronics.X-CUBE-NFC7.1.0.1
2024-02-02 18:12:01,590 [WARN] PackLoader:240 - Cannot read IP mode file for STMicroelectronics.X-CUBE-NFC6.3.0.0
2024-02-02 18:12:01,602 [WARN] PackLoader:240 - Cannot read IP mode file for STMicroelectronics.X-CUBE-EEPRMA1.4.1.0
2024-02-02 18:12:01,615 [WARN] PackLoader:240 - Cannot read IP mode file for STMicroelectronics.X-CUBE-AI.8.1.0
2024-02-02 18:12:01,642 [WARN] ConditionMgr:438 - getConditionDescription Invalid condition id : LAN8742 Phy interface Condition cause : null
2024-02-02 18:12:01,643 [WARN] PackLoader:240 - Cannot read IP mode file for STMicroelectronics.X-CUBE-AZRTOS-L4.2.0.0
2024-02-02 18:12:01,644 [WARN] ConditionMgr:1039 - genDependencies : Invalid condition id : LAN8742 Phy interface Condition cause : null
2024-02-02 18:12:01,644 [WARN] ConditionMgr:1039 - genDependencies : Invalid condition id : LAN8742 Phy interface Condition cause : null
2024-02-02 18:12:01,644 [WARN] ConditionMgr:1039 - genDependencies : Invalid condition id : LAN8742 Phy interface Condition cause : null
2024-02-02 18:12:01,657 [WARN] PackLoader:240 - Cannot read IP mode file for STMicroelectronics.X-CUBE-SFXS2LP1.4.0.0
2024-02-02 18:12:01,669 [WARN] PackLoader:240 - Cannot read IP mode file for STMicroelectronics.X-CUBE-ISPU.1.1.0
2024-02-02 18:12:01,692 [WARN] ConditionMgr:438 - getConditionDescription Invalid condition id : UX DEVICE CLASS RTOS Condition cause : null
2024-02-02 18:12:01,692 [WARN] ConditionMgr:438 - getConditionDescription Invalid condition id : UX DEVICE CLASS RTOS Condition cause : null
2024-02-02 18:12:01,693 [WARN] PackLoader:240 - Cannot read IP mode file for STMicroelectronics.X-CUBE-AZRTOS-WB.2.0.0
2024-02-02 18:12:01,693 [WARN] ConditionMgr:1039 - genDependencies : Invalid condition id : UX DEVICE CLASS RTOS Condition cause : null
2024-02-02 18:12:01,694 [WARN] ConditionMgr:1039 - genDependencies : Invalid condition id : UX DEVICE CLASS RTOS Condition cause : null
2024-02-02 18:12:01,694 [WARN] ConditionMgr:1039 - genDependencies : Invalid condition id : UX DEVICE CLASS RTOS Condition cause : null
2024-02-02 18:12:01,694 [WARN] ConditionMgr:1039 - genDependencies : Invalid condition id : UX DEVICE CLASS RTOS Condition cause : null
2024-02-02 18:12:01,694 [WARN] ConditionMgr:1039 - genDependencies : Invalid condition id : UX DEVICE CLASS RTOS Condition cause : null
2024-02-02 18:12:01,706 [WARN] PackLoader:240 - Cannot read IP mode file for STMicroelectronics.X-CUBE-FREERTOS.1.0.1
2024-02-02 18:12:01,722 [WARN] PackLoader:240 - Cannot read IP mode file for STMicroelectronics.X-CUBE-SUBG2.5.0.0
2024-02-02 18:12:01,740 [WARN] PackLoader:240 - Cannot read IP mode file for STMicroelectronics.X-CUBE-TOF1.3.3.1
2024-02-02 18:12:01,769 [WARN] PackLoader:240 - Cannot read IP mode file for STMicroelectronics.X-CUBE-AZRTOS-G4.2.0.0
2024-02-02 18:12:01,795 [WARN] PackLoader:240 - Cannot read IP mode file for Infineon.AIROC-Wi-Fi-Bluetooth-STM32.1.5.1
2024-02-02 18:12:01,812 [WARN] PackLoader:240 - Cannot read IP mode file for STMicroelectronics.FP-SNS-MOTENVWB1.1.3.1
2024-02-02 18:12:01,827 [WARN] PackLoader:240 - Cannot read IP mode file for STMicroelectronics.X-CUBE-ISPU.2.0.0
2024-02-02 18:12:01,864 [WARN] PackLoader:240 - Cannot read IP mode file for STMicroelectronics.X-CUBE-MEMS1.10.0.0
2024-02-02 18:12:01,933 [WARN] PackLoader:240 - Cannot read IP mode file for STMicroelectronics.X-CUBE-FREERTOS.1.1.0
2024-02-02 18:12:01,945 [WARN] PackLoader:240 - Cannot read IP mode file for portGmbH.I-Cube-SoM-uGOAL.1.1.0
2024-02-02 18:12:01,955 [WARN] PackLoader:240 - Cannot read IP mode file for STMicroelectronics.X-CUBE-ALS.1.0.1
2024-02-02 18:12:01,965 [WARN] PackLoader:240 - Cannot read IP mode file for STMicroelectronics.FP-ATR-ASTRA1.2.0.0
2024-02-02 18:12:01,982 [WARN] PackLoader:240 - Cannot read IP mode file for STMicroelectronics.X-CUBE-TOF1.3.4.0
2024-02-02 18:12:02,015 [WARN] PackLoader:240 - Cannot read IP mode file for STMicroelectronics.X-CUBE-AZRTOS-H7.3.2.0
2024-02-02 18:12:02,017 [INFO] ThirdParty:978 - Integrity check success = true
2024-02-02 18:12:02,018 [INFO] IntegrityCheckThread:100 - exiting critical section [integrity check]
2024-02-02 18:12:02,018 [INFO] IntegrityCheckThread:103 - End integrity checks thread
2024-02-02 18:12:21,837 [ERROR] LogOutputStream:75 - [STDERR_REDIRECT] SLF4J: Failed to load class "org.slf4j.impl.StaticLoggerBinder".
2024-02-02 18:12:21,837 [ERROR] LogOutputStream:75 - [STDERR_REDIRECT] SLF4J: Defaulting to no-operation (NOP) logger implementation
2024-02-02 18:12:21,838 [ERROR] LogOutputStream:75 - [STDERR_REDIRECT] SLF4J: See http://www.slf4j.org/codes.html#StaticLoggerBinder for further details.
2024-02-02 23:00:02,967 [ERROR] LogOutputStream:75 - [STDERR_REDIRECT] 
