2024-06-19 17:52:09,893 [INFO] Activator:176 - 


2024-06-19 17:52:09,898 [INFO] Activator:177 - !SESSION log4j initialized
2024-06-19 17:52:15,479 [INFO] LogOutputStream:77 - [STDOUT_REDIRECT] 
2024-06-19 17:52:19,213 [INFO] ApplicationProperties:184 - Using Application install path: C:\ST\STM32CubeIDE_1.13.1\STM32CubeIDE\plugins\com.st.stm32cube.common.mx_6.9.1.202307191849
2024-06-19 17:52:19,241 [INFO] DbMcusXml:78 - Set database path to: C:\ST\STM32CubeIDE_1.13.1\STM32CubeIDE\plugins\com.st.stm32cube.common.mx_6.9.1.202307191849\\db\/mcu/
2024-06-19 17:52:19,241 [INFO] ApiDb:274 - Set plugin database path to: C:\ST\STM32CubeIDE_1.13.1\STM32CubeIDE\plugins\com.st.stm32cube.common.mx_6.9.1.202307191849\\db\/plugins/boardmanager/
2024-06-19 17:52:19,241 [WARN] ApiDb:259 - Overriding images path with different value:  => C:\ST\STM32CubeIDE_1.13.1\STM32CubeIDE\plugins\com.st.stm32cube.common.mx_6.9.1.202307191849\\db\/plugins/mcufinder/images/
2024-06-19 17:52:19,263 [INFO] ApiDb:250 - Set database path to: C:\Users\kunal\.stmcufinder\plugins\mcufinder//mcu/
2024-06-19 17:52:19,265 [INFO] DbMcusAds:125 - Set database path to: C:\Users\kunal\.stmcufinder\plugins\mcufinder//mcu/
2024-06-19 17:52:19,269 [INFO] CrossReferenceDbSqlite:203 - Set database path to: C:\Users\kunal\.stmcufinder\plugins\mcufinder//mcu/cs/
2024-06-19 17:52:19,446 [INFO] RulesReader:64 - Compatibility file has been processed (293 Rules)
2024-06-19 17:52:19,577 [INFO] DbMcusXml:78 - Set database path to: C:\ST\STM32CubeIDE_1.13.1\STM32CubeIDE\plugins\com.st.stm32cube.common.mx_6.9.1.202307191849\\db\/mcu/
2024-06-19 17:52:19,577 [INFO] ApiDb:274 - Set plugin database path to: C:\ST\STM32CubeIDE_1.13.1\STM32CubeIDE\plugins\com.st.stm32cube.common.mx_6.9.1.202307191849\\db\/plugins/boardmanager/
2024-06-19 17:52:19,577 [INFO] ApiDb:261 - Set plugin images path to: C:\ST\STM32CubeIDE_1.13.1\STM32CubeIDE\plugins\com.st.stm32cube.common.mx_6.9.1.202307191849\\db\/plugins/mcufinder/images/
2024-06-19 17:52:19,577 [WARN] DbFile:41 - Overriding database path with different value: C:\Users\kunal\.stmcufinder\plugins\mcufinder/ => C:\Users\kunal\.stmcufinder\plugins\mcufinder
2024-06-19 17:52:19,577 [INFO] ApiDb:250 - Set database path to: C:\Users\kunal\.stmcufinder\plugins\mcufinder//mcu/
2024-06-19 17:52:19,577 [WARN] DbFile:41 - Overriding database path with different value: C:\Users\kunal\.stmcufinder\plugins\mcufinder/ => C:\Users\kunal\.stmcufinder\plugins\mcufinder
2024-06-19 17:52:19,577 [INFO] DbMcusAds:125 - Set database path to: C:\Users\kunal\.stmcufinder\plugins\mcufinder//mcu/
2024-06-19 17:52:19,577 [WARN] DbFile:41 - Overriding database path with different value: C:\Users\kunal\.stmcufinder\plugins\mcufinder/ => C:\Users\kunal\.stmcufinder\plugins\mcufinder
2024-06-19 17:52:19,577 [WARN] DbFile:41 - Overriding database path with different value: C:\Users\kunal\.stmcufinder\plugins\mcufinder/ => C:\Users\kunal\.stmcufinder\plugins\mcufinder
2024-06-19 17:52:19,577 [INFO] CrossReferenceDbSqlite:203 - Set database path to: C:\Users\kunal\.stmcufinder\plugins\mcufinder//mcu/cs/
2024-06-19 17:52:19,696 [INFO] MainPanel:262 - HeapMemory: 268435456
2024-06-19 17:52:19,835 [INFO] DbMcusXml:78 - Set database path to: C:\ST\STM32CubeIDE_1.13.1\STM32CubeIDE\plugins\com.st.stm32cube.common.mx_6.9.1.202307191849\\db\/mcu/
2024-06-19 17:52:19,835 [INFO] ApiDb:274 - Set plugin database path to: C:\ST\STM32CubeIDE_1.13.1\STM32CubeIDE\plugins\com.st.stm32cube.common.mx_6.9.1.202307191849\\db\/plugins/boardmanager/
2024-06-19 17:52:19,835 [INFO] ApiDb:261 - Set plugin images path to: C:\ST\STM32CubeIDE_1.13.1\STM32CubeIDE\plugins\com.st.stm32cube.common.mx_6.9.1.202307191849\\db\/plugins/mcufinder/images/
2024-06-19 17:52:19,835 [WARN] DbFile:41 - Overriding database path with different value: C:\Users\kunal\.stmcufinder\plugins\mcufinder/ => C:\Users\kunal\.stmcufinder\plugins\mcufinder
2024-06-19 17:52:19,835 [INFO] ApiDb:250 - Set database path to: C:\Users\kunal\.stmcufinder\plugins\mcufinder//mcu/
2024-06-19 17:52:19,835 [WARN] DbFile:41 - Overriding database path with different value: C:\Users\kunal\.stmcufinder\plugins\mcufinder/ => C:\Users\kunal\.stmcufinder\plugins\mcufinder
2024-06-19 17:52:19,835 [INFO] DbMcusAds:125 - Set database path to: C:\Users\kunal\.stmcufinder\plugins\mcufinder//mcu/
2024-06-19 17:52:19,835 [WARN] DbFile:41 - Overriding database path with different value: C:\Users\kunal\.stmcufinder\plugins\mcufinder/ => C:\Users\kunal\.stmcufinder\plugins\mcufinder
2024-06-19 17:52:19,835 [WARN] DbFile:41 - Overriding database path with different value: C:\Users\kunal\.stmcufinder\plugins\mcufinder/ => C:\Users\kunal\.stmcufinder\plugins\mcufinder
2024-06-19 17:52:19,835 [INFO] CrossReferenceDbSqlite:203 - Set database path to: C:\Users\kunal\.stmcufinder\plugins\mcufinder//mcu/cs/
2024-06-19 17:52:19,863 [INFO] ApplicationProperties:184 - Using Application install path: C:\ST\STM32CubeIDE_1.13.1\STM32CubeIDE\plugins\com.st.stm32cube.common.mx_6.9.1.202307191849
2024-06-19 17:52:19,867 [INFO] PluginManage:196 - Search for loadable plugins [exclusion list=, ]
2024-06-19 17:52:19,871 [INFO] PluginManage:310 - Check plugin analytics
2024-06-19 17:52:20,160 [INFO] AnalyticsPlugin:253 - Accepted Software Licenses: 
2024-06-19 17:52:20,160 [INFO] AnalyticsPlugin:255 - Accepted CMSIS Pack Licenses: 
2024-06-19 17:52:20,160 [INFO] AnalyticsPlugin:257 - Accepted Firmware Licenses: FW.F4.1.27.0
2024-06-19 17:52:20,164 [INFO] PluginManage:359 - Loaded plugin analytics (category:tool,tabindex:-1)
2024-06-19 17:52:20,164 [INFO] PluginManage:310 - Check plugin cadmodel
2024-06-19 17:52:20,189 [INFO] CADModel:105 - Init CAD model plugin
2024-06-19 17:52:20,189 [INFO] PluginManage:359 - Loaded plugin cadmodel (category:power,tabindex:5)
2024-06-19 17:52:20,189 [INFO] PluginManage:310 - Check plugin clock
2024-06-19 17:52:20,226 [INFO] PluginManage:359 - Loaded plugin clock (category:base,tabindex:2)
2024-06-19 17:52:20,226 [INFO] PluginManage:310 - Check plugin ddr
2024-06-19 17:52:20,229 [INFO] PluginManage:359 - Loaded plugin ddr (category:tool,tabindex:6)
2024-06-19 17:52:20,229 [INFO] PluginManage:310 - Check plugin filemanager
2024-06-19 17:52:20,439 [INFO] PluginManage:359 - Loaded plugin filemanager (category:base,tabindex:10)
2024-06-19 17:52:20,439 [INFO] PluginManage:310 - Check plugin ipmanager
2024-06-19 17:52:20,453 [INFO] PluginManage:359 - Loaded plugin ipmanager (category:base,tabindex:5)
2024-06-19 17:52:20,453 [INFO] PluginManage:310 - Check plugin lpbam
2024-06-19 17:52:20,481 [INFO] PluginManage:359 - Loaded plugin lpbam (category:base,tabindex:0)
2024-06-19 17:52:20,481 [INFO] PluginManage:310 - Check plugin memorymap
2024-06-19 17:52:20,519 [INFO] PluginManage:359 - Loaded plugin memorymap (category:base,tabindex:4)
2024-06-19 17:52:20,520 [INFO] PluginManage:310 - Check plugin pinoutandconfiguration
2024-06-19 17:52:20,550 [INFO] PluginManage:359 - Loaded plugin pinoutandconfiguration (category:base,tabindex:1)
2024-06-19 17:52:20,550 [INFO] PluginManage:310 - Check plugin pinoutconfig
2024-06-19 17:52:20,697 [WARN] SupportedApi:132 - Cannot load RTOS API schema: s4s-elt-must-match.1: The content of 'definitions' must match (annotation?, (simpleType | complexType)?, (unique | key | keyref)*)). A problem was found starting at: attribute.
2024-06-19 17:52:20,887 [INFO] PluginManage:359 - Loaded plugin pinoutconfig (category:base,tabindex:0)
2024-06-19 17:52:20,887 [INFO] PluginManage:310 - Check plugin power
2024-06-19 17:52:20,915 [INFO] PluginManage:359 - Loaded plugin power (category:power,tabindex:4)
2024-06-19 17:52:20,915 [INFO] PluginManage:310 - Check plugin projectmanager
2024-06-19 17:52:20,937 [INFO] PluginManage:359 - Loaded plugin projectmanager (category:projectmanager,tabindex:3)
2024-06-19 17:52:20,937 [INFO] PluginManage:310 - Check plugin thirdparty
2024-06-19 17:52:21,339 [INFO] PluginManage:359 - Loaded plugin thirdparty (category:base,tabindex:-1)
2024-06-19 17:52:21,339 [INFO] PluginManage:310 - Check plugin tools
2024-06-19 17:52:21,339 [WARN] IntegrityCheckThread:84 - waiting for thirdparty lock release [integrity check]
2024-06-19 17:52:21,339 [INFO] IntegrityCheckThread:86 - entering critical section [integrity check]
2024-06-19 17:52:21,340 [INFO] ThirdPartyUpdaterWithRetryManager:70 - Updater plugin not ready yet. [1/15]
2024-06-19 17:52:21,389 [INFO] PluginManage:359 - Loaded plugin tools (category:base,tabindex:7)
2024-06-19 17:52:21,389 [INFO] PluginManage:310 - Check plugin tutovideos
2024-06-19 17:52:21,685 [INFO] PluginManage:359 - Loaded plugin tutovideos (category:base,tabindex:-1)
2024-06-19 17:52:21,685 [INFO] PluginManage:310 - Check plugin updater
2024-06-19 17:52:21,703 [INFO] PluginManage:359 - Loaded plugin updater (category:base,tabindex:12)
2024-06-19 17:52:21,703 [INFO] PluginManage:310 - Check plugin userauth
2024-06-19 17:52:21,712 [INFO] UserAuth:113 - Init User Auth plugin
2024-06-19 17:52:21,712 [INFO] PluginManage:359 - Loaded plugin userauth (category:base,tabindex:14)
2024-06-19 17:52:21,713 [INFO] PluginManage:283 - PluginManage : Loaded plugins [17]
2024-06-19 17:52:22,016 [INFO] PinOutPanel:1499 - setPackage(No Configuration,No Configuration)
2024-06-19 17:52:22,156 [INFO] CADModel:165 - CPN selected for project level
2024-06-19 17:52:22,156 [INFO] CADModel:114 - Register for checkConnection events
2024-06-19 17:52:22,188 [INFO] IPUIPlugin:80 - create IPUIPlugin
2024-06-19 17:52:22,189 [INFO] PluginManager:220 - loadIPPluginJar : add adc
2024-06-19 17:52:22,231 [INFO] IPUIPlugin:80 - create IPUIPlugin
2024-06-19 17:52:22,231 [INFO] PluginManager:220 - loadIPPluginJar : add aes
2024-06-19 17:52:22,277 [INFO] IPUIPlugin:80 - create IPUIPlugin
2024-06-19 17:52:22,277 [INFO] PluginManager:220 - loadIPPluginJar : add can
2024-06-19 17:52:22,304 [INFO] IPUIPlugin:80 - create IPUIPlugin
2024-06-19 17:52:22,305 [INFO] PluginManager:220 - loadIPPluginJar : add comp
2024-06-19 17:52:22,353 [INFO] IPUIPlugin:80 - create IPUIPlugin
2024-06-19 17:52:22,353 [INFO] PluginManager:220 - loadIPPluginJar : add cryp
2024-06-19 17:52:22,390 [INFO] IPUIPlugin:80 - create IPUIPlugin
2024-06-19 17:52:22,390 [INFO] PluginManager:220 - loadIPPluginJar : add dfsdm
2024-06-19 17:52:22,404 [INFO] IPUIPlugin:80 - create IPUIPlugin
2024-06-19 17:52:22,406 [INFO] PluginManager:220 - loadIPPluginJar : add dma
2024-06-19 17:52:22,452 [INFO] IPUIPlugin:80 - create IPUIPlugin
2024-06-19 17:52:22,452 [INFO] PluginManager:220 - loadIPPluginJar : add dma3
2024-06-19 17:52:22,473 [INFO] IPUIPlugin:80 - create IPUIPlugin
2024-06-19 17:52:22,473 [INFO] PluginManager:220 - loadIPPluginJar : add fatfs
2024-06-19 17:52:22,524 [INFO] IPUIPlugin:80 - create IPUIPlugin
2024-06-19 17:52:22,524 [INFO] PluginManager:220 - loadIPPluginJar : add fmc
2024-06-19 17:52:22,542 [INFO] IPUIPlugin:80 - create IPUIPlugin
2024-06-19 17:52:22,542 [INFO] PluginManager:220 - loadIPPluginJar : add freertos
2024-06-19 17:52:22,563 [INFO] IPUIPlugin:80 - create IPUIPlugin
2024-06-19 17:52:22,563 [INFO] PluginManager:220 - loadIPPluginJar : add genericplugin
2024-06-19 17:52:22,668 [INFO] IPUIPlugin:80 - create IPUIPlugin
2024-06-19 17:52:22,668 [INFO] PluginManager:220 - loadIPPluginJar : add gfxmmu
2024-06-19 17:52:22,806 [INFO] IPUIPlugin:80 - create IPUIPlugin
2024-06-19 17:52:22,806 [INFO] PluginManager:220 - loadIPPluginJar : add gic
2024-06-19 17:52:22,820 [INFO] IPUIPlugin:80 - create IPUIPlugin
2024-06-19 17:52:22,820 [INFO] PluginManager:220 - loadIPPluginJar : add gpio
2024-06-19 17:52:22,911 [INFO] IPUIPlugin:80 - create IPUIPlugin
2024-06-19 17:52:22,911 [INFO] PluginManager:220 - loadIPPluginJar : add gtzc
2024-06-19 17:52:22,945 [INFO] IPUIPlugin:80 - create IPUIPlugin
2024-06-19 17:52:22,945 [INFO] PluginManager:220 - loadIPPluginJar : add hash
2024-06-19 17:52:22,999 [INFO] IPUIPlugin:80 - create IPUIPlugin
2024-06-19 17:52:22,999 [INFO] PluginManager:220 - loadIPPluginJar : add i2c
2024-06-19 17:52:23,041 [INFO] IPUIPlugin:80 - create IPUIPlugin
2024-06-19 17:52:23,041 [INFO] PluginManager:220 - loadIPPluginJar : add i2s
2024-06-19 17:52:23,091 [INFO] IPUIPlugin:80 - create IPUIPlugin
2024-06-19 17:52:23,091 [INFO] PluginManager:220 - loadIPPluginJar : add i3c
2024-06-19 17:52:23,209 [INFO] IPUIPlugin:80 - create IPUIPlugin
2024-06-19 17:52:23,209 [INFO] PluginManager:220 - loadIPPluginJar : add ipddr
2024-06-19 17:52:23,303 [INFO] IPUIPlugin:80 - create IPUIPlugin
2024-06-19 17:52:23,303 [INFO] PluginManager:220 - loadIPPluginJar : add linkedlist
2024-06-19 17:52:23,341 [INFO] IPUIPlugin:80 - create IPUIPlugin
2024-06-19 17:52:23,341 [INFO] PluginManager:220 - loadIPPluginJar : add lorawan
2024-06-19 17:52:23,381 [INFO] IPUIPlugin:80 - create IPUIPlugin
2024-06-19 17:52:23,381 [INFO] PluginManager:220 - loadIPPluginJar : add ltdc
2024-06-19 17:52:23,397 [INFO] IPUIPlugin:80 - create IPUIPlugin
2024-06-19 17:52:23,397 [INFO] PluginManager:220 - loadIPPluginJar : add mdma
2024-06-19 17:52:23,410 [INFO] IPUIPlugin:80 - create IPUIPlugin
2024-06-19 17:52:23,410 [INFO] PluginManager:220 - loadIPPluginJar : add nvic
2024-06-19 17:52:23,447 [INFO] IPUIPlugin:80 - create IPUIPlugin
2024-06-19 17:52:23,447 [INFO] PluginManager:220 - loadIPPluginJar : add opamp
2024-06-19 17:52:23,515 [INFO] IPUIPlugin:80 - create IPUIPlugin
2024-06-19 17:52:23,515 [INFO] PluginManager:220 - loadIPPluginJar : add openamp
2024-06-19 17:52:23,558 [INFO] IPUIPlugin:80 - create IPUIPlugin
2024-06-19 17:52:23,558 [INFO] PluginManager:220 - loadIPPluginJar : add pdm2pcm
2024-06-19 17:52:23,577 [INFO] IPUIPlugin:80 - create IPUIPlugin
2024-06-19 17:52:23,577 [INFO] PluginManager:220 - loadIPPluginJar : add plateformsettings
2024-06-19 17:52:23,600 [INFO] IPUIPlugin:80 - create IPUIPlugin
2024-06-19 17:52:23,600 [INFO] PluginManager:220 - loadIPPluginJar : add quadspi
2024-06-19 17:52:23,611 [INFO] IPUIPlugin:80 - create IPUIPlugin
2024-06-19 17:52:23,611 [INFO] PluginManager:220 - loadIPPluginJar : add resmgrutility
2024-06-19 17:52:23,659 [INFO] IPUIPlugin:80 - create IPUIPlugin
2024-06-19 17:52:23,659 [INFO] PluginManager:220 - loadIPPluginJar : add sai
2024-06-19 17:52:23,704 [INFO] IPUIPlugin:80 - create IPUIPlugin
2024-06-19 17:52:23,704 [INFO] PluginManager:220 - loadIPPluginJar : add spi
2024-06-19 17:52:23,765 [INFO] IPUIPlugin:80 - create IPUIPlugin
2024-06-19 17:52:23,765 [INFO] PluginManager:220 - loadIPPluginJar : add stm32_wpan
2024-06-19 17:52:23,785 [INFO] IPUIPlugin:80 - create IPUIPlugin
2024-06-19 17:52:23,785 [INFO] PluginManager:220 - loadIPPluginJar : add tim
2024-06-19 17:52:23,848 [INFO] IPUIPlugin:80 - create IPUIPlugin
2024-06-19 17:52:23,848 [INFO] PluginManager:220 - loadIPPluginJar : add touchsensing
2024-06-19 17:52:23,874 [INFO] IPUIPlugin:80 - create IPUIPlugin
2024-06-19 17:52:23,874 [INFO] PluginManager:220 - loadIPPluginJar : add tracer_emb
2024-06-19 17:52:23,896 [INFO] IPUIPlugin:80 - create IPUIPlugin
2024-06-19 17:52:23,896 [INFO] PluginManager:220 - loadIPPluginJar : add ts
2024-06-19 17:52:23,920 [INFO] IPUIPlugin:80 - create IPUIPlugin
2024-06-19 17:52:23,920 [INFO] PluginManager:220 - loadIPPluginJar : add tsc
2024-06-19 17:52:23,947 [INFO] IPUIPlugin:80 - create IPUIPlugin
2024-06-19 17:52:23,947 [INFO] PluginManager:220 - loadIPPluginJar : add ucpd
2024-06-19 17:52:23,998 [INFO] IPUIPlugin:80 - create IPUIPlugin
2024-06-19 17:52:23,998 [INFO] PluginManager:220 - loadIPPluginJar : add usart
2024-06-19 17:52:24,048 [INFO] IPUIPlugin:80 - create IPUIPlugin
2024-06-19 17:52:24,048 [INFO] PluginManager:220 - loadIPPluginJar : add usbx
2024-06-19 17:52:24,186 [INFO] CADModel:165 - CPN selected for project level
2024-06-19 17:52:24,186 [INFO] CADModel:114 - Register for checkConnection events
2024-06-19 17:52:24,186 [FATAL] Updater:308 - Updater called before beeing initialized
2024-06-19 17:52:24,186 [ERROR] CADModel:125 - Updater not yet initialized, retry later 
2024-06-19 17:52:24,342 [INFO] ThirdPartyUpdaterWithRetryManager:70 - Updater plugin not ready yet. [2/15]
2024-06-19 17:52:24,374 [INFO] CADModel:165 - CPN selected for project level
2024-06-19 17:52:24,374 [INFO] CADModel:114 - Register for checkConnection events
2024-06-19 17:52:24,374 [FATAL] Updater:308 - Updater called before beeing initialized
2024-06-19 17:52:24,374 [ERROR] CADModel:125 - Updater not yet initialized, retry later 
2024-06-19 17:52:24,374 [FATAL] Updater:308 - Updater called before beeing initialized
2024-06-19 17:52:24,481 [FATAL] Updater:308 - Updater called before beeing initialized
2024-06-19 17:52:24,495 [INFO] DbMcusAds:53 - JSON generation date=Wed Nov 29 16:22:27 IST 2023 (1701255147200)
2024-06-19 17:52:24,495 [FATAL] Updater:308 - Updater called before beeing initialized
2024-06-19 17:52:24,580 [WARN] DetailPanel:346 - Failed to get advertising image, set to default
2024-06-19 17:52:24,680 [FATAL] Updater:308 - Updater called before beeing initialized
2024-06-19 17:52:24,680 [FATAL] Updater:308 - Updater called before beeing initialized
2024-06-19 17:52:24,680 [FATAL] Updater:308 - Updater called before beeing initialized
2024-06-19 17:52:24,680 [WARN] DetailPanel:346 - Failed to get advertising image, set to default
2024-06-19 17:52:24,680 [FATAL] Updater:308 - Updater called before beeing initialized
2024-06-19 17:52:24,747 [ERROR] Updater:1120 - MainUpdater not yet initialized. External WinMGr cannot be set.
2024-06-19 17:52:24,750 [INFO] Updater:1056 - Updater Version found : 6.9.1
2024-06-19 17:52:24,763 [INFO] ApplicationProperties:184 - Using Application install path: C:\ST\STM32CubeIDE_1.13.1\STM32CubeIDE\plugins\com.st.stm32cube.common.mx_6.9.1.202307191849
2024-06-19 17:52:24,999 [INFO] MainUpdater:2868 - connection check result : 10
2024-06-19 17:52:24,999 [INFO] MainUpdater:3562 - Updater definition file requires update
2024-06-19 17:52:24,999 [INFO] MainUpdater:285 - Updater Check For Update Now.
2024-06-19 17:52:24,999 [INFO] MicroXplorer:498 - Change Database Version : DB.6.0.91
2024-06-19 17:52:25,034 [INFO] McuFinderGlobals:63 - Set McuFinder mode to 2 (CubeIDE integrated)
2024-06-19 17:52:25,034 [INFO] UserAuth:179 - activating auth plugin
2024-06-19 17:52:25,035 [INFO] UserAuth:393 - Internet connection configuration mode: 1
2024-06-19 17:52:25,064 [INFO] JxBrowserEngine:151 - Initiate JxBrowser Engine with user profile folder
2024-06-19 17:52:26,542 [INFO] ServerAccessManage:473 - Download File updaters.zip
2024-06-19 17:52:27,337 [INFO] FileExtend:240 - Unzip File : updaters.zip
2024-06-19 17:52:27,338 [INFO] FileExtend:255 - Standard Zip Deflate
2024-06-19 17:52:27,353 [WARN] MainUpdater:1189 - Updater busy. Cannot search thirdparties
2024-06-19 17:52:27,353 [INFO] ThirdPartyUpdaterWithRetryManager:96 - Updater plugin is busy. [1/15]
2024-06-19 17:52:28,195 [INFO] WebApp:157 - Instantiating new browser for Auth
2024-06-19 17:52:29,041 [INFO] WebApp:753 - Register for checkConnection events
2024-06-19 17:52:29,041 [INFO] WebApp:390 - Apply proxy settings
2024-06-19 17:52:29,042 [INFO] WebApp:475 - Chromium requires no authentication
2024-06-19 17:52:29,054 [INFO] WebApp:418 - Direct internet connection detected
2024-06-19 17:52:29,095 [INFO] ServerAccessManage:473 - Download File PacksControlFlags.xml
2024-06-19 17:52:29,354 [INFO] WebApp:188 - Starting web application
2024-06-19 17:52:29,354 [INFO] WebApp:520 - Web application path used C:\ST\STM32CubeIDE_1.13.1\STM32CubeIDE\plugins\com.st.stm32cube.common.mx_6.9.1.202307191849\db\plugins\mcufinder\reactClient1\index.html
2024-06-19 17:52:29,974 [INFO] ServerAccessManage:473 - Download File cubemx.pidx
2024-06-19 17:52:30,361 [WARN] MainUpdater:1189 - Updater busy. Cannot search thirdparties
2024-06-19 17:52:30,361 [INFO] ThirdPartyUpdaterWithRetryManager:96 - Updater plugin is busy. [2/15]
2024-06-19 17:52:30,535 [INFO] ServerAccessManage:473 - Download File STMicroelectronics.FP-SNS-MOTENV1.pdsc
2024-06-19 17:52:33,362 [WARN] MainUpdater:1189 - Updater busy. Cannot search thirdparties
2024-06-19 17:52:33,362 [INFO] ThirdPartyUpdaterWithRetryManager:96 - Updater plugin is busy. [3/15]
2024-06-19 17:52:34,331 [INFO] ServerAccessManage:473 - Download File STMicroelectronics.FP-SNS-MOTENVWB1.pdsc
2024-06-19 17:52:36,364 [WARN] MainUpdater:1189 - Updater busy. Cannot search thirdparties
2024-06-19 17:52:36,364 [INFO] ThirdPartyUpdaterWithRetryManager:96 - Updater plugin is busy. [4/15]
2024-06-19 17:52:36,887 [INFO] ServerAccessManage:473 - Download File STMicroelectronics.X-CUBE-AI.pdsc
2024-06-19 17:52:39,369 [WARN] MainUpdater:1189 - Updater busy. Cannot search thirdparties
2024-06-19 17:52:39,369 [INFO] ThirdPartyUpdaterWithRetryManager:96 - Updater plugin is busy. [5/15]
2024-06-19 17:52:42,378 [WARN] MainUpdater:1189 - Updater busy. Cannot search thirdparties
2024-06-19 17:52:42,378 [INFO] ThirdPartyUpdaterWithRetryManager:96 - Updater plugin is busy. [6/15]
2024-06-19 17:52:45,388 [WARN] MainUpdater:1189 - Updater busy. Cannot search thirdparties
2024-06-19 17:52:45,389 [INFO] ThirdPartyUpdaterWithRetryManager:96 - Updater plugin is busy. [7/15]
2024-06-19 17:52:46,863 [INFO] ServerAccessManage:473 - Download File STMicroelectronics.X-CUBE-ALS.pdsc
2024-06-19 17:52:48,401 [WARN] MainUpdater:1189 - Updater busy. Cannot search thirdparties
2024-06-19 17:52:48,401 [INFO] ThirdPartyUpdaterWithRetryManager:96 - Updater plugin is busy. [8/15]
2024-06-19 17:52:49,664 [INFO] ServerAccessManage:473 - Download File STMicroelectronics.X-CUBE-BLEMGR.pdsc
2024-06-19 17:52:50,865 [ERROR] LogOutputStream:75 - [STDERR_REDIRECT] SLF4J: Failed to load class "org.slf4j.impl.StaticLoggerBinder".
2024-06-19 17:52:50,865 [ERROR] LogOutputStream:75 - [STDERR_REDIRECT] SLF4J: Defaulting to no-operation (NOP) logger implementation
2024-06-19 17:52:50,866 [ERROR] LogOutputStream:75 - [STDERR_REDIRECT] SLF4J: See http://www.slf4j.org/codes.html#StaticLoggerBinder for further details.
2024-06-19 17:52:51,410 [WARN] MainUpdater:1189 - Updater busy. Cannot search thirdparties
2024-06-19 17:52:51,410 [INFO] ThirdPartyUpdaterWithRetryManager:96 - Updater plugin is busy. [9/15]
2024-06-19 17:52:54,411 [WARN] MainUpdater:1189 - Updater busy. Cannot search thirdparties
2024-06-19 17:52:54,411 [INFO] ThirdPartyUpdaterWithRetryManager:96 - Updater plugin is busy. [10/15]
2024-06-19 17:52:55,126 [INFO] ServerAccessManage:473 - Download File STMicroelectronics.X-CUBE-FREERTOS.pdsc
2024-06-19 17:52:57,427 [WARN] MainUpdater:1189 - Updater busy. Cannot search thirdparties
2024-06-19 17:52:57,427 [INFO] ThirdPartyUpdaterWithRetryManager:96 - Updater plugin is busy. [11/15]
2024-06-19 17:52:59,249 [INFO] ServerAccessManage:473 - Download File STMicroelectronics.X-CUBE-NFC6.pdsc
2024-06-19 17:53:00,443 [WARN] MainUpdater:1189 - Updater busy. Cannot search thirdparties
2024-06-19 17:53:00,443 [INFO] ThirdPartyUpdaterWithRetryManager:96 - Updater plugin is busy. [12/15]
2024-06-19 17:53:01,663 [INFO] ServerAccessManage:473 - Download File STMicroelectronics.X-CUBE-SAFEA1.pdsc
2024-06-19 17:53:03,455 [WARN] MainUpdater:1189 - Updater busy. Cannot search thirdparties
2024-06-19 17:53:03,455 [INFO] ThirdPartyUpdaterWithRetryManager:96 - Updater plugin is busy. [13/15]
2024-06-19 17:53:03,815 [INFO] ServerAccessManage:473 - Download File STMicroelectronics.X-CUBE-TCPP.pdsc
2024-06-19 17:53:05,440 [INFO] ServerAccessManage:473 - Download File STMicroelectronics.X-CUBE-TOF1.pdsc
2024-06-19 17:53:06,468 [WARN] MainUpdater:1189 - Updater busy. Cannot search thirdparties
2024-06-19 17:53:06,469 [INFO] ThirdPartyUpdaterWithRetryManager:96 - Updater plugin is busy. [14/15]
2024-06-19 17:53:09,485 [WARN] MainUpdater:1189 - Updater busy. Cannot search thirdparties
2024-06-19 17:53:09,486 [INFO] ThirdPartyUpdaterWithRetryManager:96 - Updater plugin is busy. [15/15]
2024-06-19 17:53:09,486 [ERROR] IntegrityCheckThread:130 - Cannot retrieve database content from updater: error -1
2024-06-19 17:53:09,487 [INFO] ThirdParty:978 - Integrity check success = false
2024-06-19 17:53:09,487 [INFO] IntegrityCheckThread:100 - exiting critical section [integrity check]
2024-06-19 17:53:09,487 [INFO] IntegrityCheckThread:103 - End integrity checks thread
2024-06-19 17:53:12,975 [ERROR] ServerAccessManage:1089 - Problem, file not found on Server
2024-06-19 17:53:14,640 [INFO] ServerAccessManage:473 - Download File STMicroelectronics.X-CUBE-TOUCHGFX.pdsc
2024-06-19 17:53:25,445 [INFO] ServerAccessManage:473 - Download File STMicroelectronics.X-CUBE-ALGOBUILD.pdsc
2024-06-19 17:53:29,561 [INFO] ServerAccessManage:473 - Download File STMicroelectronics.X-CUBE-AZRTOS-H7RS.pdsc
2024-06-19 17:53:33,717 [INFO] ServerAccessManage:473 - Download File wolfSSL.I-CUBE-wolfMQTT.pdsc
2024-06-19 17:53:35,203 [ERROR] ServerAccessManage:1089 - Problem, file not found on Server
2024-06-19 17:53:37,048 [INFO] ServerAccessManage:473 - Download File Cesanta.I-CUBE-Mongoose.pdsc
2024-06-19 17:53:42,165 [WARN] PackLoader:240 - Cannot read IP mode file for STMicroelectronics.FP-SNS-MOTENV1.5.0.0
2024-06-19 17:53:42,177 [WARN] PackLoader:240 - Cannot read IP mode file for STMicroelectronics.FP-SNS-MOTENVWB1.1.4.0
2024-06-19 17:53:42,187 [WARN] PackLoader:240 - Cannot read IP mode file for STMicroelectronics.X-CUBE-AI.9.0.0
2024-06-19 17:53:42,196 [WARN] PackLoader:240 - Cannot read IP mode file for STMicroelectronics.X-CUBE-ALS.1.0.2
2024-06-19 17:53:42,214 [WARN] PackLoader:240 - Cannot read IP mode file for STMicroelectronics.X-CUBE-BLEMGR.3.1.0
2024-06-19 17:53:42,230 [WARN] PackLoader:240 - Cannot read IP mode file for STMicroelectronics.X-CUBE-FREERTOS.1.2.0
2024-06-19 17:53:42,243 [WARN] PackLoader:240 - Cannot read IP mode file for STMicroelectronics.X-CUBE-NFC6.3.1.0
2024-06-19 17:53:42,256 [WARN] PackLoader:240 - Cannot read IP mode file for STMicroelectronics.X-CUBE-SAFEA1.1.2.2
2024-06-19 17:53:42,273 [WARN] PackLoader:240 - Cannot read IP mode file for STMicroelectronics.X-CUBE-TCPP.4.1.0
2024-06-19 17:53:42,305 [WARN] PackLoader:240 - Cannot read IP mode file for STMicroelectronics.X-CUBE-TOF1.3.4.1
2024-06-19 17:53:42,322 [INFO] CheckServerUpdateThread:120 - End of CheckServer Thread
2024-06-19 17:53:42,335 [WARN] PackLoader:240 - Cannot read IP mode file for STMicroelectronics.X-CUBE-TOUCHGFX.4.23.2
2024-06-19 17:53:42,345 [WARN] PackLoader:240 - Cannot read IP mode file for STMicroelectronics.X-CUBE-ALGOBUILD.1.4.0
2024-06-19 17:53:42,376 [WARN] PackLoader:240 - Cannot read IP mode file for STMicroelectronics.X-CUBE-AZRTOS-H7RS.1.0.0
2024-06-19 17:53:42,385 [WARN] PackLoader:240 - Cannot read IP mode file for wolfSSL.I-CUBE-wolfMQTT.1.19.0
2024-06-19 17:53:42,391 [WARN] PackLoader:240 - Cannot read IP mode file for Cesanta.I-CUBE-Mongoose.7.13.0
2024-06-19 17:53:42,391 [INFO] PopulateThirdPartyThread:66 - Ending populate Thread
2024-06-19 17:53:42,393 [INFO] ThirdParty:1030 - CMSIS Pack Vendor :STMicroelectronics X-CUBE-BLEMGR 3.1.0
2024-06-19 17:53:42,393 [INFO] ThirdParty:1030 - CMSIS Pack Vendor :STMicroelectronics FP-SNS-MOTENVWB1 1.4.0
2024-06-19 17:53:42,393 [INFO] ThirdParty:1030 - CMSIS Pack Vendor :STMicroelectronics X-CUBE-ALGOBUILD 1.4.0
2024-06-19 17:53:42,393 [INFO] ThirdParty:1030 - CMSIS Pack Vendor :STMicroelectronics FP-SNS-MOTENV1 5.0.0
2024-06-19 17:53:42,393 [INFO] ThirdParty:1030 - CMSIS Pack Vendor :STMicroelectronics X-CUBE-SAFEA1 1.2.2
2024-06-19 17:53:42,393 [INFO] ThirdParty:1030 - CMSIS Pack Vendor :STMicroelectronics X-CUBE-TCPP 4.1.0
2024-06-19 17:53:42,393 [INFO] ThirdParty:1030 - CMSIS Pack Vendor :STMicroelectronics X-CUBE-AZRTOS-H7RS 1.0.0
2024-06-19 17:53:42,393 [INFO] ThirdParty:1030 - CMSIS Pack Vendor :wolfSSL I-CUBE-wolfMQTT 1.19.0
2024-06-19 17:53:42,393 [INFO] ThirdParty:1030 - CMSIS Pack Vendor :STMicroelectronics X-CUBE-ALS 1.0.2
2024-06-19 17:53:42,393 [INFO] ThirdParty:1030 - CMSIS Pack Vendor :STMicroelectronics X-CUBE-FREERTOS 1.2.0
2024-06-19 17:53:42,393 [INFO] ThirdParty:1030 - CMSIS Pack Vendor :Cesanta I-CUBE-Mongoose 7.13.0
2024-06-19 17:53:42,393 [INFO] ThirdParty:1030 - CMSIS Pack Vendor :STMicroelectronics X-CUBE-AI 9.0.0
2024-06-19 17:53:42,394 [INFO] ThirdParty:1030 - CMSIS Pack Vendor :STMicroelectronics X-CUBE-TOF1 3.4.1
2024-06-19 17:53:42,394 [INFO] ThirdParty:1030 - CMSIS Pack Vendor :STMicroelectronics X-CUBE-TOUCHGFX 4.23.2
2024-06-19 17:53:42,394 [INFO] ThirdParty:1030 - CMSIS Pack Vendor :STMicroelectronics X-CUBE-NFC6 3.1.0
2024-06-19 17:53:42,394 [INFO] LoadServerUpdatesThread:373 - End of LoadServerUpdate Thread
2024-06-19 18:10:17,365 [ERROR] LogOutputStream:75 - [STDERR_REDIRECT] 
