2024-02-07 17:29:21,164 [INFO] Activator:176 - 


2024-02-07 17:29:21,176 [INFO] Activator:177 - !SESSION log4j initialized
2024-02-07 17:29:27,631 [INFO] LogOutputStream:77 - [STDOUT_REDIRECT] 
2024-02-07 17:29:31,462 [INFO] ApplicationProperties:184 - Using Application install path: C:\ST\STM32CubeIDE_1.13.1\STM32CubeIDE\plugins\com.st.stm32cube.common.mx_6.9.1.202307191849
2024-02-07 17:29:31,483 [INFO] DbMcusXml:78 - Set database path to: C:\ST\STM32CubeIDE_1.13.1\STM32CubeIDE\plugins\com.st.stm32cube.common.mx_6.9.1.202307191849\\db\/mcu/
2024-02-07 17:29:31,484 [INFO] ApiDb:274 - Set plugin database path to: C:\ST\STM32CubeIDE_1.13.1\STM32CubeIDE\plugins\com.st.stm32cube.common.mx_6.9.1.202307191849\\db\/plugins/boardmanager/
2024-02-07 17:29:31,484 [WARN] ApiDb:259 - Overriding images path with different value:  => C:\ST\STM32CubeIDE_1.13.1\STM32CubeIDE\plugins\com.st.stm32cube.common.mx_6.9.1.202307191849\\db\/plugins/mcufinder/images/
2024-02-07 17:29:31,500 [INFO] ApiDb:250 - Set database path to: C:\Users\kunal\.stmcufinder\plugins\mcufinder//mcu/
2024-02-07 17:29:31,502 [INFO] DbMcusAds:125 - Set database path to: C:\Users\kunal\.stmcufinder\plugins\mcufinder//mcu/
2024-02-07 17:29:31,503 [INFO] CrossReferenceDbSqlite:203 - Set database path to: C:\Users\kunal\.stmcufinder\plugins\mcufinder//mcu/cs/
2024-02-07 17:29:31,683 [INFO] RulesReader:64 - Compatibility file has been processed (293 Rules)
2024-02-07 17:29:31,795 [INFO] DbMcusXml:78 - Set database path to: C:\ST\STM32CubeIDE_1.13.1\STM32CubeIDE\plugins\com.st.stm32cube.common.mx_6.9.1.202307191849\\db\/mcu/
2024-02-07 17:29:31,795 [INFO] ApiDb:274 - Set plugin database path to: C:\ST\STM32CubeIDE_1.13.1\STM32CubeIDE\plugins\com.st.stm32cube.common.mx_6.9.1.202307191849\\db\/plugins/boardmanager/
2024-02-07 17:29:31,795 [INFO] ApiDb:261 - Set plugin images path to: C:\ST\STM32CubeIDE_1.13.1\STM32CubeIDE\plugins\com.st.stm32cube.common.mx_6.9.1.202307191849\\db\/plugins/mcufinder/images/
2024-02-07 17:29:31,796 [WARN] DbFile:41 - Overriding database path with different value: C:\Users\kunal\.stmcufinder\plugins\mcufinder/ => C:\Users\kunal\.stmcufinder\plugins\mcufinder
2024-02-07 17:29:31,796 [INFO] ApiDb:250 - Set database path to: C:\Users\kunal\.stmcufinder\plugins\mcufinder//mcu/
2024-02-07 17:29:31,796 [WARN] DbFile:41 - Overriding database path with different value: C:\Users\kunal\.stmcufinder\plugins\mcufinder/ => C:\Users\kunal\.stmcufinder\plugins\mcufinder
2024-02-07 17:29:31,796 [INFO] DbMcusAds:125 - Set database path to: C:\Users\kunal\.stmcufinder\plugins\mcufinder//mcu/
2024-02-07 17:29:31,796 [WARN] DbFile:41 - Overriding database path with different value: C:\Users\kunal\.stmcufinder\plugins\mcufinder/ => C:\Users\kunal\.stmcufinder\plugins\mcufinder
2024-02-07 17:29:31,797 [WARN] DbFile:41 - Overriding database path with different value: C:\Users\kunal\.stmcufinder\plugins\mcufinder/ => C:\Users\kunal\.stmcufinder\plugins\mcufinder
2024-02-07 17:29:31,797 [INFO] CrossReferenceDbSqlite:203 - Set database path to: C:\Users\kunal\.stmcufinder\plugins\mcufinder//mcu/cs/
2024-02-07 17:29:31,920 [INFO] MainPanel:262 - HeapMemory: 268435456
2024-02-07 17:29:32,071 [INFO] DbMcusXml:78 - Set database path to: C:\ST\STM32CubeIDE_1.13.1\STM32CubeIDE\plugins\com.st.stm32cube.common.mx_6.9.1.202307191849\\db\/mcu/
2024-02-07 17:29:32,071 [INFO] ApiDb:274 - Set plugin database path to: C:\ST\STM32CubeIDE_1.13.1\STM32CubeIDE\plugins\com.st.stm32cube.common.mx_6.9.1.202307191849\\db\/plugins/boardmanager/
2024-02-07 17:29:32,071 [INFO] ApiDb:261 - Set plugin images path to: C:\ST\STM32CubeIDE_1.13.1\STM32CubeIDE\plugins\com.st.stm32cube.common.mx_6.9.1.202307191849\\db\/plugins/mcufinder/images/
2024-02-07 17:29:32,071 [WARN] DbFile:41 - Overriding database path with different value: C:\Users\kunal\.stmcufinder\plugins\mcufinder/ => C:\Users\kunal\.stmcufinder\plugins\mcufinder
2024-02-07 17:29:32,072 [INFO] ApiDb:250 - Set database path to: C:\Users\kunal\.stmcufinder\plugins\mcufinder//mcu/
2024-02-07 17:29:32,072 [WARN] DbFile:41 - Overriding database path with different value: C:\Users\kunal\.stmcufinder\plugins\mcufinder/ => C:\Users\kunal\.stmcufinder\plugins\mcufinder
2024-02-07 17:29:32,072 [INFO] DbMcusAds:125 - Set database path to: C:\Users\kunal\.stmcufinder\plugins\mcufinder//mcu/
2024-02-07 17:29:32,072 [WARN] DbFile:41 - Overriding database path with different value: C:\Users\kunal\.stmcufinder\plugins\mcufinder/ => C:\Users\kunal\.stmcufinder\plugins\mcufinder
2024-02-07 17:29:32,072 [WARN] DbFile:41 - Overriding database path with different value: C:\Users\kunal\.stmcufinder\plugins\mcufinder/ => C:\Users\kunal\.stmcufinder\plugins\mcufinder
2024-02-07 17:29:32,072 [INFO] CrossReferenceDbSqlite:203 - Set database path to: C:\Users\kunal\.stmcufinder\plugins\mcufinder//mcu/cs/
2024-02-07 17:29:32,096 [INFO] ApplicationProperties:184 - Using Application install path: C:\ST\STM32CubeIDE_1.13.1\STM32CubeIDE\plugins\com.st.stm32cube.common.mx_6.9.1.202307191849
2024-02-07 17:29:32,098 [INFO] PluginManage:196 - Search for loadable plugins [exclusion list=, ]
2024-02-07 17:29:32,099 [INFO] PluginManage:310 - Check plugin analytics
2024-02-07 17:29:32,340 [INFO] AnalyticsPlugin:253 - Accepted Software Licenses: 
2024-02-07 17:29:32,340 [INFO] AnalyticsPlugin:255 - Accepted CMSIS Pack Licenses: 
2024-02-07 17:29:32,340 [INFO] AnalyticsPlugin:257 - Accepted Firmware Licenses: FW.F4.1.27.0
2024-02-07 17:29:32,344 [INFO] PluginManage:359 - Loaded plugin analytics (category:tool,tabindex:-1)
2024-02-07 17:29:32,348 [INFO] PluginManage:310 - Check plugin cadmodel
2024-02-07 17:29:32,367 [INFO] CADModel:105 - Init CAD model plugin
2024-02-07 17:29:32,367 [INFO] PluginManage:359 - Loaded plugin cadmodel (category:power,tabindex:5)
2024-02-07 17:29:32,367 [INFO] PluginManage:310 - Check plugin clock
2024-02-07 17:29:32,390 [INFO] PluginManage:359 - Loaded plugin clock (category:base,tabindex:2)
2024-02-07 17:29:32,390 [INFO] PluginManage:310 - Check plugin ddr
2024-02-07 17:29:32,393 [INFO] PluginManage:359 - Loaded plugin ddr (category:tool,tabindex:6)
2024-02-07 17:29:32,393 [INFO] PluginManage:310 - Check plugin filemanager
2024-02-07 17:29:32,557 [INFO] PluginManage:359 - Loaded plugin filemanager (category:base,tabindex:10)
2024-02-07 17:29:32,557 [INFO] PluginManage:310 - Check plugin ipmanager
2024-02-07 17:29:32,567 [INFO] PluginManage:359 - Loaded plugin ipmanager (category:base,tabindex:5)
2024-02-07 17:29:32,567 [INFO] PluginManage:310 - Check plugin lpbam
2024-02-07 17:29:32,588 [INFO] PluginManage:359 - Loaded plugin lpbam (category:base,tabindex:0)
2024-02-07 17:29:32,588 [INFO] PluginManage:310 - Check plugin memorymap
2024-02-07 17:29:32,617 [INFO] PluginManage:359 - Loaded plugin memorymap (category:base,tabindex:4)
2024-02-07 17:29:32,617 [INFO] PluginManage:310 - Check plugin pinoutandconfiguration
2024-02-07 17:29:32,641 [INFO] PluginManage:359 - Loaded plugin pinoutandconfiguration (category:base,tabindex:1)
2024-02-07 17:29:32,641 [INFO] PluginManage:310 - Check plugin pinoutconfig
2024-02-07 17:29:32,760 [WARN] SupportedApi:132 - Cannot load RTOS API schema: s4s-elt-must-match.1: The content of 'definitions' must match (annotation?, (simpleType | complexType)?, (unique | key | keyref)*)). A problem was found starting at: attribute.
2024-02-07 17:29:32,928 [INFO] PluginManage:359 - Loaded plugin pinoutconfig (category:base,tabindex:0)
2024-02-07 17:29:32,928 [INFO] PluginManage:310 - Check plugin power
2024-02-07 17:29:32,956 [INFO] PluginManage:359 - Loaded plugin power (category:power,tabindex:4)
2024-02-07 17:29:32,957 [INFO] PluginManage:310 - Check plugin projectmanager
2024-02-07 17:29:32,974 [INFO] PluginManage:359 - Loaded plugin projectmanager (category:projectmanager,tabindex:3)
2024-02-07 17:29:32,974 [INFO] PluginManage:310 - Check plugin thirdparty
2024-02-07 17:29:33,309 [INFO] PluginManage:359 - Loaded plugin thirdparty (category:base,tabindex:-1)
2024-02-07 17:29:33,309 [WARN] IntegrityCheckThread:84 - waiting for thirdparty lock release [integrity check]
2024-02-07 17:29:33,309 [INFO] PluginManage:310 - Check plugin tools
2024-02-07 17:29:33,309 [INFO] IntegrityCheckThread:86 - entering critical section [integrity check]
2024-02-07 17:29:33,310 [INFO] ThirdPartyUpdaterWithRetryManager:70 - Updater plugin not ready yet. [1/15]
2024-02-07 17:29:33,349 [INFO] PluginManage:359 - Loaded plugin tools (category:base,tabindex:7)
2024-02-07 17:29:33,350 [INFO] PluginManage:310 - Check plugin tutovideos
2024-02-07 17:29:33,599 [INFO] PluginManage:359 - Loaded plugin tutovideos (category:base,tabindex:-1)
2024-02-07 17:29:33,599 [INFO] PluginManage:310 - Check plugin updater
2024-02-07 17:29:33,614 [INFO] PluginManage:359 - Loaded plugin updater (category:base,tabindex:12)
2024-02-07 17:29:33,614 [INFO] PluginManage:310 - Check plugin userauth
2024-02-07 17:29:33,620 [INFO] UserAuth:113 - Init User Auth plugin
2024-02-07 17:29:33,620 [INFO] PluginManage:359 - Loaded plugin userauth (category:base,tabindex:14)
2024-02-07 17:29:33,620 [INFO] PluginManage:283 - PluginManage : Loaded plugins [17]
2024-02-07 17:29:33,889 [INFO] PinOutPanel:1499 - setPackage(No Configuration,No Configuration)
2024-02-07 17:29:34,020 [INFO] CADModel:165 - CPN selected for project level
2024-02-07 17:29:34,020 [INFO] CADModel:114 - Register for checkConnection events
2024-02-07 17:29:34,050 [INFO] IPUIPlugin:80 - create IPUIPlugin
2024-02-07 17:29:34,050 [INFO] PluginManager:220 - loadIPPluginJar : add adc
2024-02-07 17:29:34,090 [INFO] IPUIPlugin:80 - create IPUIPlugin
2024-02-07 17:29:34,090 [INFO] PluginManager:220 - loadIPPluginJar : add aes
2024-02-07 17:29:34,137 [INFO] IPUIPlugin:80 - create IPUIPlugin
2024-02-07 17:29:34,137 [INFO] PluginManager:220 - loadIPPluginJar : add can
2024-02-07 17:29:34,161 [INFO] IPUIPlugin:80 - create IPUIPlugin
2024-02-07 17:29:34,162 [INFO] PluginManager:220 - loadIPPluginJar : add comp
2024-02-07 17:29:34,198 [INFO] IPUIPlugin:80 - create IPUIPlugin
2024-02-07 17:29:34,198 [INFO] PluginManager:220 - loadIPPluginJar : add cryp
2024-02-07 17:29:34,232 [INFO] IPUIPlugin:80 - create IPUIPlugin
2024-02-07 17:29:34,232 [INFO] PluginManager:220 - loadIPPluginJar : add dfsdm
2024-02-07 17:29:34,252 [INFO] IPUIPlugin:80 - create IPUIPlugin
2024-02-07 17:29:34,252 [INFO] PluginManager:220 - loadIPPluginJar : add dma
2024-02-07 17:29:34,300 [INFO] IPUIPlugin:80 - create IPUIPlugin
2024-02-07 17:29:34,300 [INFO] PluginManager:220 - loadIPPluginJar : add dma3
2024-02-07 17:29:34,325 [INFO] IPUIPlugin:80 - create IPUIPlugin
2024-02-07 17:29:34,325 [INFO] PluginManager:220 - loadIPPluginJar : add fatfs
2024-02-07 17:29:34,376 [INFO] IPUIPlugin:80 - create IPUIPlugin
2024-02-07 17:29:34,376 [INFO] PluginManager:220 - loadIPPluginJar : add fmc
2024-02-07 17:29:34,395 [INFO] IPUIPlugin:80 - create IPUIPlugin
2024-02-07 17:29:34,395 [INFO] PluginManager:220 - loadIPPluginJar : add freertos
2024-02-07 17:29:34,425 [INFO] IPUIPlugin:80 - create IPUIPlugin
2024-02-07 17:29:34,426 [INFO] PluginManager:220 - loadIPPluginJar : add genericplugin
2024-02-07 17:29:34,561 [INFO] IPUIPlugin:80 - create IPUIPlugin
2024-02-07 17:29:34,561 [INFO] PluginManager:220 - loadIPPluginJar : add gfxmmu
2024-02-07 17:29:34,734 [INFO] IPUIPlugin:80 - create IPUIPlugin
2024-02-07 17:29:34,735 [INFO] PluginManager:220 - loadIPPluginJar : add gic
2024-02-07 17:29:34,750 [INFO] IPUIPlugin:80 - create IPUIPlugin
2024-02-07 17:29:34,750 [INFO] PluginManager:220 - loadIPPluginJar : add gpio
2024-02-07 17:29:34,860 [INFO] IPUIPlugin:80 - create IPUIPlugin
2024-02-07 17:29:34,861 [INFO] PluginManager:220 - loadIPPluginJar : add gtzc
2024-02-07 17:29:34,898 [INFO] IPUIPlugin:80 - create IPUIPlugin
2024-02-07 17:29:34,898 [INFO] PluginManager:220 - loadIPPluginJar : add hash
2024-02-07 17:29:34,955 [INFO] IPUIPlugin:80 - create IPUIPlugin
2024-02-07 17:29:34,955 [INFO] PluginManager:220 - loadIPPluginJar : add i2c
2024-02-07 17:29:35,005 [INFO] IPUIPlugin:80 - create IPUIPlugin
2024-02-07 17:29:35,006 [INFO] PluginManager:220 - loadIPPluginJar : add i2s
2024-02-07 17:29:35,052 [INFO] IPUIPlugin:80 - create IPUIPlugin
2024-02-07 17:29:35,052 [INFO] PluginManager:220 - loadIPPluginJar : add i3c
2024-02-07 17:29:35,196 [INFO] IPUIPlugin:80 - create IPUIPlugin
2024-02-07 17:29:35,196 [INFO] PluginManager:220 - loadIPPluginJar : add ipddr
2024-02-07 17:29:35,332 [INFO] IPUIPlugin:80 - create IPUIPlugin
2024-02-07 17:29:35,332 [INFO] PluginManager:220 - loadIPPluginJar : add linkedlist
2024-02-07 17:29:35,371 [INFO] IPUIPlugin:80 - create IPUIPlugin
2024-02-07 17:29:35,371 [INFO] PluginManager:220 - loadIPPluginJar : add lorawan
2024-02-07 17:29:35,421 [INFO] IPUIPlugin:80 - create IPUIPlugin
2024-02-07 17:29:35,421 [INFO] PluginManager:220 - loadIPPluginJar : add ltdc
2024-02-07 17:29:35,440 [INFO] IPUIPlugin:80 - create IPUIPlugin
2024-02-07 17:29:35,440 [INFO] PluginManager:220 - loadIPPluginJar : add mdma
2024-02-07 17:29:35,458 [INFO] IPUIPlugin:80 - create IPUIPlugin
2024-02-07 17:29:35,460 [INFO] PluginManager:220 - loadIPPluginJar : add nvic
2024-02-07 17:29:35,499 [INFO] IPUIPlugin:80 - create IPUIPlugin
2024-02-07 17:29:35,500 [INFO] PluginManager:220 - loadIPPluginJar : add opamp
2024-02-07 17:29:35,567 [INFO] IPUIPlugin:80 - create IPUIPlugin
2024-02-07 17:29:35,567 [INFO] PluginManager:220 - loadIPPluginJar : add openamp
2024-02-07 17:29:35,622 [INFO] IPUIPlugin:80 - create IPUIPlugin
2024-02-07 17:29:35,622 [INFO] PluginManager:220 - loadIPPluginJar : add pdm2pcm
2024-02-07 17:29:35,639 [INFO] IPUIPlugin:80 - create IPUIPlugin
2024-02-07 17:29:35,641 [INFO] PluginManager:220 - loadIPPluginJar : add plateformsettings
2024-02-07 17:29:35,667 [INFO] IPUIPlugin:80 - create IPUIPlugin
2024-02-07 17:29:35,667 [INFO] PluginManager:220 - loadIPPluginJar : add quadspi
2024-02-07 17:29:35,682 [INFO] IPUIPlugin:80 - create IPUIPlugin
2024-02-07 17:29:35,682 [INFO] PluginManager:220 - loadIPPluginJar : add resmgrutility
2024-02-07 17:29:35,737 [INFO] IPUIPlugin:80 - create IPUIPlugin
2024-02-07 17:29:35,737 [INFO] PluginManager:220 - loadIPPluginJar : add sai
2024-02-07 17:29:35,778 [INFO] IPUIPlugin:80 - create IPUIPlugin
2024-02-07 17:29:35,778 [INFO] PluginManager:220 - loadIPPluginJar : add spi
2024-02-07 17:29:35,851 [INFO] IPUIPlugin:80 - create IPUIPlugin
2024-02-07 17:29:35,852 [INFO] PluginManager:220 - loadIPPluginJar : add stm32_wpan
2024-02-07 17:29:35,882 [INFO] IPUIPlugin:80 - create IPUIPlugin
2024-02-07 17:29:35,882 [INFO] PluginManager:220 - loadIPPluginJar : add tim
2024-02-07 17:29:35,944 [INFO] IPUIPlugin:80 - create IPUIPlugin
2024-02-07 17:29:35,945 [INFO] PluginManager:220 - loadIPPluginJar : add touchsensing
2024-02-07 17:29:35,970 [INFO] IPUIPlugin:80 - create IPUIPlugin
2024-02-07 17:29:35,970 [INFO] PluginManager:220 - loadIPPluginJar : add tracer_emb
2024-02-07 17:29:36,003 [INFO] IPUIPlugin:80 - create IPUIPlugin
2024-02-07 17:29:36,003 [INFO] PluginManager:220 - loadIPPluginJar : add ts
2024-02-07 17:29:36,031 [INFO] IPUIPlugin:80 - create IPUIPlugin
2024-02-07 17:29:36,031 [INFO] PluginManager:220 - loadIPPluginJar : add tsc
2024-02-07 17:29:36,062 [INFO] IPUIPlugin:80 - create IPUIPlugin
2024-02-07 17:29:36,062 [INFO] PluginManager:220 - loadIPPluginJar : add ucpd
2024-02-07 17:29:36,113 [INFO] IPUIPlugin:80 - create IPUIPlugin
2024-02-07 17:29:36,113 [INFO] PluginManager:220 - loadIPPluginJar : add usart
2024-02-07 17:29:36,163 [INFO] IPUIPlugin:80 - create IPUIPlugin
2024-02-07 17:29:36,163 [INFO] PluginManager:220 - loadIPPluginJar : add usbx
2024-02-07 17:29:36,312 [INFO] ThirdPartyUpdaterWithRetryManager:70 - Updater plugin not ready yet. [2/15]
2024-02-07 17:29:36,313 [INFO] CADModel:165 - CPN selected for project level
2024-02-07 17:29:36,314 [INFO] CADModel:114 - Register for checkConnection events
2024-02-07 17:29:36,314 [FATAL] Updater:308 - Updater called before beeing initialized
2024-02-07 17:29:36,314 [ERROR] CADModel:125 - Updater not yet initialized, retry later 
2024-02-07 17:29:36,527 [INFO] CADModel:165 - CPN selected for project level
2024-02-07 17:29:36,527 [INFO] CADModel:114 - Register for checkConnection events
2024-02-07 17:29:36,528 [FATAL] Updater:308 - Updater called before beeing initialized
2024-02-07 17:29:36,528 [ERROR] CADModel:125 - Updater not yet initialized, retry later 
2024-02-07 17:29:36,531 [FATAL] Updater:308 - Updater called before beeing initialized
2024-02-07 17:29:36,663 [FATAL] Updater:308 - Updater called before beeing initialized
2024-02-07 17:29:36,678 [INFO] DbMcusAds:53 - JSON generation date=Wed Nov 29 16:22:27 IST 2023 (1701255147200)
2024-02-07 17:29:36,678 [FATAL] Updater:308 - Updater called before beeing initialized
2024-02-07 17:29:36,788 [WARN] DetailPanel:346 - Failed to get advertising image, set to default
2024-02-07 17:29:36,929 [FATAL] Updater:308 - Updater called before beeing initialized
2024-02-07 17:29:36,931 [FATAL] Updater:308 - Updater called before beeing initialized
2024-02-07 17:29:36,932 [FATAL] Updater:308 - Updater called before beeing initialized
2024-02-07 17:29:36,932 [WARN] DetailPanel:346 - Failed to get advertising image, set to default
2024-02-07 17:29:36,933 [FATAL] Updater:308 - Updater called before beeing initialized
2024-02-07 17:29:37,019 [ERROR] Updater:1120 - MainUpdater not yet initialized. External WinMGr cannot be set.
2024-02-07 17:29:37,035 [INFO] Updater:1056 - Updater Version found : 6.9.1
2024-02-07 17:29:37,053 [INFO] ApplicationProperties:184 - Using Application install path: C:\ST\STM32CubeIDE_1.13.1\STM32CubeIDE\plugins\com.st.stm32cube.common.mx_6.9.1.202307191849
2024-02-07 17:29:37,366 [INFO] MainUpdater:2868 - connection check result : 10
2024-02-07 17:29:37,367 [INFO] MainUpdater:285 - Updater Check For Update Now.
2024-02-07 17:29:37,367 [INFO] MicroXplorer:498 - Change Database Version : DB.6.0.91
2024-02-07 17:29:37,390 [INFO] McuFinderGlobals:63 - Set McuFinder mode to 2 (CubeIDE integrated)
2024-02-07 17:29:37,391 [INFO] UserAuth:179 - activating auth plugin
2024-02-07 17:29:37,395 [INFO] UserAuth:393 - Internet connection configuration mode: 1
2024-02-07 17:29:37,428 [INFO] JxBrowserEngine:151 - Initiate JxBrowser Engine with user profile folder
2024-02-07 17:29:37,594 [INFO] CheckServerUpdateThread:120 - End of CheckServer Thread
2024-02-07 17:29:39,637 [WARN] PackLoader:240 - Cannot read IP mode file for STMicroelectronics.X-CUBE-SMBUS.2.1.0
2024-02-07 17:29:39,676 [WARN] PackLoader:240 - Cannot read IP mode file for STMicroelectronics.X-CUBE-TOUCHGFX.4.23.0
2024-02-07 17:29:39,744 [WARN] PackLoader:240 - Cannot read IP mode file for STMicroelectronics.X-CUBE-AZRTOS-F7.1.1.0
2024-02-07 17:29:39,765 [WARN] PackLoader:240 - Cannot read IP mode file for STMicroelectronics.FP-SNS-MOTENV1.4.3.2
2024-02-07 17:29:39,778 [WARN] PackLoader:240 - Cannot read IP mode file for STMicroelectronics.FP-SNS-FLIGHT1.5.0.2
2024-02-07 17:29:39,798 [WARN] PackLoader:240 - Cannot read IP mode file for STMicroelectronics.X-CUBE-DISPLAY.3.0.0
2024-02-07 17:29:39,820 [WARN] PackLoader:240 - Cannot read IP mode file for STMicroelectronics.X-CUBE-BLE1.7.0.0
2024-02-07 17:29:39,833 [WARN] PackLoader:240 - Cannot read IP mode file for emotas.I-CUBE-CANOPEN.1.3.0
2024-02-07 17:29:39,843 [WARN] PackLoader:240 - Cannot read IP mode file for STMicroelectronics.X-CUBE-TOUCHGFX.4.22.0
2024-02-07 17:29:39,853 [WARN] PackLoader:240 - Cannot read IP mode file for STMicroelectronics.X-CUBE-TOUCHGFX.4.22.1
2024-02-07 17:29:39,866 [WARN] PackLoader:240 - Cannot read IP mode file for STMicroelectronics.FP-SNS-SMARTAG2.1.2.0
2024-02-07 17:29:39,883 [INFO] WebApp:157 - Instantiating new browser for Auth
2024-02-07 17:29:39,883 [INFO] LogOutputStream:77 - [STDOUT_REDIRECT] 1 : Invalid condition id : UX_CORESTACK_Condition cause : null
2024-02-07 17:29:39,885 [INFO] LogOutputStream:77 - [STDOUT_REDIRECT] 1 : Invalid condition id : UX_CORESTACK_Condition cause : null
2024-02-07 17:29:39,886 [INFO] LogOutputStream:77 - [STDOUT_REDIRECT] 1 : Invalid condition id : UX_CORESTACK_Condition cause : null
2024-02-07 17:29:39,887 [INFO] LogOutputStream:77 - [STDOUT_REDIRECT] 1 : Invalid condition id : UX_CORESTACK_Condition cause : null
2024-02-07 17:29:39,888 [INFO] LogOutputStream:77 - [STDOUT_REDIRECT] 1 : Invalid condition id : UX_CORESTACK_Condition cause : null
2024-02-07 17:29:39,890 [WARN] PackLoader:240 - Cannot read IP mode file for STMicroelectronics.X-CUBE-AZRTOS-WL.2.0.0
2024-02-07 17:29:39,910 [WARN] PackLoader:240 - Cannot read IP mode file for WES.I-CUBE-Cesium.1.3.0
2024-02-07 17:29:39,928 [WARN] PackLoader:240 - Cannot read IP mode file for STMicroelectronics.X-CUBE-BLE2.3.3.0
2024-02-07 17:29:39,941 [WARN] PackLoader:240 - Cannot read IP mode file for STMicroelectronics.X-CUBE-ALGOBUILD.1.3.0
2024-02-07 17:29:39,968 [WARN] PackLoader:240 - Cannot read IP mode file for STMicroelectronics.X-CUBE-AZRTOS-G0.1.1.0
2024-02-07 17:29:39,986 [WARN] PackLoader:240 - Cannot read IP mode file for STMicroelectronics.X-CUBE-NFC4.3.0.0
2024-02-07 17:29:40,002 [WARN] PackLoader:240 - Cannot read IP mode file for STMicroelectronics.X-CUBE-BLEMGR.3.0.0
2024-02-07 17:29:40,015 [WARN] PackLoader:240 - Cannot read IP mode file for STMicroelectronics.FP-ATR-SIGFOX1.3.2.0
2024-02-07 17:29:40,032 [WARN] PackLoader:240 - Cannot read IP mode file for STMicroelectronics.X-CUBE-EEPRMA1.5.1.0
2024-02-07 17:29:40,080 [WARN] PackLoader:240 - Cannot read IP mode file for SEGGER.I-CUBE-embOS.1.3.1
2024-02-07 17:29:40,130 [WARN] PackLoader:240 - Cannot read IP mode file for STMicroelectronics.X-CUBE-GNSS1.6.0.0
2024-02-07 17:29:40,159 [WARN] PackLoader:240 - Cannot read IP mode file for STMicroelectronics.X-CUBE-AZRTOS-F4.1.1.0
2024-02-07 17:29:40,173 [WARN] PackLoader:240 - Cannot read IP mode file for wolfSSL.I-CUBE-wolfSSL.5.6.3
2024-02-07 17:29:40,206 [WARN] PackLoader:240 - Cannot read IP mode file for STMicroelectronics.X-CUBE-AZRTOS-L5.2.0.0
2024-02-07 17:29:40,276 [WARN] PackLoader:240 - Cannot read IP mode file for STMicroelectronics.X-CUBE-MEMS1.9.6.0
2024-02-07 17:29:40,414 [WARN] PackLoader:240 - Cannot read IP mode file for STMicroelectronics.X-CUBE-EEPRMA1.4.2.0
2024-02-07 17:29:40,428 [WARN] PackLoader:240 - Cannot read IP mode file for ITTIA_DB.I-CUBE-ITTIADB.8.8.0
2024-02-07 17:29:40,441 [WARN] PackLoader:240 - Cannot read IP mode file for STMicroelectronics.X-CUBE-BLEMGR.2.0.0
2024-02-07 17:29:40,468 [WARN] ConditionMgr:438 - getConditionDescription Invalid condition id : UX DEVICE CLASS RTOS Condition cause : null
2024-02-07 17:29:40,468 [WARN] ConditionMgr:438 - getConditionDescription Invalid condition id : UX DEVICE CLASS RTOS Condition cause : null
2024-02-07 17:29:40,471 [WARN] PackLoader:240 - Cannot read IP mode file for STMicroelectronics.X-CUBE-AZRTOS-H7.3.1.0
2024-02-07 17:29:40,472 [WARN] ConditionMgr:1039 - genDependencies : Invalid condition id : UX DEVICE CLASS RTOS Condition cause : null
2024-02-07 17:29:40,472 [WARN] ConditionMgr:1039 - genDependencies : Invalid condition id : UX DEVICE CLASS RTOS Condition cause : null
2024-02-07 17:29:40,473 [WARN] ConditionMgr:1039 - genDependencies : Invalid condition id : UX DEVICE CLASS RTOS Condition cause : null
2024-02-07 17:29:40,473 [WARN] ConditionMgr:1039 - genDependencies : Invalid condition id : UX DEVICE CLASS RTOS Condition cause : null
2024-02-07 17:29:40,473 [WARN] ConditionMgr:1039 - genDependencies : Invalid condition id : UX DEVICE CLASS RTOS Condition cause : null
2024-02-07 17:29:40,490 [WARN] PackLoader:240 - Cannot read IP mode file for STMicroelectronics.X-CUBE-NFC7.1.0.1
2024-02-07 17:29:40,505 [WARN] PackLoader:240 - Cannot read IP mode file for STMicroelectronics.X-CUBE-NFC6.3.0.0
2024-02-07 17:29:40,524 [WARN] PackLoader:240 - Cannot read IP mode file for STMicroelectronics.X-CUBE-EEPRMA1.4.1.0
2024-02-07 17:29:40,537 [WARN] PackLoader:240 - Cannot read IP mode file for STMicroelectronics.X-CUBE-AI.8.1.0
2024-02-07 17:29:40,566 [WARN] ConditionMgr:438 - getConditionDescription Invalid condition id : LAN8742 Phy interface Condition cause : null
2024-02-07 17:29:40,566 [WARN] PackLoader:240 - Cannot read IP mode file for STMicroelectronics.X-CUBE-AZRTOS-L4.2.0.0
2024-02-07 17:29:40,567 [WARN] ConditionMgr:1039 - genDependencies : Invalid condition id : LAN8742 Phy interface Condition cause : null
2024-02-07 17:29:40,567 [WARN] ConditionMgr:1039 - genDependencies : Invalid condition id : LAN8742 Phy interface Condition cause : null
2024-02-07 17:29:40,568 [WARN] ConditionMgr:1039 - genDependencies : Invalid condition id : LAN8742 Phy interface Condition cause : null
2024-02-07 17:29:40,582 [WARN] PackLoader:240 - Cannot read IP mode file for STMicroelectronics.X-CUBE-SFXS2LP1.4.0.0
2024-02-07 17:29:40,594 [WARN] PackLoader:240 - Cannot read IP mode file for STMicroelectronics.X-CUBE-ISPU.1.1.0
2024-02-07 17:29:40,611 [INFO] WebApp:753 - Register for checkConnection events
2024-02-07 17:29:40,612 [INFO] WebApp:390 - Apply proxy settings
2024-02-07 17:29:40,612 [WARN] ConditionMgr:438 - getConditionDescription Invalid condition id : UX DEVICE CLASS RTOS Condition cause : null
2024-02-07 17:29:40,612 [INFO] WebApp:475 - Chromium requires no authentication
2024-02-07 17:29:40,612 [WARN] ConditionMgr:438 - getConditionDescription Invalid condition id : UX DEVICE CLASS RTOS Condition cause : null
2024-02-07 17:29:40,614 [WARN] PackLoader:240 - Cannot read IP mode file for STMicroelectronics.X-CUBE-AZRTOS-WB.2.0.0
2024-02-07 17:29:40,614 [WARN] ConditionMgr:1039 - genDependencies : Invalid condition id : UX DEVICE CLASS RTOS Condition cause : null
2024-02-07 17:29:40,614 [WARN] ConditionMgr:1039 - genDependencies : Invalid condition id : UX DEVICE CLASS RTOS Condition cause : null
2024-02-07 17:29:40,614 [WARN] ConditionMgr:1039 - genDependencies : Invalid condition id : UX DEVICE CLASS RTOS Condition cause : null
2024-02-07 17:29:40,615 [WARN] ConditionMgr:1039 - genDependencies : Invalid condition id : UX DEVICE CLASS RTOS Condition cause : null
2024-02-07 17:29:40,615 [WARN] ConditionMgr:1039 - genDependencies : Invalid condition id : UX DEVICE CLASS RTOS Condition cause : null
2024-02-07 17:29:40,625 [INFO] WebApp:418 - Direct internet connection detected
2024-02-07 17:29:40,626 [WARN] PackLoader:240 - Cannot read IP mode file for STMicroelectronics.X-CUBE-FREERTOS.1.0.1
2024-02-07 17:29:40,642 [WARN] PackLoader:240 - Cannot read IP mode file for STMicroelectronics.X-CUBE-SUBG2.5.0.0
2024-02-07 17:29:40,665 [WARN] PackLoader:240 - Cannot read IP mode file for STMicroelectronics.X-CUBE-TOF1.3.3.1
2024-02-07 17:29:40,695 [WARN] PackLoader:240 - Cannot read IP mode file for STMicroelectronics.X-CUBE-AZRTOS-G4.2.0.0
2024-02-07 17:29:40,721 [WARN] PackLoader:240 - Cannot read IP mode file for Infineon.AIROC-Wi-Fi-Bluetooth-STM32.1.5.1
2024-02-07 17:29:40,737 [WARN] PackLoader:240 - Cannot read IP mode file for STMicroelectronics.FP-SNS-MOTENVWB1.1.3.1
2024-02-07 17:29:40,749 [WARN] PackLoader:240 - Cannot read IP mode file for STMicroelectronics.X-CUBE-ISPU.2.0.0
2024-02-07 17:29:40,796 [WARN] PackLoader:240 - Cannot read IP mode file for STMicroelectronics.X-CUBE-MEMS1.10.0.0
2024-02-07 17:29:40,868 [INFO] WebApp:188 - Starting web application
2024-02-07 17:29:40,869 [INFO] WebApp:520 - Web application path used C:\ST\STM32CubeIDE_1.13.1\STM32CubeIDE\plugins\com.st.stm32cube.common.mx_6.9.1.202307191849\db\plugins\mcufinder\reactClient1\index.html
2024-02-07 17:29:40,885 [WARN] PackLoader:240 - Cannot read IP mode file for STMicroelectronics.X-CUBE-FREERTOS.1.1.0
2024-02-07 17:29:40,901 [WARN] PackLoader:240 - Cannot read IP mode file for portGmbH.I-Cube-SoM-uGOAL.1.1.0
2024-02-07 17:29:40,917 [WARN] PackLoader:240 - Cannot read IP mode file for STMicroelectronics.X-CUBE-ALS.1.0.1
2024-02-07 17:29:40,930 [WARN] PackLoader:240 - Cannot read IP mode file for STMicroelectronics.FP-ATR-ASTRA1.2.0.0
2024-02-07 17:29:40,952 [WARN] PackLoader:240 - Cannot read IP mode file for STMicroelectronics.X-CUBE-TOF1.3.4.0
2024-02-07 17:29:40,985 [WARN] PackLoader:240 - Cannot read IP mode file for STMicroelectronics.X-CUBE-AZRTOS-H7.3.2.0
2024-02-07 17:29:40,989 [INFO] ThirdParty:978 - Integrity check success = true
2024-02-07 17:29:40,989 [INFO] IntegrityCheckThread:100 - exiting critical section [integrity check]
2024-02-07 17:29:40,990 [INFO] IntegrityCheckThread:103 - End integrity checks thread
2024-02-07 17:30:02,093 [ERROR] LogOutputStream:75 - [STDERR_REDIRECT] SLF4J: Failed to load class "org.slf4j.impl.StaticLoggerBinder".
2024-02-07 17:30:02,094 [ERROR] LogOutputStream:75 - [STDERR_REDIRECT] SLF4J: Defaulting to no-operation (NOP) logger implementation
2024-02-07 17:30:02,095 [ERROR] LogOutputStream:75 - [STDERR_REDIRECT] SLF4J: See http://www.slf4j.org/codes.html#StaticLoggerBinder for further details.
2024-02-07 22:24:40,976 [INFO] WebApp:330 - JxBrowser engine has been closed 
2024-02-07 22:24:45,317 [ERROR] LogOutputStream:75 - [STDERR_REDIRECT] 
