2024-02-08 11:06:35,787 [INFO] Activator:176 - 


2024-02-08 11:06:35,795 [INFO] Activator:177 - !SESSION log4j initialized
2024-02-08 11:06:40,219 [INFO] LogOutputStream:77 - [STDOUT_REDIRECT] 
2024-02-08 11:06:40,547 [ERROR] ConfigurationRetriever:142 - IOException on connection: sw-center.st.com
2024-02-08 11:06:40,550 [ERROR] ConfigurationRetriever:142 - IOException on connection: sw-center.st.com
2024-02-08 11:06:40,550 [ERROR] ConfigurationRetriever:142 - IOException on connection: sw-center.st.com
2024-02-08 11:06:42,272 [INFO] ApplicationProperties:184 - Using Application install path: C:\ST\STM32CubeIDE_1.13.1\STM32CubeIDE\plugins\com.st.stm32cube.common.mx_6.9.1.202307191849
2024-02-08 11:06:42,298 [INFO] DbMcusXml:78 - Set database path to: C:\ST\STM32CubeIDE_1.13.1\STM32CubeIDE\plugins\com.st.stm32cube.common.mx_6.9.1.202307191849\\db\/mcu/
2024-02-08 11:06:42,298 [INFO] ApiDb:274 - Set plugin database path to: C:\ST\STM32CubeIDE_1.13.1\STM32CubeIDE\plugins\com.st.stm32cube.common.mx_6.9.1.202307191849\\db\/plugins/boardmanager/
2024-02-08 11:06:42,300 [WARN] ApiDb:259 - Overriding images path with different value:  => C:\ST\STM32CubeIDE_1.13.1\STM32CubeIDE\plugins\com.st.stm32cube.common.mx_6.9.1.202307191849\\db\/plugins/mcufinder/images/
2024-02-08 11:06:42,312 [INFO] ApiDb:250 - Set database path to: C:\Users\kunal\.stmcufinder\plugins\mcufinder//mcu/
2024-02-08 11:06:42,312 [INFO] DbMcusAds:125 - Set database path to: C:\Users\kunal\.stmcufinder\plugins\mcufinder//mcu/
2024-02-08 11:06:42,314 [INFO] CrossReferenceDbSqlite:203 - Set database path to: C:\Users\kunal\.stmcufinder\plugins\mcufinder//mcu/cs/
2024-02-08 11:06:42,441 [INFO] RulesReader:64 - Compatibility file has been processed (293 Rules)
2024-02-08 11:06:42,535 [INFO] DbMcusXml:78 - Set database path to: C:\ST\STM32CubeIDE_1.13.1\STM32CubeIDE\plugins\com.st.stm32cube.common.mx_6.9.1.202307191849\\db\/mcu/
2024-02-08 11:06:42,536 [INFO] ApiDb:274 - Set plugin database path to: C:\ST\STM32CubeIDE_1.13.1\STM32CubeIDE\plugins\com.st.stm32cube.common.mx_6.9.1.202307191849\\db\/plugins/boardmanager/
2024-02-08 11:06:42,536 [INFO] ApiDb:261 - Set plugin images path to: C:\ST\STM32CubeIDE_1.13.1\STM32CubeIDE\plugins\com.st.stm32cube.common.mx_6.9.1.202307191849\\db\/plugins/mcufinder/images/
2024-02-08 11:06:42,536 [WARN] DbFile:41 - Overriding database path with different value: C:\Users\kunal\.stmcufinder\plugins\mcufinder/ => C:\Users\kunal\.stmcufinder\plugins\mcufinder
2024-02-08 11:06:42,536 [INFO] ApiDb:250 - Set database path to: C:\Users\kunal\.stmcufinder\plugins\mcufinder//mcu/
2024-02-08 11:06:42,536 [WARN] DbFile:41 - Overriding database path with different value: C:\Users\kunal\.stmcufinder\plugins\mcufinder/ => C:\Users\kunal\.stmcufinder\plugins\mcufinder
2024-02-08 11:06:42,536 [INFO] DbMcusAds:125 - Set database path to: C:\Users\kunal\.stmcufinder\plugins\mcufinder//mcu/
2024-02-08 11:06:42,536 [WARN] DbFile:41 - Overriding database path with different value: C:\Users\kunal\.stmcufinder\plugins\mcufinder/ => C:\Users\kunal\.stmcufinder\plugins\mcufinder
2024-02-08 11:06:42,536 [WARN] DbFile:41 - Overriding database path with different value: C:\Users\kunal\.stmcufinder\plugins\mcufinder/ => C:\Users\kunal\.stmcufinder\plugins\mcufinder
2024-02-08 11:06:42,536 [INFO] CrossReferenceDbSqlite:203 - Set database path to: C:\Users\kunal\.stmcufinder\plugins\mcufinder//mcu/cs/
2024-02-08 11:06:42,632 [INFO] MainPanel:262 - HeapMemory: 268435456
2024-02-08 11:06:42,751 [INFO] DbMcusXml:78 - Set database path to: C:\ST\STM32CubeIDE_1.13.1\STM32CubeIDE\plugins\com.st.stm32cube.common.mx_6.9.1.202307191849\\db\/mcu/
2024-02-08 11:06:42,751 [INFO] ApiDb:274 - Set plugin database path to: C:\ST\STM32CubeIDE_1.13.1\STM32CubeIDE\plugins\com.st.stm32cube.common.mx_6.9.1.202307191849\\db\/plugins/boardmanager/
2024-02-08 11:06:42,751 [INFO] ApiDb:261 - Set plugin images path to: C:\ST\STM32CubeIDE_1.13.1\STM32CubeIDE\plugins\com.st.stm32cube.common.mx_6.9.1.202307191849\\db\/plugins/mcufinder/images/
2024-02-08 11:06:42,751 [WARN] DbFile:41 - Overriding database path with different value: C:\Users\kunal\.stmcufinder\plugins\mcufinder/ => C:\Users\kunal\.stmcufinder\plugins\mcufinder
2024-02-08 11:06:42,752 [INFO] ApiDb:250 - Set database path to: C:\Users\kunal\.stmcufinder\plugins\mcufinder//mcu/
2024-02-08 11:06:42,752 [WARN] DbFile:41 - Overriding database path with different value: C:\Users\kunal\.stmcufinder\plugins\mcufinder/ => C:\Users\kunal\.stmcufinder\plugins\mcufinder
2024-02-08 11:06:42,752 [INFO] DbMcusAds:125 - Set database path to: C:\Users\kunal\.stmcufinder\plugins\mcufinder//mcu/
2024-02-08 11:06:42,752 [WARN] DbFile:41 - Overriding database path with different value: C:\Users\kunal\.stmcufinder\plugins\mcufinder/ => C:\Users\kunal\.stmcufinder\plugins\mcufinder
2024-02-08 11:06:42,752 [WARN] DbFile:41 - Overriding database path with different value: C:\Users\kunal\.stmcufinder\plugins\mcufinder/ => C:\Users\kunal\.stmcufinder\plugins\mcufinder
2024-02-08 11:06:42,752 [INFO] CrossReferenceDbSqlite:203 - Set database path to: C:\Users\kunal\.stmcufinder\plugins\mcufinder//mcu/cs/
2024-02-08 11:06:42,770 [INFO] ApplicationProperties:184 - Using Application install path: C:\ST\STM32CubeIDE_1.13.1\STM32CubeIDE\plugins\com.st.stm32cube.common.mx_6.9.1.202307191849
2024-02-08 11:06:42,777 [INFO] PluginManage:196 - Search for loadable plugins [exclusion list=, ]
2024-02-08 11:06:42,777 [INFO] PluginManage:310 - Check plugin analytics
2024-02-08 11:06:43,000 [INFO] AnalyticsPlugin:253 - Accepted Software Licenses: 
2024-02-08 11:06:43,000 [INFO] AnalyticsPlugin:255 - Accepted CMSIS Pack Licenses: 
2024-02-08 11:06:43,000 [INFO] AnalyticsPlugin:257 - Accepted Firmware Licenses: FW.F4.1.27.0
2024-02-08 11:06:43,000 [INFO] PluginManage:359 - Loaded plugin analytics (category:tool,tabindex:-1)
2024-02-08 11:06:43,000 [INFO] PluginManage:310 - Check plugin cadmodel
2024-02-08 11:06:43,000 [ERROR] ConfigurationRetriever:142 - IOException on connection: sw-center.st.com
2024-02-08 11:06:43,000 [ERROR] ConfigurationRetriever:142 - IOException on connection: sw-center.st.com
2024-02-08 11:06:43,000 [ERROR] ConfigurationRetriever:142 - IOException on connection: sw-center.st.com
2024-02-08 11:06:43,020 [INFO] CADModel:105 - Init CAD model plugin
2024-02-08 11:06:43,020 [INFO] PluginManage:359 - Loaded plugin cadmodel (category:power,tabindex:5)
2024-02-08 11:06:43,021 [INFO] PluginManage:310 - Check plugin clock
2024-02-08 11:06:43,043 [INFO] PluginManage:359 - Loaded plugin clock (category:base,tabindex:2)
2024-02-08 11:06:43,043 [INFO] PluginManage:310 - Check plugin ddr
2024-02-08 11:06:43,043 [INFO] PluginManage:359 - Loaded plugin ddr (category:tool,tabindex:6)
2024-02-08 11:06:43,046 [INFO] PluginManage:310 - Check plugin filemanager
2024-02-08 11:06:43,195 [INFO] PluginManage:359 - Loaded plugin filemanager (category:base,tabindex:10)
2024-02-08 11:06:43,195 [INFO] PluginManage:310 - Check plugin ipmanager
2024-02-08 11:06:43,205 [INFO] PluginManage:359 - Loaded plugin ipmanager (category:base,tabindex:5)
2024-02-08 11:06:43,205 [INFO] PluginManage:310 - Check plugin lpbam
2024-02-08 11:06:43,224 [INFO] PluginManage:359 - Loaded plugin lpbam (category:base,tabindex:0)
2024-02-08 11:06:43,224 [INFO] PluginManage:310 - Check plugin memorymap
2024-02-08 11:06:43,247 [INFO] PluginManage:359 - Loaded plugin memorymap (category:base,tabindex:4)
2024-02-08 11:06:43,247 [INFO] PluginManage:310 - Check plugin pinoutandconfiguration
2024-02-08 11:06:43,269 [INFO] PluginManage:359 - Loaded plugin pinoutandconfiguration (category:base,tabindex:1)
2024-02-08 11:06:43,270 [INFO] PluginManage:310 - Check plugin pinoutconfig
2024-02-08 11:06:43,373 [WARN] SupportedApi:132 - Cannot load RTOS API schema: s4s-elt-must-match.1: The content of 'definitions' must match (annotation?, (simpleType | complexType)?, (unique | key | keyref)*)). A problem was found starting at: attribute.
2024-02-08 11:06:43,540 [INFO] PluginManage:359 - Loaded plugin pinoutconfig (category:base,tabindex:0)
2024-02-08 11:06:43,540 [INFO] PluginManage:310 - Check plugin power
2024-02-08 11:06:43,561 [INFO] PluginManage:359 - Loaded plugin power (category:power,tabindex:4)
2024-02-08 11:06:43,561 [INFO] PluginManage:310 - Check plugin projectmanager
2024-02-08 11:06:43,576 [INFO] PluginManage:359 - Loaded plugin projectmanager (category:projectmanager,tabindex:3)
2024-02-08 11:06:43,576 [INFO] PluginManage:310 - Check plugin thirdparty
2024-02-08 11:06:43,860 [INFO] PluginManage:359 - Loaded plugin thirdparty (category:base,tabindex:-1)
2024-02-08 11:06:43,860 [INFO] PluginManage:310 - Check plugin tools
2024-02-08 11:06:43,860 [WARN] IntegrityCheckThread:84 - waiting for thirdparty lock release [integrity check]
2024-02-08 11:06:43,860 [INFO] IntegrityCheckThread:86 - entering critical section [integrity check]
2024-02-08 11:06:43,861 [INFO] ThirdPartyUpdaterWithRetryManager:70 - Updater plugin not ready yet. [1/15]
2024-02-08 11:06:43,889 [INFO] PluginManage:359 - Loaded plugin tools (category:base,tabindex:7)
2024-02-08 11:06:43,889 [INFO] PluginManage:310 - Check plugin tutovideos
2024-02-08 11:06:44,091 [INFO] PluginManage:359 - Loaded plugin tutovideos (category:base,tabindex:-1)
2024-02-08 11:06:44,091 [INFO] PluginManage:310 - Check plugin updater
2024-02-08 11:06:44,103 [INFO] PluginManage:359 - Loaded plugin updater (category:base,tabindex:12)
2024-02-08 11:06:44,103 [INFO] PluginManage:310 - Check plugin userauth
2024-02-08 11:06:44,108 [INFO] UserAuth:113 - Init User Auth plugin
2024-02-08 11:06:44,109 [INFO] PluginManage:359 - Loaded plugin userauth (category:base,tabindex:14)
2024-02-08 11:06:44,109 [INFO] PluginManage:283 - PluginManage : Loaded plugins [17]
2024-02-08 11:06:44,330 [INFO] PinOutPanel:1499 - setPackage(No Configuration,No Configuration)
2024-02-08 11:06:44,440 [INFO] CADModel:165 - CPN selected for project level
2024-02-08 11:06:44,440 [INFO] CADModel:114 - Register for checkConnection events
2024-02-08 11:06:44,466 [INFO] IPUIPlugin:80 - create IPUIPlugin
2024-02-08 11:06:44,466 [INFO] PluginManager:220 - loadIPPluginJar : add adc
2024-02-08 11:06:44,496 [INFO] IPUIPlugin:80 - create IPUIPlugin
2024-02-08 11:06:44,496 [INFO] PluginManager:220 - loadIPPluginJar : add aes
2024-02-08 11:06:44,531 [INFO] IPUIPlugin:80 - create IPUIPlugin
2024-02-08 11:06:44,532 [INFO] PluginManager:220 - loadIPPluginJar : add can
2024-02-08 11:06:44,551 [INFO] IPUIPlugin:80 - create IPUIPlugin
2024-02-08 11:06:44,551 [INFO] PluginManager:220 - loadIPPluginJar : add comp
2024-02-08 11:06:44,579 [INFO] IPUIPlugin:80 - create IPUIPlugin
2024-02-08 11:06:44,579 [INFO] PluginManager:220 - loadIPPluginJar : add cryp
2024-02-08 11:06:44,606 [INFO] IPUIPlugin:80 - create IPUIPlugin
2024-02-08 11:06:44,607 [INFO] PluginManager:220 - loadIPPluginJar : add dfsdm
2024-02-08 11:06:44,623 [INFO] IPUIPlugin:80 - create IPUIPlugin
2024-02-08 11:06:44,624 [INFO] PluginManager:220 - loadIPPluginJar : add dma
2024-02-08 11:06:44,662 [INFO] IPUIPlugin:80 - create IPUIPlugin
2024-02-08 11:06:44,662 [INFO] PluginManager:220 - loadIPPluginJar : add dma3
2024-02-08 11:06:44,679 [INFO] IPUIPlugin:80 - create IPUIPlugin
2024-02-08 11:06:44,679 [INFO] PluginManager:220 - loadIPPluginJar : add fatfs
2024-02-08 11:06:44,732 [INFO] IPUIPlugin:80 - create IPUIPlugin
2024-02-08 11:06:44,732 [INFO] PluginManager:220 - loadIPPluginJar : add fmc
2024-02-08 11:06:44,768 [INFO] IPUIPlugin:80 - create IPUIPlugin
2024-02-08 11:06:44,770 [INFO] PluginManager:220 - loadIPPluginJar : add freertos
2024-02-08 11:06:44,800 [INFO] IPUIPlugin:80 - create IPUIPlugin
2024-02-08 11:06:44,801 [INFO] PluginManager:220 - loadIPPluginJar : add genericplugin
2024-02-08 11:06:44,958 [INFO] IPUIPlugin:80 - create IPUIPlugin
2024-02-08 11:06:44,959 [INFO] PluginManager:220 - loadIPPluginJar : add gfxmmu
2024-02-08 11:06:45,078 [INFO] IPUIPlugin:80 - create IPUIPlugin
2024-02-08 11:06:45,078 [INFO] PluginManager:220 - loadIPPluginJar : add gic
2024-02-08 11:06:45,108 [INFO] IPUIPlugin:80 - create IPUIPlugin
2024-02-08 11:06:45,108 [INFO] PluginManager:220 - loadIPPluginJar : add gpio
2024-02-08 11:06:45,187 [INFO] IPUIPlugin:80 - create IPUIPlugin
2024-02-08 11:06:45,187 [INFO] PluginManager:220 - loadIPPluginJar : add gtzc
2024-02-08 11:06:45,217 [INFO] IPUIPlugin:80 - create IPUIPlugin
2024-02-08 11:06:45,218 [INFO] PluginManager:220 - loadIPPluginJar : add hash
2024-02-08 11:06:45,264 [INFO] IPUIPlugin:80 - create IPUIPlugin
2024-02-08 11:06:45,264 [INFO] PluginManager:220 - loadIPPluginJar : add i2c
2024-02-08 11:06:45,297 [INFO] IPUIPlugin:80 - create IPUIPlugin
2024-02-08 11:06:45,298 [INFO] PluginManager:220 - loadIPPluginJar : add i2s
2024-02-08 11:06:45,337 [INFO] IPUIPlugin:80 - create IPUIPlugin
2024-02-08 11:06:45,337 [INFO] PluginManager:220 - loadIPPluginJar : add i3c
2024-02-08 11:06:45,437 [INFO] IPUIPlugin:80 - create IPUIPlugin
2024-02-08 11:06:45,437 [INFO] PluginManager:220 - loadIPPluginJar : add ipddr
2024-02-08 11:06:45,513 [INFO] IPUIPlugin:80 - create IPUIPlugin
2024-02-08 11:06:45,513 [INFO] PluginManager:220 - loadIPPluginJar : add linkedlist
2024-02-08 11:06:45,542 [INFO] IPUIPlugin:80 - create IPUIPlugin
2024-02-08 11:06:45,542 [INFO] PluginManager:220 - loadIPPluginJar : add lorawan
2024-02-08 11:06:45,573 [INFO] IPUIPlugin:80 - create IPUIPlugin
2024-02-08 11:06:45,573 [INFO] PluginManager:220 - loadIPPluginJar : add ltdc
2024-02-08 11:06:45,587 [INFO] IPUIPlugin:80 - create IPUIPlugin
2024-02-08 11:06:45,587 [INFO] PluginManager:220 - loadIPPluginJar : add mdma
2024-02-08 11:06:45,598 [INFO] IPUIPlugin:80 - create IPUIPlugin
2024-02-08 11:06:45,598 [INFO] PluginManager:220 - loadIPPluginJar : add nvic
2024-02-08 11:06:45,629 [INFO] IPUIPlugin:80 - create IPUIPlugin
2024-02-08 11:06:45,629 [INFO] PluginManager:220 - loadIPPluginJar : add opamp
2024-02-08 11:06:45,678 [INFO] IPUIPlugin:80 - create IPUIPlugin
2024-02-08 11:06:45,679 [INFO] PluginManager:220 - loadIPPluginJar : add openamp
2024-02-08 11:06:45,714 [INFO] IPUIPlugin:80 - create IPUIPlugin
2024-02-08 11:06:45,715 [INFO] PluginManager:220 - loadIPPluginJar : add pdm2pcm
2024-02-08 11:06:45,729 [INFO] IPUIPlugin:80 - create IPUIPlugin
2024-02-08 11:06:45,731 [INFO] PluginManager:220 - loadIPPluginJar : add plateformsettings
2024-02-08 11:06:45,751 [INFO] IPUIPlugin:80 - create IPUIPlugin
2024-02-08 11:06:45,751 [INFO] PluginManager:220 - loadIPPluginJar : add quadspi
2024-02-08 11:06:45,764 [INFO] IPUIPlugin:80 - create IPUIPlugin
2024-02-08 11:06:45,764 [INFO] PluginManager:220 - loadIPPluginJar : add resmgrutility
2024-02-08 11:06:45,808 [INFO] IPUIPlugin:80 - create IPUIPlugin
2024-02-08 11:06:45,808 [INFO] PluginManager:220 - loadIPPluginJar : add sai
2024-02-08 11:06:45,838 [INFO] IPUIPlugin:80 - create IPUIPlugin
2024-02-08 11:06:45,838 [INFO] PluginManager:220 - loadIPPluginJar : add spi
2024-02-08 11:06:45,888 [INFO] IPUIPlugin:80 - create IPUIPlugin
2024-02-08 11:06:45,889 [INFO] PluginManager:220 - loadIPPluginJar : add stm32_wpan
2024-02-08 11:06:45,908 [INFO] IPUIPlugin:80 - create IPUIPlugin
2024-02-08 11:06:45,908 [INFO] PluginManager:220 - loadIPPluginJar : add tim
2024-02-08 11:06:45,956 [INFO] IPUIPlugin:80 - create IPUIPlugin
2024-02-08 11:06:45,956 [INFO] PluginManager:220 - loadIPPluginJar : add touchsensing
2024-02-08 11:06:45,978 [INFO] IPUIPlugin:80 - create IPUIPlugin
2024-02-08 11:06:45,978 [INFO] PluginManager:220 - loadIPPluginJar : add tracer_emb
2024-02-08 11:06:45,999 [INFO] IPUIPlugin:80 - create IPUIPlugin
2024-02-08 11:06:45,999 [INFO] PluginManager:220 - loadIPPluginJar : add ts
2024-02-08 11:06:46,018 [INFO] IPUIPlugin:80 - create IPUIPlugin
2024-02-08 11:06:46,018 [INFO] PluginManager:220 - loadIPPluginJar : add tsc
2024-02-08 11:06:46,038 [INFO] IPUIPlugin:80 - create IPUIPlugin
2024-02-08 11:06:46,038 [INFO] PluginManager:220 - loadIPPluginJar : add ucpd
2024-02-08 11:06:46,080 [INFO] IPUIPlugin:80 - create IPUIPlugin
2024-02-08 11:06:46,080 [INFO] PluginManager:220 - loadIPPluginJar : add usart
2024-02-08 11:06:46,119 [INFO] IPUIPlugin:80 - create IPUIPlugin
2024-02-08 11:06:46,119 [INFO] PluginManager:220 - loadIPPluginJar : add usbx
2024-02-08 11:06:46,244 [INFO] CADModel:165 - CPN selected for project level
2024-02-08 11:06:46,244 [INFO] CADModel:114 - Register for checkConnection events
2024-02-08 11:06:46,244 [FATAL] Updater:308 - Updater called before beeing initialized
2024-02-08 11:06:46,244 [ERROR] CADModel:125 - Updater not yet initialized, retry later 
2024-02-08 11:06:46,404 [INFO] CADModel:165 - CPN selected for project level
2024-02-08 11:06:46,404 [INFO] CADModel:114 - Register for checkConnection events
2024-02-08 11:06:46,405 [FATAL] Updater:308 - Updater called before beeing initialized
2024-02-08 11:06:46,405 [ERROR] CADModel:125 - Updater not yet initialized, retry later 
2024-02-08 11:06:46,409 [FATAL] Updater:308 - Updater called before beeing initialized
2024-02-08 11:06:46,510 [FATAL] Updater:308 - Updater called before beeing initialized
2024-02-08 11:06:46,520 [INFO] DbMcusAds:53 - JSON generation date=Wed Nov 29 16:22:27 IST 2023 (1701255147200)
2024-02-08 11:06:46,521 [FATAL] Updater:308 - Updater called before beeing initialized
2024-02-08 11:06:46,599 [WARN] DetailPanel:346 - Failed to get advertising image, set to default
2024-02-08 11:06:46,717 [FATAL] Updater:308 - Updater called before beeing initialized
2024-02-08 11:06:46,719 [FATAL] Updater:308 - Updater called before beeing initialized
2024-02-08 11:06:46,719 [FATAL] Updater:308 - Updater called before beeing initialized
2024-02-08 11:06:46,719 [WARN] DetailPanel:346 - Failed to get advertising image, set to default
2024-02-08 11:06:46,720 [FATAL] Updater:308 - Updater called before beeing initialized
2024-02-08 11:06:46,788 [ERROR] Updater:1120 - MainUpdater not yet initialized. External WinMGr cannot be set.
2024-02-08 11:06:46,799 [INFO] Updater:1056 - Updater Version found : 6.9.1
2024-02-08 11:06:46,823 [INFO] ApplicationProperties:184 - Using Application install path: C:\ST\STM32CubeIDE_1.13.1\STM32CubeIDE\plugins\com.st.stm32cube.common.mx_6.9.1.202307191849
2024-02-08 11:06:46,862 [INFO] ThirdPartyUpdaterWithRetryManager:70 - Updater plugin not ready yet. [2/15]
2024-02-08 11:06:47,012 [ERROR] ServerAccessManage:1146 - Warning during Server Connection :  Unknown host sw-center.st.com
2024-02-08 11:06:47,017 [INFO] MainUpdater:2868 - connection check result : 22
2024-02-08 11:06:47,018 [INFO] MainUpdater:285 - Updater Check For Update Now.
2024-02-08 11:06:47,018 [INFO] MicroXplorer:498 - Change Database Version : DB.6.0.91
2024-02-08 11:06:47,034 [INFO] McuFinderGlobals:63 - Set McuFinder mode to 2 (CubeIDE integrated)
2024-02-08 11:06:47,035 [INFO] UserAuth:179 - activating auth plugin
2024-02-08 11:06:47,038 [INFO] UserAuth:393 - Internet connection configuration mode: 2
2024-02-08 11:06:47,228 [INFO] CheckServerUpdateThread:120 - End of CheckServer Thread
2024-02-08 11:06:50,154 [WARN] PackLoader:240 - Cannot read IP mode file for STMicroelectronics.X-CUBE-SMBUS.2.1.0
2024-02-08 11:06:50,178 [WARN] PackLoader:240 - Cannot read IP mode file for STMicroelectronics.X-CUBE-TOUCHGFX.4.23.0
2024-02-08 11:06:50,238 [WARN] PackLoader:240 - Cannot read IP mode file for STMicroelectronics.X-CUBE-AZRTOS-F7.1.1.0
2024-02-08 11:06:50,270 [WARN] PackLoader:240 - Cannot read IP mode file for STMicroelectronics.FP-SNS-MOTENV1.4.3.2
2024-02-08 11:06:50,290 [WARN] PackLoader:240 - Cannot read IP mode file for STMicroelectronics.FP-SNS-FLIGHT1.5.0.2
2024-02-08 11:06:50,340 [WARN] PackLoader:240 - Cannot read IP mode file for STMicroelectronics.X-CUBE-DISPLAY.3.0.0
2024-02-08 11:06:50,381 [WARN] PackLoader:240 - Cannot read IP mode file for STMicroelectronics.X-CUBE-BLE1.7.0.0
2024-02-08 11:06:50,411 [WARN] PackLoader:240 - Cannot read IP mode file for emotas.I-CUBE-CANOPEN.1.3.0
2024-02-08 11:06:50,428 [WARN] PackLoader:240 - Cannot read IP mode file for STMicroelectronics.X-CUBE-TOUCHGFX.4.22.0
2024-02-08 11:06:50,450 [WARN] PackLoader:240 - Cannot read IP mode file for STMicroelectronics.X-CUBE-TOUCHGFX.4.22.1
2024-02-08 11:06:50,471 [WARN] PackLoader:240 - Cannot read IP mode file for STMicroelectronics.FP-SNS-SMARTAG2.1.2.0
2024-02-08 11:06:50,492 [INFO] LogOutputStream:77 - [STDOUT_REDIRECT] 1 : Invalid condition id : UX_CORESTACK_Condition cause : null
2024-02-08 11:06:50,492 [INFO] LogOutputStream:77 - [STDOUT_REDIRECT] 1 : Invalid condition id : UX_CORESTACK_Condition cause : null
2024-02-08 11:06:50,492 [INFO] LogOutputStream:77 - [STDOUT_REDIRECT] 1 : Invalid condition id : UX_CORESTACK_Condition cause : null
2024-02-08 11:06:50,508 [INFO] LogOutputStream:77 - [STDOUT_REDIRECT] 1 : Invalid condition id : UX_CORESTACK_Condition cause : null
2024-02-08 11:06:50,510 [INFO] LogOutputStream:77 - [STDOUT_REDIRECT] 1 : Invalid condition id : UX_CORESTACK_Condition cause : null
2024-02-08 11:06:50,513 [WARN] PackLoader:240 - Cannot read IP mode file for STMicroelectronics.X-CUBE-AZRTOS-WL.2.0.0
2024-02-08 11:06:50,546 [WARN] PackLoader:240 - Cannot read IP mode file for WES.I-CUBE-Cesium.1.3.0
2024-02-08 11:06:50,566 [WARN] PackLoader:240 - Cannot read IP mode file for STMicroelectronics.X-CUBE-BLE2.3.3.0
2024-02-08 11:06:50,580 [WARN] PackLoader:240 - Cannot read IP mode file for STMicroelectronics.X-CUBE-ALGOBUILD.1.3.0
2024-02-08 11:06:50,633 [WARN] PackLoader:240 - Cannot read IP mode file for STMicroelectronics.X-CUBE-AZRTOS-G0.1.1.0
2024-02-08 11:06:50,656 [WARN] PackLoader:240 - Cannot read IP mode file for STMicroelectronics.X-CUBE-NFC4.3.0.0
2024-02-08 11:06:50,685 [WARN] PackLoader:240 - Cannot read IP mode file for STMicroelectronics.X-CUBE-BLEMGR.3.0.0
2024-02-08 11:06:50,707 [WARN] PackLoader:240 - Cannot read IP mode file for STMicroelectronics.FP-ATR-SIGFOX1.3.2.0
2024-02-08 11:06:50,720 [WARN] PackLoader:240 - Cannot read IP mode file for STMicroelectronics.X-CUBE-EEPRMA1.5.1.0
2024-02-08 11:06:50,776 [WARN] PackLoader:240 - Cannot read IP mode file for SEGGER.I-CUBE-embOS.1.3.1
2024-02-08 11:06:50,848 [WARN] PackLoader:240 - Cannot read IP mode file for STMicroelectronics.X-CUBE-GNSS1.6.0.0
2024-02-08 11:06:50,878 [WARN] PackLoader:240 - Cannot read IP mode file for STMicroelectronics.X-CUBE-AZRTOS-F4.1.1.0
2024-02-08 11:06:50,911 [WARN] PackLoader:240 - Cannot read IP mode file for wolfSSL.I-CUBE-wolfSSL.5.6.3
2024-02-08 11:06:50,943 [WARN] PackLoader:240 - Cannot read IP mode file for STMicroelectronics.X-CUBE-AZRTOS-L5.2.0.0
2024-02-08 11:06:51,007 [WARN] PackLoader:240 - Cannot read IP mode file for STMicroelectronics.X-CUBE-MEMS1.9.6.0
2024-02-08 11:06:51,198 [WARN] PackLoader:240 - Cannot read IP mode file for STMicroelectronics.X-CUBE-EEPRMA1.4.2.0
2024-02-08 11:06:51,212 [WARN] PackLoader:240 - Cannot read IP mode file for ITTIA_DB.I-CUBE-ITTIADB.8.8.0
2024-02-08 11:06:51,228 [WARN] PackLoader:240 - Cannot read IP mode file for STMicroelectronics.X-CUBE-BLEMGR.2.0.0
2024-02-08 11:06:51,262 [WARN] ConditionMgr:438 - getConditionDescription Invalid condition id : UX DEVICE CLASS RTOS Condition cause : null
2024-02-08 11:06:51,262 [WARN] ConditionMgr:438 - getConditionDescription Invalid condition id : UX DEVICE CLASS RTOS Condition cause : null
2024-02-08 11:06:51,267 [WARN] PackLoader:240 - Cannot read IP mode file for STMicroelectronics.X-CUBE-AZRTOS-H7.3.1.0
2024-02-08 11:06:51,267 [WARN] ConditionMgr:1039 - genDependencies : Invalid condition id : UX DEVICE CLASS RTOS Condition cause : null
2024-02-08 11:06:51,267 [WARN] ConditionMgr:1039 - genDependencies : Invalid condition id : UX DEVICE CLASS RTOS Condition cause : null
2024-02-08 11:06:51,267 [WARN] ConditionMgr:1039 - genDependencies : Invalid condition id : UX DEVICE CLASS RTOS Condition cause : null
2024-02-08 11:06:51,267 [WARN] ConditionMgr:1039 - genDependencies : Invalid condition id : UX DEVICE CLASS RTOS Condition cause : null
2024-02-08 11:06:51,267 [WARN] ConditionMgr:1039 - genDependencies : Invalid condition id : UX DEVICE CLASS RTOS Condition cause : null
2024-02-08 11:06:51,278 [WARN] PackLoader:240 - Cannot read IP mode file for STMicroelectronics.X-CUBE-NFC7.1.0.1
2024-02-08 11:06:51,307 [WARN] PackLoader:240 - Cannot read IP mode file for STMicroelectronics.X-CUBE-NFC6.3.0.0
2024-02-08 11:06:51,327 [WARN] PackLoader:240 - Cannot read IP mode file for STMicroelectronics.X-CUBE-EEPRMA1.4.1.0
2024-02-08 11:06:51,338 [WARN] PackLoader:240 - Cannot read IP mode file for STMicroelectronics.X-CUBE-AI.8.1.0
2024-02-08 11:06:51,372 [WARN] ConditionMgr:438 - getConditionDescription Invalid condition id : LAN8742 Phy interface Condition cause : null
2024-02-08 11:06:51,372 [WARN] PackLoader:240 - Cannot read IP mode file for STMicroelectronics.X-CUBE-AZRTOS-L4.2.0.0
2024-02-08 11:06:51,372 [WARN] ConditionMgr:1039 - genDependencies : Invalid condition id : LAN8742 Phy interface Condition cause : null
2024-02-08 11:06:51,372 [WARN] ConditionMgr:1039 - genDependencies : Invalid condition id : LAN8742 Phy interface Condition cause : null
2024-02-08 11:06:51,372 [WARN] ConditionMgr:1039 - genDependencies : Invalid condition id : LAN8742 Phy interface Condition cause : null
2024-02-08 11:06:51,402 [WARN] PackLoader:240 - Cannot read IP mode file for STMicroelectronics.X-CUBE-SFXS2LP1.4.0.0
2024-02-08 11:06:51,418 [WARN] PackLoader:240 - Cannot read IP mode file for STMicroelectronics.X-CUBE-ISPU.1.1.0
2024-02-08 11:06:51,452 [WARN] ConditionMgr:438 - getConditionDescription Invalid condition id : UX DEVICE CLASS RTOS Condition cause : null
2024-02-08 11:06:51,452 [WARN] ConditionMgr:438 - getConditionDescription Invalid condition id : UX DEVICE CLASS RTOS Condition cause : null
2024-02-08 11:06:51,452 [WARN] PackLoader:240 - Cannot read IP mode file for STMicroelectronics.X-CUBE-AZRTOS-WB.2.0.0
2024-02-08 11:06:51,457 [WARN] ConditionMgr:1039 - genDependencies : Invalid condition id : UX DEVICE CLASS RTOS Condition cause : null
2024-02-08 11:06:51,457 [WARN] ConditionMgr:1039 - genDependencies : Invalid condition id : UX DEVICE CLASS RTOS Condition cause : null
2024-02-08 11:06:51,457 [WARN] ConditionMgr:1039 - genDependencies : Invalid condition id : UX DEVICE CLASS RTOS Condition cause : null
2024-02-08 11:06:51,457 [WARN] ConditionMgr:1039 - genDependencies : Invalid condition id : UX DEVICE CLASS RTOS Condition cause : null
2024-02-08 11:06:51,457 [WARN] ConditionMgr:1039 - genDependencies : Invalid condition id : UX DEVICE CLASS RTOS Condition cause : null
2024-02-08 11:06:51,472 [WARN] PackLoader:240 - Cannot read IP mode file for STMicroelectronics.X-CUBE-FREERTOS.1.0.1
2024-02-08 11:06:51,497 [WARN] PackLoader:240 - Cannot read IP mode file for STMicroelectronics.X-CUBE-SUBG2.5.0.0
2024-02-08 11:06:51,528 [WARN] PackLoader:240 - Cannot read IP mode file for STMicroelectronics.X-CUBE-TOF1.3.3.1
2024-02-08 11:06:51,570 [WARN] PackLoader:240 - Cannot read IP mode file for STMicroelectronics.X-CUBE-AZRTOS-G4.2.0.0
2024-02-08 11:06:51,599 [WARN] PackLoader:240 - Cannot read IP mode file for Infineon.AIROC-Wi-Fi-Bluetooth-STM32.1.5.1
2024-02-08 11:06:51,617 [WARN] PackLoader:240 - Cannot read IP mode file for STMicroelectronics.FP-SNS-MOTENVWB1.1.3.1
2024-02-08 11:06:51,624 [WARN] PackLoader:240 - Cannot read IP mode file for STMicroelectronics.X-CUBE-ISPU.2.0.0
2024-02-08 11:06:51,687 [WARN] PackLoader:240 - Cannot read IP mode file for STMicroelectronics.X-CUBE-MEMS1.10.0.0
2024-02-08 11:06:51,846 [WARN] PackLoader:240 - Cannot read IP mode file for STMicroelectronics.X-CUBE-FREERTOS.1.1.0
2024-02-08 11:06:51,871 [WARN] PackLoader:240 - Cannot read IP mode file for portGmbH.I-Cube-SoM-uGOAL.1.1.0
2024-02-08 11:06:51,903 [WARN] PackLoader:240 - Cannot read IP mode file for STMicroelectronics.X-CUBE-ALS.1.0.1
2024-02-08 11:06:51,916 [WARN] PackLoader:240 - Cannot read IP mode file for STMicroelectronics.FP-ATR-ASTRA1.2.0.0
2024-02-08 11:06:51,951 [WARN] PackLoader:240 - Cannot read IP mode file for STMicroelectronics.X-CUBE-TOF1.3.4.0
2024-02-08 11:06:51,999 [WARN] PackLoader:240 - Cannot read IP mode file for STMicroelectronics.X-CUBE-AZRTOS-H7.3.2.0
2024-02-08 11:06:51,999 [INFO] ThirdParty:978 - Integrity check success = true
2024-02-08 11:06:51,999 [INFO] IntegrityCheckThread:100 - exiting critical section [integrity check]
2024-02-08 11:06:51,999 [INFO] IntegrityCheckThread:103 - End integrity checks thread
2024-02-08 11:07:08,192 [ERROR] LogOutputStream:75 - [STDERR_REDIRECT] SLF4J: Failed to load class "org.slf4j.impl.StaticLoggerBinder".
2024-02-08 11:07:08,192 [ERROR] LogOutputStream:75 - [STDERR_REDIRECT] SLF4J: Defaulting to no-operation (NOP) logger implementation
2024-02-08 11:07:08,196 [ERROR] LogOutputStream:75 - [STDERR_REDIRECT] SLF4J: See http://www.slf4j.org/codes.html#StaticLoggerBinder for further details.
