2024-10-16 17:29:46,249 [INFO] Activator:176 - 


2024-10-16 17:29:46,257 [INFO] Activator:177 - !SESSION log4j initialized
2024-10-16 17:29:50,873 [INFO] LogOutputStream:77 - [STDOUT_REDIRECT] 
2024-10-16 17:29:52,918 [INFO] ApplicationProperties:184 - Using Application install path: C:\ST\STM32CubeIDE_1.13.1\STM32CubeIDE\plugins\com.st.stm32cube.common.mx_6.9.1.202307191849
2024-10-16 17:29:52,936 [INFO] DbMcusXml:78 - Set database path to: C:\ST\STM32CubeIDE_1.13.1\STM32CubeIDE\plugins\com.st.stm32cube.common.mx_6.9.1.202307191849\\db\/mcu/
2024-10-16 17:29:52,937 [INFO] ApiDb:274 - Set plugin database path to: C:\ST\STM32CubeIDE_1.13.1\STM32CubeIDE\plugins\com.st.stm32cube.common.mx_6.9.1.202307191849\\db\/plugins/boardmanager/
2024-10-16 17:29:52,937 [WARN] ApiDb:259 - Overriding images path with different value:  => C:\ST\STM32CubeIDE_1.13.1\STM32CubeIDE\plugins\com.st.stm32cube.common.mx_6.9.1.202307191849\\db\/plugins/mcufinder/images/
2024-10-16 17:29:52,947 [INFO] ApiDb:250 - Set database path to: C:\Users\kunal\.stmcufinder\plugins\mcufinder//mcu/
2024-10-16 17:29:52,948 [INFO] DbMcusAds:125 - Set database path to: C:\Users\kunal\.stmcufinder\plugins\mcufinder//mcu/
2024-10-16 17:29:52,951 [INFO] CrossReferenceDbSqlite:203 - Set database path to: C:\Users\kunal\.stmcufinder\plugins\mcufinder//mcu/cs/
2024-10-16 17:29:53,110 [INFO] RulesReader:64 - Compatibility file has been processed (293 Rules)
2024-10-16 17:29:53,224 [INFO] DbMcusXml:78 - Set database path to: C:\ST\STM32CubeIDE_1.13.1\STM32CubeIDE\plugins\com.st.stm32cube.common.mx_6.9.1.202307191849\\db\/mcu/
2024-10-16 17:29:53,224 [INFO] ApiDb:274 - Set plugin database path to: C:\ST\STM32CubeIDE_1.13.1\STM32CubeIDE\plugins\com.st.stm32cube.common.mx_6.9.1.202307191849\\db\/plugins/boardmanager/
2024-10-16 17:29:53,225 [INFO] ApiDb:261 - Set plugin images path to: C:\ST\STM32CubeIDE_1.13.1\STM32CubeIDE\plugins\com.st.stm32cube.common.mx_6.9.1.202307191849\\db\/plugins/mcufinder/images/
2024-10-16 17:29:53,225 [WARN] DbFile:41 - Overriding database path with different value: C:\Users\kunal\.stmcufinder\plugins\mcufinder/ => C:\Users\kunal\.stmcufinder\plugins\mcufinder
2024-10-16 17:29:53,225 [INFO] ApiDb:250 - Set database path to: C:\Users\kunal\.stmcufinder\plugins\mcufinder//mcu/
2024-10-16 17:29:53,225 [WARN] DbFile:41 - Overriding database path with different value: C:\Users\kunal\.stmcufinder\plugins\mcufinder/ => C:\Users\kunal\.stmcufinder\plugins\mcufinder
2024-10-16 17:29:53,225 [INFO] DbMcusAds:125 - Set database path to: C:\Users\kunal\.stmcufinder\plugins\mcufinder//mcu/
2024-10-16 17:29:53,225 [WARN] DbFile:41 - Overriding database path with different value: C:\Users\kunal\.stmcufinder\plugins\mcufinder/ => C:\Users\kunal\.stmcufinder\plugins\mcufinder
2024-10-16 17:29:53,225 [WARN] DbFile:41 - Overriding database path with different value: C:\Users\kunal\.stmcufinder\plugins\mcufinder/ => C:\Users\kunal\.stmcufinder\plugins\mcufinder
2024-10-16 17:29:53,225 [INFO] CrossReferenceDbSqlite:203 - Set database path to: C:\Users\kunal\.stmcufinder\plugins\mcufinder//mcu/cs/
2024-10-16 17:29:53,315 [INFO] MainPanel:262 - HeapMemory: 268435456
2024-10-16 17:29:53,392 [INFO] DbMcusXml:78 - Set database path to: C:\ST\STM32CubeIDE_1.13.1\STM32CubeIDE\plugins\com.st.stm32cube.common.mx_6.9.1.202307191849\\db\/mcu/
2024-10-16 17:29:53,392 [INFO] ApiDb:274 - Set plugin database path to: C:\ST\STM32CubeIDE_1.13.1\STM32CubeIDE\plugins\com.st.stm32cube.common.mx_6.9.1.202307191849\\db\/plugins/boardmanager/
2024-10-16 17:29:53,392 [INFO] ApiDb:261 - Set plugin images path to: C:\ST\STM32CubeIDE_1.13.1\STM32CubeIDE\plugins\com.st.stm32cube.common.mx_6.9.1.202307191849\\db\/plugins/mcufinder/images/
2024-10-16 17:29:53,393 [WARN] DbFile:41 - Overriding database path with different value: C:\Users\kunal\.stmcufinder\plugins\mcufinder/ => C:\Users\kunal\.stmcufinder\plugins\mcufinder
2024-10-16 17:29:53,393 [INFO] ApiDb:250 - Set database path to: C:\Users\kunal\.stmcufinder\plugins\mcufinder//mcu/
2024-10-16 17:29:53,393 [WARN] DbFile:41 - Overriding database path with different value: C:\Users\kunal\.stmcufinder\plugins\mcufinder/ => C:\Users\kunal\.stmcufinder\plugins\mcufinder
2024-10-16 17:29:53,393 [INFO] DbMcusAds:125 - Set database path to: C:\Users\kunal\.stmcufinder\plugins\mcufinder//mcu/
2024-10-16 17:29:53,393 [WARN] DbFile:41 - Overriding database path with different value: C:\Users\kunal\.stmcufinder\plugins\mcufinder/ => C:\Users\kunal\.stmcufinder\plugins\mcufinder
2024-10-16 17:29:53,393 [WARN] DbFile:41 - Overriding database path with different value: C:\Users\kunal\.stmcufinder\plugins\mcufinder/ => C:\Users\kunal\.stmcufinder\plugins\mcufinder
2024-10-16 17:29:53,394 [INFO] CrossReferenceDbSqlite:203 - Set database path to: C:\Users\kunal\.stmcufinder\plugins\mcufinder//mcu/cs/
2024-10-16 17:29:53,414 [INFO] ApplicationProperties:184 - Using Application install path: C:\ST\STM32CubeIDE_1.13.1\STM32CubeIDE\plugins\com.st.stm32cube.common.mx_6.9.1.202307191849
2024-10-16 17:29:53,416 [INFO] PluginManage:196 - Search for loadable plugins [exclusion list=, ]
2024-10-16 17:29:53,417 [INFO] PluginManage:310 - Check plugin analytics
2024-10-16 17:29:53,629 [INFO] AnalyticsPlugin:253 - Accepted Software Licenses: 
2024-10-16 17:29:53,630 [INFO] AnalyticsPlugin:255 - Accepted CMSIS Pack Licenses: 
2024-10-16 17:29:53,630 [INFO] AnalyticsPlugin:257 - Accepted Firmware Licenses: FW.F4.1.27.0
2024-10-16 17:29:53,634 [INFO] PluginManage:359 - Loaded plugin analytics (category:tool,tabindex:-1)
2024-10-16 17:29:53,635 [INFO] PluginManage:310 - Check plugin cadmodel
2024-10-16 17:29:53,639 [INFO] CADModel:105 - Init CAD model plugin
2024-10-16 17:29:53,639 [INFO] PluginManage:359 - Loaded plugin cadmodel (category:power,tabindex:5)
2024-10-16 17:29:53,640 [INFO] PluginManage:310 - Check plugin clock
2024-10-16 17:29:53,656 [INFO] PluginManage:359 - Loaded plugin clock (category:base,tabindex:2)
2024-10-16 17:29:53,656 [INFO] PluginManage:310 - Check plugin ddr
2024-10-16 17:29:53,658 [INFO] PluginManage:359 - Loaded plugin ddr (category:tool,tabindex:6)
2024-10-16 17:29:53,658 [INFO] PluginManage:310 - Check plugin filemanager
2024-10-16 17:29:53,811 [INFO] PluginManage:359 - Loaded plugin filemanager (category:base,tabindex:10)
2024-10-16 17:29:53,811 [INFO] PluginManage:310 - Check plugin ipmanager
2024-10-16 17:29:53,819 [INFO] PluginManage:359 - Loaded plugin ipmanager (category:base,tabindex:5)
2024-10-16 17:29:53,819 [INFO] PluginManage:310 - Check plugin lpbam
2024-10-16 17:29:53,829 [INFO] PluginManage:359 - Loaded plugin lpbam (category:base,tabindex:0)
2024-10-16 17:29:53,829 [INFO] PluginManage:310 - Check plugin memorymap
2024-10-16 17:29:53,844 [INFO] PluginManage:359 - Loaded plugin memorymap (category:base,tabindex:4)
2024-10-16 17:29:53,844 [INFO] PluginManage:310 - Check plugin pinoutandconfiguration
2024-10-16 17:29:53,853 [INFO] PluginManage:359 - Loaded plugin pinoutandconfiguration (category:base,tabindex:1)
2024-10-16 17:29:53,853 [INFO] PluginManage:310 - Check plugin pinoutconfig
2024-10-16 17:29:53,960 [WARN] SupportedApi:132 - Cannot load RTOS API schema: s4s-elt-must-match.1: The content of 'definitions' must match (annotation?, (simpleType | complexType)?, (unique | key | keyref)*)). A problem was found starting at: attribute.
2024-10-16 17:29:54,109 [INFO] PluginManage:359 - Loaded plugin pinoutconfig (category:base,tabindex:0)
2024-10-16 17:29:54,109 [INFO] PluginManage:310 - Check plugin power
2024-10-16 17:29:54,122 [INFO] PluginManage:359 - Loaded plugin power (category:power,tabindex:4)
2024-10-16 17:29:54,122 [INFO] PluginManage:310 - Check plugin projectmanager
2024-10-16 17:29:54,143 [INFO] PluginManage:359 - Loaded plugin projectmanager (category:projectmanager,tabindex:3)
2024-10-16 17:29:54,143 [INFO] PluginManage:310 - Check plugin thirdparty
2024-10-16 17:29:54,309 [INFO] PluginManage:359 - Loaded plugin thirdparty (category:base,tabindex:-1)
2024-10-16 17:29:54,309 [WARN] IntegrityCheckThread:84 - waiting for thirdparty lock release [integrity check]
2024-10-16 17:29:54,310 [INFO] PluginManage:310 - Check plugin tools
2024-10-16 17:29:54,310 [INFO] IntegrityCheckThread:86 - entering critical section [integrity check]
2024-10-16 17:29:54,310 [INFO] ThirdPartyUpdaterWithRetryManager:70 - Updater plugin not ready yet. [1/15]
2024-10-16 17:29:54,314 [INFO] PluginManage:359 - Loaded plugin tools (category:base,tabindex:7)
2024-10-16 17:29:54,314 [INFO] PluginManage:310 - Check plugin tutovideos
2024-10-16 17:29:54,500 [INFO] PluginManage:359 - Loaded plugin tutovideos (category:base,tabindex:-1)
2024-10-16 17:29:54,500 [INFO] PluginManage:310 - Check plugin updater
2024-10-16 17:29:54,509 [INFO] PluginManage:359 - Loaded plugin updater (category:base,tabindex:12)
2024-10-16 17:29:54,509 [INFO] PluginManage:310 - Check plugin userauth
2024-10-16 17:29:54,515 [INFO] UserAuth:113 - Init User Auth plugin
2024-10-16 17:29:54,515 [INFO] PluginManage:359 - Loaded plugin userauth (category:base,tabindex:14)
2024-10-16 17:29:54,516 [INFO] PluginManage:283 - PluginManage : Loaded plugins [17]
2024-10-16 17:29:54,755 [INFO] PinOutPanel:1499 - setPackage(No Configuration,No Configuration)
2024-10-16 17:29:54,868 [INFO] CADModel:165 - CPN selected for project level
2024-10-16 17:29:54,869 [INFO] CADModel:114 - Register for checkConnection events
2024-10-16 17:29:54,885 [INFO] IPUIPlugin:80 - create IPUIPlugin
2024-10-16 17:29:54,885 [INFO] PluginManager:220 - loadIPPluginJar : add adc
2024-10-16 17:29:54,888 [INFO] IPUIPlugin:80 - create IPUIPlugin
2024-10-16 17:29:54,888 [INFO] PluginManager:220 - loadIPPluginJar : add aes
2024-10-16 17:29:54,890 [INFO] IPUIPlugin:80 - create IPUIPlugin
2024-10-16 17:29:54,890 [INFO] PluginManager:220 - loadIPPluginJar : add can
2024-10-16 17:29:54,892 [INFO] IPUIPlugin:80 - create IPUIPlugin
2024-10-16 17:29:54,892 [INFO] PluginManager:220 - loadIPPluginJar : add comp
2024-10-16 17:29:54,894 [INFO] IPUIPlugin:80 - create IPUIPlugin
2024-10-16 17:29:54,894 [INFO] PluginManager:220 - loadIPPluginJar : add cryp
2024-10-16 17:29:54,896 [INFO] IPUIPlugin:80 - create IPUIPlugin
2024-10-16 17:29:54,897 [INFO] PluginManager:220 - loadIPPluginJar : add dfsdm
2024-10-16 17:29:54,901 [INFO] IPUIPlugin:80 - create IPUIPlugin
2024-10-16 17:29:54,902 [INFO] PluginManager:220 - loadIPPluginJar : add dma
2024-10-16 17:29:54,904 [INFO] IPUIPlugin:80 - create IPUIPlugin
2024-10-16 17:29:54,904 [INFO] PluginManager:220 - loadIPPluginJar : add dma3
2024-10-16 17:29:54,905 [INFO] IPUIPlugin:80 - create IPUIPlugin
2024-10-16 17:29:54,906 [INFO] PluginManager:220 - loadIPPluginJar : add fatfs
2024-10-16 17:29:54,910 [INFO] IPUIPlugin:80 - create IPUIPlugin
2024-10-16 17:29:54,910 [INFO] PluginManager:220 - loadIPPluginJar : add fmc
2024-10-16 17:29:54,916 [INFO] IPUIPlugin:80 - create IPUIPlugin
2024-10-16 17:29:54,917 [INFO] PluginManager:220 - loadIPPluginJar : add freertos
2024-10-16 17:29:54,918 [INFO] IPUIPlugin:80 - create IPUIPlugin
2024-10-16 17:29:54,918 [INFO] PluginManager:220 - loadIPPluginJar : add genericplugin
2024-10-16 17:29:54,920 [INFO] IPUIPlugin:80 - create IPUIPlugin
2024-10-16 17:29:54,920 [INFO] PluginManager:220 - loadIPPluginJar : add gfxmmu
2024-10-16 17:29:54,924 [INFO] IPUIPlugin:80 - create IPUIPlugin
2024-10-16 17:29:54,924 [INFO] PluginManager:220 - loadIPPluginJar : add gic
2024-10-16 17:29:54,928 [INFO] IPUIPlugin:80 - create IPUIPlugin
2024-10-16 17:29:54,928 [INFO] PluginManager:220 - loadIPPluginJar : add gpio
2024-10-16 17:29:54,930 [INFO] IPUIPlugin:80 - create IPUIPlugin
2024-10-16 17:29:54,930 [INFO] PluginManager:220 - loadIPPluginJar : add gtzc
2024-10-16 17:29:54,932 [INFO] IPUIPlugin:80 - create IPUIPlugin
2024-10-16 17:29:54,932 [INFO] PluginManager:220 - loadIPPluginJar : add hash
2024-10-16 17:29:54,935 [INFO] IPUIPlugin:80 - create IPUIPlugin
2024-10-16 17:29:54,935 [INFO] PluginManager:220 - loadIPPluginJar : add i2c
2024-10-16 17:29:54,938 [INFO] IPUIPlugin:80 - create IPUIPlugin
2024-10-16 17:29:54,938 [INFO] PluginManager:220 - loadIPPluginJar : add i2s
2024-10-16 17:29:54,941 [INFO] IPUIPlugin:80 - create IPUIPlugin
2024-10-16 17:29:54,941 [INFO] PluginManager:220 - loadIPPluginJar : add i3c
2024-10-16 17:29:54,944 [INFO] IPUIPlugin:80 - create IPUIPlugin
2024-10-16 17:29:54,944 [INFO] PluginManager:220 - loadIPPluginJar : add ipddr
2024-10-16 17:29:54,949 [INFO] IPUIPlugin:80 - create IPUIPlugin
2024-10-16 17:29:54,950 [INFO] PluginManager:220 - loadIPPluginJar : add linkedlist
2024-10-16 17:29:54,952 [INFO] IPUIPlugin:80 - create IPUIPlugin
2024-10-16 17:29:54,952 [INFO] PluginManager:220 - loadIPPluginJar : add lorawan
2024-10-16 17:29:54,953 [INFO] IPUIPlugin:80 - create IPUIPlugin
2024-10-16 17:29:54,953 [INFO] PluginManager:220 - loadIPPluginJar : add ltdc
2024-10-16 17:29:54,959 [INFO] IPUIPlugin:80 - create IPUIPlugin
2024-10-16 17:29:54,959 [INFO] PluginManager:220 - loadIPPluginJar : add mdma
2024-10-16 17:29:54,962 [INFO] IPUIPlugin:80 - create IPUIPlugin
2024-10-16 17:29:54,962 [INFO] PluginManager:220 - loadIPPluginJar : add nvic
2024-10-16 17:29:54,964 [INFO] IPUIPlugin:80 - create IPUIPlugin
2024-10-16 17:29:54,965 [INFO] PluginManager:220 - loadIPPluginJar : add opamp
2024-10-16 17:29:54,967 [INFO] IPUIPlugin:80 - create IPUIPlugin
2024-10-16 17:29:54,967 [INFO] PluginManager:220 - loadIPPluginJar : add openamp
2024-10-16 17:29:54,969 [INFO] IPUIPlugin:80 - create IPUIPlugin
2024-10-16 17:29:54,969 [INFO] PluginManager:220 - loadIPPluginJar : add pdm2pcm
2024-10-16 17:29:54,975 [INFO] IPUIPlugin:80 - create IPUIPlugin
2024-10-16 17:29:54,977 [INFO] PluginManager:220 - loadIPPluginJar : add plateformsettings
2024-10-16 17:29:54,978 [INFO] IPUIPlugin:80 - create IPUIPlugin
2024-10-16 17:29:54,978 [INFO] PluginManager:220 - loadIPPluginJar : add quadspi
2024-10-16 17:29:54,981 [INFO] IPUIPlugin:80 - create IPUIPlugin
2024-10-16 17:29:54,981 [INFO] PluginManager:220 - loadIPPluginJar : add resmgrutility
2024-10-16 17:29:54,983 [INFO] IPUIPlugin:80 - create IPUIPlugin
2024-10-16 17:29:54,983 [INFO] PluginManager:220 - loadIPPluginJar : add sai
2024-10-16 17:29:54,985 [INFO] IPUIPlugin:80 - create IPUIPlugin
2024-10-16 17:29:54,985 [INFO] PluginManager:220 - loadIPPluginJar : add spi
2024-10-16 17:29:54,989 [INFO] IPUIPlugin:80 - create IPUIPlugin
2024-10-16 17:29:54,989 [INFO] PluginManager:220 - loadIPPluginJar : add stm32_wpan
2024-10-16 17:29:54,991 [INFO] IPUIPlugin:80 - create IPUIPlugin
2024-10-16 17:29:54,991 [INFO] PluginManager:220 - loadIPPluginJar : add tim
2024-10-16 17:29:54,993 [INFO] IPUIPlugin:80 - create IPUIPlugin
2024-10-16 17:29:54,994 [INFO] PluginManager:220 - loadIPPluginJar : add touchsensing
2024-10-16 17:29:54,995 [INFO] IPUIPlugin:80 - create IPUIPlugin
2024-10-16 17:29:54,995 [INFO] PluginManager:220 - loadIPPluginJar : add tracer_emb
2024-10-16 17:29:54,996 [INFO] IPUIPlugin:80 - create IPUIPlugin
2024-10-16 17:29:54,997 [INFO] PluginManager:220 - loadIPPluginJar : add ts
2024-10-16 17:29:54,998 [INFO] IPUIPlugin:80 - create IPUIPlugin
2024-10-16 17:29:54,998 [INFO] PluginManager:220 - loadIPPluginJar : add tsc
2024-10-16 17:29:55,004 [INFO] IPUIPlugin:80 - create IPUIPlugin
2024-10-16 17:29:55,004 [INFO] PluginManager:220 - loadIPPluginJar : add ucpd
2024-10-16 17:29:55,007 [INFO] IPUIPlugin:80 - create IPUIPlugin
2024-10-16 17:29:55,007 [INFO] PluginManager:220 - loadIPPluginJar : add usart
2024-10-16 17:29:55,009 [INFO] IPUIPlugin:80 - create IPUIPlugin
2024-10-16 17:29:55,009 [INFO] PluginManager:220 - loadIPPluginJar : add usbx
2024-10-16 17:29:55,135 [INFO] CADModel:165 - CPN selected for project level
2024-10-16 17:29:55,135 [INFO] CADModel:114 - Register for checkConnection events
2024-10-16 17:29:55,135 [FATAL] Updater:308 - Updater called before beeing initialized
2024-10-16 17:29:55,135 [ERROR] CADModel:125 - Updater not yet initialized, retry later 
2024-10-16 17:29:55,283 [INFO] CADModel:165 - CPN selected for project level
2024-10-16 17:29:55,283 [INFO] CADModel:114 - Register for checkConnection events
2024-10-16 17:29:55,283 [FATAL] Updater:308 - Updater called before beeing initialized
2024-10-16 17:29:55,283 [ERROR] CADModel:125 - Updater not yet initialized, retry later 
2024-10-16 17:29:55,286 [FATAL] Updater:308 - Updater called before beeing initialized
2024-10-16 17:29:55,383 [FATAL] Updater:308 - Updater called before beeing initialized
2024-10-16 17:29:55,389 [INFO] DbMcusAds:53 - JSON generation date=Thu May 16 14:52:00 IST 2024 (1715851320667)
2024-10-16 17:29:55,390 [FATAL] Updater:308 - Updater called before beeing initialized
2024-10-16 17:29:55,423 [WARN] DetailPanel:346 - Failed to get advertising image, set to default
2024-10-16 17:29:55,530 [FATAL] Updater:308 - Updater called before beeing initialized
2024-10-16 17:29:55,531 [FATAL] Updater:308 - Updater called before beeing initialized
2024-10-16 17:29:55,531 [FATAL] Updater:308 - Updater called before beeing initialized
2024-10-16 17:29:55,531 [WARN] DetailPanel:346 - Failed to get advertising image, set to default
2024-10-16 17:29:55,532 [FATAL] Updater:308 - Updater called before beeing initialized
2024-10-16 17:29:55,576 [ERROR] Updater:1120 - MainUpdater not yet initialized. External WinMGr cannot be set.
2024-10-16 17:29:55,578 [INFO] Updater:1056 - Updater Version found : 6.9.1
2024-10-16 17:29:55,596 [INFO] ApplicationProperties:184 - Using Application install path: C:\ST\STM32CubeIDE_1.13.1\STM32CubeIDE\plugins\com.st.stm32cube.common.mx_6.9.1.202307191849
2024-10-16 17:29:55,824 [INFO] MainUpdater:2868 - connection check result : 10
2024-10-16 17:29:55,826 [INFO] MainUpdater:285 - Updater Check For Update Now.
2024-10-16 17:29:55,826 [INFO] MicroXplorer:498 - Change Database Version : DB.6.0.91
2024-10-16 17:29:55,832 [INFO] McuFinderGlobals:63 - Set McuFinder mode to 2 (CubeIDE integrated)
2024-10-16 17:29:55,832 [INFO] UserAuth:179 - activating auth plugin
2024-10-16 17:29:55,836 [INFO] UserAuth:393 - Internet connection configuration mode: 1
2024-10-16 17:29:55,852 [INFO] JxBrowserEngine:151 - Initiate JxBrowser Engine with user profile folder
2024-10-16 17:29:56,035 [INFO] CheckServerUpdateThread:120 - End of CheckServer Thread
2024-10-16 17:29:56,417 [INFO] WebApp:157 - Instantiating new browser for Auth
2024-10-16 17:29:56,872 [INFO] WebApp:753 - Register for checkConnection events
2024-10-16 17:29:56,872 [INFO] WebApp:390 - Apply proxy settings
2024-10-16 17:29:56,872 [INFO] WebApp:475 - Chromium requires no authentication
2024-10-16 17:29:56,878 [INFO] WebApp:418 - Direct internet connection detected
2024-10-16 17:29:57,008 [INFO] WebApp:188 - Starting web application
2024-10-16 17:29:57,008 [INFO] WebApp:520 - Web application path used C:\ST\STM32CubeIDE_1.13.1\STM32CubeIDE\plugins\com.st.stm32cube.common.mx_6.9.1.202307191849\db\plugins\mcufinder\reactClient1\index.html
2024-10-16 17:29:57,466 [WARN] PackLoader:240 - Cannot read IP mode file for STMicroelectronics.FP-SNS-MOTENVWB1.1.4.0
2024-10-16 17:29:57,477 [WARN] PackLoader:240 - Cannot read IP mode file for STMicroelectronics.X-CUBE-SMBUS.2.1.0
2024-10-16 17:29:57,499 [WARN] PackLoader:240 - Cannot read IP mode file for STMicroelectronics.X-CUBE-WB05N.1.1.0
2024-10-16 17:29:57,505 [WARN] PackLoader:240 - Cannot read IP mode file for STMicroelectronics.X-CUBE-TOUCHGFX.4.23.0
2024-10-16 17:29:57,507 [WARN] PackLoader:240 - Cannot read IP mode file for STMicroelectronics.X-CUBE-TOUCHGFX.4.23.2
2024-10-16 17:29:57,535 [WARN] PackLoader:240 - Cannot read IP mode file for STMicroelectronics.X-CUBE-AZRTOS-F7.1.1.0
2024-10-16 17:29:57,547 [WARN] PackLoader:240 - Cannot read IP mode file for STMicroelectronics.FP-SNS-MOTENV1.4.3.2
2024-10-16 17:29:57,616 [WARN] PackLoader:240 - Cannot read IP mode file for STMicroelectronics.X-CUBE-MEMS1.11.0.0
2024-10-16 17:29:57,778 [WARN] PackLoader:240 - Cannot read IP mode file for STMicroelectronics.FP-SNS-FLIGHT1.5.0.2
2024-10-16 17:29:57,784 [WARN] PackLoader:240 - Cannot read IP mode file for STMicroelectronics.X-CUBE-DISPLAY.3.0.0
2024-10-16 17:29:57,791 [WARN] PackLoader:240 - Cannot read IP mode file for STMicroelectronics.X-CUBE-BLE1.7.0.0
2024-10-16 17:29:57,795 [WARN] PackLoader:240 - Cannot read IP mode file for STMicroelectronics.X-CUBE-NFC10.1.0.0
2024-10-16 17:29:57,800 [WARN] PackLoader:240 - Cannot read IP mode file for emotas.I-CUBE-CANOPEN.1.3.0
2024-10-16 17:29:57,802 [WARN] PackLoader:240 - Cannot read IP mode file for STMicroelectronics.X-CUBE-TOUCHGFX.4.22.0
2024-10-16 17:29:57,804 [WARN] PackLoader:240 - Cannot read IP mode file for STMicroelectronics.X-CUBE-TOUCHGFX.4.22.1
2024-10-16 17:29:57,811 [WARN] PackLoader:240 - Cannot read IP mode file for STMicroelectronics.X-CUBE-BLEMGR.3.1.0
2024-10-16 17:29:57,816 [WARN] PackLoader:240 - Cannot read IP mode file for STMicroelectronics.FP-SNS-SMARTAG2.1.2.0
2024-10-16 17:29:57,823 [INFO] LogOutputStream:77 - [STDOUT_REDIRECT] 1 : Invalid condition id : UX_CORESTACK_Condition cause : null
2024-10-16 17:29:57,823 [INFO] LogOutputStream:77 - [STDOUT_REDIRECT] 1 : Invalid condition id : UX_CORESTACK_Condition cause : null
2024-10-16 17:29:57,824 [INFO] LogOutputStream:77 - [STDOUT_REDIRECT] 1 : Invalid condition id : UX_CORESTACK_Condition cause : null
2024-10-16 17:29:57,825 [INFO] LogOutputStream:77 - [STDOUT_REDIRECT] 1 : Invalid condition id : UX_CORESTACK_Condition cause : null
2024-10-16 17:29:57,826 [INFO] LogOutputStream:77 - [STDOUT_REDIRECT] 1 : Invalid condition id : UX_CORESTACK_Condition cause : null
2024-10-16 17:29:57,829 [WARN] PackLoader:240 - Cannot read IP mode file for STMicroelectronics.X-CUBE-AZRTOS-WL.2.0.0
2024-10-16 17:29:57,834 [WARN] PackLoader:240 - Cannot read IP mode file for STMicroelectronics.FP-SNS-MOTENV1.5.0.0
2024-10-16 17:29:57,840 [WARN] PackLoader:240 - Cannot read IP mode file for wolfSSL.I-CUBE-wolfMQTT.1.19.0
2024-10-16 17:29:57,846 [WARN] PackLoader:240 - Cannot read IP mode file for WES.I-CUBE-Cesium.1.3.0
2024-10-16 17:29:57,849 [WARN] PackLoader:240 - Cannot read IP mode file for STMicroelectronics.X-CUBE-BLE2.3.3.0
2024-10-16 17:29:57,855 [WARN] PackLoader:240 - Cannot read IP mode file for STMicroelectronics.X-CUBE-NFC9.1.0.0
2024-10-16 17:29:57,862 [WARN] PackLoader:240 - Cannot read IP mode file for STMicroelectronics.X-CUBE-TCPP.4.1.0
2024-10-16 17:29:57,869 [WARN] PackLoader:240 - Cannot read IP mode file for STMicroelectronics.X-CUBE-ALGOBUILD.1.3.0
2024-10-16 17:29:57,879 [WARN] PackLoader:240 - Cannot read IP mode file for STMicroelectronics.X-CUBE-AZRTOS-G0.1.1.0
2024-10-16 17:29:57,885 [WARN] PackLoader:240 - Cannot read IP mode file for STMicroelectronics.X-CUBE-SAFEA1.1.2.2
2024-10-16 17:29:57,890 [WARN] PackLoader:240 - Cannot read IP mode file for STMicroelectronics.X-CUBE-NFC4.3.0.0
2024-10-16 17:29:57,893 [ERROR] Engine:466 - C:\Users\kunal\.stm32cubemx\thirdparties\pdsc\EmbeddedOffice.I-CUBE-FS-RTOS.1.0.1.pdsc: PDSC version is not supported
2024-10-16 17:29:57,902 [WARN] PackLoader:240 - Cannot read IP mode file for STMicroelectronics.X-CUBE-BLEMGR.3.0.0
2024-10-16 17:29:57,905 [ERROR] Engine:466 - C:\Users\kunal\.stm32cubemx\thirdparties\pdsc\RealThread.X-CUBE-RT-Thread_Nano.4.1.1.pdsc: PDSC version is not supported
2024-10-16 17:29:57,908 [WARN] PackLoader:240 - Cannot read IP mode file for STMicroelectronics.FP-ATR-SIGFOX1.3.2.0
2024-10-16 17:29:57,912 [WARN] PackLoader:240 - Cannot read IP mode file for STMicroelectronics.X-CUBE-EEPRMA1.5.1.0
2024-10-16 17:29:57,941 [WARN] PackLoader:240 - Cannot read IP mode file for SEGGER.I-CUBE-embOS.1.3.1
2024-10-16 17:29:57,973 [WARN] PackLoader:240 - Cannot read IP mode file for STMicroelectronics.X-CUBE-ALGOBUILD.1.4.0
2024-10-16 17:29:57,977 [WARN] PackLoader:240 - Cannot read IP mode file for STMicroelectronics.X-CUBE-AI.9.1.0
2024-10-16 17:29:57,980 [WARN] PackLoader:240 - Cannot read IP mode file for STMicroelectronics.X-CUBE-GNSS1.6.0.0
2024-10-16 17:29:57,992 [WARN] PackLoader:240 - Cannot read IP mode file for STMicroelectronics.X-CUBE-AZRTOS-F4.1.1.0
2024-10-16 17:29:57,997 [WARN] PackLoader:240 - Cannot read IP mode file for wolfSSL.I-CUBE-wolfSSL.5.6.3
2024-10-16 17:29:58,000 [WARN] PackLoader:240 - Cannot read IP mode file for STMicroelectronics.X-CUBE-ISPU.2.1.0
2024-10-16 17:29:58,003 [WARN] PackLoader:240 - Cannot read IP mode file for STMicroelectronics.X-CUBE-FREERTOS.1.2.0
2024-10-16 17:29:58,013 [WARN] PackLoader:240 - Cannot read IP mode file for STMicroelectronics.X-CUBE-AZRTOS-L5.2.0.0
2024-10-16 17:29:58,045 [WARN] PackLoader:240 - Cannot read IP mode file for STMicroelectronics.X-CUBE-MEMS1.9.6.0
2024-10-16 17:29:58,142 [WARN] PackLoader:240 - Cannot read IP mode file for STMicroelectronics.X-CUBE-EEPRMA1.4.2.0
2024-10-16 17:29:58,148 [WARN] PackLoader:240 - Cannot read IP mode file for STMicroelectronics.X-CUBE-NFC6.3.1.0
2024-10-16 17:29:58,154 [WARN] PackLoader:240 - Cannot read IP mode file for ITTIA_DB.I-CUBE-ITTIADB.8.8.0
2024-10-16 17:29:58,172 [WARN] PackLoader:240 - Cannot read IP mode file for STMicroelectronics.X-CUBE-BLEMGR.2.0.0
2024-10-16 17:29:58,175 [ERROR] Engine:466 - C:\Users\kunal\.stm32cubemx\thirdparties\pdsc\STMicroelectronics.X-CUBE-DPower.1.2.0.pdsc: PDSC version is not supported
2024-10-16 17:29:58,178 [WARN] PackLoader:240 - Cannot read IP mode file for STMicroelectronics.X-CUBE-AI.9.0.0
2024-10-16 17:29:58,189 [WARN] ConditionMgr:438 - getConditionDescription Invalid condition id : UX DEVICE CLASS RTOS Condition cause : null
2024-10-16 17:29:58,189 [WARN] ConditionMgr:438 - getConditionDescription Invalid condition id : UX DEVICE CLASS RTOS Condition cause : null
2024-10-16 17:29:58,191 [WARN] PackLoader:240 - Cannot read IP mode file for STMicroelectronics.X-CUBE-AZRTOS-H7.3.1.0
2024-10-16 17:29:58,191 [WARN] ConditionMgr:1039 - genDependencies : Invalid condition id : UX DEVICE CLASS RTOS Condition cause : null
2024-10-16 17:29:58,192 [WARN] ConditionMgr:1039 - genDependencies : Invalid condition id : UX DEVICE CLASS RTOS Condition cause : null
2024-10-16 17:29:58,192 [WARN] ConditionMgr:1039 - genDependencies : Invalid condition id : UX DEVICE CLASS RTOS Condition cause : null
2024-10-16 17:29:58,192 [WARN] ConditionMgr:1039 - genDependencies : Invalid condition id : UX DEVICE CLASS RTOS Condition cause : null
2024-10-16 17:29:58,192 [WARN] ConditionMgr:1039 - genDependencies : Invalid condition id : UX DEVICE CLASS RTOS Condition cause : null
2024-10-16 17:29:58,196 [WARN] PackLoader:240 - Cannot read IP mode file for STMicroelectronics.X-CUBE-NFC7.1.0.1
2024-10-16 17:29:58,200 [WARN] PackLoader:240 - Cannot read IP mode file for wolfSSL.I-CUBE-wolfTPM.3.2.0
2024-10-16 17:29:58,203 [WARN] PackLoader:240 - Cannot read IP mode file for STMicroelectronics.X-CUBE-NFC6.3.0.0
2024-10-16 17:29:58,207 [WARN] PackLoader:240 - Cannot read IP mode file for STMicroelectronics.X-CUBE-EEPRMA1.4.1.0
2024-10-16 17:29:58,210 [WARN] PackLoader:240 - Cannot read IP mode file for STMicroelectronics.X-CUBE-AI.8.1.0
2024-10-16 17:29:58,220 [WARN] ConditionMgr:438 - getConditionDescription Invalid condition id : LAN8742 Phy interface Condition cause : null
2024-10-16 17:29:58,221 [WARN] PackLoader:240 - Cannot read IP mode file for STMicroelectronics.X-CUBE-AZRTOS-L4.2.0.0
2024-10-16 17:29:58,222 [WARN] ConditionMgr:1039 - genDependencies : Invalid condition id : LAN8742 Phy interface Condition cause : null
2024-10-16 17:29:58,222 [WARN] ConditionMgr:1039 - genDependencies : Invalid condition id : LAN8742 Phy interface Condition cause : null
2024-10-16 17:29:58,222 [WARN] ConditionMgr:1039 - genDependencies : Invalid condition id : LAN8742 Phy interface Condition cause : null
2024-10-16 17:29:58,228 [WARN] PackLoader:240 - Cannot read IP mode file for STMicroelectronics.X-CUBE-SFXS2LP1.4.0.0
2024-10-16 17:29:58,231 [WARN] PackLoader:240 - Cannot read IP mode file for STMicroelectronics.X-CUBE-ISPU.1.1.0
2024-10-16 17:29:58,242 [WARN] PackLoader:240 - Cannot read IP mode file for STMicroelectronics.X-CUBE-AZRTOS-H7.3.3.0
2024-10-16 17:29:58,248 [ERROR] Engine:466 - C:\Users\kunal\.stm32cubemx\thirdparties\pdsc\STMicroelectronics.X-CUBE-IPS.3.0.0.pdsc: PDSC version is not supported
2024-10-16 17:29:58,263 [WARN] ConditionMgr:438 - getConditionDescription Invalid condition id : UX DEVICE CLASS RTOS Condition cause : null
2024-10-16 17:29:58,264 [WARN] ConditionMgr:438 - getConditionDescription Invalid condition id : UX DEVICE CLASS RTOS Condition cause : null
2024-10-16 17:29:58,266 [WARN] PackLoader:240 - Cannot read IP mode file for STMicroelectronics.X-CUBE-AZRTOS-WB.2.0.0
2024-10-16 17:29:58,266 [WARN] ConditionMgr:1039 - genDependencies : Invalid condition id : UX DEVICE CLASS RTOS Condition cause : null
2024-10-16 17:29:58,266 [WARN] ConditionMgr:1039 - genDependencies : Invalid condition id : UX DEVICE CLASS RTOS Condition cause : null
2024-10-16 17:29:58,266 [WARN] ConditionMgr:1039 - genDependencies : Invalid condition id : UX DEVICE CLASS RTOS Condition cause : null
2024-10-16 17:29:58,267 [WARN] ConditionMgr:1039 - genDependencies : Invalid condition id : UX DEVICE CLASS RTOS Condition cause : null
2024-10-16 17:29:58,267 [WARN] ConditionMgr:1039 - genDependencies : Invalid condition id : UX DEVICE CLASS RTOS Condition cause : null
2024-10-16 17:29:58,270 [WARN] PackLoader:240 - Cannot read IP mode file for STMicroelectronics.X-CUBE-FREERTOS.1.0.1
2024-10-16 17:29:58,274 [WARN] PackLoader:240 - Cannot read IP mode file for STMicroelectronics.X-CUBE-GNSS1.7.0.0
2024-10-16 17:29:58,277 [ERROR] Engine:466 - C:\Users\kunal\.stm32cubemx\thirdparties\pdsc\STMicroelectronics.FP-SNS-STBOX1.2.0.0.pdsc: PDSC version is not supported
2024-10-16 17:29:58,284 [WARN] PackLoader:240 - Cannot read IP mode file for STMicroelectronics.X-CUBE-SUBG2.5.0.0
2024-10-16 17:29:58,289 [WARN] PackLoader:240 - Cannot read IP mode file for Cesanta.I-CUBE-Mongoose.7.13.0
2024-10-16 17:29:58,296 [WARN] PackLoader:240 - Cannot read IP mode file for STMicroelectronics.X-CUBE-TOF1.3.3.1
2024-10-16 17:29:58,314 [WARN] PackLoader:240 - Cannot read IP mode file for STMicroelectronics.X-CUBE-AZRTOS-G4.2.0.0
2024-10-16 17:29:58,325 [WARN] PackLoader:240 - Cannot read IP mode file for Infineon.AIROC-Wi-Fi-Bluetooth-STM32.1.5.1
2024-10-16 17:29:58,329 [WARN] PackLoader:240 - Cannot read IP mode file for STMicroelectronics.FP-SNS-MOTENVWB1.1.3.1
2024-10-16 17:29:58,332 [WARN] PackLoader:240 - Cannot read IP mode file for STMicroelectronics.X-CUBE-ISPU.2.0.0
2024-10-16 17:29:58,334 [WARN] PackLoader:240 - Cannot read IP mode file for STMicroelectronics.X-CUBE-ALS.1.0.2
2024-10-16 17:29:58,360 [WARN] PackLoader:240 - Cannot read IP mode file for STMicroelectronics.X-CUBE-MEMS1.10.0.0
2024-10-16 17:29:58,443 [WARN] PackLoader:240 - Cannot read IP mode file for STMicroelectronics.X-CUBE-FREERTOS.1.1.0
2024-10-16 17:29:58,446 [WARN] PackLoader:240 - Cannot read IP mode file for STMicroelectronics.X-CUBE-TOUCHGFX.4.24.0
2024-10-16 17:29:58,447 [WARN] PackLoader:240 - Cannot read IP mode file for STMicroelectronics.X-CUBE-TOUCHGFX.4.24.1
2024-10-16 17:29:58,451 [WARN] PackLoader:240 - Cannot read IP mode file for portGmbH.I-Cube-SoM-uGOAL.1.1.0
2024-10-16 17:29:58,455 [WARN] PackLoader:240 - Cannot read IP mode file for STMicroelectronics.X-CUBE-ALS.1.0.1
2024-10-16 17:29:58,465 [WARN] PackLoader:240 - Cannot read IP mode file for STMicroelectronics.X-CUBE-AZRTOS-H7RS.1.0.0
2024-10-16 17:29:58,469 [WARN] PackLoader:240 - Cannot read IP mode file for STMicroelectronics.FP-ATR-ASTRA1.2.0.0
2024-10-16 17:29:58,473 [ERROR] Engine:466 - C:\Users\kunal\.stm32cubemx\thirdparties\pdsc\STMicroelectronics.X-CUBE-TOF1.3.4.2.pdsc: PDSC version is not supported
2024-10-16 17:29:58,480 [WARN] PackLoader:240 - Cannot read IP mode file for STMicroelectronics.X-CUBE-TOF1.3.4.0
2024-10-16 17:29:58,493 [WARN] PackLoader:240 - Cannot read IP mode file for STMicroelectronics.X-CUBE-TOF1.3.4.1
2024-10-16 17:29:58,511 [WARN] PackLoader:240 - Cannot read IP mode file for STMicroelectronics.X-CUBE-AZRTOS-H7.3.2.0
2024-10-16 17:29:58,515 [WARN] PackLoader:240 - Cannot read IP mode file for wolfSSL.I-CUBE-wolfSSH.1.4.17
2024-10-16 17:29:58,516 [INFO] ThirdParty:978 - Integrity check success = true
2024-10-16 17:29:58,516 [INFO] IntegrityCheckThread:100 - exiting critical section [integrity check]
2024-10-16 17:29:58,516 [INFO] IntegrityCheckThread:103 - End integrity checks thread
2024-10-16 17:30:17,787 [ERROR] LogOutputStream:75 - [STDERR_REDIRECT] SLF4J: Failed to load class "org.slf4j.impl.StaticLoggerBinder".
2024-10-16 17:30:17,788 [ERROR] LogOutputStream:75 - [STDERR_REDIRECT] SLF4J: Defaulting to no-operation (NOP) logger implementation
2024-10-16 17:30:17,789 [ERROR] LogOutputStream:75 - [STDERR_REDIRECT] SLF4J: See http://www.slf4j.org/codes.html#StaticLoggerBinder for further details.
2024-10-16 17:35:33,489 [ERROR] LogOutputStream:75 - [STDERR_REDIRECT] 
2024-10-16 17:35:42,677 [INFO] Activator:176 - 


2024-10-16 17:35:42,680 [INFO] Activator:177 - !SESSION log4j initialized
2024-10-16 17:35:47,352 [INFO] LogOutputStream:77 - [STDOUT_REDIRECT] 
2024-10-16 17:35:48,489 [INFO] ApplicationProperties:184 - Using Application install path: C:\ST\STM32CubeIDE_1.13.1\STM32CubeIDE\plugins\com.st.stm32cube.common.mx_6.9.1.202307191849
2024-10-16 17:35:48,513 [INFO] DbMcusXml:78 - Set database path to: C:\ST\STM32CubeIDE_1.13.1\STM32CubeIDE\plugins\com.st.stm32cube.common.mx_6.9.1.202307191849\\db\/mcu/
2024-10-16 17:35:48,514 [INFO] ApiDb:274 - Set plugin database path to: C:\ST\STM32CubeIDE_1.13.1\STM32CubeIDE\plugins\com.st.stm32cube.common.mx_6.9.1.202307191849\\db\/plugins/boardmanager/
2024-10-16 17:35:48,515 [WARN] ApiDb:259 - Overriding images path with different value:  => C:\ST\STM32CubeIDE_1.13.1\STM32CubeIDE\plugins\com.st.stm32cube.common.mx_6.9.1.202307191849\\db\/plugins/mcufinder/images/
2024-10-16 17:35:48,529 [INFO] ApiDb:250 - Set database path to: C:\Users\kunal\.stmcufinder\plugins\mcufinder//mcu/
2024-10-16 17:35:48,530 [INFO] DbMcusAds:125 - Set database path to: C:\Users\kunal\.stmcufinder\plugins\mcufinder//mcu/
2024-10-16 17:35:48,533 [INFO] CrossReferenceDbSqlite:203 - Set database path to: C:\Users\kunal\.stmcufinder\plugins\mcufinder//mcu/cs/
2024-10-16 17:35:48,746 [INFO] RulesReader:64 - Compatibility file has been processed (293 Rules)
2024-10-16 17:35:48,876 [INFO] DbMcusXml:78 - Set database path to: C:\ST\STM32CubeIDE_1.13.1\STM32CubeIDE\plugins\com.st.stm32cube.common.mx_6.9.1.202307191849\\db\/mcu/
2024-10-16 17:35:48,876 [INFO] ApiDb:274 - Set plugin database path to: C:\ST\STM32CubeIDE_1.13.1\STM32CubeIDE\plugins\com.st.stm32cube.common.mx_6.9.1.202307191849\\db\/plugins/boardmanager/
2024-10-16 17:35:48,876 [INFO] ApiDb:261 - Set plugin images path to: C:\ST\STM32CubeIDE_1.13.1\STM32CubeIDE\plugins\com.st.stm32cube.common.mx_6.9.1.202307191849\\db\/plugins/mcufinder/images/
2024-10-16 17:35:48,877 [WARN] DbFile:41 - Overriding database path with different value: C:\Users\kunal\.stmcufinder\plugins\mcufinder/ => C:\Users\kunal\.stmcufinder\plugins\mcufinder
2024-10-16 17:35:48,877 [INFO] ApiDb:250 - Set database path to: C:\Users\kunal\.stmcufinder\plugins\mcufinder//mcu/
2024-10-16 17:35:48,877 [WARN] DbFile:41 - Overriding database path with different value: C:\Users\kunal\.stmcufinder\plugins\mcufinder/ => C:\Users\kunal\.stmcufinder\plugins\mcufinder
2024-10-16 17:35:48,877 [INFO] DbMcusAds:125 - Set database path to: C:\Users\kunal\.stmcufinder\plugins\mcufinder//mcu/
2024-10-16 17:35:48,877 [WARN] DbFile:41 - Overriding database path with different value: C:\Users\kunal\.stmcufinder\plugins\mcufinder/ => C:\Users\kunal\.stmcufinder\plugins\mcufinder
2024-10-16 17:35:48,877 [WARN] DbFile:41 - Overriding database path with different value: C:\Users\kunal\.stmcufinder\plugins\mcufinder/ => C:\Users\kunal\.stmcufinder\plugins\mcufinder
2024-10-16 17:35:48,877 [INFO] CrossReferenceDbSqlite:203 - Set database path to: C:\Users\kunal\.stmcufinder\plugins\mcufinder//mcu/cs/
2024-10-16 17:35:48,988 [INFO] MainPanel:262 - HeapMemory: 268435456
2024-10-16 17:35:49,081 [INFO] DbMcusXml:78 - Set database path to: C:\ST\STM32CubeIDE_1.13.1\STM32CubeIDE\plugins\com.st.stm32cube.common.mx_6.9.1.202307191849\\db\/mcu/
2024-10-16 17:35:49,081 [INFO] ApiDb:274 - Set plugin database path to: C:\ST\STM32CubeIDE_1.13.1\STM32CubeIDE\plugins\com.st.stm32cube.common.mx_6.9.1.202307191849\\db\/plugins/boardmanager/
2024-10-16 17:35:49,081 [INFO] ApiDb:261 - Set plugin images path to: C:\ST\STM32CubeIDE_1.13.1\STM32CubeIDE\plugins\com.st.stm32cube.common.mx_6.9.1.202307191849\\db\/plugins/mcufinder/images/
2024-10-16 17:35:49,082 [WARN] DbFile:41 - Overriding database path with different value: C:\Users\kunal\.stmcufinder\plugins\mcufinder/ => C:\Users\kunal\.stmcufinder\plugins\mcufinder
2024-10-16 17:35:49,082 [INFO] ApiDb:250 - Set database path to: C:\Users\kunal\.stmcufinder\plugins\mcufinder//mcu/
2024-10-16 17:35:49,082 [WARN] DbFile:41 - Overriding database path with different value: C:\Users\kunal\.stmcufinder\plugins\mcufinder/ => C:\Users\kunal\.stmcufinder\plugins\mcufinder
2024-10-16 17:35:49,082 [INFO] DbMcusAds:125 - Set database path to: C:\Users\kunal\.stmcufinder\plugins\mcufinder//mcu/
2024-10-16 17:35:49,082 [WARN] DbFile:41 - Overriding database path with different value: C:\Users\kunal\.stmcufinder\plugins\mcufinder/ => C:\Users\kunal\.stmcufinder\plugins\mcufinder
2024-10-16 17:35:49,083 [WARN] DbFile:41 - Overriding database path with different value: C:\Users\kunal\.stmcufinder\plugins\mcufinder/ => C:\Users\kunal\.stmcufinder\plugins\mcufinder
2024-10-16 17:35:49,083 [INFO] CrossReferenceDbSqlite:203 - Set database path to: C:\Users\kunal\.stmcufinder\plugins\mcufinder//mcu/cs/
2024-10-16 17:35:49,123 [INFO] ApplicationProperties:184 - Using Application install path: C:\ST\STM32CubeIDE_1.13.1\STM32CubeIDE\plugins\com.st.stm32cube.common.mx_6.9.1.202307191849
2024-10-16 17:35:49,125 [INFO] PluginManage:196 - Search for loadable plugins [exclusion list=, ]
2024-10-16 17:35:49,126 [INFO] PluginManage:310 - Check plugin analytics
2024-10-16 17:35:49,345 [INFO] AnalyticsPlugin:253 - Accepted Software Licenses: 
2024-10-16 17:35:49,346 [INFO] AnalyticsPlugin:255 - Accepted CMSIS Pack Licenses: 
2024-10-16 17:35:49,346 [INFO] AnalyticsPlugin:257 - Accepted Firmware Licenses: FW.F4.1.27.0
2024-10-16 17:35:49,350 [INFO] PluginManage:359 - Loaded plugin analytics (category:tool,tabindex:-1)
2024-10-16 17:35:49,351 [INFO] PluginManage:310 - Check plugin cadmodel
2024-10-16 17:35:49,356 [INFO] CADModel:105 - Init CAD model plugin
2024-10-16 17:35:49,356 [INFO] PluginManage:359 - Loaded plugin cadmodel (category:power,tabindex:5)
2024-10-16 17:35:49,356 [INFO] PluginManage:310 - Check plugin clock
2024-10-16 17:35:49,367 [INFO] PluginManage:359 - Loaded plugin clock (category:base,tabindex:2)
2024-10-16 17:35:49,367 [INFO] PluginManage:310 - Check plugin ddr
2024-10-16 17:35:49,371 [INFO] PluginManage:359 - Loaded plugin ddr (category:tool,tabindex:6)
2024-10-16 17:35:49,371 [INFO] PluginManage:310 - Check plugin filemanager
2024-10-16 17:35:49,551 [INFO] PluginManage:359 - Loaded plugin filemanager (category:base,tabindex:10)
2024-10-16 17:35:49,551 [INFO] PluginManage:310 - Check plugin ipmanager
2024-10-16 17:35:49,561 [INFO] PluginManage:359 - Loaded plugin ipmanager (category:base,tabindex:5)
2024-10-16 17:35:49,561 [INFO] PluginManage:310 - Check plugin lpbam
2024-10-16 17:35:49,574 [INFO] PluginManage:359 - Loaded plugin lpbam (category:base,tabindex:0)
2024-10-16 17:35:49,574 [INFO] PluginManage:310 - Check plugin memorymap
2024-10-16 17:35:49,591 [INFO] PluginManage:359 - Loaded plugin memorymap (category:base,tabindex:4)
2024-10-16 17:35:49,591 [INFO] PluginManage:310 - Check plugin pinoutandconfiguration
2024-10-16 17:35:49,600 [INFO] PluginManage:359 - Loaded plugin pinoutandconfiguration (category:base,tabindex:1)
2024-10-16 17:35:49,600 [INFO] PluginManage:310 - Check plugin pinoutconfig
2024-10-16 17:35:49,695 [WARN] SupportedApi:132 - Cannot load RTOS API schema: s4s-elt-must-match.1: The content of 'definitions' must match (annotation?, (simpleType | complexType)?, (unique | key | keyref)*)). A problem was found starting at: attribute.
2024-10-16 17:35:49,847 [INFO] PluginManage:359 - Loaded plugin pinoutconfig (category:base,tabindex:0)
2024-10-16 17:35:49,847 [INFO] PluginManage:310 - Check plugin power
2024-10-16 17:35:49,859 [INFO] PluginManage:359 - Loaded plugin power (category:power,tabindex:4)
2024-10-16 17:35:49,859 [INFO] PluginManage:310 - Check plugin projectmanager
2024-10-16 17:35:49,881 [INFO] PluginManage:359 - Loaded plugin projectmanager (category:projectmanager,tabindex:3)
2024-10-16 17:35:49,881 [INFO] PluginManage:310 - Check plugin thirdparty
2024-10-16 17:35:50,030 [WARN] IntegrityCheckThread:84 - waiting for thirdparty lock release [integrity check]
2024-10-16 17:35:50,030 [INFO] PluginManage:359 - Loaded plugin thirdparty (category:base,tabindex:-1)
2024-10-16 17:35:50,030 [INFO] IntegrityCheckThread:86 - entering critical section [integrity check]
2024-10-16 17:35:50,030 [INFO] PluginManage:310 - Check plugin tools
2024-10-16 17:35:50,031 [INFO] ThirdPartyUpdaterWithRetryManager:70 - Updater plugin not ready yet. [1/15]
2024-10-16 17:35:50,035 [INFO] PluginManage:359 - Loaded plugin tools (category:base,tabindex:7)
2024-10-16 17:35:50,035 [INFO] PluginManage:310 - Check plugin tutovideos
2024-10-16 17:35:50,226 [INFO] PluginManage:359 - Loaded plugin tutovideos (category:base,tabindex:-1)
2024-10-16 17:35:50,226 [INFO] PluginManage:310 - Check plugin updater
2024-10-16 17:35:50,237 [INFO] PluginManage:359 - Loaded plugin updater (category:base,tabindex:12)
2024-10-16 17:35:50,238 [INFO] PluginManage:310 - Check plugin userauth
2024-10-16 17:35:50,243 [INFO] UserAuth:113 - Init User Auth plugin
2024-10-16 17:35:50,243 [INFO] PluginManage:359 - Loaded plugin userauth (category:base,tabindex:14)
2024-10-16 17:35:50,244 [INFO] PluginManage:283 - PluginManage : Loaded plugins [17]
2024-10-16 17:35:50,498 [INFO] PinOutPanel:1499 - setPackage(No Configuration,No Configuration)
2024-10-16 17:35:50,621 [INFO] CADModel:165 - CPN selected for project level
2024-10-16 17:35:50,622 [INFO] CADModel:114 - Register for checkConnection events
2024-10-16 17:35:50,637 [INFO] IPUIPlugin:80 - create IPUIPlugin
2024-10-16 17:35:50,637 [INFO] PluginManager:220 - loadIPPluginJar : add adc
2024-10-16 17:35:50,639 [INFO] IPUIPlugin:80 - create IPUIPlugin
2024-10-16 17:35:50,640 [INFO] PluginManager:220 - loadIPPluginJar : add aes
2024-10-16 17:35:50,642 [INFO] IPUIPlugin:80 - create IPUIPlugin
2024-10-16 17:35:50,642 [INFO] PluginManager:220 - loadIPPluginJar : add can
2024-10-16 17:35:50,643 [INFO] IPUIPlugin:80 - create IPUIPlugin
2024-10-16 17:35:50,643 [INFO] PluginManager:220 - loadIPPluginJar : add comp
2024-10-16 17:35:50,645 [INFO] IPUIPlugin:80 - create IPUIPlugin
2024-10-16 17:35:50,645 [INFO] PluginManager:220 - loadIPPluginJar : add cryp
2024-10-16 17:35:50,647 [INFO] IPUIPlugin:80 - create IPUIPlugin
2024-10-16 17:35:50,647 [INFO] PluginManager:220 - loadIPPluginJar : add dfsdm
2024-10-16 17:35:50,653 [INFO] IPUIPlugin:80 - create IPUIPlugin
2024-10-16 17:35:50,653 [INFO] PluginManager:220 - loadIPPluginJar : add dma
2024-10-16 17:35:50,655 [INFO] IPUIPlugin:80 - create IPUIPlugin
2024-10-16 17:35:50,655 [INFO] PluginManager:220 - loadIPPluginJar : add dma3
2024-10-16 17:35:50,656 [INFO] IPUIPlugin:80 - create IPUIPlugin
2024-10-16 17:35:50,656 [INFO] PluginManager:220 - loadIPPluginJar : add fatfs
2024-10-16 17:35:50,660 [INFO] IPUIPlugin:80 - create IPUIPlugin
2024-10-16 17:35:50,660 [INFO] PluginManager:220 - loadIPPluginJar : add fmc
2024-10-16 17:35:50,665 [INFO] IPUIPlugin:80 - create IPUIPlugin
2024-10-16 17:35:50,665 [INFO] PluginManager:220 - loadIPPluginJar : add freertos
2024-10-16 17:35:50,666 [INFO] IPUIPlugin:80 - create IPUIPlugin
2024-10-16 17:35:50,666 [INFO] PluginManager:220 - loadIPPluginJar : add genericplugin
2024-10-16 17:35:50,668 [INFO] IPUIPlugin:80 - create IPUIPlugin
2024-10-16 17:35:50,668 [INFO] PluginManager:220 - loadIPPluginJar : add gfxmmu
2024-10-16 17:35:50,672 [INFO] IPUIPlugin:80 - create IPUIPlugin
2024-10-16 17:35:50,672 [INFO] PluginManager:220 - loadIPPluginJar : add gic
2024-10-16 17:35:50,675 [INFO] IPUIPlugin:80 - create IPUIPlugin
2024-10-16 17:35:50,675 [INFO] PluginManager:220 - loadIPPluginJar : add gpio
2024-10-16 17:35:50,678 [INFO] IPUIPlugin:80 - create IPUIPlugin
2024-10-16 17:35:50,678 [INFO] PluginManager:220 - loadIPPluginJar : add gtzc
2024-10-16 17:35:50,680 [INFO] IPUIPlugin:80 - create IPUIPlugin
2024-10-16 17:35:50,680 [INFO] PluginManager:220 - loadIPPluginJar : add hash
2024-10-16 17:35:50,682 [INFO] IPUIPlugin:80 - create IPUIPlugin
2024-10-16 17:35:50,682 [INFO] PluginManager:220 - loadIPPluginJar : add i2c
2024-10-16 17:35:50,684 [INFO] IPUIPlugin:80 - create IPUIPlugin
2024-10-16 17:35:50,685 [INFO] PluginManager:220 - loadIPPluginJar : add i2s
2024-10-16 17:35:50,687 [INFO] IPUIPlugin:80 - create IPUIPlugin
2024-10-16 17:35:50,687 [INFO] PluginManager:220 - loadIPPluginJar : add i3c
2024-10-16 17:35:50,689 [INFO] IPUIPlugin:80 - create IPUIPlugin
2024-10-16 17:35:50,690 [INFO] PluginManager:220 - loadIPPluginJar : add ipddr
2024-10-16 17:35:50,695 [INFO] IPUIPlugin:80 - create IPUIPlugin
2024-10-16 17:35:50,695 [INFO] PluginManager:220 - loadIPPluginJar : add linkedlist
2024-10-16 17:35:50,698 [INFO] IPUIPlugin:80 - create IPUIPlugin
2024-10-16 17:35:50,698 [INFO] PluginManager:220 - loadIPPluginJar : add lorawan
2024-10-16 17:35:50,699 [INFO] IPUIPlugin:80 - create IPUIPlugin
2024-10-16 17:35:50,699 [INFO] PluginManager:220 - loadIPPluginJar : add ltdc
2024-10-16 17:35:50,704 [INFO] IPUIPlugin:80 - create IPUIPlugin
2024-10-16 17:35:50,704 [INFO] PluginManager:220 - loadIPPluginJar : add mdma
2024-10-16 17:35:50,707 [INFO] IPUIPlugin:80 - create IPUIPlugin
2024-10-16 17:35:50,707 [INFO] PluginManager:220 - loadIPPluginJar : add nvic
2024-10-16 17:35:50,710 [INFO] IPUIPlugin:80 - create IPUIPlugin
2024-10-16 17:35:50,710 [INFO] PluginManager:220 - loadIPPluginJar : add opamp
2024-10-16 17:35:50,712 [INFO] IPUIPlugin:80 - create IPUIPlugin
2024-10-16 17:35:50,713 [INFO] PluginManager:220 - loadIPPluginJar : add openamp
2024-10-16 17:35:50,716 [INFO] IPUIPlugin:80 - create IPUIPlugin
2024-10-16 17:35:50,716 [INFO] PluginManager:220 - loadIPPluginJar : add pdm2pcm
2024-10-16 17:35:50,721 [INFO] IPUIPlugin:80 - create IPUIPlugin
2024-10-16 17:35:50,725 [INFO] PluginManager:220 - loadIPPluginJar : add plateformsettings
2024-10-16 17:35:50,726 [INFO] IPUIPlugin:80 - create IPUIPlugin
2024-10-16 17:35:50,726 [INFO] PluginManager:220 - loadIPPluginJar : add quadspi
2024-10-16 17:35:50,729 [INFO] IPUIPlugin:80 - create IPUIPlugin
2024-10-16 17:35:50,729 [INFO] PluginManager:220 - loadIPPluginJar : add resmgrutility
2024-10-16 17:35:50,732 [INFO] IPUIPlugin:80 - create IPUIPlugin
2024-10-16 17:35:50,732 [INFO] PluginManager:220 - loadIPPluginJar : add sai
2024-10-16 17:35:50,734 [INFO] IPUIPlugin:80 - create IPUIPlugin
2024-10-16 17:35:50,735 [INFO] PluginManager:220 - loadIPPluginJar : add spi
2024-10-16 17:35:50,739 [INFO] IPUIPlugin:80 - create IPUIPlugin
2024-10-16 17:35:50,739 [INFO] PluginManager:220 - loadIPPluginJar : add stm32_wpan
2024-10-16 17:35:50,741 [INFO] IPUIPlugin:80 - create IPUIPlugin
2024-10-16 17:35:50,741 [INFO] PluginManager:220 - loadIPPluginJar : add tim
2024-10-16 17:35:50,743 [INFO] IPUIPlugin:80 - create IPUIPlugin
2024-10-16 17:35:50,743 [INFO] PluginManager:220 - loadIPPluginJar : add touchsensing
2024-10-16 17:35:50,745 [INFO] IPUIPlugin:80 - create IPUIPlugin
2024-10-16 17:35:50,745 [INFO] PluginManager:220 - loadIPPluginJar : add tracer_emb
2024-10-16 17:35:50,747 [INFO] IPUIPlugin:80 - create IPUIPlugin
2024-10-16 17:35:50,747 [INFO] PluginManager:220 - loadIPPluginJar : add ts
2024-10-16 17:35:50,749 [INFO] IPUIPlugin:80 - create IPUIPlugin
2024-10-16 17:35:50,749 [INFO] PluginManager:220 - loadIPPluginJar : add tsc
2024-10-16 17:35:50,750 [INFO] IPUIPlugin:80 - create IPUIPlugin
2024-10-16 17:35:50,750 [INFO] PluginManager:220 - loadIPPluginJar : add ucpd
2024-10-16 17:35:50,752 [INFO] IPUIPlugin:80 - create IPUIPlugin
2024-10-16 17:35:50,752 [INFO] PluginManager:220 - loadIPPluginJar : add usart
2024-10-16 17:35:50,755 [INFO] IPUIPlugin:80 - create IPUIPlugin
2024-10-16 17:35:50,755 [INFO] PluginManager:220 - loadIPPluginJar : add usbx
2024-10-16 17:35:50,908 [INFO] CADModel:165 - CPN selected for project level
2024-10-16 17:35:50,908 [INFO] CADModel:114 - Register for checkConnection events
2024-10-16 17:35:50,908 [FATAL] Updater:308 - Updater called before beeing initialized
2024-10-16 17:35:50,908 [ERROR] CADModel:125 - Updater not yet initialized, retry later 
2024-10-16 17:35:51,092 [INFO] CADModel:165 - CPN selected for project level
2024-10-16 17:35:51,092 [INFO] CADModel:114 - Register for checkConnection events
2024-10-16 17:35:51,092 [FATAL] Updater:308 - Updater called before beeing initialized
2024-10-16 17:35:51,092 [ERROR] CADModel:125 - Updater not yet initialized, retry later 
2024-10-16 17:35:51,095 [FATAL] Updater:308 - Updater called before beeing initialized
2024-10-16 17:35:51,226 [FATAL] Updater:308 - Updater called before beeing initialized
2024-10-16 17:35:51,232 [INFO] DbMcusAds:53 - JSON generation date=Thu May 16 14:52:00 IST 2024 (1715851320667)
2024-10-16 17:35:51,232 [FATAL] Updater:308 - Updater called before beeing initialized
2024-10-16 17:35:51,272 [WARN] DetailPanel:346 - Failed to get advertising image, set to default
2024-10-16 17:35:51,434 [FATAL] Updater:308 - Updater called before beeing initialized
2024-10-16 17:35:51,436 [FATAL] Updater:308 - Updater called before beeing initialized
2024-10-16 17:35:51,436 [FATAL] Updater:308 - Updater called before beeing initialized
2024-10-16 17:35:51,436 [WARN] DetailPanel:346 - Failed to get advertising image, set to default
2024-10-16 17:35:51,437 [FATAL] Updater:308 - Updater called before beeing initialized
2024-10-16 17:35:51,492 [ERROR] Updater:1120 - MainUpdater not yet initialized. External WinMGr cannot be set.
2024-10-16 17:35:51,495 [INFO] Updater:1056 - Updater Version found : 6.9.1
2024-10-16 17:35:51,513 [INFO] ApplicationProperties:184 - Using Application install path: C:\ST\STM32CubeIDE_1.13.1\STM32CubeIDE\plugins\com.st.stm32cube.common.mx_6.9.1.202307191849
2024-10-16 17:35:51,886 [INFO] MainUpdater:2868 - connection check result : 10
2024-10-16 17:35:51,888 [INFO] MainUpdater:285 - Updater Check For Update Now.
2024-10-16 17:35:51,888 [INFO] MicroXplorer:498 - Change Database Version : DB.6.0.91
2024-10-16 17:35:51,899 [INFO] McuFinderGlobals:63 - Set McuFinder mode to 2 (CubeIDE integrated)
2024-10-16 17:35:51,899 [INFO] UserAuth:179 - activating auth plugin
2024-10-16 17:35:51,902 [INFO] UserAuth:393 - Internet connection configuration mode: 1
2024-10-16 17:35:51,924 [INFO] JxBrowserEngine:151 - Initiate JxBrowser Engine with user profile folder
2024-10-16 17:35:52,118 [INFO] CheckServerUpdateThread:120 - End of CheckServer Thread
2024-10-16 17:35:52,675 [INFO] WebApp:157 - Instantiating new browser for Auth
2024-10-16 17:35:53,290 [INFO] WebApp:753 - Register for checkConnection events
2024-10-16 17:35:53,290 [INFO] WebApp:390 - Apply proxy settings
2024-10-16 17:35:53,290 [INFO] WebApp:475 - Chromium requires no authentication
2024-10-16 17:35:53,301 [INFO] WebApp:418 - Direct internet connection detected
2024-10-16 17:35:53,311 [WARN] PackLoader:240 - Cannot read IP mode file for STMicroelectronics.FP-SNS-MOTENVWB1.1.4.0
2024-10-16 17:35:53,323 [WARN] PackLoader:240 - Cannot read IP mode file for STMicroelectronics.X-CUBE-SMBUS.2.1.0
2024-10-16 17:35:53,335 [WARN] PackLoader:240 - Cannot read IP mode file for STMicroelectronics.X-CUBE-WB05N.1.1.0
2024-10-16 17:35:53,344 [WARN] PackLoader:240 - Cannot read IP mode file for STMicroelectronics.X-CUBE-TOUCHGFX.4.23.0
2024-10-16 17:35:53,347 [WARN] PackLoader:240 - Cannot read IP mode file for STMicroelectronics.X-CUBE-TOUCHGFX.4.23.2
2024-10-16 17:35:53,389 [WARN] PackLoader:240 - Cannot read IP mode file for STMicroelectronics.X-CUBE-AZRTOS-F7.1.1.0
2024-10-16 17:35:53,404 [WARN] PackLoader:240 - Cannot read IP mode file for STMicroelectronics.FP-SNS-MOTENV1.4.3.2
2024-10-16 17:35:53,493 [WARN] PackLoader:240 - Cannot read IP mode file for STMicroelectronics.X-CUBE-MEMS1.11.0.0
2024-10-16 17:35:53,663 [INFO] WebApp:188 - Starting web application
2024-10-16 17:35:53,663 [INFO] WebApp:520 - Web application path used C:\ST\STM32CubeIDE_1.13.1\STM32CubeIDE\plugins\com.st.stm32cube.common.mx_6.9.1.202307191849\db\plugins\mcufinder\reactClient1\index.html
2024-10-16 17:35:53,702 [WARN] PackLoader:240 - Cannot read IP mode file for STMicroelectronics.FP-SNS-FLIGHT1.5.0.2
2024-10-16 17:35:53,710 [WARN] PackLoader:240 - Cannot read IP mode file for STMicroelectronics.X-CUBE-DISPLAY.3.0.0
2024-10-16 17:35:53,719 [WARN] PackLoader:240 - Cannot read IP mode file for STMicroelectronics.X-CUBE-BLE1.7.0.0
2024-10-16 17:35:53,725 [WARN] PackLoader:240 - Cannot read IP mode file for STMicroelectronics.X-CUBE-NFC10.1.0.0
2024-10-16 17:35:53,734 [WARN] PackLoader:240 - Cannot read IP mode file for emotas.I-CUBE-CANOPEN.1.3.0
2024-10-16 17:35:53,737 [WARN] PackLoader:240 - Cannot read IP mode file for STMicroelectronics.X-CUBE-TOUCHGFX.4.22.0
2024-10-16 17:35:53,739 [WARN] PackLoader:240 - Cannot read IP mode file for STMicroelectronics.X-CUBE-TOUCHGFX.4.22.1
2024-10-16 17:35:53,748 [WARN] PackLoader:240 - Cannot read IP mode file for STMicroelectronics.X-CUBE-BLEMGR.3.1.0
2024-10-16 17:35:53,753 [WARN] PackLoader:240 - Cannot read IP mode file for STMicroelectronics.FP-SNS-SMARTAG2.1.2.0
2024-10-16 17:35:53,763 [INFO] LogOutputStream:77 - [STDOUT_REDIRECT] 1 : Invalid condition id : UX_CORESTACK_Condition cause : null
2024-10-16 17:35:53,763 [INFO] LogOutputStream:77 - [STDOUT_REDIRECT] 1 : Invalid condition id : UX_CORESTACK_Condition cause : null
2024-10-16 17:35:53,765 [INFO] LogOutputStream:77 - [STDOUT_REDIRECT] 1 : Invalid condition id : UX_CORESTACK_Condition cause : null
2024-10-16 17:35:53,766 [INFO] LogOutputStream:77 - [STDOUT_REDIRECT] 1 : Invalid condition id : UX_CORESTACK_Condition cause : null
2024-10-16 17:35:53,768 [INFO] LogOutputStream:77 - [STDOUT_REDIRECT] 1 : Invalid condition id : UX_CORESTACK_Condition cause : null
2024-10-16 17:35:53,772 [WARN] PackLoader:240 - Cannot read IP mode file for STMicroelectronics.X-CUBE-AZRTOS-WL.2.0.0
2024-10-16 17:35:53,777 [WARN] PackLoader:240 - Cannot read IP mode file for STMicroelectronics.FP-SNS-MOTENV1.5.0.0
2024-10-16 17:35:53,782 [WARN] PackLoader:240 - Cannot read IP mode file for wolfSSL.I-CUBE-wolfMQTT.1.19.0
2024-10-16 17:35:53,792 [WARN] PackLoader:240 - Cannot read IP mode file for WES.I-CUBE-Cesium.1.3.0
2024-10-16 17:35:53,797 [WARN] PackLoader:240 - Cannot read IP mode file for STMicroelectronics.X-CUBE-BLE2.3.3.0
2024-10-16 17:35:53,806 [WARN] PackLoader:240 - Cannot read IP mode file for STMicroelectronics.X-CUBE-NFC9.1.0.0
2024-10-16 17:35:53,815 [WARN] PackLoader:240 - Cannot read IP mode file for STMicroelectronics.X-CUBE-TCPP.4.1.0
2024-10-16 17:35:53,820 [WARN] PackLoader:240 - Cannot read IP mode file for STMicroelectronics.X-CUBE-ALGOBUILD.1.3.0
2024-10-16 17:35:53,839 [WARN] PackLoader:240 - Cannot read IP mode file for STMicroelectronics.X-CUBE-AZRTOS-G0.1.1.0
2024-10-16 17:35:53,846 [WARN] PackLoader:240 - Cannot read IP mode file for STMicroelectronics.X-CUBE-SAFEA1.1.2.2
2024-10-16 17:35:53,853 [WARN] PackLoader:240 - Cannot read IP mode file for STMicroelectronics.X-CUBE-NFC4.3.0.0
2024-10-16 17:35:53,859 [ERROR] Engine:466 - C:\Users\kunal\.stm32cubemx\thirdparties\pdsc\EmbeddedOffice.I-CUBE-FS-RTOS.1.0.1.pdsc: PDSC version is not supported
2024-10-16 17:35:53,866 [WARN] PackLoader:240 - Cannot read IP mode file for STMicroelectronics.X-CUBE-BLEMGR.3.0.0
2024-10-16 17:35:53,872 [ERROR] Engine:466 - C:\Users\kunal\.stm32cubemx\thirdparties\pdsc\RealThread.X-CUBE-RT-Thread_Nano.4.1.1.pdsc: PDSC version is not supported
2024-10-16 17:35:53,881 [WARN] PackLoader:240 - Cannot read IP mode file for STMicroelectronics.FP-ATR-SIGFOX1.3.2.0
2024-10-16 17:35:53,887 [WARN] PackLoader:240 - Cannot read IP mode file for STMicroelectronics.X-CUBE-EEPRMA1.5.1.0
2024-10-16 17:35:53,918 [WARN] PackLoader:240 - Cannot read IP mode file for SEGGER.I-CUBE-embOS.1.3.1
2024-10-16 17:35:53,961 [WARN] PackLoader:240 - Cannot read IP mode file for STMicroelectronics.X-CUBE-ALGOBUILD.1.4.0
2024-10-16 17:35:53,966 [WARN] PackLoader:240 - Cannot read IP mode file for STMicroelectronics.X-CUBE-AI.9.1.0
2024-10-16 17:35:53,971 [WARN] PackLoader:240 - Cannot read IP mode file for STMicroelectronics.X-CUBE-GNSS1.6.0.0
2024-10-16 17:35:53,993 [WARN] PackLoader:240 - Cannot read IP mode file for STMicroelectronics.X-CUBE-AZRTOS-F4.1.1.0
2024-10-16 17:35:54,001 [WARN] PackLoader:240 - Cannot read IP mode file for wolfSSL.I-CUBE-wolfSSL.5.6.3
2024-10-16 17:35:54,006 [WARN] PackLoader:240 - Cannot read IP mode file for STMicroelectronics.X-CUBE-ISPU.2.1.0
2024-10-16 17:35:54,012 [WARN] PackLoader:240 - Cannot read IP mode file for STMicroelectronics.X-CUBE-FREERTOS.1.2.0
2024-10-16 17:35:54,033 [WARN] PackLoader:240 - Cannot read IP mode file for STMicroelectronics.X-CUBE-AZRTOS-L5.2.0.0
2024-10-16 17:35:54,094 [WARN] PackLoader:240 - Cannot read IP mode file for STMicroelectronics.X-CUBE-MEMS1.9.6.0
2024-10-16 17:35:54,295 [WARN] PackLoader:240 - Cannot read IP mode file for STMicroelectronics.X-CUBE-EEPRMA1.4.2.0
2024-10-16 17:35:54,305 [WARN] PackLoader:240 - Cannot read IP mode file for STMicroelectronics.X-CUBE-NFC6.3.1.0
2024-10-16 17:35:54,314 [WARN] PackLoader:240 - Cannot read IP mode file for ITTIA_DB.I-CUBE-ITTIADB.8.8.0
2024-10-16 17:35:54,334 [WARN] PackLoader:240 - Cannot read IP mode file for STMicroelectronics.X-CUBE-BLEMGR.2.0.0
2024-10-16 17:35:54,337 [ERROR] Engine:466 - C:\Users\kunal\.stm32cubemx\thirdparties\pdsc\STMicroelectronics.X-CUBE-DPower.1.2.0.pdsc: PDSC version is not supported
2024-10-16 17:35:54,340 [WARN] PackLoader:240 - Cannot read IP mode file for STMicroelectronics.X-CUBE-AI.9.0.0
2024-10-16 17:35:54,353 [WARN] ConditionMgr:438 - getConditionDescription Invalid condition id : UX DEVICE CLASS RTOS Condition cause : null
2024-10-16 17:35:54,354 [WARN] ConditionMgr:438 - getConditionDescription Invalid condition id : UX DEVICE CLASS RTOS Condition cause : null
2024-10-16 17:35:54,357 [WARN] PackLoader:240 - Cannot read IP mode file for STMicroelectronics.X-CUBE-AZRTOS-H7.3.1.0
2024-10-16 17:35:54,358 [WARN] ConditionMgr:1039 - genDependencies : Invalid condition id : UX DEVICE CLASS RTOS Condition cause : null
2024-10-16 17:35:54,358 [WARN] ConditionMgr:1039 - genDependencies : Invalid condition id : UX DEVICE CLASS RTOS Condition cause : null
2024-10-16 17:35:54,358 [WARN] ConditionMgr:1039 - genDependencies : Invalid condition id : UX DEVICE CLASS RTOS Condition cause : null
2024-10-16 17:35:54,359 [WARN] ConditionMgr:1039 - genDependencies : Invalid condition id : UX DEVICE CLASS RTOS Condition cause : null
2024-10-16 17:35:54,359 [WARN] ConditionMgr:1039 - genDependencies : Invalid condition id : UX DEVICE CLASS RTOS Condition cause : null
2024-10-16 17:35:54,366 [WARN] PackLoader:240 - Cannot read IP mode file for STMicroelectronics.X-CUBE-NFC7.1.0.1
2024-10-16 17:35:54,370 [WARN] PackLoader:240 - Cannot read IP mode file for wolfSSL.I-CUBE-wolfTPM.3.2.0
2024-10-16 17:35:54,374 [WARN] PackLoader:240 - Cannot read IP mode file for STMicroelectronics.X-CUBE-NFC6.3.0.0
2024-10-16 17:35:54,380 [WARN] PackLoader:240 - Cannot read IP mode file for STMicroelectronics.X-CUBE-EEPRMA1.4.1.0
2024-10-16 17:35:54,384 [WARN] PackLoader:240 - Cannot read IP mode file for STMicroelectronics.X-CUBE-AI.8.1.0
2024-10-16 17:35:54,400 [WARN] ConditionMgr:438 - getConditionDescription Invalid condition id : LAN8742 Phy interface Condition cause : null
2024-10-16 17:35:54,400 [WARN] PackLoader:240 - Cannot read IP mode file for STMicroelectronics.X-CUBE-AZRTOS-L4.2.0.0
2024-10-16 17:35:54,401 [WARN] ConditionMgr:1039 - genDependencies : Invalid condition id : LAN8742 Phy interface Condition cause : null
2024-10-16 17:35:54,402 [WARN] ConditionMgr:1039 - genDependencies : Invalid condition id : LAN8742 Phy interface Condition cause : null
2024-10-16 17:35:54,402 [WARN] ConditionMgr:1039 - genDependencies : Invalid condition id : LAN8742 Phy interface Condition cause : null
2024-10-16 17:35:54,408 [WARN] PackLoader:240 - Cannot read IP mode file for STMicroelectronics.X-CUBE-SFXS2LP1.4.0.0
2024-10-16 17:35:54,412 [WARN] PackLoader:240 - Cannot read IP mode file for STMicroelectronics.X-CUBE-ISPU.1.1.0
2024-10-16 17:35:54,427 [WARN] PackLoader:240 - Cannot read IP mode file for STMicroelectronics.X-CUBE-AZRTOS-H7.3.3.0
2024-10-16 17:35:54,434 [ERROR] Engine:466 - C:\Users\kunal\.stm32cubemx\thirdparties\pdsc\STMicroelectronics.X-CUBE-IPS.3.0.0.pdsc: PDSC version is not supported
2024-10-16 17:35:54,451 [WARN] ConditionMgr:438 - getConditionDescription Invalid condition id : UX DEVICE CLASS RTOS Condition cause : null
2024-10-16 17:35:54,451 [WARN] ConditionMgr:438 - getConditionDescription Invalid condition id : UX DEVICE CLASS RTOS Condition cause : null
2024-10-16 17:35:54,453 [WARN] PackLoader:240 - Cannot read IP mode file for STMicroelectronics.X-CUBE-AZRTOS-WB.2.0.0
2024-10-16 17:35:54,453 [WARN] ConditionMgr:1039 - genDependencies : Invalid condition id : UX DEVICE CLASS RTOS Condition cause : null
2024-10-16 17:35:54,454 [WARN] ConditionMgr:1039 - genDependencies : Invalid condition id : UX DEVICE CLASS RTOS Condition cause : null
2024-10-16 17:35:54,454 [WARN] ConditionMgr:1039 - genDependencies : Invalid condition id : UX DEVICE CLASS RTOS Condition cause : null
2024-10-16 17:35:54,454 [WARN] ConditionMgr:1039 - genDependencies : Invalid condition id : UX DEVICE CLASS RTOS Condition cause : null
2024-10-16 17:35:54,454 [WARN] ConditionMgr:1039 - genDependencies : Invalid condition id : UX DEVICE CLASS RTOS Condition cause : null
2024-10-16 17:35:54,460 [WARN] PackLoader:240 - Cannot read IP mode file for STMicroelectronics.X-CUBE-FREERTOS.1.0.1
2024-10-16 17:35:54,466 [WARN] PackLoader:240 - Cannot read IP mode file for STMicroelectronics.X-CUBE-GNSS1.7.0.0
2024-10-16 17:35:54,471 [ERROR] Engine:466 - C:\Users\kunal\.stm32cubemx\thirdparties\pdsc\STMicroelectronics.FP-SNS-STBOX1.2.0.0.pdsc: PDSC version is not supported
2024-10-16 17:35:54,478 [WARN] PackLoader:240 - Cannot read IP mode file for STMicroelectronics.X-CUBE-SUBG2.5.0.0
2024-10-16 17:35:54,486 [WARN] PackLoader:240 - Cannot read IP mode file for Cesanta.I-CUBE-Mongoose.7.13.0
2024-10-16 17:35:54,494 [WARN] PackLoader:240 - Cannot read IP mode file for STMicroelectronics.X-CUBE-TOF1.3.3.1
2024-10-16 17:35:54,512 [WARN] PackLoader:240 - Cannot read IP mode file for STMicroelectronics.X-CUBE-AZRTOS-G4.2.0.0
2024-10-16 17:35:54,523 [WARN] PackLoader:240 - Cannot read IP mode file for Infineon.AIROC-Wi-Fi-Bluetooth-STM32.1.5.1
2024-10-16 17:35:54,529 [WARN] PackLoader:240 - Cannot read IP mode file for STMicroelectronics.FP-SNS-MOTENVWB1.1.3.1
2024-10-16 17:35:54,533 [WARN] PackLoader:240 - Cannot read IP mode file for STMicroelectronics.X-CUBE-ISPU.2.0.0
2024-10-16 17:35:54,538 [WARN] PackLoader:240 - Cannot read IP mode file for STMicroelectronics.X-CUBE-ALS.1.0.2
2024-10-16 17:35:54,586 [WARN] PackLoader:240 - Cannot read IP mode file for STMicroelectronics.X-CUBE-MEMS1.10.0.0
2024-10-16 17:35:54,725 [WARN] PackLoader:240 - Cannot read IP mode file for STMicroelectronics.X-CUBE-FREERTOS.1.1.0
2024-10-16 17:35:54,729 [WARN] PackLoader:240 - Cannot read IP mode file for STMicroelectronics.X-CUBE-TOUCHGFX.4.24.0
2024-10-16 17:35:54,732 [WARN] PackLoader:240 - Cannot read IP mode file for STMicroelectronics.X-CUBE-TOUCHGFX.4.24.1
2024-10-16 17:35:54,738 [WARN] PackLoader:240 - Cannot read IP mode file for portGmbH.I-Cube-SoM-uGOAL.1.1.0
2024-10-16 17:35:54,742 [WARN] PackLoader:240 - Cannot read IP mode file for STMicroelectronics.X-CUBE-ALS.1.0.1
2024-10-16 17:35:54,756 [WARN] PackLoader:240 - Cannot read IP mode file for STMicroelectronics.X-CUBE-AZRTOS-H7RS.1.0.0
2024-10-16 17:35:54,762 [WARN] PackLoader:240 - Cannot read IP mode file for STMicroelectronics.FP-ATR-ASTRA1.2.0.0
2024-10-16 17:35:54,765 [ERROR] Engine:466 - C:\Users\kunal\.stm32cubemx\thirdparties\pdsc\STMicroelectronics.X-CUBE-TOF1.3.4.2.pdsc: PDSC version is not supported
2024-10-16 17:35:54,773 [WARN] PackLoader:240 - Cannot read IP mode file for STMicroelectronics.X-CUBE-TOF1.3.4.0
2024-10-16 17:35:54,787 [WARN] PackLoader:240 - Cannot read IP mode file for STMicroelectronics.X-CUBE-TOF1.3.4.1
2024-10-16 17:35:54,807 [WARN] PackLoader:240 - Cannot read IP mode file for STMicroelectronics.X-CUBE-AZRTOS-H7.3.2.0
2024-10-16 17:35:54,813 [WARN] PackLoader:240 - Cannot read IP mode file for wolfSSL.I-CUBE-wolfSSH.1.4.17
2024-10-16 17:35:54,815 [INFO] ThirdParty:978 - Integrity check success = true
2024-10-16 17:35:54,815 [INFO] IntegrityCheckThread:100 - exiting critical section [integrity check]
2024-10-16 17:35:54,815 [INFO] IntegrityCheckThread:103 - End integrity checks thread
2024-10-16 17:36:14,650 [ERROR] LogOutputStream:75 - [STDERR_REDIRECT] SLF4J: Failed to load class "org.slf4j.impl.StaticLoggerBinder".
2024-10-16 17:36:14,650 [ERROR] LogOutputStream:75 - [STDERR_REDIRECT] SLF4J: Defaulting to no-operation (NOP) logger implementation
2024-10-16 17:36:14,652 [ERROR] LogOutputStream:75 - [STDERR_REDIRECT] SLF4J: See http://www.slf4j.org/codes.html#StaticLoggerBinder for further details.
2024-10-16 17:59:14,871 [INFO] McuFinderGlobals:63 - Set McuFinder mode to 2 (CubeIDE integrated)
2024-10-16 17:59:14,900 [INFO] MainUpdater:2868 - connection check result : 10
2024-10-16 17:59:14,911 [INFO] MainUpdater:2868 - connection check result : 10
2024-10-16 17:59:15,134 [INFO] MicroXplorer:468 - Change Database Path : 
2024-10-16 17:59:15,134 [INFO] MicroXplorer:498 - Change Database Version : DB.6.0.91
2024-10-16 17:59:15,140 [WARN] ThirdParty:871 - waiting for thirdparty lock release [close project]
2024-10-16 17:59:15,140 [INFO] ThirdParty:873 - entering critical section [close project]
2024-10-16 17:59:15,141 [INFO] ThirdParty:883 - exiting critical section [close project]
2024-10-16 17:59:15,143 [INFO] PinOutPanel:1499 - setPackage(No Configuration,No Configuration)
2024-10-16 17:59:15,152 [INFO] UtilMem:75 - Begin LoadConfig() Used Memory: 768467416 Bytes (1011875840)
2024-10-16 17:59:15,154 [INFO] MicroXplorer:468 - Change Database Path : 
2024-10-16 17:59:15,154 [INFO] MicroXplorer:498 - Change Database Version : DB.6.0.91
2024-10-16 17:59:15,154 [INFO] OpenFileManager:308 - Change cursor
2024-10-16 17:59:15,216 [INFO] Mcu:1946 - Initializing MCU STM32F407V(E-G)Tx STM32F407VGTx STM32F407VGT6
2024-10-16 17:59:17,857 [INFO] Context:659 - Trying to add GPIOservice into a context  which must be forbidden
2024-10-16 17:59:18,699 [INFO] RtosManager:555 - Registered RTOS mode: class=CMSIS, group=RTOS, mode=CMSIS_V1, owner=FREERTOS
2024-10-16 17:59:18,699 [INFO] RtosManager:555 - Registered RTOS mode: class=CMSIS, group=RTOS2, mode=CMSIS_V2, owner=FREERTOS
2024-10-16 17:59:18,699 [INFO] RtosManager:555 - Registered RTOS mode: class=RTOS, group=Core, mode=CMSIS_V1, owner=FREERTOS
2024-10-16 17:59:18,699 [INFO] RtosManager:555 - Registered RTOS mode: class=RTOS, group=Core, mode=CMSIS_V2, owner=FREERTOS
2024-10-16 17:59:18,699 [WARN] ModelIntegratedComponent:184 - Missing modes for component STMicroelectronics:FreeRTOS:0.0.1:STMicroelectronics:RTOS:FreeRTOS:Core:::10.2.0:
2024-10-16 17:59:18,705 [WARN] ModelIntegratedComponent:63 - No mode defined for component null
2024-10-16 17:59:18,705 [WARN] ModelIntegratedComponent:63 - No mode defined for component null
2024-10-16 17:59:18,705 [WARN] ModelIntegratedComponent:63 - No mode defined for component null
2024-10-16 17:59:18,705 [WARN] ModelIntegratedComponent:63 - No mode defined for component null
2024-10-16 17:59:18,705 [WARN] ModelIntegratedComponent:63 - No mode defined for component null
2024-10-16 17:59:18,705 [WARN] ModelIntegratedComponent:63 - No mode defined for component null
2024-10-16 17:59:18,705 [WARN] ModelIntegratedComponent:63 - No mode defined for component null
2024-10-16 17:59:18,705 [WARN] ModelIntegratedComponent:63 - No mode defined for component null
2024-10-16 17:59:18,705 [WARN] ModelIntegratedComponent:63 - No mode defined for component null
2024-10-16 17:59:18,705 [WARN] ModelIntegratedComponent:63 - No mode defined for component null
2024-10-16 17:59:18,705 [WARN] ModelIntegratedComponent:63 - No mode defined for component null
2024-10-16 17:59:18,705 [WARN] ModelIntegratedComponent:63 - No mode defined for component null
2024-10-16 17:59:18,706 [WARN] ModelIntegratedComponent:63 - No mode defined for component null
2024-10-16 17:59:18,706 [WARN] ModelIntegratedComponent:63 - No mode defined for component null
2024-10-16 17:59:18,706 [WARN] ModelIntegratedComponent:63 - No mode defined for component null
2024-10-16 17:59:18,706 [WARN] ModelIntegratedComponent:63 - No mode defined for component null
2024-10-16 17:59:18,706 [WARN] ModelIntegratedComponent:63 - No mode defined for component null
2024-10-16 17:59:18,706 [WARN] ModelIntegratedComponent:63 - No mode defined for component null
2024-10-16 17:59:18,706 [WARN] ModelIntegratedComponent:63 - No mode defined for component null
2024-10-16 17:59:18,706 [WARN] ModelIntegratedComponent:63 - No mode defined for component null
2024-10-16 17:59:18,706 [WARN] ModelIntegratedComponent:63 - No mode defined for component null
2024-10-16 17:59:18,706 [WARN] ModelIntegratedComponent:63 - No mode defined for component null
2024-10-16 17:59:18,706 [WARN] ModelIntegratedComponent:63 - No mode defined for component null
2024-10-16 17:59:18,706 [WARN] ModelIntegratedComponent:63 - No mode defined for component null
2024-10-16 17:59:18,706 [WARN] ModelIntegratedComponent:63 - No mode defined for component null
2024-10-16 17:59:18,706 [WARN] ModelIntegratedComponent:63 - No mode defined for component null
2024-10-16 17:59:18,706 [WARN] ModelIntegratedComponent:63 - No mode defined for component null
2024-10-16 17:59:18,706 [WARN] ModelIntegratedComponent:63 - No mode defined for component null
2024-10-16 17:59:18,707 [WARN] ModelIntegratedComponent:63 - No mode defined for component null
2024-10-16 17:59:18,707 [WARN] ModelIntegratedComponent:63 - No mode defined for component null
2024-10-16 17:59:18,707 [WARN] ModelIntegratedComponent:63 - No mode defined for component null
2024-10-16 17:59:18,707 [WARN] ModelIntegratedComponent:63 - No mode defined for component null
2024-10-16 17:59:18,707 [WARN] ModelIntegratedComponent:63 - No mode defined for component null
2024-10-16 17:59:18,834 [INFO] ThirdPartyModel:298 - Start build external matchings
2024-10-16 17:59:20,783 [INFO] ThirdPartyModel:316 - End build external matchings
2024-10-16 17:59:21,171 [INFO] UtilMem:75 - End LoadConfig() Used Memory: 879486840 Bytes (1073741824)
2024-10-16 17:59:21,296 [INFO] ApiDb:581 - Connected to CubeFinder SQLite database (C:\Users\kunal\.stmcufinder\plugins\mcufinder\mcu\cube-finder-db.db)
2024-10-16 17:59:21,404 [INFO] ApiDb:668 - CubeFinder database Data Model version=2.1
2024-10-16 17:59:21,405 [INFO] ApiDb:669 - CubeFinder database Configuration version=3.0.39
2024-10-16 17:59:21,406 [INFO] ApiDb:670 - CubeFinder database generation date=2024-08-06 (1722941618)
2024-10-16 17:59:21,407 [INFO] ApiDb:671 - CubeFinder database FW Pack versions=[FP-ATR-ASTRA1_V2.0.0, FP-SNS-FLIGHT1_V5.0.2, FP-SNS-MOTENV1_V5.0.0, FP-SNS-MOTENVWB1_V1.4.0, FP-SNS-SMARTAG2_V1.2.0, FP-SNS-STBOX1_V2.0.0, STM32Cube_FW_C0_V1.2.0, STM32Cube_FW_F4_V1.28.0, STM32Cube_FW_F7_V1.17.2, STM32Cube_FW_G0_V1.6.2, STM32Cube_FW_G4_V1.6.0, STM32Cube_FW_H5_V1.3.0, STM32Cube_FW_H7RS_V1.1.0, STM32Cube_FW_H7_V1.11.2, STM32Cube_FW_L0_V1.12.2, STM32Cube_FW_L5_V1.5.1, STM32Cube_FW_U0_V1.1.0, STM32Cube_FW_U5_V1.6.0, STM32Cube_FW_WB0_V1.0.0, STM32Cube_FW_WBA_V1.4.1, STM32Cube_FW_WB_V1.20.0, STM32Cube_FW_WL_V1.3.0, X-CUBE-ALGOBUILD_V1.4.0, X-CUBE-ALS_V1.0.2, X-CUBE-AZRTOS-F4_V1.1.0, X-CUBE-AZRTOS-F7_V1.1.0, X-CUBE-AZRTOS-G0_V1.1.0, X-CUBE-AZRTOS-G4_V2.0.0, X-CUBE-AZRTOS-H7RS_V1.0.0, X-CUBE-AZRTOS-H7_V3.2.0, X-CUBE-AZRTOS-L4_V2.0.0, X-CUBE-AZRTOS-L5_V1.1.0, X-CUBE-AZRTOS-WB_V2.0.0, X-CUBE-AZRTOS-WL_V2.0.0, X-CUBE-BLE1_V7.0.0, X-CUBE-BLE2_V3.3.0, X-CUBE-BLEMGR_V3.1.0, X-CUBE-EEPRMA1_V5.1.0, X-CUBE-FREERTOS_V1.2.0, X-CUBE-GNSS1_V6.0.0, X-CUBE-MEMS1_V10.0.0, X-CUBE-NFC4_V3.0.0, X-CUBE-NFC7_V1.0.1, X-CUBE-SFXS2LP1_V4.0.0, X-CUBE-SUBG2_V5.0.0, X-CUBE-TOF1_V3.4.2]
2024-10-16 17:59:24,855 [INFO] ApiDb:240 - Found 323 in-development CPN: [B-G473E-ZEST1S, B-WB1M-WPAN1, B-WL5M-SUBG1, NUCLEO-C031C6, NUCLEO-H503RB, NUCLEO-H563ZI, NUCLEO-U545RE-Q, NUCLEO-U5A5ZJ-Q, NUCLEO-WBA52CG, STEVAL-PROTEUS1, STEVAL-SMARTAG2, STEVAL-STWINBX1, STM320518-EVAL, STM32C0116-DK, STM32C011D6Y3TR, STM32C011D6Y6TR, STM32C011F4P3, STM32C011F4P6, STM32C011F4U3, STM32C011F4U6TR, STM32C011F6P3, STM32C011F6P6, STM32C011F6U3, STM32C011F6U6TR, STM32C011J4M3, STM32C011J4M6, STM32C011J6M3, STM32C011J6M6, STM32C0316-DK, STM32C031C4T3, STM32C031C4T6, STM32C031C4U3, STM32C031C4U6, STM32C031C6T3, STM32C031C6T6, STM32C031C6U3, STM32C031C6U6, STM32C031F4P3, STM32C031F4P6, STM32C031F6P3, STM32C031F6P6, STM32C031G4U3, STM32C031G4U6, STM32C031G6U3, STM32C031G6U6, STM32C031K4T3, STM32C031K4T6, STM32C031K4U3, STM32C031K4U6, STM32C031K6T3, STM32C031K6T6, STM32C031K6U3, STM32C031K6U6, STM32G071K8TXN, STM32G071K8UXN, STM32G081GBU6N, STM32G081KBT6N, STM32G081KBUXN, STM32G0B1CCT6N, STM32G0B1KCT6, STM32G0B1NEY6TR, STM32G0B1RCT6N, STM32G0C1CCT6, STM32G0C1CCT6N, STM32G0C1CCU6N, STM32G0C1CET6N, STM32G0C1CEU6N, STM32G0C1KCT6, STM32G0C1NEY6TR, STM32G0C1RCI6N, STM32G0C1RCT6N, STM32G0C1REI6N, STM32G0C1RET6N, STM32G0C1VCI6, STM32G0C1VEI6, STM32G471CCT6, STM32G471CCU6, STM32G471CET3, STM32G471CET6, STM32G471CEU3, STM32G471CEU6, STM32G471MCT6, STM32G471MET3, STM32G471MET6, STM32G471MEY6TR, STM32G471QCT6, STM32G471QET3, STM32G471RCT6, STM32G471RET3, STM32G471RET6, STM32G471VCH6, STM32G471VCI6, STM32G471VCT6, STM32G471VEH3, STM32G471VEH6, STM32G471VEI3, STM32G471VEI6, STM32G471VET3, STM32G471VET6, STM32G474CCT6, STM32H503CBT6, STM32H503CBU6, STM32H503EBY6TR, STM32H503KBU6, STM32H503RBT6, STM32H562AGI6, STM32H562AII6, STM32H562IGK6, STM32H562IGT6, STM32H562IIK6, STM32H562IIT6, STM32H562RGT6, STM32H562RGV6, STM32H562RIT6, STM32H562RIV6, STM32H562VGT6, STM32H562VIT6, STM32H562ZGT6, STM32H562ZIT6, STM32H563AGI6, STM32H563AII3Q, STM32H563AII6, STM32H563IGK6, STM32H563IGT6, STM32H563IIK3Q, STM32H563IIK6, STM32H563IIT3Q, STM32H563IIT6, STM32H563MIY3QTR, STM32H563RGT6, STM32H563RGV6, STM32H563RIT6, STM32H563RIV6, STM32H563VGT6, STM32H563VIT3Q, STM32H563VIT6, STM32H563ZGT6, STM32H563ZIT3Q, STM32H563ZIT6, STM32H573AII3Q, STM32H573AII6, STM32H573I-DK, STM32H573IIK3Q, STM32H573IIK6, STM32H573IIT3Q, STM32H573IIT6, STM32H573MIY3QTR, STM32H573RIT6, STM32H573RIV6, STM32H573VIT3Q, STM32H573VIT6, STM32H573ZIT3Q, STM32H573ZIT6, STM32L4R5QGI6STR, STM32MP131AAE3, STM32MP131AAF3, STM32MP131AAG3, STM32MP131CAE3, STM32MP131CAF3, STM32MP131CAG3, STM32MP131DAE7, STM32MP131DAF7, STM32MP131DAG7, STM32MP131FAE7, STM32MP131FAF7, STM32MP131FAG7, STM32MP133AAE3, STM32MP133AAF3, STM32MP133AAG3, STM32MP133CAE3, STM32MP133CAF3, STM32MP133CAG3, STM32MP133DAE7, STM32MP133DAF7, STM32MP133DAG7, STM32MP133FAE7, STM32MP133FAF7, STM32MP133FAG7, STM32MP135AAE3, STM32MP135AAF3, STM32MP135AAG3, STM32MP135CAE3, STM32MP135CAF3, STM32MP135CAG3, STM32MP135DAE7, STM32MP135DAF7, STM32MP135DAG7, STM32MP135F-DK, STM32MP135FAE7, STM32MP135FAF7, STM32MP135FAF7T, STM32MP135FAF7U, STM32MP135FAG7, STM32U535CBT6, STM32U535CBT6Q, STM32U535CBU6, STM32U535CBU6Q, STM32U535CCT6, STM32U535CCT6Q, STM32U535CCU6, STM32U535CCU6Q, STM32U535CET6, STM32U535CET6Q, STM32U535CEU6, STM32U535CEU6Q, STM32U535JEY6QTR, STM32U535NCY6QTR, STM32U535NEY6QTR, STM32U535RBI6, STM32U535RBI6Q, STM32U535RBT6, STM32U535RBT6Q, STM32U535RCI6, STM32U535RCI6Q, STM32U535RCT6, STM32U535RCT6Q, STM32U535REI6, STM32U535REI6Q, STM32U535RET6, STM32U535RET6Q, STM32U535VCI6, STM32U535VCI6Q, STM32U535VCT6, STM32U535VCT6Q, STM32U535VEI6, STM32U535VEI6Q, STM32U535VET6, STM32U535VET6Q, STM32U545CET6, STM32U545CET6Q, STM32U545CEU6, STM32U545CEU6Q, STM32U545JEY6QTR, STM32U545NEY6QTR, STM32U545REI6, STM32U545REI6Q, STM32U545RET6, STM32U545RET6Q, STM32U545VEI6, STM32U545VEI6Q, STM32U545VET6, STM32U545VET6Q, STM32U595AIH6, STM32U595AIH6Q, STM32U595AJH6, STM32U595AJH6Q, STM32U595QII6, STM32U595QII6Q, STM32U595QJI6, STM32U595QJI6Q, STM32U595RIT6, STM32U595RIT6Q, STM32U595RJT6, STM32U595RJT6Q, STM32U595VIT6, STM32U595VIT6Q, STM32U595VJT6, STM32U595VJT6Q, STM32U595ZIT6, STM32U595ZIT6Q, STM32U595ZIY6QTR, STM32U595ZJT6, STM32U595ZJT6Q, STM32U595ZJY6QTR, STM32U599BJY6QTR, STM32U599NIH6Q, STM32U599NJH6Q, STM32U599VIT6Q, STM32U599VJT6, STM32U599VJT6Q, STM32U599ZIT6Q, STM32U599ZIY6QTR, STM32U599ZJT6Q, STM32U599ZJY6QTR, STM32U5A5AJH6, STM32U5A5AJH6Q, STM32U5A5QJI6, STM32U5A5QJI6Q, STM32U5A5RJT6, STM32U5A5RJT6Q, STM32U5A5VJT6, STM32U5A5VJT6Q, STM32U5A5ZJT6, STM32U5A5ZJT6Q, STM32U5A5ZJY6QTR, STM32U5A9BJY6QTR, STM32U5A9J-DK, STM32U5A9NJH6Q, STM32U5A9VJT6Q, STM32U5A9ZJT6Q, STM32U5A9ZJY6QTR, STM32U5F7VIT6, STM32U5F7VIT6Q, STM32U5F7VJT6, STM32U5F7VJT6Q, STM32U5F9BJY6QTR, STM32U5F9NJH6Q, STM32U5F9VIT6Q, STM32U5F9VJT6Q, STM32U5F9ZIJ6QTR, STM32U5F9ZIT6Q, STM32U5F9ZJJ6QTR, STM32U5F9ZJT6Q, STM32U5G7VJT6, STM32U5G7VJT6Q, STM32U5G9BJY6QTR, STM32U5G9J-DK1, STM32U5G9J-DK2, STM32U5G9NJH6Q, STM32U5G9VJT6Q, STM32U5G9ZJJ6QTR, STM32U5G9ZJT6Q, STM32WB1MMCH6, STM32WBA52CEU6, STM32WBA52CEU6T, STM32WBA52CGU6, STM32WBA52CGU6T, STM32WBA52KEU6, STM32WBA52KEU6T, STM32WBA52KGU6, STM32WBA52KGU6T, STM32WL5MOCH6, STM32WL5MOCH6TR]
2024-10-16 17:59:24,863 [INFO] DbMcus:217 - Found 4186 MCUs, 4186 are supported
2024-10-16 17:59:24,865 [INFO] ApiDb:423 - Load user favorites file C:\Users\kunal/.stm32cubeide/favorites.mcus.txt: 0 item(s)
2024-10-16 17:59:24,865 [INFO] ApiDb:427 - User favorites MCUs=[]
2024-10-16 17:59:24,865 [INFO] DbMcus:223 - Set 0 / 0 favorites MCUs
2024-10-16 17:59:25,441 [WARN] ThirdParty:833 - waiting for thirdparty lock release [change project]
2024-10-16 17:59:25,441 [INFO] ThirdParty:835 - entering critical section [change project]
2024-10-16 17:59:25,441 [INFO] ThirdParty:1030 - CMSIS Pack Vendor :STMicroelectronics USBPD 4.1
2024-10-16 17:59:25,442 [INFO] ThirdParty:1030 - CMSIS Pack Vendor :STMicroelectronics X-CUBE-GNSS1 6.0.0
2024-10-16 17:59:25,442 [INFO] ThirdParty:1030 - CMSIS Pack Vendor :STMicroelectronics USB_HOST 2.0.0
2024-10-16 17:59:25,442 [INFO] ThirdParty:1030 - CMSIS Pack Vendor :STMicroelectronics FP-SNS-MOTENVWB1 1.4.0
2024-10-16 17:59:25,442 [INFO] ThirdParty:1030 - CMSIS Pack Vendor :STMicroelectronics X-CUBE-AZRTOS-F4 1.1.0
2024-10-16 17:59:25,442 [INFO] ThirdParty:1030 - CMSIS Pack Vendor :STMicroelectronics LIBJPEG 8.0.0
2024-10-16 17:59:25,442 [INFO] ThirdParty:1030 - CMSIS Pack Vendor :wolfSSL I-CUBE-wolfSSL 5.6.3
2024-10-16 17:59:25,442 [INFO] ThirdParty:1030 - CMSIS Pack Vendor :STMicroelectronics X-CUBE-SMBUS 2.1.0
2024-10-16 17:59:25,442 [INFO] ThirdParty:1030 - CMSIS Pack Vendor :STMicroelectronics X-CUBE-WB05N 1.1.0
2024-10-16 17:59:25,442 [INFO] ThirdParty:1030 - CMSIS Pack Vendor :STMicroelectronics X-CUBE-ISPU 2.1.0
2024-10-16 17:59:25,442 [INFO] ThirdParty:1030 - CMSIS Pack Vendor :STMicroelectronics X-CUBE-FREERTOS 1.2.0
2024-10-16 17:59:25,442 [INFO] ThirdParty:1030 - CMSIS Pack Vendor :STMicroelectronics X-CUBE-TOUCHGFX 4.23.0
2024-10-16 17:59:25,442 [INFO] ThirdParty:1030 - CMSIS Pack Vendor :STMicroelectronics X-CUBE-TOUCHGFX 4.23.2
2024-10-16 17:59:25,442 [INFO] ThirdParty:1030 - CMSIS Pack Vendor :STMicroelectronics X-CUBE-AZRTOS-F7 1.1.0
2024-10-16 17:59:25,442 [INFO] ThirdParty:1030 - CMSIS Pack Vendor :STMicroelectronics X-CUBE-AZRTOS-L5 2.0.0
2024-10-16 17:59:25,442 [INFO] ThirdParty:1030 - CMSIS Pack Vendor :STMicroelectronics USB_DEVICE 2.0.0
2024-10-16 17:59:25,442 [INFO] ThirdParty:1030 - CMSIS Pack Vendor :STMicroelectronics X-CUBE-MEMS1 9.6.0
2024-10-16 17:59:25,443 [INFO] ThirdParty:1030 - CMSIS Pack Vendor :STMicroelectronics X-CUBE-EEPRMA1 4.2.0
2024-10-16 17:59:25,443 [INFO] ThirdParty:1030 - CMSIS Pack Vendor :STMicroelectronics X-CUBE-NFC6 3.1.0
2024-10-16 17:59:25,443 [INFO] ThirdParty:1030 - CMSIS Pack Vendor :ITTIA_DB I-CUBE-ITTIADB 8.8.0
2024-10-16 17:59:25,443 [INFO] ThirdParty:1030 - CMSIS Pack Vendor :STMicroelectronics FP-SNS-MOTENV1 4.3.2
2024-10-16 17:59:25,443 [INFO] ThirdParty:1030 - CMSIS Pack Vendor :STMicroelectronics X-CUBE-MEMS1 11.0.0
2024-10-16 17:59:25,443 [INFO] ThirdParty:1030 - CMSIS Pack Vendor :STMicroelectronics FreeRTOS 0.0.1
2024-10-16 17:59:25,443 [INFO] ThirdParty:1030 - CMSIS Pack Vendor :STMicroelectronics X-CUBE-BLEMGR 2.0.0
2024-10-16 17:59:25,443 [INFO] ThirdParty:1030 - CMSIS Pack Vendor :STMicroelectronics FP-SNS-FLIGHT1 5.0.2
2024-10-16 17:59:25,443 [INFO] ThirdParty:1030 - CMSIS Pack Vendor :STMicroelectronics X-CUBE-AI 9.0.0
2024-10-16 17:59:25,443 [INFO] ThirdParty:1030 - CMSIS Pack Vendor :STMicroelectronics X-CUBE-AZRTOS-H7 3.1.0
2024-10-16 17:59:25,443 [INFO] ThirdParty:1030 - CMSIS Pack Vendor :STMicroelectronics PDM2PCM 3.3.0
2024-10-16 17:59:25,443 [INFO] ThirdParty:1030 - CMSIS Pack Vendor :STMicroelectronics X-CUBE-DISPLAY 3.0.0
2024-10-16 17:59:25,443 [INFO] ThirdParty:1030 - CMSIS Pack Vendor :STMicroelectronics X-CUBE-BLE1 7.0.0
2024-10-16 17:59:25,443 [INFO] ThirdParty:1030 - CMSIS Pack Vendor :STMicroelectronics X-CUBE-NFC10 1.0.0
2024-10-16 17:59:25,443 [INFO] ThirdParty:1030 - CMSIS Pack Vendor :STMicroelectronics HAL Drivers 0.0.0
2024-10-16 17:59:25,443 [INFO] ThirdParty:1030 - CMSIS Pack Vendor :emotas I-CUBE-CANOPEN 1.3.0
2024-10-16 17:59:25,443 [INFO] ThirdParty:1030 - CMSIS Pack Vendor :STMicroelectronics X-CUBE-TOUCHGFX 4.22.0
2024-10-16 17:59:25,443 [INFO] ThirdParty:1030 - CMSIS Pack Vendor :STMicroelectronics X-CUBE-NFC7 1.0.1
2024-10-16 17:59:25,444 [INFO] ThirdParty:1030 - CMSIS Pack Vendor :STMicroelectronics MBEDTLS 2.14.1
2024-10-16 17:59:25,444 [INFO] ThirdParty:1030 - CMSIS Pack Vendor :STMicroelectronics X-CUBE-TOUCHGFX 4.22.1
2024-10-16 17:59:25,444 [INFO] ThirdParty:1030 - CMSIS Pack Vendor :wolfSSL I-CUBE-wolfTPM 3.2.0
2024-10-16 17:59:25,444 [INFO] ThirdParty:1030 - CMSIS Pack Vendor :STMicroelectronics X-CUBE-NFC6 3.0.0
2024-10-16 17:59:25,444 [INFO] ThirdParty:1030 - CMSIS Pack Vendor :STMicroelectronics X-CUBE-EEPRMA1 4.1.0
2024-10-16 17:59:25,444 [INFO] ThirdParty:1030 - CMSIS Pack Vendor :STMicroelectronics X-CUBE-BLEMGR 3.1.0
2024-10-16 17:59:25,444 [INFO] ThirdParty:1030 - CMSIS Pack Vendor :STMicroelectronics FP-SNS-SMARTAG2 1.2.0
2024-10-16 17:59:25,444 [INFO] ThirdParty:1030 - CMSIS Pack Vendor :STMicroelectronics X-CUBE-AZRTOS-WL 2.0.0
2024-10-16 17:59:25,444 [INFO] ThirdParty:1030 - CMSIS Pack Vendor :STMicroelectronics FP-SNS-MOTENV1 5.0.0
2024-10-16 17:59:25,444 [INFO] ThirdParty:1030 - CMSIS Pack Vendor :STMicroelectronics USB_DEVICE 1.0.0
2024-10-16 17:59:25,444 [INFO] ThirdParty:1030 - CMSIS Pack Vendor :STMicroelectronics X-CUBE-AI 8.1.0
2024-10-16 17:59:25,444 [INFO] ThirdParty:1030 - CMSIS Pack Vendor :wolfSSL I-CUBE-wolfMQTT 1.19.0
2024-10-16 17:59:25,444 [INFO] ThirdParty:1030 - CMSIS Pack Vendor :STMicroelectronics X-CUBE-AZRTOS-L4 2.0.0
2024-10-16 17:59:25,444 [INFO] ThirdParty:1030 - CMSIS Pack Vendor :STMicroelectronics ThreadX 0.0.2
2024-10-16 17:59:25,444 [INFO] ThirdParty:1030 - CMSIS Pack Vendor :WES I-CUBE-Cesium 1.3.0
2024-10-16 17:59:25,444 [INFO] ThirdParty:1030 - CMSIS Pack Vendor :STMicroelectronics lwIP 2.1.2
2024-10-16 17:59:25,444 [INFO] ThirdParty:1030 - CMSIS Pack Vendor :STMicroelectronics X-CUBE-SFXS2LP1 4.0.0
2024-10-16 17:59:25,444 [INFO] ThirdParty:1030 - CMSIS Pack Vendor :STMicroelectronics X-CUBE-BLE2 3.3.0
2024-10-16 17:59:25,444 [INFO] ThirdParty:1030 - CMSIS Pack Vendor :STMicroelectronics PDM2PCM 3.2.0
2024-10-16 17:59:25,444 [INFO] ThirdParty:1030 - CMSIS Pack Vendor :STMicroelectronics X-CUBE-ISPU 1.1.0
2024-10-16 17:59:25,444 [INFO] ThirdParty:1030 - CMSIS Pack Vendor :STMicroelectronics X-CUBE-AZRTOS-H7 3.3.0
2024-10-16 17:59:25,445 [INFO] ThirdParty:1030 - CMSIS Pack Vendor :STMicroelectronics X-CUBE-NFC9 1.0.0
2024-10-16 17:59:25,445 [INFO] ThirdParty:1030 - CMSIS Pack Vendor :STMicroelectronics USB_DEVICE 3.0.0
2024-10-16 17:59:25,445 [INFO] ThirdParty:1030 - CMSIS Pack Vendor :STMicroelectronics X-CUBE-TCPP 4.1.0
2024-10-16 17:59:25,445 [INFO] ThirdParty:1030 - CMSIS Pack Vendor :STMicroelectronics X-CUBE-AZRTOS-WB 2.0.0
2024-10-16 17:59:25,445 [INFO] ThirdParty:1030 - CMSIS Pack Vendor :STMicroelectronics X-CUBE-FREERTOS 1.0.1
2024-10-16 17:59:25,445 [INFO] ThirdParty:1030 - CMSIS Pack Vendor :STMicroelectronics X-CUBE-GNSS1 7.0.0
2024-10-16 17:59:25,445 [INFO] ThirdParty:1030 - CMSIS Pack Vendor :STMicroelectronics X-CUBE-ALGOBUILD 1.3.0
2024-10-16 17:59:25,445 [INFO] ThirdParty:1030 - CMSIS Pack Vendor :STMicroelectronics X-CUBE-AZRTOS-G0 1.1.0
2024-10-16 17:59:25,445 [INFO] ThirdParty:1030 - CMSIS Pack Vendor :STMicroelectronics X-CUBE-SAFEA1 1.2.2
2024-10-16 17:59:25,445 [INFO] ThirdParty:1030 - CMSIS Pack Vendor :STMicroelectronics X-CUBE-NFC4 3.0.0
2024-10-16 17:59:25,445 [INFO] ThirdParty:1030 - CMSIS Pack Vendor :STMicroelectronics X-CUBE-SUBG2 5.0.0
2024-10-16 17:59:25,445 [INFO] ThirdParty:1030 - CMSIS Pack Vendor :STMicroelectronics STM32_WPAN 1.0.0
2024-10-16 17:59:25,445 [INFO] ThirdParty:1030 - CMSIS Pack Vendor :STMicroelectronics lwIP 2.0.3
2024-10-16 17:59:25,445 [INFO] ThirdParty:1030 - CMSIS Pack Vendor :Cesanta I-CUBE-Mongoose 7.13.0
2024-10-16 17:59:25,445 [INFO] ThirdParty:1030 - CMSIS Pack Vendor :STMicroelectronics USB_HOST 1.0.0
2024-10-16 17:59:25,445 [INFO] ThirdParty:1030 - CMSIS Pack Vendor :STMicroelectronics X-CUBE-TOF1 3.3.1
2024-10-16 17:59:25,445 [INFO] ThirdParty:1030 - CMSIS Pack Vendor :STMicroelectronics X-CUBE-AZRTOS-G4 2.0.0
2024-10-16 17:59:25,445 [INFO] ThirdParty:1030 - CMSIS Pack Vendor :STMicroelectronics PDM2PCM 3.1.0
2024-10-16 17:59:25,445 [INFO] ThirdParty:1030 - CMSIS Pack Vendor :Infineon AIROC-Wi-Fi-Bluetooth-STM32 1.5.1
2024-10-16 17:59:25,445 [INFO] ThirdParty:1030 - CMSIS Pack Vendor :STMicroelectronics X-CUBE-BLEMGR 3.0.0
2024-10-16 17:59:25,445 [INFO] ThirdParty:1030 - CMSIS Pack Vendor :STMicroelectronics FP-SNS-MOTENVWB1 1.3.1
2024-10-16 17:59:25,446 [INFO] ThirdParty:1030 - CMSIS Pack Vendor :STMicroelectronics FP-ATR-SIGFOX1 3.2.0
2024-10-16 17:59:25,446 [INFO] ThirdParty:1030 - CMSIS Pack Vendor :STMicroelectronics X-CUBE-ISPU 2.0.0
2024-10-16 17:59:25,446 [INFO] ThirdParty:1030 - CMSIS Pack Vendor :STMicroelectronics X-CUBE-EEPRMA1 5.1.0
2024-10-16 17:59:25,446 [INFO] ThirdParty:1030 - CMSIS Pack Vendor :STMicroelectronics MBEDTLS 2.16.2
2024-10-16 17:59:25,446 [INFO] ThirdParty:1030 - CMSIS Pack Vendor :STMicroelectronics X-CUBE-ALS 1.0.2
2024-10-16 17:59:25,446 [INFO] ThirdParty:1030 - CMSIS Pack Vendor :STMicroelectronics X-CUBE-MEMS1 10.0.0
2024-10-16 17:59:25,446 [INFO] ThirdParty:1030 - CMSIS Pack Vendor :STMicroelectronics X-CUBE-FREERTOS 1.1.0
2024-10-16 17:59:25,446 [INFO] ThirdParty:1030 - CMSIS Pack Vendor :STMicroelectronics X-CUBE-TOUCHGFX 4.24.0
2024-10-16 17:59:25,446 [INFO] ThirdParty:1030 - CMSIS Pack Vendor :STMicroelectronics X-CUBE-TOUCHGFX 4.24.1
2024-10-16 17:59:25,446 [INFO] ThirdParty:1030 - CMSIS Pack Vendor :portGmbH I-Cube-SoM-uGOAL 1.1.0
2024-10-16 17:59:25,446 [INFO] ThirdParty:1030 - CMSIS Pack Vendor :STMicroelectronics X-CUBE-ALS 1.0.1
2024-10-16 17:59:25,446 [INFO] ThirdParty:1030 - CMSIS Pack Vendor :STMicroelectronics ThreadX 1.0.0
2024-10-16 17:59:25,446 [INFO] ThirdParty:1030 - CMSIS Pack Vendor :SEGGER I-CUBE-embOS 1.3.1
2024-10-16 17:59:25,446 [INFO] ThirdParty:1030 - CMSIS Pack Vendor :STMicroelectronics X-CUBE-ALGOBUILD 1.4.0
2024-10-16 17:59:25,446 [INFO] ThirdParty:1030 - CMSIS Pack Vendor :STMicroelectronics X-CUBE-AZRTOS-H7RS 1.0.0
2024-10-16 17:59:25,446 [INFO] ThirdParty:1030 - CMSIS Pack Vendor :STMicroelectronics FP-ATR-ASTRA1 2.0.0
2024-10-16 17:59:25,446 [INFO] ThirdParty:1030 - CMSIS Pack Vendor :STMicroelectronics X-CUBE-AI 9.1.0
2024-10-16 17:59:25,446 [INFO] ThirdParty:1030 - CMSIS Pack Vendor :STMicroelectronics X-CUBE-TOF1 3.4.0
2024-10-16 17:59:25,446 [INFO] ThirdParty:1030 - CMSIS Pack Vendor :STMicroelectronics X-CUBE-TOF1 3.4.1
2024-10-16 17:59:25,446 [INFO] ThirdParty:1030 - CMSIS Pack Vendor :STMicroelectronics X-CUBE-AZRTOS-H7 3.2.0
2024-10-16 17:59:25,446 [INFO] ThirdParty:1030 - CMSIS Pack Vendor :wolfSSL I-CUBE-wolfSSH 1.4.17
2024-10-16 17:59:25,447 [INFO] ThirdParty:841 - exiting critical section [change project]
2024-10-16 17:59:26,069 [INFO] PinOutPanel:1499 - setPackage(No Configuration,No Configuration)
2024-10-16 17:59:26,072 [INFO] PinOutPanel:1499 - setPackage(STM32F407VGTx,LQFP100)
2024-10-16 17:59:26,639 [INFO] UtilMem:75 - Before build in PCC Used Memory: 598392832 Bytes (1073741824)
2024-10-16 17:59:27,719 [INFO] UtilMem:75 - After build in PCC Used Memory: 672944624 Bytes (1073741824)
2024-10-16 17:59:27,759 [INFO] IPUIPlugin:80 - create IPUIPlugin
2024-10-16 17:59:27,760 [INFO] IPUIPlugin:80 - create IPUIPlugin
2024-10-16 17:59:27,760 [INFO] IPUIPlugin:80 - create IPUIPlugin
2024-10-16 17:59:27,760 [INFO] IPUIPlugin:80 - create IPUIPlugin
2024-10-16 17:59:27,760 [INFO] IPUIPlugin:80 - create IPUIPlugin
2024-10-16 17:59:27,761 [INFO] IPUIPlugin:80 - create IPUIPlugin
2024-10-16 17:59:27,761 [INFO] IPUIPlugin:80 - create IPUIPlugin
2024-10-16 17:59:27,761 [INFO] IPUIPlugin:80 - create IPUIPlugin
2024-10-16 17:59:27,761 [INFO] IPUIPlugin:80 - create IPUIPlugin
2024-10-16 17:59:27,761 [INFO] IPUIPlugin:80 - create IPUIPlugin
2024-10-16 17:59:27,762 [INFO] IPUIPlugin:80 - create IPUIPlugin
2024-10-16 17:59:27,762 [INFO] IPUIPlugin:80 - create IPUIPlugin
2024-10-16 17:59:27,762 [INFO] IPUIPlugin:80 - create IPUIPlugin
2024-10-16 17:59:27,762 [INFO] IPUIPlugin:80 - create IPUIPlugin
2024-10-16 17:59:27,762 [INFO] IPUIPlugin:80 - create IPUIPlugin
2024-10-16 17:59:27,762 [INFO] IPUIPlugin:80 - create IPUIPlugin
2024-10-16 17:59:27,762 [INFO] IPUIPlugin:80 - create IPUIPlugin
2024-10-16 17:59:27,762 [INFO] IPUIPlugin:80 - create IPUIPlugin
2024-10-16 17:59:27,762 [INFO] IPUIPlugin:80 - create IPUIPlugin
2024-10-16 17:59:27,762 [INFO] IPUIPlugin:80 - create IPUIPlugin
2024-10-16 17:59:27,764 [INFO] IPUIPlugin:80 - create IPUIPlugin
2024-10-16 17:59:27,764 [INFO] IPUIPlugin:80 - create IPUIPlugin
2024-10-16 17:59:27,764 [INFO] IPUIPlugin:80 - create IPUIPlugin
2024-10-16 17:59:27,764 [INFO] IPUIPlugin:80 - create IPUIPlugin
2024-10-16 17:59:27,764 [INFO] IPUIPlugin:80 - create IPUIPlugin
2024-10-16 17:59:27,764 [INFO] IPUIPlugin:80 - create IPUIPlugin
2024-10-16 17:59:27,765 [INFO] IPUIPlugin:80 - create IPUIPlugin
2024-10-16 17:59:27,765 [INFO] IPUIPlugin:80 - create IPUIPlugin
2024-10-16 17:59:27,765 [INFO] IPUIPlugin:80 - create IPUIPlugin
2024-10-16 17:59:27,765 [INFO] IPUIPlugin:80 - create IPUIPlugin
2024-10-16 17:59:27,765 [INFO] IPUIPlugin:80 - create IPUIPlugin
2024-10-16 17:59:27,766 [INFO] IPUIPlugin:80 - create IPUIPlugin
2024-10-16 17:59:27,766 [INFO] IPUIPlugin:80 - create IPUIPlugin
2024-10-16 17:59:27,766 [INFO] IPUIPlugin:80 - create IPUIPlugin
2024-10-16 17:59:27,766 [INFO] IPUIPlugin:80 - create IPUIPlugin
2024-10-16 17:59:27,767 [INFO] IPUIPlugin:80 - create IPUIPlugin
2024-10-16 17:59:27,767 [INFO] IPUIPlugin:80 - create IPUIPlugin
2024-10-16 17:59:27,767 [INFO] IPUIPlugin:80 - create IPUIPlugin
2024-10-16 17:59:27,768 [INFO] IPUIPlugin:80 - create IPUIPlugin
2024-10-16 17:59:27,768 [INFO] IPUIPlugin:80 - create IPUIPlugin
2024-10-16 17:59:27,768 [INFO] IPUIPlugin:80 - create IPUIPlugin
2024-10-16 17:59:27,768 [INFO] IPUIPlugin:80 - create IPUIPlugin
2024-10-16 17:59:27,769 [INFO] IPUIPlugin:80 - create IPUIPlugin
2024-10-16 17:59:27,769 [INFO] IPUIPlugin:80 - create IPUIPlugin
2024-10-16 17:59:27,769 [INFO] IPUIPlugin:80 - create IPUIPlugin
2024-10-16 17:59:27,769 [INFO] IPUIPlugin:80 - create IPUIPlugin
2024-10-16 17:59:27,770 [INFO] IPUIPlugin:80 - create IPUIPlugin
2024-10-16 17:59:27,770 [INFO] IPUIPlugin:80 - create IPUIPlugin
2024-10-16 17:59:27,770 [INFO] IPUIPlugin:80 - create IPUIPlugin
2024-10-16 17:59:27,771 [INFO] IPUIPlugin:80 - create IPUIPlugin
2024-10-16 17:59:27,771 [INFO] IPUIPlugin:80 - create IPUIPlugin
2024-10-16 17:59:27,772 [INFO] IPUIPlugin:80 - create IPUIPlugin
2024-10-16 17:59:27,772 [INFO] IPUIPlugin:80 - create IPUIPlugin
2024-10-16 17:59:27,772 [INFO] IPUIPlugin:80 - create IPUIPlugin
2024-10-16 17:59:27,773 [INFO] IPUIPlugin:80 - create IPUIPlugin
2024-10-16 17:59:27,774 [INFO] IPUIPlugin:80 - create IPUIPlugin
2024-10-16 17:59:27,774 [INFO] IPUIPlugin:80 - create IPUIPlugin
2024-10-16 17:59:27,775 [INFO] IPUIPlugin:80 - create IPUIPlugin
2024-10-16 17:59:27,919 [INFO] ApiDbMcu:507 - Load IP Config File for PDM2PCM
2024-10-16 17:59:28,146 [INFO] CADModel:165 - CPN selected for project levelSTM32F407VGT6
2024-10-16 17:59:28,146 [INFO] CADModel:114 - Register for checkConnection events
2024-10-16 17:59:28,185 [INFO] OpenFileManager:328 - Restore cursor
2024-10-16 21:55:47,295 [ERROR] LogOutputStream:75 - [STDERR_REDIRECT] 
