2024-06-25 22:54:39,729 [INFO] Activator:176 - 


2024-06-25 22:54:39,737 [INFO] Activator:177 - !SESSION log4j initialized
2024-06-25 22:54:44,355 [INFO] LogOutputStream:77 - [STDOUT_REDIRECT] 
2024-06-25 22:54:45,125 [INFO] ApplicationProperties:184 - Using Application install path: C:\ST\STM32CubeIDE_1.13.1\STM32CubeIDE\plugins\com.st.stm32cube.common.mx_6.9.1.202307191849
2024-06-25 22:54:45,143 [INFO] DbMcusXml:78 - Set database path to: C:\ST\STM32CubeIDE_1.13.1\STM32CubeIDE\plugins\com.st.stm32cube.common.mx_6.9.1.202307191849\\db\/mcu/
2024-06-25 22:54:45,144 [INFO] ApiDb:274 - Set plugin database path to: C:\ST\STM32CubeIDE_1.13.1\STM32CubeIDE\plugins\com.st.stm32cube.common.mx_6.9.1.202307191849\\db\/plugins/boardmanager/
2024-06-25 22:54:45,144 [WARN] ApiDb:259 - Overriding images path with different value:  => C:\ST\STM32CubeIDE_1.13.1\STM32CubeIDE\plugins\com.st.stm32cube.common.mx_6.9.1.202307191849\\db\/plugins/mcufinder/images/
2024-06-25 22:54:45,152 [INFO] ApiDb:250 - Set database path to: C:\Users\kunal\.stmcufinder\plugins\mcufinder//mcu/
2024-06-25 22:54:45,154 [INFO] DbMcusAds:125 - Set database path to: C:\Users\kunal\.stmcufinder\plugins\mcufinder//mcu/
2024-06-25 22:54:45,156 [INFO] CrossReferenceDbSqlite:203 - Set database path to: C:\Users\kunal\.stmcufinder\plugins\mcufinder//mcu/cs/
2024-06-25 22:54:45,292 [INFO] RulesReader:64 - Compatibility file has been processed (293 Rules)
2024-06-25 22:54:45,373 [INFO] DbMcusXml:78 - Set database path to: C:\ST\STM32CubeIDE_1.13.1\STM32CubeIDE\plugins\com.st.stm32cube.common.mx_6.9.1.202307191849\\db\/mcu/
2024-06-25 22:54:45,373 [INFO] ApiDb:274 - Set plugin database path to: C:\ST\STM32CubeIDE_1.13.1\STM32CubeIDE\plugins\com.st.stm32cube.common.mx_6.9.1.202307191849\\db\/plugins/boardmanager/
2024-06-25 22:54:45,375 [INFO] ApiDb:261 - Set plugin images path to: C:\ST\STM32CubeIDE_1.13.1\STM32CubeIDE\plugins\com.st.stm32cube.common.mx_6.9.1.202307191849\\db\/plugins/mcufinder/images/
2024-06-25 22:54:45,375 [WARN] DbFile:41 - Overriding database path with different value: C:\Users\kunal\.stmcufinder\plugins\mcufinder/ => C:\Users\kunal\.stmcufinder\plugins\mcufinder
2024-06-25 22:54:45,375 [INFO] ApiDb:250 - Set database path to: C:\Users\kunal\.stmcufinder\plugins\mcufinder//mcu/
2024-06-25 22:54:45,375 [WARN] DbFile:41 - Overriding database path with different value: C:\Users\kunal\.stmcufinder\plugins\mcufinder/ => C:\Users\kunal\.stmcufinder\plugins\mcufinder
2024-06-25 22:54:45,375 [INFO] DbMcusAds:125 - Set database path to: C:\Users\kunal\.stmcufinder\plugins\mcufinder//mcu/
2024-06-25 22:54:45,375 [WARN] DbFile:41 - Overriding database path with different value: C:\Users\kunal\.stmcufinder\plugins\mcufinder/ => C:\Users\kunal\.stmcufinder\plugins\mcufinder
2024-06-25 22:54:45,375 [WARN] DbFile:41 - Overriding database path with different value: C:\Users\kunal\.stmcufinder\plugins\mcufinder/ => C:\Users\kunal\.stmcufinder\plugins\mcufinder
2024-06-25 22:54:45,375 [INFO] CrossReferenceDbSqlite:203 - Set database path to: C:\Users\kunal\.stmcufinder\plugins\mcufinder//mcu/cs/
2024-06-25 22:54:45,456 [INFO] MainPanel:262 - HeapMemory: 268435456
2024-06-25 22:54:45,526 [INFO] DbMcusXml:78 - Set database path to: C:\ST\STM32CubeIDE_1.13.1\STM32CubeIDE\plugins\com.st.stm32cube.common.mx_6.9.1.202307191849\\db\/mcu/
2024-06-25 22:54:45,526 [INFO] ApiDb:274 - Set plugin database path to: C:\ST\STM32CubeIDE_1.13.1\STM32CubeIDE\plugins\com.st.stm32cube.common.mx_6.9.1.202307191849\\db\/plugins/boardmanager/
2024-06-25 22:54:45,526 [INFO] ApiDb:261 - Set plugin images path to: C:\ST\STM32CubeIDE_1.13.1\STM32CubeIDE\plugins\com.st.stm32cube.common.mx_6.9.1.202307191849\\db\/plugins/mcufinder/images/
2024-06-25 22:54:45,527 [WARN] DbFile:41 - Overriding database path with different value: C:\Users\kunal\.stmcufinder\plugins\mcufinder/ => C:\Users\kunal\.stmcufinder\plugins\mcufinder
2024-06-25 22:54:45,527 [INFO] ApiDb:250 - Set database path to: C:\Users\kunal\.stmcufinder\plugins\mcufinder//mcu/
2024-06-25 22:54:45,527 [WARN] DbFile:41 - Overriding database path with different value: C:\Users\kunal\.stmcufinder\plugins\mcufinder/ => C:\Users\kunal\.stmcufinder\plugins\mcufinder
2024-06-25 22:54:45,527 [INFO] DbMcusAds:125 - Set database path to: C:\Users\kunal\.stmcufinder\plugins\mcufinder//mcu/
2024-06-25 22:54:45,527 [WARN] DbFile:41 - Overriding database path with different value: C:\Users\kunal\.stmcufinder\plugins\mcufinder/ => C:\Users\kunal\.stmcufinder\plugins\mcufinder
2024-06-25 22:54:45,527 [WARN] DbFile:41 - Overriding database path with different value: C:\Users\kunal\.stmcufinder\plugins\mcufinder/ => C:\Users\kunal\.stmcufinder\plugins\mcufinder
2024-06-25 22:54:45,527 [INFO] CrossReferenceDbSqlite:203 - Set database path to: C:\Users\kunal\.stmcufinder\plugins\mcufinder//mcu/cs/
2024-06-25 22:54:45,543 [INFO] ApplicationProperties:184 - Using Application install path: C:\ST\STM32CubeIDE_1.13.1\STM32CubeIDE\plugins\com.st.stm32cube.common.mx_6.9.1.202307191849
2024-06-25 22:54:45,544 [INFO] PluginManage:196 - Search for loadable plugins [exclusion list=, ]
2024-06-25 22:54:45,545 [INFO] PluginManage:310 - Check plugin analytics
2024-06-25 22:54:45,700 [INFO] AnalyticsPlugin:253 - Accepted Software Licenses: 
2024-06-25 22:54:45,700 [INFO] AnalyticsPlugin:255 - Accepted CMSIS Pack Licenses: 
2024-06-25 22:54:45,701 [INFO] AnalyticsPlugin:257 - Accepted Firmware Licenses: FW.F4.1.27.0
2024-06-25 22:54:45,704 [INFO] PluginManage:359 - Loaded plugin analytics (category:tool,tabindex:-1)
2024-06-25 22:54:45,705 [INFO] PluginManage:310 - Check plugin cadmodel
2024-06-25 22:54:45,708 [INFO] CADModel:105 - Init CAD model plugin
2024-06-25 22:54:45,708 [INFO] PluginManage:359 - Loaded plugin cadmodel (category:power,tabindex:5)
2024-06-25 22:54:45,709 [INFO] PluginManage:310 - Check plugin clock
2024-06-25 22:54:45,717 [INFO] PluginManage:359 - Loaded plugin clock (category:base,tabindex:2)
2024-06-25 22:54:45,717 [INFO] PluginManage:310 - Check plugin ddr
2024-06-25 22:54:45,719 [INFO] PluginManage:359 - Loaded plugin ddr (category:tool,tabindex:6)
2024-06-25 22:54:45,719 [INFO] PluginManage:310 - Check plugin filemanager
2024-06-25 22:54:45,851 [INFO] PluginManage:359 - Loaded plugin filemanager (category:base,tabindex:10)
2024-06-25 22:54:45,851 [INFO] PluginManage:310 - Check plugin ipmanager
2024-06-25 22:54:45,858 [INFO] PluginManage:359 - Loaded plugin ipmanager (category:base,tabindex:5)
2024-06-25 22:54:45,858 [INFO] PluginManage:310 - Check plugin lpbam
2024-06-25 22:54:45,867 [INFO] PluginManage:359 - Loaded plugin lpbam (category:base,tabindex:0)
2024-06-25 22:54:45,867 [INFO] PluginManage:310 - Check plugin memorymap
2024-06-25 22:54:45,882 [INFO] PluginManage:359 - Loaded plugin memorymap (category:base,tabindex:4)
2024-06-25 22:54:45,882 [INFO] PluginManage:310 - Check plugin pinoutandconfiguration
2024-06-25 22:54:45,889 [INFO] PluginManage:359 - Loaded plugin pinoutandconfiguration (category:base,tabindex:1)
2024-06-25 22:54:45,889 [INFO] PluginManage:310 - Check plugin pinoutconfig
2024-06-25 22:54:45,969 [WARN] SupportedApi:132 - Cannot load RTOS API schema: s4s-elt-must-match.1: The content of 'definitions' must match (annotation?, (simpleType | complexType)?, (unique | key | keyref)*)). A problem was found starting at: attribute.
2024-06-25 22:54:46,088 [INFO] PluginManage:359 - Loaded plugin pinoutconfig (category:base,tabindex:0)
2024-06-25 22:54:46,088 [INFO] PluginManage:310 - Check plugin power
2024-06-25 22:54:46,096 [INFO] PluginManage:359 - Loaded plugin power (category:power,tabindex:4)
2024-06-25 22:54:46,096 [INFO] PluginManage:310 - Check plugin projectmanager
2024-06-25 22:54:46,112 [INFO] PluginManage:359 - Loaded plugin projectmanager (category:projectmanager,tabindex:3)
2024-06-25 22:54:46,112 [INFO] PluginManage:310 - Check plugin thirdparty
2024-06-25 22:54:46,221 [INFO] PluginManage:359 - Loaded plugin thirdparty (category:base,tabindex:-1)
2024-06-25 22:54:46,221 [INFO] PluginManage:310 - Check plugin tools
2024-06-25 22:54:46,221 [WARN] IntegrityCheckThread:84 - waiting for thirdparty lock release [integrity check]
2024-06-25 22:54:46,223 [INFO] PluginManage:359 - Loaded plugin tools (category:base,tabindex:7)
2024-06-25 22:54:46,233 [INFO] IntegrityCheckThread:86 - entering critical section [integrity check]
2024-06-25 22:54:46,233 [INFO] PluginManage:310 - Check plugin tutovideos
2024-06-25 22:54:46,234 [INFO] ThirdPartyUpdaterWithRetryManager:70 - Updater plugin not ready yet. [1/15]
2024-06-25 22:54:46,369 [INFO] PluginManage:359 - Loaded plugin tutovideos (category:base,tabindex:-1)
2024-06-25 22:54:46,369 [INFO] PluginManage:310 - Check plugin updater
2024-06-25 22:54:46,377 [INFO] PluginManage:359 - Loaded plugin updater (category:base,tabindex:12)
2024-06-25 22:54:46,377 [INFO] PluginManage:310 - Check plugin userauth
2024-06-25 22:54:46,381 [INFO] UserAuth:113 - Init User Auth plugin
2024-06-25 22:54:46,381 [INFO] PluginManage:359 - Loaded plugin userauth (category:base,tabindex:14)
2024-06-25 22:54:46,382 [INFO] PluginManage:283 - PluginManage : Loaded plugins [17]
2024-06-25 22:54:46,568 [INFO] PinOutPanel:1499 - setPackage(No Configuration,No Configuration)
2024-06-25 22:54:46,653 [INFO] CADModel:165 - CPN selected for project level
2024-06-25 22:54:46,654 [INFO] CADModel:114 - Register for checkConnection events
2024-06-25 22:54:46,666 [INFO] IPUIPlugin:80 - create IPUIPlugin
2024-06-25 22:54:46,667 [INFO] PluginManager:220 - loadIPPluginJar : add adc
2024-06-25 22:54:46,668 [INFO] IPUIPlugin:80 - create IPUIPlugin
2024-06-25 22:54:46,668 [INFO] PluginManager:220 - loadIPPluginJar : add aes
2024-06-25 22:54:46,670 [INFO] IPUIPlugin:80 - create IPUIPlugin
2024-06-25 22:54:46,670 [INFO] PluginManager:220 - loadIPPluginJar : add can
2024-06-25 22:54:46,671 [INFO] IPUIPlugin:80 - create IPUIPlugin
2024-06-25 22:54:46,671 [INFO] PluginManager:220 - loadIPPluginJar : add comp
2024-06-25 22:54:46,673 [INFO] IPUIPlugin:80 - create IPUIPlugin
2024-06-25 22:54:46,673 [INFO] PluginManager:220 - loadIPPluginJar : add cryp
2024-06-25 22:54:46,675 [INFO] IPUIPlugin:80 - create IPUIPlugin
2024-06-25 22:54:46,675 [INFO] PluginManager:220 - loadIPPluginJar : add dfsdm
2024-06-25 22:54:46,680 [INFO] IPUIPlugin:80 - create IPUIPlugin
2024-06-25 22:54:46,680 [INFO] PluginManager:220 - loadIPPluginJar : add dma
2024-06-25 22:54:46,682 [INFO] IPUIPlugin:80 - create IPUIPlugin
2024-06-25 22:54:46,682 [INFO] PluginManager:220 - loadIPPluginJar : add dma3
2024-06-25 22:54:46,683 [INFO] IPUIPlugin:80 - create IPUIPlugin
2024-06-25 22:54:46,683 [INFO] PluginManager:220 - loadIPPluginJar : add fatfs
2024-06-25 22:54:46,686 [INFO] IPUIPlugin:80 - create IPUIPlugin
2024-06-25 22:54:46,686 [INFO] PluginManager:220 - loadIPPluginJar : add fmc
2024-06-25 22:54:46,689 [INFO] IPUIPlugin:80 - create IPUIPlugin
2024-06-25 22:54:46,689 [INFO] PluginManager:220 - loadIPPluginJar : add freertos
2024-06-25 22:54:46,691 [INFO] IPUIPlugin:80 - create IPUIPlugin
2024-06-25 22:54:46,691 [INFO] PluginManager:220 - loadIPPluginJar : add genericplugin
2024-06-25 22:54:46,692 [INFO] IPUIPlugin:80 - create IPUIPlugin
2024-06-25 22:54:46,692 [INFO] PluginManager:220 - loadIPPluginJar : add gfxmmu
2024-06-25 22:54:46,696 [INFO] IPUIPlugin:80 - create IPUIPlugin
2024-06-25 22:54:46,696 [INFO] PluginManager:220 - loadIPPluginJar : add gic
2024-06-25 22:54:46,698 [INFO] IPUIPlugin:80 - create IPUIPlugin
2024-06-25 22:54:46,699 [INFO] PluginManager:220 - loadIPPluginJar : add gpio
2024-06-25 22:54:46,700 [INFO] IPUIPlugin:80 - create IPUIPlugin
2024-06-25 22:54:46,700 [INFO] PluginManager:220 - loadIPPluginJar : add gtzc
2024-06-25 22:54:46,702 [INFO] IPUIPlugin:80 - create IPUIPlugin
2024-06-25 22:54:46,702 [INFO] PluginManager:220 - loadIPPluginJar : add hash
2024-06-25 22:54:46,704 [INFO] IPUIPlugin:80 - create IPUIPlugin
2024-06-25 22:54:46,704 [INFO] PluginManager:220 - loadIPPluginJar : add i2c
2024-06-25 22:54:46,705 [INFO] IPUIPlugin:80 - create IPUIPlugin
2024-06-25 22:54:46,705 [INFO] PluginManager:220 - loadIPPluginJar : add i2s
2024-06-25 22:54:46,707 [INFO] IPUIPlugin:80 - create IPUIPlugin
2024-06-25 22:54:46,707 [INFO] PluginManager:220 - loadIPPluginJar : add i3c
2024-06-25 22:54:46,709 [INFO] IPUIPlugin:80 - create IPUIPlugin
2024-06-25 22:54:46,710 [INFO] PluginManager:220 - loadIPPluginJar : add ipddr
2024-06-25 22:54:46,715 [INFO] IPUIPlugin:80 - create IPUIPlugin
2024-06-25 22:54:46,715 [INFO] PluginManager:220 - loadIPPluginJar : add linkedlist
2024-06-25 22:54:46,717 [INFO] IPUIPlugin:80 - create IPUIPlugin
2024-06-25 22:54:46,717 [INFO] PluginManager:220 - loadIPPluginJar : add lorawan
2024-06-25 22:54:46,717 [INFO] IPUIPlugin:80 - create IPUIPlugin
2024-06-25 22:54:46,718 [INFO] PluginManager:220 - loadIPPluginJar : add ltdc
2024-06-25 22:54:46,721 [INFO] IPUIPlugin:80 - create IPUIPlugin
2024-06-25 22:54:46,722 [INFO] PluginManager:220 - loadIPPluginJar : add mdma
2024-06-25 22:54:46,724 [INFO] IPUIPlugin:80 - create IPUIPlugin
2024-06-25 22:54:46,724 [INFO] PluginManager:220 - loadIPPluginJar : add nvic
2024-06-25 22:54:46,726 [INFO] IPUIPlugin:80 - create IPUIPlugin
2024-06-25 22:54:46,726 [INFO] PluginManager:220 - loadIPPluginJar : add opamp
2024-06-25 22:54:46,728 [INFO] IPUIPlugin:80 - create IPUIPlugin
2024-06-25 22:54:46,728 [INFO] PluginManager:220 - loadIPPluginJar : add openamp
2024-06-25 22:54:46,730 [INFO] IPUIPlugin:80 - create IPUIPlugin
2024-06-25 22:54:46,730 [INFO] PluginManager:220 - loadIPPluginJar : add pdm2pcm
2024-06-25 22:54:46,734 [INFO] IPUIPlugin:80 - create IPUIPlugin
2024-06-25 22:54:46,736 [INFO] PluginManager:220 - loadIPPluginJar : add plateformsettings
2024-06-25 22:54:46,738 [INFO] IPUIPlugin:80 - create IPUIPlugin
2024-06-25 22:54:46,738 [INFO] PluginManager:220 - loadIPPluginJar : add quadspi
2024-06-25 22:54:46,740 [INFO] IPUIPlugin:80 - create IPUIPlugin
2024-06-25 22:54:46,740 [INFO] PluginManager:220 - loadIPPluginJar : add resmgrutility
2024-06-25 22:54:46,742 [INFO] IPUIPlugin:80 - create IPUIPlugin
2024-06-25 22:54:46,742 [INFO] PluginManager:220 - loadIPPluginJar : add sai
2024-06-25 22:54:46,744 [INFO] IPUIPlugin:80 - create IPUIPlugin
2024-06-25 22:54:46,744 [INFO] PluginManager:220 - loadIPPluginJar : add spi
2024-06-25 22:54:46,747 [INFO] IPUIPlugin:80 - create IPUIPlugin
2024-06-25 22:54:46,747 [INFO] PluginManager:220 - loadIPPluginJar : add stm32_wpan
2024-06-25 22:54:46,748 [INFO] IPUIPlugin:80 - create IPUIPlugin
2024-06-25 22:54:46,748 [INFO] PluginManager:220 - loadIPPluginJar : add tim
2024-06-25 22:54:46,750 [INFO] IPUIPlugin:80 - create IPUIPlugin
2024-06-25 22:54:46,750 [INFO] PluginManager:220 - loadIPPluginJar : add touchsensing
2024-06-25 22:54:46,752 [INFO] IPUIPlugin:80 - create IPUIPlugin
2024-06-25 22:54:46,752 [INFO] PluginManager:220 - loadIPPluginJar : add tracer_emb
2024-06-25 22:54:46,753 [INFO] IPUIPlugin:80 - create IPUIPlugin
2024-06-25 22:54:46,753 [INFO] PluginManager:220 - loadIPPluginJar : add ts
2024-06-25 22:54:46,754 [INFO] IPUIPlugin:80 - create IPUIPlugin
2024-06-25 22:54:46,754 [INFO] PluginManager:220 - loadIPPluginJar : add tsc
2024-06-25 22:54:46,755 [INFO] IPUIPlugin:80 - create IPUIPlugin
2024-06-25 22:54:46,755 [INFO] PluginManager:220 - loadIPPluginJar : add ucpd
2024-06-25 22:54:46,758 [INFO] IPUIPlugin:80 - create IPUIPlugin
2024-06-25 22:54:46,758 [INFO] PluginManager:220 - loadIPPluginJar : add usart
2024-06-25 22:54:46,761 [INFO] IPUIPlugin:80 - create IPUIPlugin
2024-06-25 22:54:46,761 [INFO] PluginManager:220 - loadIPPluginJar : add usbx
2024-06-25 22:54:46,890 [INFO] CADModel:165 - CPN selected for project level
2024-06-25 22:54:46,891 [INFO] CADModel:114 - Register for checkConnection events
2024-06-25 22:54:46,891 [FATAL] Updater:308 - Updater called before beeing initialized
2024-06-25 22:54:46,891 [ERROR] CADModel:125 - Updater not yet initialized, retry later 
2024-06-25 22:54:47,024 [INFO] CADModel:165 - CPN selected for project level
2024-06-25 22:54:47,024 [INFO] CADModel:114 - Register for checkConnection events
2024-06-25 22:54:47,024 [FATAL] Updater:308 - Updater called before beeing initialized
2024-06-25 22:54:47,024 [ERROR] CADModel:125 - Updater not yet initialized, retry later 
2024-06-25 22:54:47,027 [FATAL] Updater:308 - Updater called before beeing initialized
2024-06-25 22:54:47,114 [FATAL] Updater:308 - Updater called before beeing initialized
2024-06-25 22:54:47,119 [INFO] DbMcusAds:53 - JSON generation date=Thu May 16 14:52:00 IST 2024 (1715851320852)
2024-06-25 22:54:47,119 [FATAL] Updater:308 - Updater called before beeing initialized
2024-06-25 22:54:47,149 [WARN] DetailPanel:346 - Failed to get advertising image, set to default
2024-06-25 22:54:47,245 [FATAL] Updater:308 - Updater called before beeing initialized
2024-06-25 22:54:47,247 [FATAL] Updater:308 - Updater called before beeing initialized
2024-06-25 22:54:47,247 [FATAL] Updater:308 - Updater called before beeing initialized
2024-06-25 22:54:47,247 [WARN] DetailPanel:346 - Failed to get advertising image, set to default
2024-06-25 22:54:47,247 [FATAL] Updater:308 - Updater called before beeing initialized
2024-06-25 22:54:47,285 [ERROR] Updater:1120 - MainUpdater not yet initialized. External WinMGr cannot be set.
2024-06-25 22:54:47,287 [INFO] Updater:1056 - Updater Version found : 6.9.1
2024-06-25 22:54:47,302 [INFO] ApplicationProperties:184 - Using Application install path: C:\ST\STM32CubeIDE_1.13.1\STM32CubeIDE\plugins\com.st.stm32cube.common.mx_6.9.1.202307191849
2024-06-25 22:54:47,426 [INFO] MainUpdater:2868 - connection check result : 10
2024-06-25 22:54:47,426 [INFO] MainUpdater:285 - Updater Check For Update Now.
2024-06-25 22:54:47,428 [INFO] MicroXplorer:498 - Change Database Version : DB.6.0.91
2024-06-25 22:54:47,449 [INFO] McuFinderGlobals:63 - Set McuFinder mode to 2 (CubeIDE integrated)
2024-06-25 22:54:47,449 [INFO] UserAuth:179 - activating auth plugin
2024-06-25 22:54:47,451 [INFO] UserAuth:393 - Internet connection configuration mode: 1
2024-06-25 22:54:47,464 [INFO] JxBrowserEngine:151 - Initiate JxBrowser Engine with user profile folder
2024-06-25 22:54:47,603 [INFO] CheckServerUpdateThread:120 - End of CheckServer Thread
2024-06-25 22:54:47,993 [INFO] WebApp:157 - Instantiating new browser for Auth
2024-06-25 22:54:48,427 [INFO] WebApp:753 - Register for checkConnection events
2024-06-25 22:54:48,428 [INFO] WebApp:390 - Apply proxy settings
2024-06-25 22:54:48,428 [INFO] WebApp:475 - Chromium requires no authentication
2024-06-25 22:54:48,434 [INFO] WebApp:418 - Direct internet connection detected
2024-06-25 22:54:48,559 [INFO] WebApp:188 - Starting web application
2024-06-25 22:54:48,559 [INFO] WebApp:520 - Web application path used C:\ST\STM32CubeIDE_1.13.1\STM32CubeIDE\plugins\com.st.stm32cube.common.mx_6.9.1.202307191849\db\plugins\mcufinder\reactClient1\index.html
2024-06-25 22:54:49,373 [WARN] PackLoader:240 - Cannot read IP mode file for STMicroelectronics.FP-SNS-MOTENVWB1.1.4.0
2024-06-25 22:54:49,381 [WARN] PackLoader:240 - Cannot read IP mode file for STMicroelectronics.X-CUBE-SMBUS.2.1.0
2024-06-25 22:54:49,400 [WARN] PackLoader:240 - Cannot read IP mode file for STMicroelectronics.X-CUBE-TOUCHGFX.4.23.0
2024-06-25 22:54:49,402 [WARN] PackLoader:240 - Cannot read IP mode file for STMicroelectronics.X-CUBE-TOUCHGFX.4.23.2
2024-06-25 22:54:49,426 [WARN] PackLoader:240 - Cannot read IP mode file for STMicroelectronics.X-CUBE-AZRTOS-F7.1.1.0
2024-06-25 22:54:49,435 [WARN] PackLoader:240 - Cannot read IP mode file for STMicroelectronics.FP-SNS-MOTENV1.4.3.2
2024-06-25 22:54:49,441 [WARN] PackLoader:240 - Cannot read IP mode file for STMicroelectronics.FP-SNS-FLIGHT1.5.0.2
2024-06-25 22:54:49,448 [WARN] PackLoader:240 - Cannot read IP mode file for STMicroelectronics.X-CUBE-DISPLAY.3.0.0
2024-06-25 22:54:49,457 [WARN] PackLoader:240 - Cannot read IP mode file for STMicroelectronics.X-CUBE-BLE1.7.0.0
2024-06-25 22:54:49,463 [WARN] PackLoader:240 - Cannot read IP mode file for emotas.I-CUBE-CANOPEN.1.3.0
2024-06-25 22:54:49,466 [WARN] PackLoader:240 - Cannot read IP mode file for STMicroelectronics.X-CUBE-TOUCHGFX.4.22.0
2024-06-25 22:54:49,468 [WARN] PackLoader:240 - Cannot read IP mode file for STMicroelectronics.X-CUBE-TOUCHGFX.4.22.1
2024-06-25 22:54:49,476 [WARN] PackLoader:240 - Cannot read IP mode file for STMicroelectronics.X-CUBE-BLEMGR.3.1.0
2024-06-25 22:54:49,482 [WARN] PackLoader:240 - Cannot read IP mode file for STMicroelectronics.FP-SNS-SMARTAG2.1.2.0
2024-06-25 22:54:49,489 [INFO] LogOutputStream:77 - [STDOUT_REDIRECT] 1 : Invalid condition id : UX_CORESTACK_Condition cause : null
2024-06-25 22:54:49,490 [INFO] LogOutputStream:77 - [STDOUT_REDIRECT] 1 : Invalid condition id : UX_CORESTACK_Condition cause : null
2024-06-25 22:54:49,491 [INFO] LogOutputStream:77 - [STDOUT_REDIRECT] 1 : Invalid condition id : UX_CORESTACK_Condition cause : null
2024-06-25 22:54:49,492 [INFO] LogOutputStream:77 - [STDOUT_REDIRECT] 1 : Invalid condition id : UX_CORESTACK_Condition cause : null
2024-06-25 22:54:49,493 [INFO] LogOutputStream:77 - [STDOUT_REDIRECT] 1 : Invalid condition id : UX_CORESTACK_Condition cause : null
2024-06-25 22:54:49,501 [WARN] PackLoader:240 - Cannot read IP mode file for STMicroelectronics.X-CUBE-AZRTOS-WL.2.0.0
2024-06-25 22:54:49,507 [WARN] PackLoader:240 - Cannot read IP mode file for STMicroelectronics.FP-SNS-MOTENV1.5.0.0
2024-06-25 22:54:49,512 [WARN] PackLoader:240 - Cannot read IP mode file for wolfSSL.I-CUBE-wolfMQTT.1.19.0
2024-06-25 22:54:49,520 [WARN] PackLoader:240 - Cannot read IP mode file for WES.I-CUBE-Cesium.1.3.0
2024-06-25 22:54:49,524 [WARN] PackLoader:240 - Cannot read IP mode file for STMicroelectronics.X-CUBE-BLE2.3.3.0
2024-06-25 22:54:49,529 [WARN] PackLoader:240 - Cannot read IP mode file for STMicroelectronics.X-CUBE-TCPP.4.1.0
2024-06-25 22:54:49,537 [WARN] PackLoader:240 - Cannot read IP mode file for STMicroelectronics.X-CUBE-ALGOBUILD.1.3.0
2024-06-25 22:54:49,560 [WARN] PackLoader:240 - Cannot read IP mode file for STMicroelectronics.X-CUBE-AZRTOS-G0.1.1.0
2024-06-25 22:54:49,580 [WARN] PackLoader:240 - Cannot read IP mode file for STMicroelectronics.X-CUBE-SAFEA1.1.2.2
2024-06-25 22:54:49,585 [WARN] PackLoader:240 - Cannot read IP mode file for STMicroelectronics.X-CUBE-NFC4.3.0.0
2024-06-25 22:54:49,591 [WARN] PackLoader:240 - Cannot read IP mode file for STMicroelectronics.X-CUBE-BLEMGR.3.0.0
2024-06-25 22:54:49,595 [WARN] PackLoader:240 - Cannot read IP mode file for STMicroelectronics.FP-ATR-SIGFOX1.3.2.0
2024-06-25 22:54:49,611 [WARN] PackLoader:240 - Cannot read IP mode file for STMicroelectronics.X-CUBE-EEPRMA1.5.1.0
2024-06-25 22:54:49,636 [WARN] PackLoader:240 - Cannot read IP mode file for SEGGER.I-CUBE-embOS.1.3.1
2024-06-25 22:54:49,664 [WARN] PackLoader:240 - Cannot read IP mode file for STMicroelectronics.X-CUBE-ALGOBUILD.1.4.0
2024-06-25 22:54:49,668 [WARN] PackLoader:240 - Cannot read IP mode file for STMicroelectronics.X-CUBE-GNSS1.6.0.0
2024-06-25 22:54:49,678 [WARN] PackLoader:240 - Cannot read IP mode file for STMicroelectronics.X-CUBE-AZRTOS-F4.1.1.0
2024-06-25 22:54:49,683 [WARN] PackLoader:240 - Cannot read IP mode file for wolfSSL.I-CUBE-wolfSSL.5.6.3
2024-06-25 22:54:49,686 [WARN] PackLoader:240 - Cannot read IP mode file for STMicroelectronics.X-CUBE-FREERTOS.1.2.0
2024-06-25 22:54:49,696 [WARN] PackLoader:240 - Cannot read IP mode file for STMicroelectronics.X-CUBE-AZRTOS-L5.2.0.0
2024-06-25 22:54:49,726 [WARN] PackLoader:240 - Cannot read IP mode file for STMicroelectronics.X-CUBE-MEMS1.9.6.0
2024-06-25 22:54:49,824 [WARN] PackLoader:240 - Cannot read IP mode file for STMicroelectronics.X-CUBE-EEPRMA1.4.2.0
2024-06-25 22:54:49,829 [WARN] PackLoader:240 - Cannot read IP mode file for STMicroelectronics.X-CUBE-NFC6.3.1.0
2024-06-25 22:54:49,833 [WARN] PackLoader:240 - Cannot read IP mode file for ITTIA_DB.I-CUBE-ITTIADB.8.8.0
2024-06-25 22:54:49,852 [WARN] PackLoader:240 - Cannot read IP mode file for STMicroelectronics.X-CUBE-BLEMGR.2.0.0
2024-06-25 22:54:49,856 [WARN] PackLoader:240 - Cannot read IP mode file for STMicroelectronics.X-CUBE-AI.9.0.0
2024-06-25 22:54:49,866 [WARN] ConditionMgr:438 - getConditionDescription Invalid condition id : UX DEVICE CLASS RTOS Condition cause : null
2024-06-25 22:54:49,866 [WARN] ConditionMgr:438 - getConditionDescription Invalid condition id : UX DEVICE CLASS RTOS Condition cause : null
2024-06-25 22:54:49,868 [WARN] PackLoader:240 - Cannot read IP mode file for STMicroelectronics.X-CUBE-AZRTOS-H7.3.1.0
2024-06-25 22:54:49,869 [WARN] ConditionMgr:1039 - genDependencies : Invalid condition id : UX DEVICE CLASS RTOS Condition cause : null
2024-06-25 22:54:49,869 [WARN] ConditionMgr:1039 - genDependencies : Invalid condition id : UX DEVICE CLASS RTOS Condition cause : null
2024-06-25 22:54:49,869 [WARN] ConditionMgr:1039 - genDependencies : Invalid condition id : UX DEVICE CLASS RTOS Condition cause : null
2024-06-25 22:54:49,870 [WARN] ConditionMgr:1039 - genDependencies : Invalid condition id : UX DEVICE CLASS RTOS Condition cause : null
2024-06-25 22:54:49,870 [WARN] ConditionMgr:1039 - genDependencies : Invalid condition id : UX DEVICE CLASS RTOS Condition cause : null
2024-06-25 22:54:49,874 [WARN] PackLoader:240 - Cannot read IP mode file for STMicroelectronics.X-CUBE-NFC7.1.0.1
2024-06-25 22:54:49,879 [WARN] PackLoader:240 - Cannot read IP mode file for STMicroelectronics.X-CUBE-NFC6.3.0.0
2024-06-25 22:54:49,883 [WARN] PackLoader:240 - Cannot read IP mode file for STMicroelectronics.X-CUBE-EEPRMA1.4.1.0
2024-06-25 22:54:49,886 [WARN] PackLoader:240 - Cannot read IP mode file for STMicroelectronics.X-CUBE-AI.8.1.0
2024-06-25 22:54:49,896 [WARN] ConditionMgr:438 - getConditionDescription Invalid condition id : LAN8742 Phy interface Condition cause : null
2024-06-25 22:54:49,897 [WARN] PackLoader:240 - Cannot read IP mode file for STMicroelectronics.X-CUBE-AZRTOS-L4.2.0.0
2024-06-25 22:54:49,898 [WARN] ConditionMgr:1039 - genDependencies : Invalid condition id : LAN8742 Phy interface Condition cause : null
2024-06-25 22:54:49,898 [WARN] ConditionMgr:1039 - genDependencies : Invalid condition id : LAN8742 Phy interface Condition cause : null
2024-06-25 22:54:49,898 [WARN] ConditionMgr:1039 - genDependencies : Invalid condition id : LAN8742 Phy interface Condition cause : null
2024-06-25 22:54:49,904 [WARN] PackLoader:240 - Cannot read IP mode file for STMicroelectronics.X-CUBE-SFXS2LP1.4.0.0
2024-06-25 22:54:49,907 [WARN] PackLoader:240 - Cannot read IP mode file for STMicroelectronics.X-CUBE-ISPU.1.1.0
2024-06-25 22:54:49,915 [WARN] ConditionMgr:438 - getConditionDescription Invalid condition id : UX DEVICE CLASS RTOS Condition cause : null
2024-06-25 22:54:49,915 [WARN] ConditionMgr:438 - getConditionDescription Invalid condition id : UX DEVICE CLASS RTOS Condition cause : null
2024-06-25 22:54:49,922 [WARN] PackLoader:240 - Cannot read IP mode file for STMicroelectronics.X-CUBE-AZRTOS-WB.2.0.0
2024-06-25 22:54:49,923 [WARN] ConditionMgr:1039 - genDependencies : Invalid condition id : UX DEVICE CLASS RTOS Condition cause : null
2024-06-25 22:54:49,923 [WARN] ConditionMgr:1039 - genDependencies : Invalid condition id : UX DEVICE CLASS RTOS Condition cause : null
2024-06-25 22:54:49,923 [WARN] ConditionMgr:1039 - genDependencies : Invalid condition id : UX DEVICE CLASS RTOS Condition cause : null
2024-06-25 22:54:49,923 [WARN] ConditionMgr:1039 - genDependencies : Invalid condition id : UX DEVICE CLASS RTOS Condition cause : null
2024-06-25 22:54:49,923 [WARN] ConditionMgr:1039 - genDependencies : Invalid condition id : UX DEVICE CLASS RTOS Condition cause : null
2024-06-25 22:54:49,926 [WARN] PackLoader:240 - Cannot read IP mode file for STMicroelectronics.X-CUBE-FREERTOS.1.0.1
2024-06-25 22:54:49,933 [WARN] PackLoader:240 - Cannot read IP mode file for STMicroelectronics.X-CUBE-SUBG2.5.0.0
2024-06-25 22:54:49,938 [WARN] PackLoader:240 - Cannot read IP mode file for Cesanta.I-CUBE-Mongoose.7.13.0
2024-06-25 22:54:49,944 [WARN] PackLoader:240 - Cannot read IP mode file for STMicroelectronics.X-CUBE-TOF1.3.3.1
2024-06-25 22:54:49,956 [WARN] PackLoader:240 - Cannot read IP mode file for STMicroelectronics.X-CUBE-AZRTOS-G4.2.0.0
2024-06-25 22:54:49,963 [WARN] PackLoader:240 - Cannot read IP mode file for Infineon.AIROC-Wi-Fi-Bluetooth-STM32.1.5.1
2024-06-25 22:54:49,968 [WARN] PackLoader:240 - Cannot read IP mode file for STMicroelectronics.FP-SNS-MOTENVWB1.1.3.1
2024-06-25 22:54:49,970 [WARN] PackLoader:240 - Cannot read IP mode file for STMicroelectronics.X-CUBE-ISPU.2.0.0
2024-06-25 22:54:49,974 [WARN] PackLoader:240 - Cannot read IP mode file for STMicroelectronics.X-CUBE-ALS.1.0.2
2024-06-25 22:54:49,996 [WARN] PackLoader:240 - Cannot read IP mode file for STMicroelectronics.X-CUBE-MEMS1.10.0.0
2024-06-25 22:54:50,085 [WARN] PackLoader:240 - Cannot read IP mode file for STMicroelectronics.X-CUBE-FREERTOS.1.1.0
2024-06-25 22:54:50,088 [WARN] PackLoader:240 - Cannot read IP mode file for STMicroelectronics.X-CUBE-TOUCHGFX.4.24.0
2024-06-25 22:54:50,090 [WARN] PackLoader:240 - Cannot read IP mode file for portGmbH.I-Cube-SoM-uGOAL.1.1.0
2024-06-25 22:54:50,093 [WARN] PackLoader:240 - Cannot read IP mode file for STMicroelectronics.X-CUBE-ALS.1.0.1
2024-06-25 22:54:50,103 [WARN] PackLoader:240 - Cannot read IP mode file for STMicroelectronics.X-CUBE-AZRTOS-H7RS.1.0.0
2024-06-25 22:54:50,107 [WARN] PackLoader:240 - Cannot read IP mode file for STMicroelectronics.FP-ATR-ASTRA1.2.0.0
2024-06-25 22:54:50,111 [WARN] PackLoader:240 - Cannot read IP mode file for STMicroelectronics.X-CUBE-TOF1.3.4.0
2024-06-25 22:54:50,122 [WARN] PackLoader:240 - Cannot read IP mode file for STMicroelectronics.X-CUBE-TOF1.3.4.1
2024-06-25 22:54:50,138 [WARN] PackLoader:240 - Cannot read IP mode file for STMicroelectronics.X-CUBE-AZRTOS-H7.3.2.0
2024-06-25 22:54:50,140 [INFO] ThirdParty:978 - Integrity check success = true
2024-06-25 22:54:50,141 [INFO] IntegrityCheckThread:100 - exiting critical section [integrity check]
2024-06-25 22:54:50,141 [INFO] IntegrityCheckThread:103 - End integrity checks thread
2024-06-25 22:55:09,143 [ERROR] LogOutputStream:75 - [STDERR_REDIRECT] SLF4J: Failed to load class "org.slf4j.impl.StaticLoggerBinder".
2024-06-25 22:55:09,144 [ERROR] LogOutputStream:75 - [STDERR_REDIRECT] SLF4J: Defaulting to no-operation (NOP) logger implementation
2024-06-25 22:55:09,146 [ERROR] LogOutputStream:75 - [STDERR_REDIRECT] SLF4J: See http://www.slf4j.org/codes.html#StaticLoggerBinder for further details.
2024-06-25 22:58:21,154 [ERROR] LogOutputStream:75 - [STDERR_REDIRECT] 
