2024-02-01 19:08:05,325 [ERROR] LogOutputStream:75 - [STDERR_REDIRECT] 
2024-02-01 19:08:27,316 [INFO] Activator:176 - 


2024-02-01 19:08:27,333 [INFO] Activator:177 - !SESSION log4j initialized
2024-02-01 19:08:34,161 [INFO] LogOutputStream:77 - [STDOUT_REDIRECT] 
2024-02-01 19:08:36,085 [INFO] ApplicationProperties:184 - Using Application install path: C:\ST\STM32CubeIDE_1.13.1\STM32CubeIDE\plugins\com.st.stm32cube.common.mx_6.9.1.202307191849
2024-02-01 19:08:36,139 [INFO] DbMcusXml:78 - Set database path to: C:\ST\STM32CubeIDE_1.13.1\STM32CubeIDE\plugins\com.st.stm32cube.common.mx_6.9.1.202307191849\\db\/mcu/
2024-02-01 19:08:36,140 [INFO] ApiDb:274 - Set plugin database path to: C:\ST\STM32CubeIDE_1.13.1\STM32CubeIDE\plugins\com.st.stm32cube.common.mx_6.9.1.202307191849\\db\/plugins/boardmanager/
2024-02-01 19:08:36,140 [WARN] ApiDb:259 - Overriding images path with different value:  => C:\ST\STM32CubeIDE_1.13.1\STM32CubeIDE\plugins\com.st.stm32cube.common.mx_6.9.1.202307191849\\db\/plugins/mcufinder/images/
2024-02-01 19:08:36,160 [INFO] ApiDb:250 - Set database path to: C:\Users\kunal\.stmcufinder\plugins\mcufinder//mcu/
2024-02-01 19:08:36,162 [INFO] DbMcusAds:125 - Set database path to: C:\Users\kunal\.stmcufinder\plugins\mcufinder//mcu/
2024-02-01 19:08:36,166 [INFO] CrossReferenceDbSqlite:203 - Set database path to: C:\Users\kunal\.stmcufinder\plugins\mcufinder//mcu/cs/
2024-02-01 19:08:36,370 [INFO] RulesReader:64 - Compatibility file has been processed (293 Rules)
2024-02-01 19:08:36,511 [INFO] DbMcusXml:78 - Set database path to: C:\ST\STM32CubeIDE_1.13.1\STM32CubeIDE\plugins\com.st.stm32cube.common.mx_6.9.1.202307191849\\db\/mcu/
2024-02-01 19:08:36,512 [INFO] ApiDb:274 - Set plugin database path to: C:\ST\STM32CubeIDE_1.13.1\STM32CubeIDE\plugins\com.st.stm32cube.common.mx_6.9.1.202307191849\\db\/plugins/boardmanager/
2024-02-01 19:08:36,512 [INFO] ApiDb:261 - Set plugin images path to: C:\ST\STM32CubeIDE_1.13.1\STM32CubeIDE\plugins\com.st.stm32cube.common.mx_6.9.1.202307191849\\db\/plugins/mcufinder/images/
2024-02-01 19:08:36,512 [WARN] DbFile:41 - Overriding database path with different value: C:\Users\kunal\.stmcufinder\plugins\mcufinder/ => C:\Users\kunal\.stmcufinder\plugins\mcufinder
2024-02-01 19:08:36,512 [INFO] ApiDb:250 - Set database path to: C:\Users\kunal\.stmcufinder\plugins\mcufinder//mcu/
2024-02-01 19:08:36,512 [WARN] DbFile:41 - Overriding database path with different value: C:\Users\kunal\.stmcufinder\plugins\mcufinder/ => C:\Users\kunal\.stmcufinder\plugins\mcufinder
2024-02-01 19:08:36,513 [INFO] DbMcusAds:125 - Set database path to: C:\Users\kunal\.stmcufinder\plugins\mcufinder//mcu/
2024-02-01 19:08:36,513 [WARN] DbFile:41 - Overriding database path with different value: C:\Users\kunal\.stmcufinder\plugins\mcufinder/ => C:\Users\kunal\.stmcufinder\plugins\mcufinder
2024-02-01 19:08:36,513 [WARN] DbFile:41 - Overriding database path with different value: C:\Users\kunal\.stmcufinder\plugins\mcufinder/ => C:\Users\kunal\.stmcufinder\plugins\mcufinder
2024-02-01 19:08:36,513 [INFO] CrossReferenceDbSqlite:203 - Set database path to: C:\Users\kunal\.stmcufinder\plugins\mcufinder//mcu/cs/
2024-02-01 19:08:36,640 [INFO] MainPanel:262 - HeapMemory: 268435456
2024-02-01 19:08:36,796 [INFO] DbMcusXml:78 - Set database path to: C:\ST\STM32CubeIDE_1.13.1\STM32CubeIDE\plugins\com.st.stm32cube.common.mx_6.9.1.202307191849\\db\/mcu/
2024-02-01 19:08:36,796 [INFO] ApiDb:274 - Set plugin database path to: C:\ST\STM32CubeIDE_1.13.1\STM32CubeIDE\plugins\com.st.stm32cube.common.mx_6.9.1.202307191849\\db\/plugins/boardmanager/
2024-02-01 19:08:36,796 [INFO] ApiDb:261 - Set plugin images path to: C:\ST\STM32CubeIDE_1.13.1\STM32CubeIDE\plugins\com.st.stm32cube.common.mx_6.9.1.202307191849\\db\/plugins/mcufinder/images/
2024-02-01 19:08:36,798 [WARN] DbFile:41 - Overriding database path with different value: C:\Users\kunal\.stmcufinder\plugins\mcufinder/ => C:\Users\kunal\.stmcufinder\plugins\mcufinder
2024-02-01 19:08:36,798 [INFO] ApiDb:250 - Set database path to: C:\Users\kunal\.stmcufinder\plugins\mcufinder//mcu/
2024-02-01 19:08:36,798 [WARN] DbFile:41 - Overriding database path with different value: C:\Users\kunal\.stmcufinder\plugins\mcufinder/ => C:\Users\kunal\.stmcufinder\plugins\mcufinder
2024-02-01 19:08:36,798 [INFO] DbMcusAds:125 - Set database path to: C:\Users\kunal\.stmcufinder\plugins\mcufinder//mcu/
2024-02-01 19:08:36,798 [WARN] DbFile:41 - Overriding database path with different value: C:\Users\kunal\.stmcufinder\plugins\mcufinder/ => C:\Users\kunal\.stmcufinder\plugins\mcufinder
2024-02-01 19:08:36,798 [WARN] DbFile:41 - Overriding database path with different value: C:\Users\kunal\.stmcufinder\plugins\mcufinder/ => C:\Users\kunal\.stmcufinder\plugins\mcufinder
2024-02-01 19:08:36,798 [INFO] CrossReferenceDbSqlite:203 - Set database path to: C:\Users\kunal\.stmcufinder\plugins\mcufinder//mcu/cs/
2024-02-01 19:08:36,827 [INFO] ApplicationProperties:184 - Using Application install path: C:\ST\STM32CubeIDE_1.13.1\STM32CubeIDE\plugins\com.st.stm32cube.common.mx_6.9.1.202307191849
2024-02-01 19:08:36,829 [INFO] PluginManage:196 - Search for loadable plugins [exclusion list=, ]
2024-02-01 19:08:36,831 [INFO] PluginManage:310 - Check plugin analytics
2024-02-01 19:08:37,083 [INFO] AnalyticsPlugin:253 - Accepted Software Licenses: 
2024-02-01 19:08:37,084 [INFO] AnalyticsPlugin:255 - Accepted CMSIS Pack Licenses: 
2024-02-01 19:08:37,084 [INFO] AnalyticsPlugin:257 - Accepted Firmware Licenses: FW.F4.1.27.0
2024-02-01 19:08:37,087 [INFO] PluginManage:359 - Loaded plugin analytics (category:tool,tabindex:-1)
2024-02-01 19:08:37,088 [INFO] PluginManage:310 - Check plugin cadmodel
2024-02-01 19:08:37,107 [INFO] CADModel:105 - Init CAD model plugin
2024-02-01 19:08:37,107 [INFO] PluginManage:359 - Loaded plugin cadmodel (category:power,tabindex:5)
2024-02-01 19:08:37,107 [INFO] PluginManage:310 - Check plugin clock
2024-02-01 19:08:37,137 [INFO] PluginManage:359 - Loaded plugin clock (category:base,tabindex:2)
2024-02-01 19:08:37,137 [INFO] PluginManage:310 - Check plugin ddr
2024-02-01 19:08:37,140 [INFO] PluginManage:359 - Loaded plugin ddr (category:tool,tabindex:6)
2024-02-01 19:08:37,140 [INFO] PluginManage:310 - Check plugin filemanager
2024-02-01 19:08:37,325 [INFO] PluginManage:359 - Loaded plugin filemanager (category:base,tabindex:10)
2024-02-01 19:08:37,325 [INFO] PluginManage:310 - Check plugin ipmanager
2024-02-01 19:08:37,336 [INFO] PluginManage:359 - Loaded plugin ipmanager (category:base,tabindex:5)
2024-02-01 19:08:37,337 [INFO] PluginManage:310 - Check plugin lpbam
2024-02-01 19:08:37,357 [INFO] PluginManage:359 - Loaded plugin lpbam (category:base,tabindex:0)
2024-02-01 19:08:37,357 [INFO] PluginManage:310 - Check plugin memorymap
2024-02-01 19:08:37,390 [INFO] PluginManage:359 - Loaded plugin memorymap (category:base,tabindex:4)
2024-02-01 19:08:37,390 [INFO] PluginManage:310 - Check plugin pinoutandconfiguration
2024-02-01 19:08:37,411 [INFO] PluginManage:359 - Loaded plugin pinoutandconfiguration (category:base,tabindex:1)
2024-02-01 19:08:37,411 [INFO] PluginManage:310 - Check plugin pinoutconfig
2024-02-01 19:08:37,537 [WARN] SupportedApi:132 - Cannot load RTOS API schema: s4s-elt-must-match.1: The content of 'definitions' must match (annotation?, (simpleType | complexType)?, (unique | key | keyref)*)). A problem was found starting at: attribute.
2024-02-01 19:08:37,727 [INFO] PluginManage:359 - Loaded plugin pinoutconfig (category:base,tabindex:0)
2024-02-01 19:08:37,728 [INFO] PluginManage:310 - Check plugin power
2024-02-01 19:08:37,754 [INFO] PluginManage:359 - Loaded plugin power (category:power,tabindex:4)
2024-02-01 19:08:37,755 [INFO] PluginManage:310 - Check plugin projectmanager
2024-02-01 19:08:37,775 [INFO] PluginManage:359 - Loaded plugin projectmanager (category:projectmanager,tabindex:3)
2024-02-01 19:08:37,776 [INFO] PluginManage:310 - Check plugin thirdparty
2024-02-01 19:08:38,098 [INFO] PluginManage:359 - Loaded plugin thirdparty (category:base,tabindex:-1)
2024-02-01 19:08:38,098 [INFO] PluginManage:310 - Check plugin tools
2024-02-01 19:08:38,098 [WARN] IntegrityCheckThread:84 - waiting for thirdparty lock release [integrity check]
2024-02-01 19:08:38,099 [INFO] IntegrityCheckThread:86 - entering critical section [integrity check]
2024-02-01 19:08:38,099 [INFO] ThirdPartyUpdaterWithRetryManager:70 - Updater plugin not ready yet. [1/15]
2024-02-01 19:08:38,140 [INFO] PluginManage:359 - Loaded plugin tools (category:base,tabindex:7)
2024-02-01 19:08:38,140 [INFO] PluginManage:310 - Check plugin tutovideos
2024-02-01 19:08:38,427 [INFO] PluginManage:359 - Loaded plugin tutovideos (category:base,tabindex:-1)
2024-02-01 19:08:38,428 [INFO] PluginManage:310 - Check plugin updater
2024-02-01 19:08:38,437 [INFO] PluginManage:359 - Loaded plugin updater (category:base,tabindex:12)
2024-02-01 19:08:38,438 [INFO] PluginManage:310 - Check plugin userauth
2024-02-01 19:08:38,445 [INFO] UserAuth:113 - Init User Auth plugin
2024-02-01 19:08:38,445 [INFO] PluginManage:359 - Loaded plugin userauth (category:base,tabindex:14)
2024-02-01 19:08:38,445 [INFO] PluginManage:283 - PluginManage : Loaded plugins [17]
2024-02-01 19:08:38,789 [INFO] PinOutPanel:1499 - setPackage(No Configuration,No Configuration)
2024-02-01 19:08:38,965 [INFO] CADModel:165 - CPN selected for project level
2024-02-01 19:08:38,965 [INFO] CADModel:114 - Register for checkConnection events
2024-02-01 19:08:39,009 [INFO] IPUIPlugin:80 - create IPUIPlugin
2024-02-01 19:08:39,009 [INFO] PluginManager:220 - loadIPPluginJar : add adc
2024-02-01 19:08:39,055 [INFO] IPUIPlugin:80 - create IPUIPlugin
2024-02-01 19:08:39,055 [INFO] PluginManager:220 - loadIPPluginJar : add aes
2024-02-01 19:08:39,117 [INFO] IPUIPlugin:80 - create IPUIPlugin
2024-02-01 19:08:39,117 [INFO] PluginManager:220 - loadIPPluginJar : add can
2024-02-01 19:08:39,150 [INFO] IPUIPlugin:80 - create IPUIPlugin
2024-02-01 19:08:39,150 [INFO] PluginManager:220 - loadIPPluginJar : add comp
2024-02-01 19:08:39,196 [INFO] IPUIPlugin:80 - create IPUIPlugin
2024-02-01 19:08:39,196 [INFO] PluginManager:220 - loadIPPluginJar : add cryp
2024-02-01 19:08:39,236 [INFO] IPUIPlugin:80 - create IPUIPlugin
2024-02-01 19:08:39,236 [INFO] PluginManager:220 - loadIPPluginJar : add dfsdm
2024-02-01 19:08:39,265 [INFO] IPUIPlugin:80 - create IPUIPlugin
2024-02-01 19:08:39,266 [INFO] PluginManager:220 - loadIPPluginJar : add dma
2024-02-01 19:08:39,344 [INFO] IPUIPlugin:80 - create IPUIPlugin
2024-02-01 19:08:39,344 [INFO] PluginManager:220 - loadIPPluginJar : add dma3
2024-02-01 19:08:39,381 [INFO] IPUIPlugin:80 - create IPUIPlugin
2024-02-01 19:08:39,381 [INFO] PluginManager:220 - loadIPPluginJar : add fatfs
2024-02-01 19:08:39,444 [INFO] IPUIPlugin:80 - create IPUIPlugin
2024-02-01 19:08:39,445 [INFO] PluginManager:220 - loadIPPluginJar : add fmc
2024-02-01 19:08:39,484 [INFO] IPUIPlugin:80 - create IPUIPlugin
2024-02-01 19:08:39,484 [INFO] PluginManager:220 - loadIPPluginJar : add freertos
2024-02-01 19:08:39,511 [INFO] IPUIPlugin:80 - create IPUIPlugin
2024-02-01 19:08:39,512 [INFO] PluginManager:220 - loadIPPluginJar : add genericplugin
2024-02-01 19:08:39,629 [INFO] IPUIPlugin:80 - create IPUIPlugin
2024-02-01 19:08:39,629 [INFO] PluginManager:220 - loadIPPluginJar : add gfxmmu
2024-02-01 19:08:39,772 [INFO] IPUIPlugin:80 - create IPUIPlugin
2024-02-01 19:08:39,772 [INFO] PluginManager:220 - loadIPPluginJar : add gic
2024-02-01 19:08:39,804 [INFO] IPUIPlugin:80 - create IPUIPlugin
2024-02-01 19:08:39,804 [INFO] PluginManager:220 - loadIPPluginJar : add gpio
2024-02-01 19:08:39,920 [INFO] IPUIPlugin:80 - create IPUIPlugin
2024-02-01 19:08:39,920 [INFO] PluginManager:220 - loadIPPluginJar : add gtzc
2024-02-01 19:08:39,958 [INFO] IPUIPlugin:80 - create IPUIPlugin
2024-02-01 19:08:39,958 [INFO] PluginManager:220 - loadIPPluginJar : add hash
2024-02-01 19:08:40,036 [INFO] IPUIPlugin:80 - create IPUIPlugin
2024-02-01 19:08:40,036 [INFO] PluginManager:220 - loadIPPluginJar : add i2c
2024-02-01 19:08:40,086 [INFO] IPUIPlugin:80 - create IPUIPlugin
2024-02-01 19:08:40,086 [INFO] PluginManager:220 - loadIPPluginJar : add i2s
2024-02-01 19:08:40,137 [INFO] IPUIPlugin:80 - create IPUIPlugin
2024-02-01 19:08:40,137 [INFO] PluginManager:220 - loadIPPluginJar : add i3c
2024-02-01 19:08:40,284 [INFO] IPUIPlugin:80 - create IPUIPlugin
2024-02-01 19:08:40,284 [INFO] PluginManager:220 - loadIPPluginJar : add ipddr
2024-02-01 19:08:40,388 [INFO] IPUIPlugin:80 - create IPUIPlugin
2024-02-01 19:08:40,388 [INFO] PluginManager:220 - loadIPPluginJar : add linkedlist
2024-02-01 19:08:40,429 [INFO] IPUIPlugin:80 - create IPUIPlugin
2024-02-01 19:08:40,430 [INFO] PluginManager:220 - loadIPPluginJar : add lorawan
2024-02-01 19:08:40,502 [INFO] IPUIPlugin:80 - create IPUIPlugin
2024-02-01 19:08:40,502 [INFO] PluginManager:220 - loadIPPluginJar : add ltdc
2024-02-01 19:08:40,527 [INFO] IPUIPlugin:80 - create IPUIPlugin
2024-02-01 19:08:40,528 [INFO] PluginManager:220 - loadIPPluginJar : add mdma
2024-02-01 19:08:40,549 [INFO] IPUIPlugin:80 - create IPUIPlugin
2024-02-01 19:08:40,549 [INFO] PluginManager:220 - loadIPPluginJar : add nvic
2024-02-01 19:08:40,614 [INFO] IPUIPlugin:80 - create IPUIPlugin
2024-02-01 19:08:40,614 [INFO] PluginManager:220 - loadIPPluginJar : add opamp
2024-02-01 19:08:40,724 [INFO] IPUIPlugin:80 - create IPUIPlugin
2024-02-01 19:08:40,724 [INFO] PluginManager:220 - loadIPPluginJar : add openamp
2024-02-01 19:08:40,793 [INFO] IPUIPlugin:80 - create IPUIPlugin
2024-02-01 19:08:40,793 [INFO] PluginManager:220 - loadIPPluginJar : add pdm2pcm
2024-02-01 19:08:40,814 [INFO] IPUIPlugin:80 - create IPUIPlugin
2024-02-01 19:08:40,818 [INFO] PluginManager:220 - loadIPPluginJar : add plateformsettings
2024-02-01 19:08:40,851 [INFO] IPUIPlugin:80 - create IPUIPlugin
2024-02-01 19:08:40,851 [INFO] PluginManager:220 - loadIPPluginJar : add quadspi
2024-02-01 19:08:40,867 [INFO] IPUIPlugin:80 - create IPUIPlugin
2024-02-01 19:08:40,867 [INFO] PluginManager:220 - loadIPPluginJar : add resmgrutility
2024-02-01 19:08:40,933 [INFO] IPUIPlugin:80 - create IPUIPlugin
2024-02-01 19:08:40,933 [INFO] PluginManager:220 - loadIPPluginJar : add sai
2024-02-01 19:08:40,988 [INFO] IPUIPlugin:80 - create IPUIPlugin
2024-02-01 19:08:40,989 [INFO] PluginManager:220 - loadIPPluginJar : add spi
2024-02-01 19:08:41,068 [INFO] IPUIPlugin:80 - create IPUIPlugin
2024-02-01 19:08:41,069 [INFO] PluginManager:220 - loadIPPluginJar : add stm32_wpan
2024-02-01 19:08:41,098 [INFO] IPUIPlugin:80 - create IPUIPlugin
2024-02-01 19:08:41,098 [INFO] PluginManager:220 - loadIPPluginJar : add tim
2024-02-01 19:08:41,101 [INFO] ThirdPartyUpdaterWithRetryManager:70 - Updater plugin not ready yet. [2/15]
2024-02-01 19:08:41,187 [INFO] IPUIPlugin:80 - create IPUIPlugin
2024-02-01 19:08:41,187 [INFO] PluginManager:220 - loadIPPluginJar : add touchsensing
2024-02-01 19:08:41,215 [INFO] IPUIPlugin:80 - create IPUIPlugin
2024-02-01 19:08:41,216 [INFO] PluginManager:220 - loadIPPluginJar : add tracer_emb
2024-02-01 19:08:41,248 [INFO] IPUIPlugin:80 - create IPUIPlugin
2024-02-01 19:08:41,248 [INFO] PluginManager:220 - loadIPPluginJar : add ts
2024-02-01 19:08:41,275 [INFO] IPUIPlugin:80 - create IPUIPlugin
2024-02-01 19:08:41,276 [INFO] PluginManager:220 - loadIPPluginJar : add tsc
2024-02-01 19:08:41,305 [INFO] IPUIPlugin:80 - create IPUIPlugin
2024-02-01 19:08:41,305 [INFO] PluginManager:220 - loadIPPluginJar : add ucpd
2024-02-01 19:08:41,363 [INFO] IPUIPlugin:80 - create IPUIPlugin
2024-02-01 19:08:41,363 [INFO] PluginManager:220 - loadIPPluginJar : add usart
2024-02-01 19:08:41,416 [INFO] IPUIPlugin:80 - create IPUIPlugin
2024-02-01 19:08:41,416 [INFO] PluginManager:220 - loadIPPluginJar : add usbx
2024-02-01 19:08:41,581 [INFO] CADModel:165 - CPN selected for project level
2024-02-01 19:08:41,581 [INFO] CADModel:114 - Register for checkConnection events
2024-02-01 19:08:41,582 [FATAL] Updater:308 - Updater called before beeing initialized
2024-02-01 19:08:41,582 [ERROR] CADModel:125 - Updater not yet initialized, retry later 
2024-02-01 19:08:41,813 [INFO] CADModel:165 - CPN selected for project level
2024-02-01 19:08:41,813 [INFO] CADModel:114 - Register for checkConnection events
2024-02-01 19:08:41,814 [FATAL] Updater:308 - Updater called before beeing initialized
2024-02-01 19:08:41,814 [ERROR] CADModel:125 - Updater not yet initialized, retry later 
2024-02-01 19:08:41,818 [FATAL] Updater:308 - Updater called before beeing initialized
2024-02-01 19:08:41,958 [FATAL] Updater:308 - Updater called before beeing initialized
2024-02-01 19:08:41,976 [INFO] DbMcusAds:53 - JSON generation date=Wed Nov 29 16:22:27 IST 2023 (1701255147200)
2024-02-01 19:08:41,976 [FATAL] Updater:308 - Updater called before beeing initialized
2024-02-01 19:08:42,095 [WARN] DetailPanel:346 - Failed to get advertising image, set to default
2024-02-01 19:08:42,256 [FATAL] Updater:308 - Updater called before beeing initialized
2024-02-01 19:08:42,259 [FATAL] Updater:308 - Updater called before beeing initialized
2024-02-01 19:08:42,259 [FATAL] Updater:308 - Updater called before beeing initialized
2024-02-01 19:08:42,259 [WARN] DetailPanel:346 - Failed to get advertising image, set to default
2024-02-01 19:08:42,261 [FATAL] Updater:308 - Updater called before beeing initialized
2024-02-01 19:08:42,354 [ERROR] Updater:1120 - MainUpdater not yet initialized. External WinMGr cannot be set.
2024-02-01 19:08:42,368 [INFO] Updater:1056 - Updater Version found : 6.9.1
2024-02-01 19:08:42,390 [INFO] ApplicationProperties:184 - Using Application install path: C:\ST\STM32CubeIDE_1.13.1\STM32CubeIDE\plugins\com.st.stm32cube.common.mx_6.9.1.202307191849
2024-02-01 19:08:42,641 [INFO] MainUpdater:2868 - connection check result : 10
2024-02-01 19:08:42,642 [INFO] MainUpdater:285 - Updater Check For Update Now.
2024-02-01 19:08:42,642 [INFO] MicroXplorer:498 - Change Database Version : DB.6.0.91
2024-02-01 19:08:42,664 [INFO] McuFinderGlobals:63 - Set McuFinder mode to 2 (CubeIDE integrated)
2024-02-01 19:08:42,664 [INFO] UserAuth:179 - activating auth plugin
2024-02-01 19:08:42,667 [INFO] UserAuth:393 - Internet connection configuration mode: 1
2024-02-01 19:08:42,701 [INFO] JxBrowserEngine:151 - Initiate JxBrowser Engine with user profile folder
2024-02-01 19:08:42,883 [INFO] CheckServerUpdateThread:120 - End of CheckServer Thread
2024-02-01 19:08:44,265 [WARN] PackLoader:240 - Cannot read IP mode file for STMicroelectronics.X-CUBE-SMBUS.2.1.0
2024-02-01 19:08:44,281 [WARN] PackLoader:240 - Cannot read IP mode file for STMicroelectronics.X-CUBE-TOUCHGFX.4.23.0
2024-02-01 19:08:44,325 [WARN] PackLoader:240 - Cannot read IP mode file for STMicroelectronics.X-CUBE-AZRTOS-F7.1.1.0
2024-02-01 19:08:44,347 [WARN] PackLoader:240 - Cannot read IP mode file for STMicroelectronics.FP-SNS-MOTENV1.4.3.2
2024-02-01 19:08:44,362 [WARN] PackLoader:240 - Cannot read IP mode file for STMicroelectronics.FP-SNS-FLIGHT1.5.0.2
2024-02-01 19:08:44,378 [WARN] PackLoader:240 - Cannot read IP mode file for STMicroelectronics.X-CUBE-DISPLAY.3.0.0
2024-02-01 19:08:44,400 [WARN] PackLoader:240 - Cannot read IP mode file for STMicroelectronics.X-CUBE-BLE1.7.0.0
2024-02-01 19:08:44,414 [WARN] PackLoader:240 - Cannot read IP mode file for emotas.I-CUBE-CANOPEN.1.3.0
2024-02-01 19:08:44,423 [WARN] PackLoader:240 - Cannot read IP mode file for STMicroelectronics.X-CUBE-TOUCHGFX.4.22.0
2024-02-01 19:08:44,432 [WARN] PackLoader:240 - Cannot read IP mode file for STMicroelectronics.X-CUBE-TOUCHGFX.4.22.1
2024-02-01 19:08:44,444 [WARN] PackLoader:240 - Cannot read IP mode file for STMicroelectronics.FP-SNS-SMARTAG2.1.2.0
2024-02-01 19:08:44,460 [INFO] LogOutputStream:77 - [STDOUT_REDIRECT] 1 : Invalid condition id : UX_CORESTACK_Condition cause : null
2024-02-01 19:08:44,462 [INFO] LogOutputStream:77 - [STDOUT_REDIRECT] 1 : Invalid condition id : UX_CORESTACK_Condition cause : null
2024-02-01 19:08:44,463 [INFO] LogOutputStream:77 - [STDOUT_REDIRECT] 1 : Invalid condition id : UX_CORESTACK_Condition cause : null
2024-02-01 19:08:44,463 [INFO] LogOutputStream:77 - [STDOUT_REDIRECT] 1 : Invalid condition id : UX_CORESTACK_Condition cause : null
2024-02-01 19:08:44,464 [INFO] LogOutputStream:77 - [STDOUT_REDIRECT] 1 : Invalid condition id : UX_CORESTACK_Condition cause : null
2024-02-01 19:08:44,467 [WARN] PackLoader:240 - Cannot read IP mode file for STMicroelectronics.X-CUBE-AZRTOS-WL.2.0.0
2024-02-01 19:08:44,482 [WARN] PackLoader:240 - Cannot read IP mode file for WES.I-CUBE-Cesium.1.3.0
2024-02-01 19:08:44,494 [WARN] PackLoader:240 - Cannot read IP mode file for STMicroelectronics.X-CUBE-BLE2.3.3.0
2024-02-01 19:08:44,508 [WARN] PackLoader:240 - Cannot read IP mode file for STMicroelectronics.X-CUBE-ALGOBUILD.1.3.0
2024-02-01 19:08:44,535 [WARN] PackLoader:240 - Cannot read IP mode file for STMicroelectronics.X-CUBE-AZRTOS-G0.1.1.0
2024-02-01 19:08:44,553 [WARN] PackLoader:240 - Cannot read IP mode file for STMicroelectronics.X-CUBE-NFC4.3.0.0
2024-02-01 19:08:44,571 [WARN] PackLoader:240 - Cannot read IP mode file for STMicroelectronics.X-CUBE-BLEMGR.3.0.0
2024-02-01 19:08:44,582 [WARN] PackLoader:240 - Cannot read IP mode file for STMicroelectronics.FP-ATR-SIGFOX1.3.2.0
2024-02-01 19:08:44,595 [WARN] PackLoader:240 - Cannot read IP mode file for STMicroelectronics.X-CUBE-EEPRMA1.5.1.0
2024-02-01 19:08:44,634 [WARN] PackLoader:240 - Cannot read IP mode file for SEGGER.I-CUBE-embOS.1.3.1
2024-02-01 19:08:44,687 [WARN] PackLoader:240 - Cannot read IP mode file for STMicroelectronics.X-CUBE-GNSS1.6.0.0
2024-02-01 19:08:44,715 [WARN] PackLoader:240 - Cannot read IP mode file for STMicroelectronics.X-CUBE-AZRTOS-F4.1.1.0
2024-02-01 19:08:44,733 [WARN] PackLoader:240 - Cannot read IP mode file for wolfSSL.I-CUBE-wolfSSL.5.6.3
2024-02-01 19:08:44,767 [WARN] PackLoader:240 - Cannot read IP mode file for STMicroelectronics.X-CUBE-AZRTOS-L5.2.0.0
2024-02-01 19:08:44,828 [WARN] PackLoader:240 - Cannot read IP mode file for STMicroelectronics.X-CUBE-MEMS1.9.6.0
2024-02-01 19:08:44,988 [WARN] PackLoader:240 - Cannot read IP mode file for STMicroelectronics.X-CUBE-EEPRMA1.4.2.0
2024-02-01 19:08:44,996 [INFO] WebApp:157 - Instantiating new browser for Auth
2024-02-01 19:08:45,000 [WARN] PackLoader:240 - Cannot read IP mode file for ITTIA_DB.I-CUBE-ITTIADB.8.8.0
2024-02-01 19:08:45,017 [WARN] PackLoader:240 - Cannot read IP mode file for STMicroelectronics.X-CUBE-BLEMGR.2.0.0
2024-02-01 19:08:45,050 [WARN] ConditionMgr:438 - getConditionDescription Invalid condition id : UX DEVICE CLASS RTOS Condition cause : null
2024-02-01 19:08:45,050 [WARN] ConditionMgr:438 - getConditionDescription Invalid condition id : UX DEVICE CLASS RTOS Condition cause : null
2024-02-01 19:08:45,052 [WARN] PackLoader:240 - Cannot read IP mode file for STMicroelectronics.X-CUBE-AZRTOS-H7.3.1.0
2024-02-01 19:08:45,053 [WARN] ConditionMgr:1039 - genDependencies : Invalid condition id : UX DEVICE CLASS RTOS Condition cause : null
2024-02-01 19:08:45,053 [WARN] ConditionMgr:1039 - genDependencies : Invalid condition id : UX DEVICE CLASS RTOS Condition cause : null
2024-02-01 19:08:45,053 [WARN] ConditionMgr:1039 - genDependencies : Invalid condition id : UX DEVICE CLASS RTOS Condition cause : null
2024-02-01 19:08:45,054 [WARN] ConditionMgr:1039 - genDependencies : Invalid condition id : UX DEVICE CLASS RTOS Condition cause : null
2024-02-01 19:08:45,054 [WARN] ConditionMgr:1039 - genDependencies : Invalid condition id : UX DEVICE CLASS RTOS Condition cause : null
2024-02-01 19:08:45,071 [WARN] PackLoader:240 - Cannot read IP mode file for STMicroelectronics.X-CUBE-NFC7.1.0.1
2024-02-01 19:08:45,086 [WARN] PackLoader:240 - Cannot read IP mode file for STMicroelectronics.X-CUBE-NFC6.3.0.0
2024-02-01 19:08:45,098 [WARN] PackLoader:240 - Cannot read IP mode file for STMicroelectronics.X-CUBE-EEPRMA1.4.1.0
2024-02-01 19:08:45,112 [WARN] PackLoader:240 - Cannot read IP mode file for STMicroelectronics.X-CUBE-AI.8.1.0
2024-02-01 19:08:45,143 [WARN] ConditionMgr:438 - getConditionDescription Invalid condition id : LAN8742 Phy interface Condition cause : null
2024-02-01 19:08:45,144 [WARN] PackLoader:240 - Cannot read IP mode file for STMicroelectronics.X-CUBE-AZRTOS-L4.2.0.0
2024-02-01 19:08:45,145 [WARN] ConditionMgr:1039 - genDependencies : Invalid condition id : LAN8742 Phy interface Condition cause : null
2024-02-01 19:08:45,145 [WARN] ConditionMgr:1039 - genDependencies : Invalid condition id : LAN8742 Phy interface Condition cause : null
2024-02-01 19:08:45,146 [WARN] ConditionMgr:1039 - genDependencies : Invalid condition id : LAN8742 Phy interface Condition cause : null
2024-02-01 19:08:45,160 [WARN] PackLoader:240 - Cannot read IP mode file for STMicroelectronics.X-CUBE-SFXS2LP1.4.0.0
2024-02-01 19:08:45,172 [WARN] PackLoader:240 - Cannot read IP mode file for STMicroelectronics.X-CUBE-ISPU.1.1.0
2024-02-01 19:08:45,195 [WARN] ConditionMgr:438 - getConditionDescription Invalid condition id : UX DEVICE CLASS RTOS Condition cause : null
2024-02-01 19:08:45,196 [WARN] ConditionMgr:438 - getConditionDescription Invalid condition id : UX DEVICE CLASS RTOS Condition cause : null
2024-02-01 19:08:45,198 [WARN] PackLoader:240 - Cannot read IP mode file for STMicroelectronics.X-CUBE-AZRTOS-WB.2.0.0
2024-02-01 19:08:45,198 [WARN] ConditionMgr:1039 - genDependencies : Invalid condition id : UX DEVICE CLASS RTOS Condition cause : null
2024-02-01 19:08:45,198 [WARN] ConditionMgr:1039 - genDependencies : Invalid condition id : UX DEVICE CLASS RTOS Condition cause : null
2024-02-01 19:08:45,200 [WARN] ConditionMgr:1039 - genDependencies : Invalid condition id : UX DEVICE CLASS RTOS Condition cause : null
2024-02-01 19:08:45,200 [WARN] ConditionMgr:1039 - genDependencies : Invalid condition id : UX DEVICE CLASS RTOS Condition cause : null
2024-02-01 19:08:45,200 [WARN] ConditionMgr:1039 - genDependencies : Invalid condition id : UX DEVICE CLASS RTOS Condition cause : null
2024-02-01 19:08:45,213 [WARN] PackLoader:240 - Cannot read IP mode file for STMicroelectronics.X-CUBE-FREERTOS.1.0.1
2024-02-01 19:08:45,230 [WARN] PackLoader:240 - Cannot read IP mode file for STMicroelectronics.X-CUBE-SUBG2.5.0.0
2024-02-01 19:08:45,249 [WARN] PackLoader:240 - Cannot read IP mode file for STMicroelectronics.X-CUBE-TOF1.3.3.1
2024-02-01 19:08:45,277 [WARN] PackLoader:240 - Cannot read IP mode file for STMicroelectronics.X-CUBE-AZRTOS-G4.2.0.0
2024-02-01 19:08:45,299 [WARN] PackLoader:240 - Cannot read IP mode file for Infineon.AIROC-Wi-Fi-Bluetooth-STM32.1.5.1
2024-02-01 19:08:45,311 [WARN] PackLoader:240 - Cannot read IP mode file for STMicroelectronics.FP-SNS-MOTENVWB1.1.3.1
2024-02-01 19:08:45,323 [WARN] PackLoader:240 - Cannot read IP mode file for STMicroelectronics.X-CUBE-ISPU.2.0.0
2024-02-01 19:08:45,377 [WARN] PackLoader:240 - Cannot read IP mode file for STMicroelectronics.X-CUBE-MEMS1.10.0.0
2024-02-01 19:08:45,514 [WARN] PackLoader:240 - Cannot read IP mode file for STMicroelectronics.X-CUBE-FREERTOS.1.1.0
2024-02-01 19:08:45,528 [WARN] PackLoader:240 - Cannot read IP mode file for portGmbH.I-Cube-SoM-uGOAL.1.1.0
2024-02-01 19:08:45,539 [WARN] PackLoader:240 - Cannot read IP mode file for STMicroelectronics.X-CUBE-ALS.1.0.1
2024-02-01 19:08:45,550 [WARN] PackLoader:240 - Cannot read IP mode file for STMicroelectronics.FP-ATR-ASTRA1.2.0.0
2024-02-01 19:08:45,568 [WARN] PackLoader:240 - Cannot read IP mode file for STMicroelectronics.X-CUBE-TOF1.3.4.0
2024-02-01 19:08:45,601 [WARN] PackLoader:240 - Cannot read IP mode file for STMicroelectronics.X-CUBE-AZRTOS-H7.3.2.0
2024-02-01 19:08:45,604 [INFO] ThirdParty:978 - Integrity check success = true
2024-02-01 19:08:45,604 [INFO] IntegrityCheckThread:100 - exiting critical section [integrity check]
2024-02-01 19:08:45,604 [INFO] IntegrityCheckThread:103 - End integrity checks thread
2024-02-01 19:08:45,678 [INFO] WebApp:753 - Register for checkConnection events
2024-02-01 19:08:45,678 [INFO] WebApp:390 - Apply proxy settings
2024-02-01 19:08:45,679 [INFO] WebApp:475 - Chromium requires no authentication
2024-02-01 19:08:45,689 [INFO] WebApp:418 - Direct internet connection detected
2024-02-01 19:08:45,936 [INFO] WebApp:188 - Starting web application
2024-02-01 19:08:45,936 [INFO] WebApp:520 - Web application path used C:\ST\STM32CubeIDE_1.13.1\STM32CubeIDE\plugins\com.st.stm32cube.common.mx_6.9.1.202307191849\db\plugins\mcufinder\reactClient1\index.html
2024-02-01 19:09:07,134 [ERROR] LogOutputStream:75 - [STDERR_REDIRECT] SLF4J: Failed to load class "org.slf4j.impl.StaticLoggerBinder".
2024-02-01 19:09:07,134 [ERROR] LogOutputStream:75 - [STDERR_REDIRECT] SLF4J: Defaulting to no-operation (NOP) logger implementation
2024-02-01 19:09:07,136 [ERROR] LogOutputStream:75 - [STDERR_REDIRECT] SLF4J: See http://www.slf4j.org/codes.html#StaticLoggerBinder for further details.
