2024-01-25 22:08:34,414 [INFO] Activator:176 - 


2024-01-25 22:08:34,421 [INFO] Activator:177 - !SESSION log4j initialized
2024-01-25 22:08:42,060 [INFO] LogOutputStream:77 - [STDOUT_REDIRECT] 
2024-01-25 22:08:44,524 [INFO] ApplicationProperties:184 - Using Application install path: C:\ST\STM32CubeIDE_1.13.1\STM32CubeIDE\plugins\com.st.stm32cube.common.mx_6.9.1.202307191849
2024-01-25 22:08:44,563 [INFO] DbMcusXml:78 - Set database path to: C:\ST\STM32CubeIDE_1.13.1\STM32CubeIDE\plugins\com.st.stm32cube.common.mx_6.9.1.202307191849\\db\/mcu/
2024-01-25 22:08:44,563 [INFO] ApiDb:274 - Set plugin database path to: C:\ST\STM32CubeIDE_1.13.1\STM32CubeIDE\plugins\com.st.stm32cube.common.mx_6.9.1.202307191849\\db\/plugins/boardmanager/
2024-01-25 22:08:44,563 [WARN] ApiDb:259 - Overriding images path with different value:  => C:\ST\STM32CubeIDE_1.13.1\STM32CubeIDE\plugins\com.st.stm32cube.common.mx_6.9.1.202307191849\\db\/plugins/mcufinder/images/
2024-01-25 22:08:44,579 [INFO] ApiDb:250 - Set database path to: C:\Users\kunal\.stmcufinder\plugins\mcufinder//mcu/
2024-01-25 22:08:44,583 [INFO] DbMcusAds:125 - Set database path to: C:\Users\kunal\.stmcufinder\plugins\mcufinder//mcu/
2024-01-25 22:08:44,583 [INFO] CrossReferenceDbSqlite:203 - Set database path to: C:\Users\kunal\.stmcufinder\plugins\mcufinder//mcu/cs/
2024-01-25 22:08:44,738 [INFO] RulesReader:64 - Compatibility file has been processed (293 Rules)
2024-01-25 22:08:44,846 [INFO] DbMcusXml:78 - Set database path to: C:\ST\STM32CubeIDE_1.13.1\STM32CubeIDE\plugins\com.st.stm32cube.common.mx_6.9.1.202307191849\\db\/mcu/
2024-01-25 22:08:44,846 [INFO] ApiDb:274 - Set plugin database path to: C:\ST\STM32CubeIDE_1.13.1\STM32CubeIDE\plugins\com.st.stm32cube.common.mx_6.9.1.202307191849\\db\/plugins/boardmanager/
2024-01-25 22:08:44,846 [INFO] ApiDb:261 - Set plugin images path to: C:\ST\STM32CubeIDE_1.13.1\STM32CubeIDE\plugins\com.st.stm32cube.common.mx_6.9.1.202307191849\\db\/plugins/mcufinder/images/
2024-01-25 22:08:44,846 [WARN] DbFile:41 - Overriding database path with different value: C:\Users\kunal\.stmcufinder\plugins\mcufinder/ => C:\Users\kunal\.stmcufinder\plugins\mcufinder
2024-01-25 22:08:44,846 [INFO] ApiDb:250 - Set database path to: C:\Users\kunal\.stmcufinder\plugins\mcufinder//mcu/
2024-01-25 22:08:44,846 [WARN] DbFile:41 - Overriding database path with different value: C:\Users\kunal\.stmcufinder\plugins\mcufinder/ => C:\Users\kunal\.stmcufinder\plugins\mcufinder
2024-01-25 22:08:44,846 [INFO] DbMcusAds:125 - Set database path to: C:\Users\kunal\.stmcufinder\plugins\mcufinder//mcu/
2024-01-25 22:08:44,846 [WARN] DbFile:41 - Overriding database path with different value: C:\Users\kunal\.stmcufinder\plugins\mcufinder/ => C:\Users\kunal\.stmcufinder\plugins\mcufinder
2024-01-25 22:08:44,846 [WARN] DbFile:41 - Overriding database path with different value: C:\Users\kunal\.stmcufinder\plugins\mcufinder/ => C:\Users\kunal\.stmcufinder\plugins\mcufinder
2024-01-25 22:08:44,846 [INFO] CrossReferenceDbSqlite:203 - Set database path to: C:\Users\kunal\.stmcufinder\plugins\mcufinder//mcu/cs/
2024-01-25 22:08:44,928 [INFO] MainPanel:262 - HeapMemory: 268435456
2024-01-25 22:08:45,042 [INFO] DbMcusXml:78 - Set database path to: C:\ST\STM32CubeIDE_1.13.1\STM32CubeIDE\plugins\com.st.stm32cube.common.mx_6.9.1.202307191849\\db\/mcu/
2024-01-25 22:08:45,042 [INFO] ApiDb:274 - Set plugin database path to: C:\ST\STM32CubeIDE_1.13.1\STM32CubeIDE\plugins\com.st.stm32cube.common.mx_6.9.1.202307191849\\db\/plugins/boardmanager/
2024-01-25 22:08:45,042 [INFO] ApiDb:261 - Set plugin images path to: C:\ST\STM32CubeIDE_1.13.1\STM32CubeIDE\plugins\com.st.stm32cube.common.mx_6.9.1.202307191849\\db\/plugins/mcufinder/images/
2024-01-25 22:08:45,042 [WARN] DbFile:41 - Overriding database path with different value: C:\Users\kunal\.stmcufinder\plugins\mcufinder/ => C:\Users\kunal\.stmcufinder\plugins\mcufinder
2024-01-25 22:08:45,042 [INFO] ApiDb:250 - Set database path to: C:\Users\kunal\.stmcufinder\plugins\mcufinder//mcu/
2024-01-25 22:08:45,042 [WARN] DbFile:41 - Overriding database path with different value: C:\Users\kunal\.stmcufinder\plugins\mcufinder/ => C:\Users\kunal\.stmcufinder\plugins\mcufinder
2024-01-25 22:08:45,042 [INFO] DbMcusAds:125 - Set database path to: C:\Users\kunal\.stmcufinder\plugins\mcufinder//mcu/
2024-01-25 22:08:45,042 [WARN] DbFile:41 - Overriding database path with different value: C:\Users\kunal\.stmcufinder\plugins\mcufinder/ => C:\Users\kunal\.stmcufinder\plugins\mcufinder
2024-01-25 22:08:45,042 [WARN] DbFile:41 - Overriding database path with different value: C:\Users\kunal\.stmcufinder\plugins\mcufinder/ => C:\Users\kunal\.stmcufinder\plugins\mcufinder
2024-01-25 22:08:45,042 [INFO] CrossReferenceDbSqlite:203 - Set database path to: C:\Users\kunal\.stmcufinder\plugins\mcufinder//mcu/cs/
2024-01-25 22:08:45,068 [INFO] ApplicationProperties:184 - Using Application install path: C:\ST\STM32CubeIDE_1.13.1\STM32CubeIDE\plugins\com.st.stm32cube.common.mx_6.9.1.202307191849
2024-01-25 22:08:45,068 [INFO] PluginManage:196 - Search for loadable plugins [exclusion list=, ]
2024-01-25 22:08:45,068 [INFO] PluginManage:310 - Check plugin analytics
2024-01-25 22:08:45,258 [INFO] AnalyticsPlugin:253 - Accepted Software Licenses: 
2024-01-25 22:08:45,258 [INFO] AnalyticsPlugin:255 - Accepted CMSIS Pack Licenses: 
2024-01-25 22:08:45,261 [INFO] AnalyticsPlugin:257 - Accepted Firmware Licenses: FW.F4.1.27.0
2024-01-25 22:08:45,263 [INFO] PluginManage:359 - Loaded plugin analytics (category:tool,tabindex:-1)
2024-01-25 22:08:45,263 [INFO] PluginManage:310 - Check plugin cadmodel
2024-01-25 22:08:45,273 [INFO] CADModel:105 - Init CAD model plugin
2024-01-25 22:08:45,273 [INFO] PluginManage:359 - Loaded plugin cadmodel (category:power,tabindex:5)
2024-01-25 22:08:45,273 [INFO] PluginManage:310 - Check plugin clock
2024-01-25 22:08:45,294 [INFO] PluginManage:359 - Loaded plugin clock (category:base,tabindex:2)
2024-01-25 22:08:45,298 [INFO] PluginManage:310 - Check plugin ddr
2024-01-25 22:08:45,300 [INFO] PluginManage:359 - Loaded plugin ddr (category:tool,tabindex:6)
2024-01-25 22:08:45,300 [INFO] PluginManage:310 - Check plugin filemanager
2024-01-25 22:08:45,446 [INFO] PluginManage:359 - Loaded plugin filemanager (category:base,tabindex:10)
2024-01-25 22:08:45,446 [INFO] PluginManage:310 - Check plugin ipmanager
2024-01-25 22:08:45,465 [INFO] PluginManage:359 - Loaded plugin ipmanager (category:base,tabindex:5)
2024-01-25 22:08:45,465 [INFO] PluginManage:310 - Check plugin lpbam
2024-01-25 22:08:45,477 [INFO] PluginManage:359 - Loaded plugin lpbam (category:base,tabindex:0)
2024-01-25 22:08:45,477 [INFO] PluginManage:310 - Check plugin memorymap
2024-01-25 22:08:45,509 [INFO] PluginManage:359 - Loaded plugin memorymap (category:base,tabindex:4)
2024-01-25 22:08:45,509 [INFO] PluginManage:310 - Check plugin pinoutandconfiguration
2024-01-25 22:08:45,525 [INFO] PluginManage:359 - Loaded plugin pinoutandconfiguration (category:base,tabindex:1)
2024-01-25 22:08:45,525 [INFO] PluginManage:310 - Check plugin pinoutconfig
2024-01-25 22:08:45,636 [WARN] SupportedApi:132 - Cannot load RTOS API schema: s4s-elt-must-match.1: The content of 'definitions' must match (annotation?, (simpleType | complexType)?, (unique | key | keyref)*)). A problem was found starting at: attribute.
2024-01-25 22:08:45,786 [INFO] PluginManage:359 - Loaded plugin pinoutconfig (category:base,tabindex:0)
2024-01-25 22:08:45,788 [INFO] PluginManage:310 - Check plugin power
2024-01-25 22:08:45,803 [INFO] PluginManage:359 - Loaded plugin power (category:power,tabindex:4)
2024-01-25 22:08:45,803 [INFO] PluginManage:310 - Check plugin projectmanager
2024-01-25 22:08:45,821 [INFO] PluginManage:359 - Loaded plugin projectmanager (category:projectmanager,tabindex:3)
2024-01-25 22:08:45,821 [INFO] PluginManage:310 - Check plugin thirdparty
2024-01-25 22:08:46,113 [INFO] PluginManage:359 - Loaded plugin thirdparty (category:base,tabindex:-1)
2024-01-25 22:08:46,113 [WARN] IntegrityCheckThread:84 - waiting for thirdparty lock release [integrity check]
2024-01-25 22:08:46,113 [INFO] PluginManage:310 - Check plugin tools
2024-01-25 22:08:46,113 [INFO] IntegrityCheckThread:86 - entering critical section [integrity check]
2024-01-25 22:08:46,113 [INFO] ThirdPartyUpdaterWithRetryManager:70 - Updater plugin not ready yet. [1/15]
2024-01-25 22:08:46,129 [INFO] PluginManage:359 - Loaded plugin tools (category:base,tabindex:7)
2024-01-25 22:08:46,129 [INFO] PluginManage:310 - Check plugin tutovideos
2024-01-25 22:08:46,345 [INFO] PluginManage:359 - Loaded plugin tutovideos (category:base,tabindex:-1)
2024-01-25 22:08:46,345 [INFO] PluginManage:310 - Check plugin updater
2024-01-25 22:08:46,359 [INFO] PluginManage:359 - Loaded plugin updater (category:base,tabindex:12)
2024-01-25 22:08:46,359 [INFO] PluginManage:310 - Check plugin userauth
2024-01-25 22:08:46,359 [INFO] UserAuth:113 - Init User Auth plugin
2024-01-25 22:08:46,359 [INFO] PluginManage:359 - Loaded plugin userauth (category:base,tabindex:14)
2024-01-25 22:08:46,365 [INFO] PluginManage:283 - PluginManage : Loaded plugins [17]
2024-01-25 22:08:46,586 [INFO] PinOutPanel:1499 - setPackage(No Configuration,No Configuration)
2024-01-25 22:08:46,699 [INFO] CADModel:165 - CPN selected for project level
2024-01-25 22:08:46,699 [INFO] CADModel:114 - Register for checkConnection events
2024-01-25 22:08:46,716 [INFO] IPUIPlugin:80 - create IPUIPlugin
2024-01-25 22:08:46,716 [INFO] PluginManager:220 - loadIPPluginJar : add adc
2024-01-25 22:08:46,746 [INFO] IPUIPlugin:80 - create IPUIPlugin
2024-01-25 22:08:46,746 [INFO] PluginManager:220 - loadIPPluginJar : add aes
2024-01-25 22:08:46,777 [INFO] IPUIPlugin:80 - create IPUIPlugin
2024-01-25 22:08:46,777 [INFO] PluginManager:220 - loadIPPluginJar : add can
2024-01-25 22:08:46,793 [INFO] IPUIPlugin:80 - create IPUIPlugin
2024-01-25 22:08:46,808 [INFO] PluginManager:220 - loadIPPluginJar : add comp
2024-01-25 22:08:46,828 [INFO] IPUIPlugin:80 - create IPUIPlugin
2024-01-25 22:08:46,828 [INFO] PluginManager:220 - loadIPPluginJar : add cryp
2024-01-25 22:08:46,856 [INFO] IPUIPlugin:80 - create IPUIPlugin
2024-01-25 22:08:46,856 [INFO] PluginManager:220 - loadIPPluginJar : add dfsdm
2024-01-25 22:08:46,872 [INFO] IPUIPlugin:80 - create IPUIPlugin
2024-01-25 22:08:46,872 [INFO] PluginManager:220 - loadIPPluginJar : add dma
2024-01-25 22:08:46,904 [INFO] IPUIPlugin:80 - create IPUIPlugin
2024-01-25 22:08:46,904 [INFO] PluginManager:220 - loadIPPluginJar : add dma3
2024-01-25 22:08:46,921 [INFO] IPUIPlugin:80 - create IPUIPlugin
2024-01-25 22:08:46,921 [INFO] PluginManager:220 - loadIPPluginJar : add fatfs
2024-01-25 22:08:46,967 [INFO] IPUIPlugin:80 - create IPUIPlugin
2024-01-25 22:08:46,967 [INFO] PluginManager:220 - loadIPPluginJar : add fmc
2024-01-25 22:08:46,985 [INFO] IPUIPlugin:80 - create IPUIPlugin
2024-01-25 22:08:46,985 [INFO] PluginManager:220 - loadIPPluginJar : add freertos
2024-01-25 22:08:46,999 [INFO] IPUIPlugin:80 - create IPUIPlugin
2024-01-25 22:08:46,999 [INFO] PluginManager:220 - loadIPPluginJar : add genericplugin
2024-01-25 22:08:47,061 [INFO] IPUIPlugin:80 - create IPUIPlugin
2024-01-25 22:08:47,061 [INFO] PluginManager:220 - loadIPPluginJar : add gfxmmu
2024-01-25 22:08:47,179 [INFO] IPUIPlugin:80 - create IPUIPlugin
2024-01-25 22:08:47,179 [INFO] PluginManager:220 - loadIPPluginJar : add gic
2024-01-25 22:08:47,211 [INFO] IPUIPlugin:80 - create IPUIPlugin
2024-01-25 22:08:47,211 [INFO] PluginManager:220 - loadIPPluginJar : add gpio
2024-01-25 22:08:47,289 [INFO] IPUIPlugin:80 - create IPUIPlugin
2024-01-25 22:08:47,289 [INFO] PluginManager:220 - loadIPPluginJar : add gtzc
2024-01-25 22:08:47,321 [INFO] IPUIPlugin:80 - create IPUIPlugin
2024-01-25 22:08:47,321 [INFO] PluginManager:220 - loadIPPluginJar : add hash
2024-01-25 22:08:47,352 [INFO] IPUIPlugin:80 - create IPUIPlugin
2024-01-25 22:08:47,352 [INFO] PluginManager:220 - loadIPPluginJar : add i2c
2024-01-25 22:08:47,392 [INFO] IPUIPlugin:80 - create IPUIPlugin
2024-01-25 22:08:47,392 [INFO] PluginManager:220 - loadIPPluginJar : add i2s
2024-01-25 22:08:47,432 [INFO] IPUIPlugin:80 - create IPUIPlugin
2024-01-25 22:08:47,432 [INFO] PluginManager:220 - loadIPPluginJar : add i3c
2024-01-25 22:08:47,510 [INFO] IPUIPlugin:80 - create IPUIPlugin
2024-01-25 22:08:47,510 [INFO] PluginManager:220 - loadIPPluginJar : add ipddr
2024-01-25 22:08:47,600 [INFO] IPUIPlugin:80 - create IPUIPlugin
2024-01-25 22:08:47,600 [INFO] PluginManager:220 - loadIPPluginJar : add linkedlist
2024-01-25 22:08:47,621 [INFO] IPUIPlugin:80 - create IPUIPlugin
2024-01-25 22:08:47,621 [INFO] PluginManager:220 - loadIPPluginJar : add lorawan
2024-01-25 22:08:47,667 [INFO] IPUIPlugin:80 - create IPUIPlugin
2024-01-25 22:08:47,667 [INFO] PluginManager:220 - loadIPPluginJar : add ltdc
2024-01-25 22:08:47,673 [INFO] IPUIPlugin:80 - create IPUIPlugin
2024-01-25 22:08:47,673 [INFO] PluginManager:220 - loadIPPluginJar : add mdma
2024-01-25 22:08:47,688 [INFO] IPUIPlugin:80 - create IPUIPlugin
2024-01-25 22:08:47,688 [INFO] PluginManager:220 - loadIPPluginJar : add nvic
2024-01-25 22:08:47,717 [INFO] IPUIPlugin:80 - create IPUIPlugin
2024-01-25 22:08:47,717 [INFO] PluginManager:220 - loadIPPluginJar : add opamp
2024-01-25 22:08:47,764 [INFO] IPUIPlugin:80 - create IPUIPlugin
2024-01-25 22:08:47,764 [INFO] PluginManager:220 - loadIPPluginJar : add openamp
2024-01-25 22:08:47,796 [INFO] IPUIPlugin:80 - create IPUIPlugin
2024-01-25 22:08:47,796 [INFO] PluginManager:220 - loadIPPluginJar : add pdm2pcm
2024-01-25 22:08:47,819 [INFO] IPUIPlugin:80 - create IPUIPlugin
2024-01-25 22:08:47,819 [INFO] PluginManager:220 - loadIPPluginJar : add plateformsettings
2024-01-25 22:08:47,828 [INFO] IPUIPlugin:80 - create IPUIPlugin
2024-01-25 22:08:47,828 [INFO] PluginManager:220 - loadIPPluginJar : add quadspi
2024-01-25 22:08:47,845 [INFO] IPUIPlugin:80 - create IPUIPlugin
2024-01-25 22:08:47,845 [INFO] PluginManager:220 - loadIPPluginJar : add resmgrutility
2024-01-25 22:08:47,892 [INFO] IPUIPlugin:80 - create IPUIPlugin
2024-01-25 22:08:47,892 [INFO] PluginManager:220 - loadIPPluginJar : add sai
2024-01-25 22:08:47,925 [INFO] IPUIPlugin:80 - create IPUIPlugin
2024-01-25 22:08:47,925 [INFO] PluginManager:220 - loadIPPluginJar : add spi
2024-01-25 22:08:47,970 [INFO] IPUIPlugin:80 - create IPUIPlugin
2024-01-25 22:08:47,970 [INFO] PluginManager:220 - loadIPPluginJar : add stm32_wpan
2024-01-25 22:08:47,993 [INFO] IPUIPlugin:80 - create IPUIPlugin
2024-01-25 22:08:47,993 [INFO] PluginManager:220 - loadIPPluginJar : add tim
2024-01-25 22:08:48,034 [INFO] IPUIPlugin:80 - create IPUIPlugin
2024-01-25 22:08:48,034 [INFO] PluginManager:220 - loadIPPluginJar : add touchsensing
2024-01-25 22:08:48,050 [INFO] IPUIPlugin:80 - create IPUIPlugin
2024-01-25 22:08:48,050 [INFO] PluginManager:220 - loadIPPluginJar : add tracer_emb
2024-01-25 22:08:48,066 [INFO] IPUIPlugin:80 - create IPUIPlugin
2024-01-25 22:08:48,066 [INFO] PluginManager:220 - loadIPPluginJar : add ts
2024-01-25 22:08:48,097 [INFO] IPUIPlugin:80 - create IPUIPlugin
2024-01-25 22:08:48,097 [INFO] PluginManager:220 - loadIPPluginJar : add tsc
2024-01-25 22:08:48,113 [INFO] IPUIPlugin:80 - create IPUIPlugin
2024-01-25 22:08:48,113 [INFO] PluginManager:220 - loadIPPluginJar : add ucpd
2024-01-25 22:08:48,144 [INFO] IPUIPlugin:80 - create IPUIPlugin
2024-01-25 22:08:48,144 [INFO] PluginManager:220 - loadIPPluginJar : add usart
2024-01-25 22:08:48,189 [INFO] IPUIPlugin:80 - create IPUIPlugin
2024-01-25 22:08:48,189 [INFO] PluginManager:220 - loadIPPluginJar : add usbx
2024-01-25 22:08:48,322 [INFO] CADModel:165 - CPN selected for project level
2024-01-25 22:08:48,322 [INFO] CADModel:114 - Register for checkConnection events
2024-01-25 22:08:48,322 [FATAL] Updater:308 - Updater called before beeing initialized
2024-01-25 22:08:48,322 [ERROR] CADModel:125 - Updater not yet initialized, retry later 
2024-01-25 22:08:48,518 [INFO] CADModel:165 - CPN selected for project level
2024-01-25 22:08:48,518 [INFO] CADModel:114 - Register for checkConnection events
2024-01-25 22:08:48,518 [FATAL] Updater:308 - Updater called before beeing initialized
2024-01-25 22:08:48,518 [ERROR] CADModel:125 - Updater not yet initialized, retry later 
2024-01-25 22:08:48,526 [FATAL] Updater:308 - Updater called before beeing initialized
2024-01-25 22:08:48,636 [FATAL] Updater:308 - Updater called before beeing initialized
2024-01-25 22:08:48,642 [INFO] DbMcusAds:53 - JSON generation date=Wed Nov 29 16:22:27 IST 2023 (1701255147200)
2024-01-25 22:08:48,642 [FATAL] Updater:308 - Updater called before beeing initialized
2024-01-25 22:08:48,730 [WARN] DetailPanel:346 - Failed to get advertising image, set to default
2024-01-25 22:08:48,838 [FATAL] Updater:308 - Updater called before beeing initialized
2024-01-25 22:08:48,847 [FATAL] Updater:308 - Updater called before beeing initialized
2024-01-25 22:08:48,847 [FATAL] Updater:308 - Updater called before beeing initialized
2024-01-25 22:08:48,847 [WARN] DetailPanel:346 - Failed to get advertising image, set to default
2024-01-25 22:08:48,847 [FATAL] Updater:308 - Updater called before beeing initialized
2024-01-25 22:08:48,910 [ERROR] Updater:1120 - MainUpdater not yet initialized. External WinMGr cannot be set.
2024-01-25 22:08:48,925 [INFO] Updater:1056 - Updater Version found : 6.9.1
2024-01-25 22:08:48,944 [INFO] ApplicationProperties:184 - Using Application install path: C:\ST\STM32CubeIDE_1.13.1\STM32CubeIDE\plugins\com.st.stm32cube.common.mx_6.9.1.202307191849
2024-01-25 22:08:49,116 [INFO] ThirdPartyUpdaterWithRetryManager:70 - Updater plugin not ready yet. [2/15]
2024-01-25 22:08:50,114 [INFO] MainUpdater:2868 - connection check result : 10
2024-01-25 22:08:50,115 [INFO] MainUpdater:285 - Updater Check For Update Now.
2024-01-25 22:08:50,115 [INFO] MicroXplorer:498 - Change Database Version : DB.6.0.91
2024-01-25 22:08:50,208 [INFO] McuFinderGlobals:63 - Set McuFinder mode to 2 (CubeIDE integrated)
2024-01-25 22:08:50,208 [INFO] UserAuth:179 - activating auth plugin
2024-01-25 22:08:50,215 [INFO] UserAuth:393 - Internet connection configuration mode: 1
2024-01-25 22:08:50,264 [INFO] JxBrowserEngine:151 - Initiate JxBrowser Engine with user profile folder
2024-01-25 22:08:50,422 [INFO] CheckServerUpdateThread:120 - End of CheckServer Thread
2024-01-25 22:08:52,400 [WARN] PackLoader:240 - Cannot read IP mode file for STMicroelectronics.X-CUBE-SMBUS.2.1.0
2024-01-25 22:08:52,422 [WARN] PackLoader:240 - Cannot read IP mode file for STMicroelectronics.X-CUBE-TOUCHGFX.4.23.0
2024-01-25 22:08:52,484 [WARN] PackLoader:240 - Cannot read IP mode file for STMicroelectronics.X-CUBE-AZRTOS-F7.1.1.0
2024-01-25 22:08:52,511 [WARN] PackLoader:240 - Cannot read IP mode file for STMicroelectronics.FP-SNS-MOTENV1.4.3.2
2024-01-25 22:08:52,534 [WARN] PackLoader:240 - Cannot read IP mode file for STMicroelectronics.FP-SNS-FLIGHT1.5.0.2
2024-01-25 22:08:52,558 [WARN] PackLoader:240 - Cannot read IP mode file for STMicroelectronics.X-CUBE-DISPLAY.3.0.0
2024-01-25 22:08:52,588 [WARN] PackLoader:240 - Cannot read IP mode file for STMicroelectronics.X-CUBE-BLE1.7.0.0
2024-01-25 22:08:52,605 [WARN] PackLoader:240 - Cannot read IP mode file for emotas.I-CUBE-CANOPEN.1.3.0
2024-01-25 22:08:52,616 [WARN] PackLoader:240 - Cannot read IP mode file for STMicroelectronics.X-CUBE-TOUCHGFX.4.22.0
2024-01-25 22:08:52,632 [WARN] PackLoader:240 - Cannot read IP mode file for STMicroelectronics.X-CUBE-TOUCHGFX.4.22.1
2024-01-25 22:08:52,649 [WARN] PackLoader:240 - Cannot read IP mode file for STMicroelectronics.FP-SNS-SMARTAG2.1.2.0
2024-01-25 22:08:52,679 [INFO] LogOutputStream:77 - [STDOUT_REDIRECT] 1 : Invalid condition id : UX_CORESTACK_Condition cause : null
2024-01-25 22:08:52,679 [INFO] LogOutputStream:77 - [STDOUT_REDIRECT] 1 : Invalid condition id : UX_CORESTACK_Condition cause : null
2024-01-25 22:08:52,679 [INFO] LogOutputStream:77 - [STDOUT_REDIRECT] 1 : Invalid condition id : UX_CORESTACK_Condition cause : null
2024-01-25 22:08:52,679 [INFO] LogOutputStream:77 - [STDOUT_REDIRECT] 1 : Invalid condition id : UX_CORESTACK_Condition cause : null
2024-01-25 22:08:52,679 [INFO] LogOutputStream:77 - [STDOUT_REDIRECT] 1 : Invalid condition id : UX_CORESTACK_Condition cause : null
2024-01-25 22:08:52,685 [WARN] PackLoader:240 - Cannot read IP mode file for STMicroelectronics.X-CUBE-AZRTOS-WL.2.0.0
2024-01-25 22:08:52,713 [WARN] PackLoader:240 - Cannot read IP mode file for WES.I-CUBE-Cesium.1.3.0
2024-01-25 22:08:52,723 [WARN] PackLoader:240 - Cannot read IP mode file for STMicroelectronics.X-CUBE-BLE2.3.3.0
2024-01-25 22:08:52,734 [WARN] PackLoader:240 - Cannot read IP mode file for STMicroelectronics.X-CUBE-ALGOBUILD.1.3.0
2024-01-25 22:08:52,784 [WARN] PackLoader:240 - Cannot read IP mode file for STMicroelectronics.X-CUBE-AZRTOS-G0.1.1.0
2024-01-25 22:08:52,808 [WARN] PackLoader:240 - Cannot read IP mode file for STMicroelectronics.X-CUBE-NFC4.3.0.0
2024-01-25 22:08:52,826 [WARN] PackLoader:240 - Cannot read IP mode file for STMicroelectronics.X-CUBE-BLEMGR.3.0.0
2024-01-25 22:08:52,858 [WARN] PackLoader:240 - Cannot read IP mode file for STMicroelectronics.FP-ATR-SIGFOX1.3.2.0
2024-01-25 22:08:52,913 [WARN] PackLoader:240 - Cannot read IP mode file for SEGGER.I-CUBE-embOS.1.3.1
2024-01-25 22:08:53,083 [WARN] PackLoader:240 - Cannot read IP mode file for STMicroelectronics.X-CUBE-GNSS1.6.0.0
2024-01-25 22:08:53,225 [WARN] PackLoader:240 - Cannot read IP mode file for STMicroelectronics.X-CUBE-AZRTOS-F4.1.1.0
2024-01-25 22:08:53,246 [WARN] PackLoader:240 - Cannot read IP mode file for wolfSSL.I-CUBE-wolfSSL.5.6.3
2024-01-25 22:08:53,286 [WARN] PackLoader:240 - Cannot read IP mode file for STMicroelectronics.X-CUBE-AZRTOS-L5.2.0.0
2024-01-25 22:08:53,373 [WARN] PackLoader:240 - Cannot read IP mode file for STMicroelectronics.X-CUBE-MEMS1.9.6.0
2024-01-25 22:08:53,660 [WARN] PackLoader:240 - Cannot read IP mode file for STMicroelectronics.X-CUBE-EEPRMA1.4.2.0
2024-01-25 22:08:53,675 [WARN] PackLoader:240 - Cannot read IP mode file for ITTIA_DB.I-CUBE-ITTIADB.8.8.0
2024-01-25 22:08:53,691 [WARN] PackLoader:240 - Cannot read IP mode file for STMicroelectronics.X-CUBE-BLEMGR.2.0.0
2024-01-25 22:08:53,724 [INFO] WebApp:157 - Instantiating new browser for Auth
2024-01-25 22:08:53,742 [WARN] ConditionMgr:438 - getConditionDescription Invalid condition id : UX DEVICE CLASS RTOS Condition cause : null
2024-01-25 22:08:53,742 [WARN] ConditionMgr:438 - getConditionDescription Invalid condition id : UX DEVICE CLASS RTOS Condition cause : null
2024-01-25 22:08:53,748 [WARN] PackLoader:240 - Cannot read IP mode file for STMicroelectronics.X-CUBE-AZRTOS-H7.3.1.0
2024-01-25 22:08:53,748 [WARN] ConditionMgr:1039 - genDependencies : Invalid condition id : UX DEVICE CLASS RTOS Condition cause : null
2024-01-25 22:08:53,748 [WARN] ConditionMgr:1039 - genDependencies : Invalid condition id : UX DEVICE CLASS RTOS Condition cause : null
2024-01-25 22:08:53,748 [WARN] ConditionMgr:1039 - genDependencies : Invalid condition id : UX DEVICE CLASS RTOS Condition cause : null
2024-01-25 22:08:53,748 [WARN] ConditionMgr:1039 - genDependencies : Invalid condition id : UX DEVICE CLASS RTOS Condition cause : null
2024-01-25 22:08:53,748 [WARN] ConditionMgr:1039 - genDependencies : Invalid condition id : UX DEVICE CLASS RTOS Condition cause : null
2024-01-25 22:08:53,811 [WARN] PackLoader:240 - Cannot read IP mode file for STMicroelectronics.X-CUBE-NFC7.1.0.1
2024-01-25 22:08:53,841 [WARN] PackLoader:240 - Cannot read IP mode file for STMicroelectronics.X-CUBE-NFC6.3.0.0
2024-01-25 22:08:53,858 [WARN] PackLoader:240 - Cannot read IP mode file for STMicroelectronics.X-CUBE-EEPRMA1.4.1.0
2024-01-25 22:08:53,878 [WARN] PackLoader:240 - Cannot read IP mode file for STMicroelectronics.X-CUBE-AI.8.1.0
2024-01-25 22:08:53,923 [WARN] ConditionMgr:438 - getConditionDescription Invalid condition id : LAN8742 Phy interface Condition cause : null
2024-01-25 22:08:53,924 [WARN] PackLoader:240 - Cannot read IP mode file for STMicroelectronics.X-CUBE-AZRTOS-L4.2.0.0
2024-01-25 22:08:53,924 [WARN] ConditionMgr:1039 - genDependencies : Invalid condition id : LAN8742 Phy interface Condition cause : null
2024-01-25 22:08:53,924 [WARN] ConditionMgr:1039 - genDependencies : Invalid condition id : LAN8742 Phy interface Condition cause : null
2024-01-25 22:08:53,924 [WARN] ConditionMgr:1039 - genDependencies : Invalid condition id : LAN8742 Phy interface Condition cause : null
2024-01-25 22:08:53,941 [WARN] PackLoader:240 - Cannot read IP mode file for STMicroelectronics.X-CUBE-SFXS2LP1.4.0.0
2024-01-25 22:08:53,965 [WARN] PackLoader:240 - Cannot read IP mode file for STMicroelectronics.X-CUBE-ISPU.1.1.0
2024-01-25 22:08:54,011 [WARN] ConditionMgr:438 - getConditionDescription Invalid condition id : UX DEVICE CLASS RTOS Condition cause : null
2024-01-25 22:08:54,014 [WARN] ConditionMgr:438 - getConditionDescription Invalid condition id : UX DEVICE CLASS RTOS Condition cause : null
2024-01-25 22:08:54,014 [WARN] PackLoader:240 - Cannot read IP mode file for STMicroelectronics.X-CUBE-AZRTOS-WB.2.0.0
2024-01-25 22:08:54,014 [WARN] ConditionMgr:1039 - genDependencies : Invalid condition id : UX DEVICE CLASS RTOS Condition cause : null
2024-01-25 22:08:54,014 [WARN] ConditionMgr:1039 - genDependencies : Invalid condition id : UX DEVICE CLASS RTOS Condition cause : null
2024-01-25 22:08:54,014 [WARN] ConditionMgr:1039 - genDependencies : Invalid condition id : UX DEVICE CLASS RTOS Condition cause : null
2024-01-25 22:08:54,014 [WARN] ConditionMgr:1039 - genDependencies : Invalid condition id : UX DEVICE CLASS RTOS Condition cause : null
2024-01-25 22:08:54,014 [WARN] ConditionMgr:1039 - genDependencies : Invalid condition id : UX DEVICE CLASS RTOS Condition cause : null
2024-01-25 22:08:54,030 [WARN] PackLoader:240 - Cannot read IP mode file for STMicroelectronics.X-CUBE-FREERTOS.1.0.1
2024-01-25 22:08:54,058 [WARN] PackLoader:240 - Cannot read IP mode file for STMicroelectronics.X-CUBE-SUBG2.5.0.0
2024-01-25 22:08:54,088 [WARN] PackLoader:240 - Cannot read IP mode file for STMicroelectronics.X-CUBE-TOF1.3.3.1
2024-01-25 22:08:54,128 [WARN] PackLoader:240 - Cannot read IP mode file for STMicroelectronics.X-CUBE-AZRTOS-G4.2.0.0
2024-01-25 22:08:54,162 [WARN] PackLoader:240 - Cannot read IP mode file for Infineon.AIROC-Wi-Fi-Bluetooth-STM32.1.5.1
2024-01-25 22:08:54,185 [WARN] PackLoader:240 - Cannot read IP mode file for STMicroelectronics.FP-SNS-MOTENVWB1.1.3.1
2024-01-25 22:08:54,199 [WARN] PackLoader:240 - Cannot read IP mode file for STMicroelectronics.X-CUBE-ISPU.2.0.0
2024-01-25 22:08:54,254 [WARN] PackLoader:240 - Cannot read IP mode file for STMicroelectronics.X-CUBE-MEMS1.10.0.0
2024-01-25 22:08:54,430 [WARN] PackLoader:240 - Cannot read IP mode file for STMicroelectronics.X-CUBE-FREERTOS.1.1.0
2024-01-25 22:08:54,446 [WARN] PackLoader:240 - Cannot read IP mode file for portGmbH.I-Cube-SoM-uGOAL.1.1.0
2024-01-25 22:08:54,462 [WARN] PackLoader:240 - Cannot read IP mode file for STMicroelectronics.X-CUBE-ALS.1.0.1
2024-01-25 22:08:54,486 [WARN] PackLoader:240 - Cannot read IP mode file for STMicroelectronics.FP-ATR-ASTRA1.2.0.0
2024-01-25 22:08:54,511 [WARN] PackLoader:240 - Cannot read IP mode file for STMicroelectronics.X-CUBE-TOF1.3.4.0
2024-01-25 22:08:54,560 [WARN] PackLoader:240 - Cannot read IP mode file for STMicroelectronics.X-CUBE-AZRTOS-H7.3.2.0
2024-01-25 22:08:54,568 [INFO] ThirdParty:978 - Integrity check success = true
2024-01-25 22:08:54,569 [INFO] IntegrityCheckThread:100 - exiting critical section [integrity check]
2024-01-25 22:08:54,569 [INFO] IntegrityCheckThread:103 - End integrity checks thread
2024-01-25 22:08:54,748 [INFO] WebApp:753 - Register for checkConnection events
2024-01-25 22:08:54,748 [INFO] WebApp:390 - Apply proxy settings
2024-01-25 22:08:54,748 [INFO] WebApp:475 - Chromium requires no authentication
2024-01-25 22:08:54,759 [INFO] WebApp:418 - Direct internet connection detected
2024-01-25 22:08:55,000 [INFO] WebApp:188 - Starting web application
2024-01-25 22:08:55,000 [INFO] WebApp:520 - Web application path used C:\ST\STM32CubeIDE_1.13.1\STM32CubeIDE\plugins\com.st.stm32cube.common.mx_6.9.1.202307191849\db\plugins\mcufinder\reactClient1\index.html
2024-01-25 22:09:16,157 [ERROR] LogOutputStream:75 - [STDERR_REDIRECT] SLF4J: Failed to load class "org.slf4j.impl.StaticLoggerBinder".
2024-01-25 22:09:16,157 [ERROR] LogOutputStream:75 - [STDERR_REDIRECT] SLF4J: Defaulting to no-operation (NOP) logger implementation
2024-01-25 22:09:16,157 [ERROR] LogOutputStream:75 - [STDERR_REDIRECT] SLF4J: See http://www.slf4j.org/codes.html#StaticLoggerBinder for further details.
2024-01-25 22:49:58,827 [ERROR] LogOutputStream:75 - [STDERR_REDIRECT] 
