2024-06-18 22:44:50,664 [INFO] Activator:176 - 


2024-06-18 22:44:50,669 [INFO] Activator:177 - !SESSION log4j initialized
2024-06-18 22:44:56,125 [INFO] LogOutputStream:77 - [STDOUT_REDIRECT] 
2024-06-18 22:44:59,203 [INFO] ApplicationProperties:184 - Using Application install path: C:\ST\STM32CubeIDE_1.13.1\STM32CubeIDE\plugins\com.st.stm32cube.common.mx_6.9.1.202307191849
2024-06-18 22:44:59,222 [INFO] DbMcusXml:78 - Set database path to: C:\ST\STM32CubeIDE_1.13.1\STM32CubeIDE\plugins\com.st.stm32cube.common.mx_6.9.1.202307191849\\db\/mcu/
2024-06-18 22:44:59,222 [INFO] ApiDb:274 - Set plugin database path to: C:\ST\STM32CubeIDE_1.13.1\STM32CubeIDE\plugins\com.st.stm32cube.common.mx_6.9.1.202307191849\\db\/plugins/boardmanager/
2024-06-18 22:44:59,223 [WARN] ApiDb:259 - Overriding images path with different value:  => C:\ST\STM32CubeIDE_1.13.1\STM32CubeIDE\plugins\com.st.stm32cube.common.mx_6.9.1.202307191849\\db\/plugins/mcufinder/images/
2024-06-18 22:44:59,235 [INFO] ApiDb:250 - Set database path to: C:\Users\kunal\.stmcufinder\plugins\mcufinder//mcu/
2024-06-18 22:44:59,236 [INFO] DbMcusAds:125 - Set database path to: C:\Users\kunal\.stmcufinder\plugins\mcufinder//mcu/
2024-06-18 22:44:59,238 [INFO] CrossReferenceDbSqlite:203 - Set database path to: C:\Users\kunal\.stmcufinder\plugins\mcufinder//mcu/cs/
2024-06-18 22:44:59,390 [INFO] RulesReader:64 - Compatibility file has been processed (293 Rules)
2024-06-18 22:44:59,485 [INFO] DbMcusXml:78 - Set database path to: C:\ST\STM32CubeIDE_1.13.1\STM32CubeIDE\plugins\com.st.stm32cube.common.mx_6.9.1.202307191849\\db\/mcu/
2024-06-18 22:44:59,486 [INFO] ApiDb:274 - Set plugin database path to: C:\ST\STM32CubeIDE_1.13.1\STM32CubeIDE\plugins\com.st.stm32cube.common.mx_6.9.1.202307191849\\db\/plugins/boardmanager/
2024-06-18 22:44:59,486 [INFO] ApiDb:261 - Set plugin images path to: C:\ST\STM32CubeIDE_1.13.1\STM32CubeIDE\plugins\com.st.stm32cube.common.mx_6.9.1.202307191849\\db\/plugins/mcufinder/images/
2024-06-18 22:44:59,486 [WARN] DbFile:41 - Overriding database path with different value: C:\Users\kunal\.stmcufinder\plugins\mcufinder/ => C:\Users\kunal\.stmcufinder\plugins\mcufinder
2024-06-18 22:44:59,486 [INFO] ApiDb:250 - Set database path to: C:\Users\kunal\.stmcufinder\plugins\mcufinder//mcu/
2024-06-18 22:44:59,486 [WARN] DbFile:41 - Overriding database path with different value: C:\Users\kunal\.stmcufinder\plugins\mcufinder/ => C:\Users\kunal\.stmcufinder\plugins\mcufinder
2024-06-18 22:44:59,486 [INFO] DbMcusAds:125 - Set database path to: C:\Users\kunal\.stmcufinder\plugins\mcufinder//mcu/
2024-06-18 22:44:59,486 [WARN] DbFile:41 - Overriding database path with different value: C:\Users\kunal\.stmcufinder\plugins\mcufinder/ => C:\Users\kunal\.stmcufinder\plugins\mcufinder
2024-06-18 22:44:59,487 [WARN] DbFile:41 - Overriding database path with different value: C:\Users\kunal\.stmcufinder\plugins\mcufinder/ => C:\Users\kunal\.stmcufinder\plugins\mcufinder
2024-06-18 22:44:59,487 [INFO] CrossReferenceDbSqlite:203 - Set database path to: C:\Users\kunal\.stmcufinder\plugins\mcufinder//mcu/cs/
2024-06-18 22:44:59,573 [INFO] MainPanel:262 - HeapMemory: 268435456
2024-06-18 22:44:59,679 [INFO] DbMcusXml:78 - Set database path to: C:\ST\STM32CubeIDE_1.13.1\STM32CubeIDE\plugins\com.st.stm32cube.common.mx_6.9.1.202307191849\\db\/mcu/
2024-06-18 22:44:59,679 [INFO] ApiDb:274 - Set plugin database path to: C:\ST\STM32CubeIDE_1.13.1\STM32CubeIDE\plugins\com.st.stm32cube.common.mx_6.9.1.202307191849\\db\/plugins/boardmanager/
2024-06-18 22:44:59,681 [INFO] ApiDb:261 - Set plugin images path to: C:\ST\STM32CubeIDE_1.13.1\STM32CubeIDE\plugins\com.st.stm32cube.common.mx_6.9.1.202307191849\\db\/plugins/mcufinder/images/
2024-06-18 22:44:59,681 [WARN] DbFile:41 - Overriding database path with different value: C:\Users\kunal\.stmcufinder\plugins\mcufinder/ => C:\Users\kunal\.stmcufinder\plugins\mcufinder
2024-06-18 22:44:59,681 [INFO] ApiDb:250 - Set database path to: C:\Users\kunal\.stmcufinder\plugins\mcufinder//mcu/
2024-06-18 22:44:59,681 [WARN] DbFile:41 - Overriding database path with different value: C:\Users\kunal\.stmcufinder\plugins\mcufinder/ => C:\Users\kunal\.stmcufinder\plugins\mcufinder
2024-06-18 22:44:59,681 [INFO] DbMcusAds:125 - Set database path to: C:\Users\kunal\.stmcufinder\plugins\mcufinder//mcu/
2024-06-18 22:44:59,681 [WARN] DbFile:41 - Overriding database path with different value: C:\Users\kunal\.stmcufinder\plugins\mcufinder/ => C:\Users\kunal\.stmcufinder\plugins\mcufinder
2024-06-18 22:44:59,681 [WARN] DbFile:41 - Overriding database path with different value: C:\Users\kunal\.stmcufinder\plugins\mcufinder/ => C:\Users\kunal\.stmcufinder\plugins\mcufinder
2024-06-18 22:44:59,682 [INFO] CrossReferenceDbSqlite:203 - Set database path to: C:\Users\kunal\.stmcufinder\plugins\mcufinder//mcu/cs/
2024-06-18 22:44:59,701 [INFO] ApplicationProperties:184 - Using Application install path: C:\ST\STM32CubeIDE_1.13.1\STM32CubeIDE\plugins\com.st.stm32cube.common.mx_6.9.1.202307191849
2024-06-18 22:44:59,702 [INFO] PluginManage:196 - Search for loadable plugins [exclusion list=, ]
2024-06-18 22:44:59,704 [INFO] PluginManage:310 - Check plugin analytics
2024-06-18 22:44:59,890 [INFO] AnalyticsPlugin:253 - Accepted Software Licenses: 
2024-06-18 22:44:59,891 [INFO] AnalyticsPlugin:255 - Accepted CMSIS Pack Licenses: 
2024-06-18 22:44:59,891 [INFO] AnalyticsPlugin:257 - Accepted Firmware Licenses: FW.F4.1.27.0
2024-06-18 22:44:59,894 [INFO] PluginManage:359 - Loaded plugin analytics (category:tool,tabindex:-1)
2024-06-18 22:44:59,894 [INFO] PluginManage:310 - Check plugin cadmodel
2024-06-18 22:44:59,914 [INFO] CADModel:105 - Init CAD model plugin
2024-06-18 22:44:59,914 [INFO] PluginManage:359 - Loaded plugin cadmodel (category:power,tabindex:5)
2024-06-18 22:44:59,914 [INFO] PluginManage:310 - Check plugin clock
2024-06-18 22:44:59,937 [INFO] PluginManage:359 - Loaded plugin clock (category:base,tabindex:2)
2024-06-18 22:44:59,937 [INFO] PluginManage:310 - Check plugin ddr
2024-06-18 22:44:59,940 [INFO] PluginManage:359 - Loaded plugin ddr (category:tool,tabindex:6)
2024-06-18 22:44:59,940 [INFO] PluginManage:310 - Check plugin filemanager
2024-06-18 22:45:00,085 [INFO] PluginManage:359 - Loaded plugin filemanager (category:base,tabindex:10)
2024-06-18 22:45:00,085 [INFO] PluginManage:310 - Check plugin ipmanager
2024-06-18 22:45:00,095 [INFO] PluginManage:359 - Loaded plugin ipmanager (category:base,tabindex:5)
2024-06-18 22:45:00,095 [INFO] PluginManage:310 - Check plugin lpbam
2024-06-18 22:45:00,113 [INFO] PluginManage:359 - Loaded plugin lpbam (category:base,tabindex:0)
2024-06-18 22:45:00,113 [INFO] PluginManage:310 - Check plugin memorymap
2024-06-18 22:45:00,140 [INFO] PluginManage:359 - Loaded plugin memorymap (category:base,tabindex:4)
2024-06-18 22:45:00,140 [INFO] PluginManage:310 - Check plugin pinoutandconfiguration
2024-06-18 22:45:00,157 [INFO] PluginManage:359 - Loaded plugin pinoutandconfiguration (category:base,tabindex:1)
2024-06-18 22:45:00,157 [INFO] PluginManage:310 - Check plugin pinoutconfig
2024-06-18 22:45:00,254 [WARN] SupportedApi:132 - Cannot load RTOS API schema: s4s-elt-must-match.1: The content of 'definitions' must match (annotation?, (simpleType | complexType)?, (unique | key | keyref)*)). A problem was found starting at: attribute.
2024-06-18 22:45:00,395 [INFO] PluginManage:359 - Loaded plugin pinoutconfig (category:base,tabindex:0)
2024-06-18 22:45:00,395 [INFO] PluginManage:310 - Check plugin power
2024-06-18 22:45:00,417 [INFO] PluginManage:359 - Loaded plugin power (category:power,tabindex:4)
2024-06-18 22:45:00,417 [INFO] PluginManage:310 - Check plugin projectmanager
2024-06-18 22:45:00,433 [INFO] PluginManage:359 - Loaded plugin projectmanager (category:projectmanager,tabindex:3)
2024-06-18 22:45:00,433 [INFO] PluginManage:310 - Check plugin thirdparty
2024-06-18 22:45:00,707 [INFO] PluginManage:359 - Loaded plugin thirdparty (category:base,tabindex:-1)
2024-06-18 22:45:00,707 [INFO] PluginManage:310 - Check plugin tools
2024-06-18 22:45:00,707 [WARN] IntegrityCheckThread:84 - waiting for thirdparty lock release [integrity check]
2024-06-18 22:45:00,708 [INFO] IntegrityCheckThread:86 - entering critical section [integrity check]
2024-06-18 22:45:00,708 [INFO] ThirdPartyUpdaterWithRetryManager:70 - Updater plugin not ready yet. [1/15]
2024-06-18 22:45:00,740 [INFO] PluginManage:359 - Loaded plugin tools (category:base,tabindex:7)
2024-06-18 22:45:00,740 [INFO] PluginManage:310 - Check plugin tutovideos
2024-06-18 22:45:00,946 [INFO] PluginManage:359 - Loaded plugin tutovideos (category:base,tabindex:-1)
2024-06-18 22:45:00,947 [INFO] PluginManage:310 - Check plugin updater
2024-06-18 22:45:00,957 [INFO] PluginManage:359 - Loaded plugin updater (category:base,tabindex:12)
2024-06-18 22:45:00,957 [INFO] PluginManage:310 - Check plugin userauth
2024-06-18 22:45:00,963 [INFO] UserAuth:113 - Init User Auth plugin
2024-06-18 22:45:00,963 [INFO] PluginManage:359 - Loaded plugin userauth (category:base,tabindex:14)
2024-06-18 22:45:00,963 [INFO] PluginManage:283 - PluginManage : Loaded plugins [17]
2024-06-18 22:45:01,176 [INFO] PinOutPanel:1499 - setPackage(No Configuration,No Configuration)
2024-06-18 22:45:01,281 [INFO] CADModel:165 - CPN selected for project level
2024-06-18 22:45:01,282 [INFO] CADModel:114 - Register for checkConnection events
2024-06-18 22:45:01,307 [INFO] IPUIPlugin:80 - create IPUIPlugin
2024-06-18 22:45:01,307 [INFO] PluginManager:220 - loadIPPluginJar : add adc
2024-06-18 22:45:01,339 [INFO] IPUIPlugin:80 - create IPUIPlugin
2024-06-18 22:45:01,340 [INFO] PluginManager:220 - loadIPPluginJar : add aes
2024-06-18 22:45:01,376 [INFO] IPUIPlugin:80 - create IPUIPlugin
2024-06-18 22:45:01,376 [INFO] PluginManager:220 - loadIPPluginJar : add can
2024-06-18 22:45:01,401 [INFO] IPUIPlugin:80 - create IPUIPlugin
2024-06-18 22:45:01,401 [INFO] PluginManager:220 - loadIPPluginJar : add comp
2024-06-18 22:45:01,433 [INFO] IPUIPlugin:80 - create IPUIPlugin
2024-06-18 22:45:01,433 [INFO] PluginManager:220 - loadIPPluginJar : add cryp
2024-06-18 22:45:01,461 [INFO] IPUIPlugin:80 - create IPUIPlugin
2024-06-18 22:45:01,462 [INFO] PluginManager:220 - loadIPPluginJar : add dfsdm
2024-06-18 22:45:01,478 [INFO] IPUIPlugin:80 - create IPUIPlugin
2024-06-18 22:45:01,479 [INFO] PluginManager:220 - loadIPPluginJar : add dma
2024-06-18 22:45:01,524 [INFO] IPUIPlugin:80 - create IPUIPlugin
2024-06-18 22:45:01,524 [INFO] PluginManager:220 - loadIPPluginJar : add dma3
2024-06-18 22:45:01,541 [INFO] IPUIPlugin:80 - create IPUIPlugin
2024-06-18 22:45:01,541 [INFO] PluginManager:220 - loadIPPluginJar : add fatfs
2024-06-18 22:45:01,588 [INFO] IPUIPlugin:80 - create IPUIPlugin
2024-06-18 22:45:01,588 [INFO] PluginManager:220 - loadIPPluginJar : add fmc
2024-06-18 22:45:01,603 [INFO] IPUIPlugin:80 - create IPUIPlugin
2024-06-18 22:45:01,603 [INFO] PluginManager:220 - loadIPPluginJar : add freertos
2024-06-18 22:45:01,622 [INFO] IPUIPlugin:80 - create IPUIPlugin
2024-06-18 22:45:01,622 [INFO] PluginManager:220 - loadIPPluginJar : add genericplugin
2024-06-18 22:45:01,701 [INFO] IPUIPlugin:80 - create IPUIPlugin
2024-06-18 22:45:01,701 [INFO] PluginManager:220 - loadIPPluginJar : add gfxmmu
2024-06-18 22:45:01,818 [INFO] IPUIPlugin:80 - create IPUIPlugin
2024-06-18 22:45:01,819 [INFO] PluginManager:220 - loadIPPluginJar : add gic
2024-06-18 22:45:01,831 [INFO] IPUIPlugin:80 - create IPUIPlugin
2024-06-18 22:45:01,831 [INFO] PluginManager:220 - loadIPPluginJar : add gpio
2024-06-18 22:45:01,913 [INFO] IPUIPlugin:80 - create IPUIPlugin
2024-06-18 22:45:01,913 [INFO] PluginManager:220 - loadIPPluginJar : add gtzc
2024-06-18 22:45:01,944 [INFO] IPUIPlugin:80 - create IPUIPlugin
2024-06-18 22:45:01,944 [INFO] PluginManager:220 - loadIPPluginJar : add hash
2024-06-18 22:45:01,991 [INFO] IPUIPlugin:80 - create IPUIPlugin
2024-06-18 22:45:01,991 [INFO] PluginManager:220 - loadIPPluginJar : add i2c
2024-06-18 22:45:02,025 [INFO] IPUIPlugin:80 - create IPUIPlugin
2024-06-18 22:45:02,026 [INFO] PluginManager:220 - loadIPPluginJar : add i2s
2024-06-18 22:45:02,063 [INFO] IPUIPlugin:80 - create IPUIPlugin
2024-06-18 22:45:02,063 [INFO] PluginManager:220 - loadIPPluginJar : add i3c
2024-06-18 22:45:02,162 [INFO] IPUIPlugin:80 - create IPUIPlugin
2024-06-18 22:45:02,162 [INFO] PluginManager:220 - loadIPPluginJar : add ipddr
2024-06-18 22:45:02,244 [INFO] IPUIPlugin:80 - create IPUIPlugin
2024-06-18 22:45:02,244 [INFO] PluginManager:220 - loadIPPluginJar : add linkedlist
2024-06-18 22:45:02,278 [INFO] IPUIPlugin:80 - create IPUIPlugin
2024-06-18 22:45:02,278 [INFO] PluginManager:220 - loadIPPluginJar : add lorawan
2024-06-18 22:45:02,313 [INFO] IPUIPlugin:80 - create IPUIPlugin
2024-06-18 22:45:02,313 [INFO] PluginManager:220 - loadIPPluginJar : add ltdc
2024-06-18 22:45:02,326 [INFO] IPUIPlugin:80 - create IPUIPlugin
2024-06-18 22:45:02,326 [INFO] PluginManager:220 - loadIPPluginJar : add mdma
2024-06-18 22:45:02,338 [INFO] IPUIPlugin:80 - create IPUIPlugin
2024-06-18 22:45:02,338 [INFO] PluginManager:220 - loadIPPluginJar : add nvic
2024-06-18 22:45:02,371 [INFO] IPUIPlugin:80 - create IPUIPlugin
2024-06-18 22:45:02,371 [INFO] PluginManager:220 - loadIPPluginJar : add opamp
2024-06-18 22:45:02,425 [INFO] IPUIPlugin:80 - create IPUIPlugin
2024-06-18 22:45:02,425 [INFO] PluginManager:220 - loadIPPluginJar : add openamp
2024-06-18 22:45:02,465 [INFO] IPUIPlugin:80 - create IPUIPlugin
2024-06-18 22:45:02,465 [INFO] PluginManager:220 - loadIPPluginJar : add pdm2pcm
2024-06-18 22:45:02,478 [INFO] IPUIPlugin:80 - create IPUIPlugin
2024-06-18 22:45:02,480 [INFO] PluginManager:220 - loadIPPluginJar : add plateformsettings
2024-06-18 22:45:02,500 [INFO] IPUIPlugin:80 - create IPUIPlugin
2024-06-18 22:45:02,500 [INFO] PluginManager:220 - loadIPPluginJar : add quadspi
2024-06-18 22:45:02,512 [INFO] IPUIPlugin:80 - create IPUIPlugin
2024-06-18 22:45:02,512 [INFO] PluginManager:220 - loadIPPluginJar : add resmgrutility
2024-06-18 22:45:02,556 [INFO] IPUIPlugin:80 - create IPUIPlugin
2024-06-18 22:45:02,556 [INFO] PluginManager:220 - loadIPPluginJar : add sai
2024-06-18 22:45:02,591 [INFO] IPUIPlugin:80 - create IPUIPlugin
2024-06-18 22:45:02,591 [INFO] PluginManager:220 - loadIPPluginJar : add spi
2024-06-18 22:45:02,645 [INFO] IPUIPlugin:80 - create IPUIPlugin
2024-06-18 22:45:02,645 [INFO] PluginManager:220 - loadIPPluginJar : add stm32_wpan
2024-06-18 22:45:02,666 [INFO] IPUIPlugin:80 - create IPUIPlugin
2024-06-18 22:45:02,666 [INFO] PluginManager:220 - loadIPPluginJar : add tim
2024-06-18 22:45:02,717 [INFO] IPUIPlugin:80 - create IPUIPlugin
2024-06-18 22:45:02,717 [INFO] PluginManager:220 - loadIPPluginJar : add touchsensing
2024-06-18 22:45:02,738 [INFO] IPUIPlugin:80 - create IPUIPlugin
2024-06-18 22:45:02,738 [INFO] PluginManager:220 - loadIPPluginJar : add tracer_emb
2024-06-18 22:45:02,761 [INFO] IPUIPlugin:80 - create IPUIPlugin
2024-06-18 22:45:02,761 [INFO] PluginManager:220 - loadIPPluginJar : add ts
2024-06-18 22:45:02,780 [INFO] IPUIPlugin:80 - create IPUIPlugin
2024-06-18 22:45:02,780 [INFO] PluginManager:220 - loadIPPluginJar : add tsc
2024-06-18 22:45:02,800 [INFO] IPUIPlugin:80 - create IPUIPlugin
2024-06-18 22:45:02,800 [INFO] PluginManager:220 - loadIPPluginJar : add ucpd
2024-06-18 22:45:02,839 [INFO] IPUIPlugin:80 - create IPUIPlugin
2024-06-18 22:45:02,839 [INFO] PluginManager:220 - loadIPPluginJar : add usart
2024-06-18 22:45:02,879 [INFO] IPUIPlugin:80 - create IPUIPlugin
2024-06-18 22:45:02,879 [INFO] PluginManager:220 - loadIPPluginJar : add usbx
2024-06-18 22:45:03,000 [INFO] CADModel:165 - CPN selected for project level
2024-06-18 22:45:03,000 [INFO] CADModel:114 - Register for checkConnection events
2024-06-18 22:45:03,000 [FATAL] Updater:308 - Updater called before beeing initialized
2024-06-18 22:45:03,000 [ERROR] CADModel:125 - Updater not yet initialized, retry later 
2024-06-18 22:45:03,162 [INFO] CADModel:165 - CPN selected for project level
2024-06-18 22:45:03,163 [INFO] CADModel:114 - Register for checkConnection events
2024-06-18 22:45:03,163 [FATAL] Updater:308 - Updater called before beeing initialized
2024-06-18 22:45:03,163 [ERROR] CADModel:125 - Updater not yet initialized, retry later 
2024-06-18 22:45:03,166 [FATAL] Updater:308 - Updater called before beeing initialized
2024-06-18 22:45:03,256 [FATAL] Updater:308 - Updater called before beeing initialized
2024-06-18 22:45:03,267 [INFO] DbMcusAds:53 - JSON generation date=Wed Nov 29 16:22:27 IST 2023 (1701255147200)
2024-06-18 22:45:03,267 [FATAL] Updater:308 - Updater called before beeing initialized
2024-06-18 22:45:03,353 [WARN] DetailPanel:346 - Failed to get advertising image, set to default
2024-06-18 22:45:03,453 [FATAL] Updater:308 - Updater called before beeing initialized
2024-06-18 22:45:03,456 [FATAL] Updater:308 - Updater called before beeing initialized
2024-06-18 22:45:03,456 [FATAL] Updater:308 - Updater called before beeing initialized
2024-06-18 22:45:03,456 [WARN] DetailPanel:346 - Failed to get advertising image, set to default
2024-06-18 22:45:03,457 [FATAL] Updater:308 - Updater called before beeing initialized
2024-06-18 22:45:03,520 [ERROR] Updater:1120 - MainUpdater not yet initialized. External WinMGr cannot be set.
2024-06-18 22:45:03,531 [INFO] Updater:1056 - Updater Version found : 6.9.1
2024-06-18 22:45:03,550 [INFO] ApplicationProperties:184 - Using Application install path: C:\ST\STM32CubeIDE_1.13.1\STM32CubeIDE\plugins\com.st.stm32cube.common.mx_6.9.1.202307191849
2024-06-18 22:45:03,710 [INFO] ThirdPartyUpdaterWithRetryManager:70 - Updater plugin not ready yet. [2/15]
2024-06-18 22:45:03,795 [INFO] MainUpdater:2868 - connection check result : 10
2024-06-18 22:45:03,795 [INFO] MainUpdater:3562 - Updater definition file requires update
2024-06-18 22:45:03,797 [INFO] MainUpdater:285 - Updater Check For Update Now.
2024-06-18 22:45:03,797 [INFO] MicroXplorer:498 - Change Database Version : DB.6.0.91
2024-06-18 22:45:03,821 [INFO] McuFinderGlobals:63 - Set McuFinder mode to 2 (CubeIDE integrated)
2024-06-18 22:45:03,821 [INFO] UserAuth:179 - activating auth plugin
2024-06-18 22:45:03,824 [INFO] UserAuth:393 - Internet connection configuration mode: 1
2024-06-18 22:45:03,857 [INFO] JxBrowserEngine:151 - Initiate JxBrowser Engine with user profile folder
2024-06-18 22:45:05,744 [INFO] ServerAccessManage:473 - Download File updaters.zip
2024-06-18 22:45:06,450 [INFO] WebApp:157 - Instantiating new browser for Auth
2024-06-18 22:45:06,710 [WARN] MainUpdater:1189 - Updater busy. Cannot search thirdparties
2024-06-18 22:45:06,710 [INFO] ThirdPartyUpdaterWithRetryManager:96 - Updater plugin is busy. [1/15]
2024-06-18 22:45:07,222 [INFO] WebApp:753 - Register for checkConnection events
2024-06-18 22:45:07,222 [INFO] WebApp:390 - Apply proxy settings
2024-06-18 22:45:07,222 [INFO] WebApp:475 - Chromium requires no authentication
2024-06-18 22:45:07,233 [INFO] WebApp:418 - Direct internet connection detected
2024-06-18 22:45:07,447 [INFO] WebApp:188 - Starting web application
2024-06-18 22:45:07,447 [INFO] WebApp:520 - Web application path used C:\ST\STM32CubeIDE_1.13.1\STM32CubeIDE\plugins\com.st.stm32cube.common.mx_6.9.1.202307191849\db\plugins\mcufinder\reactClient1\index.html
2024-06-18 22:45:09,711 [WARN] MainUpdater:1189 - Updater busy. Cannot search thirdparties
2024-06-18 22:45:09,711 [INFO] ThirdPartyUpdaterWithRetryManager:96 - Updater plugin is busy. [2/15]
2024-06-18 22:45:12,713 [WARN] MainUpdater:1189 - Updater busy. Cannot search thirdparties
2024-06-18 22:45:12,714 [INFO] ThirdPartyUpdaterWithRetryManager:96 - Updater plugin is busy. [3/15]
2024-06-18 22:45:15,714 [WARN] MainUpdater:1189 - Updater busy. Cannot search thirdparties
2024-06-18 22:45:15,714 [INFO] ThirdPartyUpdaterWithRetryManager:96 - Updater plugin is busy. [4/15]
2024-06-18 22:45:18,716 [WARN] MainUpdater:1189 - Updater busy. Cannot search thirdparties
2024-06-18 22:45:18,716 [INFO] ThirdPartyUpdaterWithRetryManager:96 - Updater plugin is busy. [5/15]
2024-06-18 22:45:21,717 [WARN] MainUpdater:1189 - Updater busy. Cannot search thirdparties
2024-06-18 22:45:21,717 [INFO] ThirdPartyUpdaterWithRetryManager:96 - Updater plugin is busy. [6/15]
2024-06-18 22:45:24,718 [WARN] MainUpdater:1189 - Updater busy. Cannot search thirdparties
2024-06-18 22:45:24,719 [INFO] ThirdPartyUpdaterWithRetryManager:96 - Updater plugin is busy. [7/15]
2024-06-18 22:45:27,721 [WARN] MainUpdater:1189 - Updater busy. Cannot search thirdparties
2024-06-18 22:45:27,721 [INFO] ThirdPartyUpdaterWithRetryManager:96 - Updater plugin is busy. [8/15]
2024-06-18 22:45:28,884 [ERROR] LogOutputStream:75 - [STDERR_REDIRECT] SLF4J: Failed to load class "org.slf4j.impl.StaticLoggerBinder".
2024-06-18 22:45:28,884 [ERROR] LogOutputStream:75 - [STDERR_REDIRECT] SLF4J: Defaulting to no-operation (NOP) logger implementation
2024-06-18 22:45:28,886 [ERROR] LogOutputStream:75 - [STDERR_REDIRECT] SLF4J: See http://www.slf4j.org/codes.html#StaticLoggerBinder for further details.
2024-06-18 22:45:30,721 [WARN] MainUpdater:1189 - Updater busy. Cannot search thirdparties
2024-06-18 22:45:30,721 [INFO] ThirdPartyUpdaterWithRetryManager:96 - Updater plugin is busy. [9/15]
2024-06-18 22:45:33,724 [WARN] MainUpdater:1189 - Updater busy. Cannot search thirdparties
2024-06-18 22:45:33,724 [INFO] ThirdPartyUpdaterWithRetryManager:96 - Updater plugin is busy. [10/15]
2024-06-18 22:45:36,310 [INFO] LogOutputStream:77 - [STDOUT_REDIRECT] Unexpected error loading extension: org.eclipse.equinox.p2.metadata.repository.XZedRepository
2024-06-18 22:45:36,313 [ERROR] LogOutputStream:75 - [STDERR_REDIRECT] java.lang.IllegalStateException: Attempt to access stopped agent: org.eclipse.equinox.internal.p2.core.ProvisioningAgent@1465eb16
2024-06-18 22:45:36,317 [ERROR] LogOutputStream:75 - [STDERR_REDIRECT] 	at org.eclipse.equinox.internal.p2.core.ProvisioningAgent.checkRunning(ProvisioningAgent.java:86)
2024-06-18 22:45:36,320 [ERROR] LogOutputStream:75 - [STDERR_REDIRECT] 	at org.eclipse.equinox.internal.p2.core.ProvisioningAgent.getService(ProvisioningAgent.java:50)
2024-06-18 22:45:36,323 [ERROR] LogOutputStream:75 - [STDERR_REDIRECT] 	at org.eclipse.equinox.p2.core.IProvisioningAgent.getService(IProvisioningAgent.java:86)
2024-06-18 22:45:36,326 [ERROR] LogOutputStream:75 - [STDERR_REDIRECT] 	at org.eclipse.equinox.internal.p2.transport.ecf.RepositoryTransport.download(RepositoryTransport.java:91)
2024-06-18 22:45:36,329 [ERROR] LogOutputStream:75 - [STDERR_REDIRECT] 	at org.eclipse.equinox.internal.p2.repository.CacheManager.updateCache(CacheManager.java:436)
2024-06-18 22:45:36,332 [ERROR] LogOutputStream:75 - [STDERR_REDIRECT] 	at org.eclipse.equinox.internal.p2.repository.CacheManager.createCacheFromFile(CacheManager.java:141)
2024-06-18 22:45:36,336 [ERROR] LogOutputStream:75 - [STDERR_REDIRECT] 	at org.eclipse.equinox.internal.p2.metadata.repository.XZedSimpleMetadataRepositoryFactory.getLocalFile(XZedSimpleMetadataRepositoryFactory.java:60)
2024-06-18 22:45:36,340 [ERROR] LogOutputStream:75 - [STDERR_REDIRECT] 	at org.eclipse.equinox.internal.p2.metadata.repository.XZedSimpleMetadataRepositoryFactory.load(XZedSimpleMetadataRepositoryFactory.java:80)
2024-06-18 22:45:36,343 [ERROR] LogOutputStream:75 - [STDERR_REDIRECT] 	at org.eclipse.equinox.internal.p2.metadata.repository.MetadataRepositoryManager.factoryLoad(MetadataRepositoryManager.java:63)
2024-06-18 22:45:36,345 [ERROR] LogOutputStream:75 - [STDERR_REDIRECT] 	at org.eclipse.equinox.internal.p2.repository.helpers.AbstractRepositoryManager.loadRepository(AbstractRepositoryManager.java:787)
2024-06-18 22:45:36,347 [ERROR] LogOutputStream:75 - [STDERR_REDIRECT] 	at org.eclipse.equinox.internal.p2.repository.helpers.AbstractRepositoryManager.loadRepository(AbstractRepositoryManager.java:685)
2024-06-18 22:45:36,350 [ERROR] LogOutputStream:75 - [STDERR_REDIRECT] 	at org.eclipse.equinox.internal.p2.metadata.repository.MetadataRepositoryManager.loadRepository(MetadataRepositoryManager.java:110)
2024-06-18 22:45:36,352 [ERROR] LogOutputStream:75 - [STDERR_REDIRECT] 	at org.eclipse.equinox.internal.p2.metadata.repository.MetadataRepositoryManager.loadRepository(MetadataRepositoryManager.java:105)
